[2016.03.28-08.36.26:016][  0]Log file open, 03/28/16 10:36:26
[2016.03.28-08.36.26:016][  0]LogInit:Display: Running engine for game: speedron
[2016.03.28-08.36.26:016][  0]LogPlatformFile: Not using cached read wrapper
[2016.03.28-08.36.26:016][  0]LogInit:Display: RandInit(-1684161441) SRandInit(-1684161440).
[2016.03.28-08.36.26:016][  0]LogTaskGraph: Started task graph with 4 named threads and 7 total threads.
[2016.03.28-08.36.26:016][  0]LogStats: Stats thread started at 0.084123
[2016.03.28-08.36.26:016][  0]LogInit: Version: 4.10.4-2872498+++depot+UE4-Releases+4.10
[2016.03.28-08.36.26:016][  0]LogInit: API Version: 2758231
[2016.03.28-08.36.26:016][  0]LogInit: Compiled (64-bit): Feb 18 2016 15:47:04
[2016.03.28-08.36.26:016][  0]LogInit: Compiled with Visual C++: 19.00.23026.00
[2016.03.28-08.36.26:016][  0]LogInit: Build Configuration: Development
[2016.03.28-08.36.26:016][  0]LogInit: Branch Name: ++depot+UE4-Releases+4.10
[2016.03.28-08.36.26:016][  0]LogInit: Command line:  
[2016.03.28-08.36.26:016][  0]LogInit: Base directory: D:/programmes/unreal engine/Epic Games/4.10/Engine/Binaries/Win64/
[2016.03.28-08.36.26:016][  0]LogInit: Rocket: 1
[2016.03.28-08.36.26:044][  0]LogInit: Using libcurl 7.41.0
[2016.03.28-08.36.26:044][  0]LogInit:  - built for x86_64-pc-win32
[2016.03.28-08.36.26:044][  0]LogInit:  - supports SSL with WinSSL
[2016.03.28-08.36.26:044][  0]LogInit:  - other features:
[2016.03.28-08.36.26:044][  0]LogInit:      CURL_VERSION_SSL
[2016.03.28-08.36.26:044][  0]LogInit:      CURL_VERSION_IPV6
[2016.03.28-08.36.26:044][  0]LogInit:      CURL_VERSION_ASYNCHDNS
[2016.03.28-08.36.26:044][  0]LogInit:      CURL_VERSION_LARGEFILE
[2016.03.28-08.36.26:044][  0]LogInit:      CURL_VERSION_IDN
[2016.03.28-08.36.26:044][  0]LogInit:  CurlRequestOptions (configurable via config and command line):
[2016.03.28-08.36.26:044][  0]LogInit:  - bVerifyPeer = true  - Libcurl will verify peer certificate
[2016.03.28-08.36.26:044][  0]LogInit:  - bUseHttpProxy = false  - Libcurl will NOT use HTTP proxy
[2016.03.28-08.36.26:044][  0]LogInit:  - bDontReuseConnections = false  - Libcurl will reuse connections
[2016.03.28-08.36.26:044][  0]LogInit:  - CertBundlePath = nullptr  - Libcurl will use whatever was configured at build time.
[2016.03.28-08.36.26:050][  0]LogInit: Presizing for 0 objects not considered by GC, pre-allocating 0 bytes.
[2016.03.28-08.36.26:057][  0]LogInit: Object subsystem initialized
[2016.03.28-08.36.26:058][  0]LogInit: Selected Device Profile: [Windows]
[2016.03.28-08.36.26:058][  0]LogInit: Applying CVar settings loaded from the selected device profile: [Windows]
[2016.03.28-08.36.26:064][  0]LogInit: Computer: JAK852
[2016.03.28-08.36.26:065][  0]LogInit: User: Evann
[2016.03.28-08.36.26:065][  0]LogInit: CPU Page size=4096, Cores=4
[2016.03.28-08.36.26:065][  0]LogInit: High frequency timer resolution =3.312787 MHz
[2016.03.28-08.36.26:065][  0]LogMemory: Memory total: Physical=8.0GB (8GB approx)
[2016.03.28-08.36.26:065][  0]LogMemory: Platform Memory Stats for Windows
[2016.03.28-08.36.26:065][  0]LogMemory: Process Physical Memory: 56.28 MB used, 56.28 MB peak
[2016.03.28-08.36.26:065][  0]LogMemory: Process Virtual Memory: 58.68 MB used, 58.68 MB peak
[2016.03.28-08.36.26:065][  0]LogMemory: Physical Memory: 3138.48 MB used, 8175.23 MB total
[2016.03.28-08.36.26:065][  0]LogMemory: Virtual Memory: 384.58 MB used, 134217728.00 MB total
[2016.03.28-08.36.26:100][  0]LogTextLocalizationManager: No translations for ('fr-FR') exist, falling back to 'en' for localization and internationalization data.
[2016.03.28-08.36.26:531][  0]LogD3D11RHI: Found D3D11 adapter 0: NVIDIA GeForce GTX 970 (Feature Level 11_0)
[2016.03.28-08.36.26:531][  0]LogD3D11RHI: Adapter has 4007MB of dedicated video memory, 0MB of dedicated system memory, and 4087MB of shared system memory, 2 output[s]
[2016.03.28-08.36.26:532][  0]LogD3D11RHI: Found D3D11 adapter 1: Microsoft Basic Render Driver (Feature Level 11_0)
[2016.03.28-08.36.26:532][  0]LogD3D11RHI: Adapter has 0MB of dedicated video memory, 0MB of dedicated system memory, and 4087MB of shared system memory, 0 output[s]
[2016.03.28-08.36.26:532][  0]LogD3D11RHI: Chosen D3D11 Adapter Id = 0
[2016.03.28-08.36.26:535][  0]LogD3D11RHI: !Direct3DDevice
[2016.03.28-08.36.26:535][  0]LogRHI: Texture pool is 1361 MB (70% of 1945 MB)
[2016.03.28-08.36.26:550][  0]LogD3D11RHI: Async texture creation enabled
[2016.03.28-08.36.26:565][  0]LogShaderCompilers: Guid format shader working directory is -28 characters bigger than the processId version (../../../../../../../Evann/Documents/Unreal Projects/speedron/speedron_BP/Intermediate/Shaders/WorkingDirectory/14860/).
[2016.03.28-08.36.26:566][  0]LogShaderCompilers: Cleaned the shader compiler working directory 'C:/Users/Evann/AppData/Local/Temp/UnrealShaderWorkingDir/B44867C045594ADB4A391A92BF1B451D/'.
[2016.03.28-08.36.26:566][  0]LogShaderCompilers:Display: Using Local Shader Compiler.
[2016.03.28-08.36.27:548][  0]LogTemp:Display: Loaded TP AllDesktopTargetPlatform
[2016.03.28-08.36.27:552][  0]LogTemp:Display: Loaded TP WindowsClientTargetPlatform
[2016.03.28-08.36.27:557][  0]LogTemp:Display: Loaded TP WindowsNoEditorTargetPlatform
[2016.03.28-08.36.27:561][  0]LogTemp:Display: Loaded TP WindowsServerTargetPlatform
[2016.03.28-08.36.27:565][  0]LogTemp:Display: Loaded TP WindowsTargetPlatform
[2016.03.28-08.36.27:567][  0]LogTemp:Display: Loaded TP AndroidTargetPlatform
[2016.03.28-08.36.27:570][  0]LogTemp:Display: Loaded TP Android_ASTCTargetPlatform
[2016.03.28-08.36.27:573][  0]LogTemp:Display: Loaded TP Android_ATCTargetPlatform
[2016.03.28-08.36.27:575][  0]LogTemp:Display: Loaded TP Android_DXTTargetPlatform
[2016.03.28-08.36.27:578][  0]LogTemp:Display: Loaded TP Android_ETC1TargetPlatform
[2016.03.28-08.36.27:580][  0]LogTemp:Display: Loaded TP Android_ETC2TargetPlatform
[2016.03.28-08.36.27:586][  0]LogTemp:Display: Loaded TP Android_MultiTargetPlatform
[2016.03.28-08.36.27:586][  0]LogTemp:Display: Loaded TP Android_PVRTCTargetPlatform
[2016.03.28-08.36.27:586][  0]LogTemp:Display: Loaded TP HTML5TargetPlatform
[2016.03.28-08.36.27:602][  0]LogTemp:Display: Loaded TP IOSTargetPlatform
[2016.03.28-08.36.27:605][  0]LogTemp:Display: Loaded TP LinuxNoEditorTargetPlatform
[2016.03.28-08.36.27:607][  0]LogTemp:Display: Loaded TP LinuxServerTargetPlatform
[2016.03.28-08.36.27:610][  0]LogTemp:Display: Loaded TP LinuxTargetPlatform
[2016.03.28-08.36.27:610][  0]LogTargetPlatformManager:Display: Building Assets For Windows
[2016.03.28-08.36.27:767][  0]LogDerivedDataCache:Display: Max Cache Size: 512 MB
[2016.03.28-08.36.28:076][  0]LogDerivedDataCache: Loaded boot cache 0.31s 41MB C:/Users/Evann/AppData/Local/UnrealEngine/4.10/DerivedDataCache/Boot.ddc.
[2016.03.28-08.36.28:076][  0]LogDerivedDataCache:Display: Loaded Boot cache: C:/Users/Evann/AppData/Local/UnrealEngine/4.10/DerivedDataCache/Boot.ddc
[2016.03.28-08.36.28:076][  0]LogDerivedDataCache: FDerivedDataBackendGraph:  Pak pak cache file ../../../../../../../Evann/Documents/Unreal Projects/speedron/speedron_BP/DerivedDataCache/DDC.ddp not found, will not use a pak cache.
[2016.03.28-08.36.28:076][  0]LogDerivedDataCache: Unable to find inner node Pak for hierarchical cache Hierarchy.
[2016.03.28-08.36.28:076][  0]LogDerivedDataCache: FDerivedDataBackendGraph:  CompressedPak pak cache file ../../../../../../../Evann/Documents/Unreal Projects/speedron/speedron_BP/DerivedDataCache/Compressed.ddp not found, will not use a pak cache.
[2016.03.28-08.36.28:076][  0]LogDerivedDataCache: Unable to find inner node CompressedPak for hierarchical cache Hierarchy.
[2016.03.28-08.36.28:280][  0]LogDerivedDataCache:Display: Pak cache opened for reading ../../../Engine/DerivedDataCache/Compressed.ddp.
[2016.03.28-08.36.28:292][  0]LogDerivedDataCache: Using Local data cache path C:/Users/Evann/AppData/Local/UnrealEngine/Common/DerivedDataCache: Writable
[2016.03.28-08.36.34:436][  0]LogInit: Selected Device Profile: [Windows]
[2016.03.28-08.36.34:515][  0]LogContentStreaming: Texture pool size is 0.000000MB
[2016.03.28-08.36.35:804][  0]LogMeshUtilities: No automatic mesh reduction module available
[2016.03.28-08.36.35:804][  0]LogMeshUtilities: No automatic mesh merging module available
[2016.03.28-08.36.38:458][  0]LogInit: WinSock: version 1.1 (2.2), MaxSocks=32767, MaxUdp=65467
[2016.03.28-08.36.49:428][  0]LogAssetRegistry: FAssetRegistry took 0.0196 seconds to start up
[2016.03.28-08.36.49:708][  0]UdpMessaging: Initializing bridge on interface 0.0.0.0:0 to multicast group 230.0.0.1:6666.
[2016.03.28-08.36.54:424][  0]SourceControl: Info Source control is disabled
[2016.03.28-08.36.54:448][  0]SourceControl: Info Source control is disabled
[2016.03.28-08.36.54:520][  0]SourceControl: Info Source control is disabled
[2016.03.28-08.36.54:580][  0]SourceControl: Info Source control is disabled
[2016.03.28-08.36.55:588][  0]LogObj: 28803 objects as part of root set at end of initial load.
[2016.03.28-08.36.55:588][  0]LogUObjectAllocator: 6130056 out of 0 bytes used by permanent object pool.
[2016.03.28-08.36.56:180][  0]LogEngine: Initializing Engine...
[2016.03.28-08.36.56:218][  0]LogHMD: Can't find Oculus library dev build: is proper Runtime installed? Version: 0.8.0.0
[2016.03.28-08.36.56:254][  0]LogHMD: SteamVR failed to initialize.  Err: 110
[2016.03.28-08.36.57:190][  0]LogAIModule: Creating AISystem for world NewWorld
[2016.03.28-08.36.57:391][  0]LogInit: XAudio2 using 'Haut-parleurs (Realtek High Definition Audio)' : 2 channels at 48 kHz using 32 bits per sample (channel mask 0x3)
[2016.03.28-08.36.57:405][  0]LogInit: FAudioDevice initialized.
[2016.03.28-08.36.57:429][  0]LogDerivedDataCache: Saved boot cache 0.02s 41MB C:/Users/Evann/AppData/Local/UnrealEngine/4.10/DerivedDataCache/Boot.ddc.
[2016.03.28-08.36.57:433][  0]LogInit: Texture streaming: Enabled
[2016.03.28-08.36.57:523][  0]LogAnalytics: Creating configured Analytics provider AnalyticsET
[2016.03.28-08.36.57:524][  0]LogAnalytics: [UEEditor.Rocket.Release] APIServer = http://et2.epicgames.com/ET2/. AppVersion = 4.10.4-2872498+++depot+UE4-Releases+4.10
[2016.03.28-08.36.57:524][  0]LogAnalytics: [UEEditor.Rocket.Release] SetUserId fd7fcd6145c2d49cfe7e4393ff2be6d0|268d3e625b094d6baa5bbf4050d265fa|823c25f2-e8e2-48bc-85ba-fee7c8358a4d
[2016.03.28-08.36.57:540][  0]LogAnalytics: [UEEditor.Rocket.Release] AnalyticsET::StartSession
[2016.03.28-08.36.57:695][  0]LogInit: Transaction tracking system initialized
[2016.03.28-08.36.58:003][  0]BlueprintLog: New page: Editor Load
[2016.03.28-08.36.59:491][  0]LocalizationService: Info Localization service is disabled
[2016.03.28-08.37.00:571][  0]LogConsoleResponse:Display: 
[2016.03.28-08.37.03:765][  0]LogFileCache: Scanning file cache for directory 'D:/Evann/Documents/Unreal Projects/speedron/speedron_BP/Content/' took 0.06s
[2016.03.28-08.37.03:765][  0]LogCook:Display: Done creating registry. It took  0.00s.
[2016.03.28-08.37.05:513][  0]SourceControl: Info Source control is disabled
[2016.03.28-08.37.05:574][  0]Cmd: MAP LOAD FILE="../../../../../../../Evann/Documents/Unreal Projects/speedron/speedron_BP/Content/TwinStickBP/Maps/TwinStickExampleMap.umap" TEMPLATE=0 SHOWPROGRESS=1 FEATURELEVEL=3
[2016.03.28-08.37.05:683][  0]LightingResults: New page: Lighting Build
[2016.03.28-08.37.06:018][  0]MapCheck: New page: Map Check
[2016.03.28-08.37.06:018][  0]LightingResults: New page: Lighting Build
[2016.03.28-08.37.06:381][  0]LogParticles: Destroying 0 GPU particle simulations for FXSystem 0x000002D52A080FE0
[2016.03.28-08.37.08:853][  0]LogAIModule: Creating AISystem for world TwinStickExampleMap
[2016.03.28-08.37.09:119][  0]LogPrimitiveComponent: Zero scaling not supported (/Game/TwinStickBP/Maps/TwinStickExampleMap.TwinStickExampleMap:PersistentLevel.Cube_4.StaticMeshComponent0)
[2016.03.28-08.37.09:275][  0]LogEditorServer: Finished looking for orphan Actors (0.000 secs)
[2016.03.28-08.37.09:315][  0]Cmd: MAP CHECKDEP NOCLEARLOG
[2016.03.28-08.37.09:396][  0]MapCheck:Warning: Warning BP_Player_C_4 BP_Player_C /Game/TwinStickBP/Maps/TwinStickExampleMap.TwinStickExampleMap:PersistentLevel.BP_Player_C_4 : Externally referenced 
[2016.03.28-08.37.09:396][  0]MapCheck:Warning: Warning ShipMeshComponent StaticMeshComponent /Game/TwinStickBP/Maps/TwinStickExampleMap.TwinStickExampleMap:PersistentLevel.BP_Player_C_4.ShipMeshComponent : Externally referenced 
[2016.03.28-08.37.09:396][  0]MapCheck: Info Map check complete: 0 Error(s), 2 Warning(s), took 81.621ms to complete.
[2016.03.28-08.37.09:490][  0]LogFileHelpers: Loading map 'TwinStickExampleMap' took 3.923
[2016.03.28-08.37.11:129][  0]LogCollectionManager: Loaded 0 collections in 0.015395 seconds
[2016.03.28-08.37.11:298][  0]LogFileCache: Scanning file cache for directory 'D:/Evann/Documents/Unreal Projects/speedron/speedron_BP/Saved/Collections/' took 0.01s
[2016.03.28-08.37.11:298][  0]LogFileCache: Scanning file cache for directory 'D:/Evann/Documents/Unreal Projects/speedron/speedron_BP/Content/Developers/Evann/Collections/' took 0.01s
[2016.03.28-08.37.11:298][  0]LogFileCache: Scanning file cache for directory 'D:/Evann/Documents/Unreal Projects/speedron/speedron_BP/Content/Collections/' took 0.01s
[2016.03.28-08.37.11:299][  0]LogCollectionManager: Rebuilt the GUID cache for 0 collections in 0.000003 seconds
[2016.03.28-08.37.11:326][  0]LogContentBrowser: Native class hierarchy populated in 0.0245 seconds. Added 1908 classes and 344 folders.
[2016.03.28-08.37.11:467][  0]LogContentBrowser: Native class hierarchy updated for 'WidgetCarousel' in 0.0007 seconds. Added 0 classes and 0 folders.
[2016.03.28-08.37.12:404][  0]LogContentBrowser: Native class hierarchy updated for 'AddContentDialog' in 0.0003 seconds. Added 0 classes and 0 folders.
[2016.03.28-08.37.12:484][  0]LogContentBrowser: Native class hierarchy updated for 'SceneOutliner' in 0.0004 seconds. Added 1 classes and 2 folders.
[2016.03.28-08.37.13:495][  0]LogCrashTracker: Crashtracker disabled due to settings.
[2016.03.28-08.37.13:696][  0]LogUObjectGlobals:Warning: Failed to find object 'Class None.'
[2016.03.28-08.37.13:799][  0]LogLoad: Full Startup: 48.32 seconds (BP compile: 0.79 seconds)
[2016.03.28-08.37.14:190][  0]LogWindowsTextInputMethodSystem:Display: IME system now deactivated.
[2016.03.28-08.37.14:205][  0]LogOcInput: Can't find Oculus library dev build: is proper Runtime installed? Version: 0.8.0.0
[2016.03.28-08.37.14:750][  0]LogContentStreaming: Texture pool size now 1000 MB
[2016.03.28-08.37.15:912][  0]LogRenderer: Reallocating scene render targets to support 1208x572 (Frame:2).
[2016.03.28-08.37.18:830][  8]LogAssetRegistry: Asset discovery search completed in 29.4207 seconds
[2016.03.28-08.37.18:845][  8]LogCollectionManager: Rebuilt the object cache for 0 collections in 0.000001 seconds (found 0 objects)
[2016.03.28-08.37.18:846][  8]LogCollectionManager: Fixed up redirectors for 0 collections in 0.009742 seconds (updated 0 objects)
[2016.03.28-08.37.27:046][642]LogBlueprintUserMessages: Early PlayInEditor Detection: Level '/Game/TwinStickBP/Maps/TwinStickExampleMap.TwinStickExampleMap:PersistentLevel' has LevelScriptBlueprint '/Game/TwinStickBP/Maps/TwinStickExampleMap.TwinStickExampleMap:PersistentLevel.TwinStickExampleMap' with GeneratedClass '/Game/TwinStickBP/Maps/TwinStickExampleMap.TwinStickExampleMap_C' with ClassGeneratedBy '/Game/TwinStickBP/Maps/TwinStickExampleMap.TwinStickExampleMap:PersistentLevel.TwinStickExampleMap'
[2016.03.28-08.37.27:068][642]LogPlayLevel: PlayLevel: No blueprints needed recompiling
[2016.03.28-08.37.27:085][642]PIE: New page: PIE session: TwinStickExampleMap (Mar 28, 2016, 12:37:27 PM)
[2016.03.28-08.37.27:085][642]LogPlayLevel: Creating play world package: /Game/TwinStickBP/Maps/UEDPIE_0_TwinStickExampleMap
[2016.03.28-08.37.27:168][642]LogPlayLevel: PIE: StaticDuplicateObject took: (0.082902s)
[2016.03.28-08.37.27:169][642]LogAIModule: Creating AISystem for world TwinStickExampleMap
[2016.03.28-08.37.27:169][642]LogPlayLevel: PIE: World Init took: (0.000660s)
[2016.03.28-08.37.27:169][642]LogPlayLevel: PIE: Created PIE world by copying editor world from /Game/TwinStickBP/Maps/TwinStickExampleMap.TwinStickExampleMap to /Game/TwinStickBP/Maps/UEDPIE_0_TwinStickExampleMap.TwinStickExampleMap (0.084388s)
[2016.03.28-08.37.27:199][642]LogActorComponent: UnregisterComponent: (/Engine/Transient.FloatingPawnMovement_GEN_VARIABLE) Not registered. Aborting.
[2016.03.28-08.37.27:427][642]LogInit: XAudio2 using 'Haut-parleurs (Realtek High Definition Audio)' : 2 channels at 48 kHz using 32 bits per sample (channel mask 0x3)
[2016.03.28-08.37.27:438][642]LogInit: FAudioDevice initialized.
[2016.03.28-08.37.27:633][642]LogWorld: Game class is 'TwinStickGameMode_C'
[2016.03.28-08.37.27:702][642]LogPrimitiveComponent: Zero scaling not supported (/Game/TwinStickBP/Maps/UEDPIE_0_TwinStickExampleMap.TwinStickExampleMap:PersistentLevel.Cube_4.StaticMeshComponent0)
[2016.03.28-08.37.27:702][642]LogWorld: Bringing World /Game/TwinStickBP/Maps/UEDPIE_0_TwinStickExampleMap.TwinStickExampleMap up for play (max tick rate 0) at 2016.03.28-10.37.27
[2016.03.28-08.37.27:702][642]LogActor:Warning: GameSession /Game/TwinStickBP/Maps/UEDPIE_0_TwinStickExampleMap.TwinStickExampleMap:PersistentLevel.GameSession_0 has natively added scene component(s), but none of them were set as the actor's RootComponent - picking one arbitrarily
[2016.03.28-08.37.27:703][642]LogActor:Warning: GameNetworkManager /Game/TwinStickBP/Maps/UEDPIE_0_TwinStickExampleMap.TwinStickExampleMap:PersistentLevel.GameNetworkManager_0 has natively added scene component(s), but none of them were set as the actor's RootComponent - picking one arbitrarily
[2016.03.28-08.37.27:722][642]LogWorld: Bringing up level for play took: 0.022504
[2016.03.28-08.37.27:904][642]PIE: Info Play in editor start time for /Game/TwinStickBP/Maps/UEDPIE_0_TwinStickExampleMap 0.661
[2016.03.28-08.37.27:915][642]LogBlueprintUserMessages: Late PlayInEditor Detection: Level '/Game/TwinStickBP/Maps/TwinStickExampleMap.TwinStickExampleMap:PersistentLevel' has LevelScriptBlueprint '/Game/TwinStickBP/Maps/TwinStickExampleMap.TwinStickExampleMap:PersistentLevel.TwinStickExampleMap' with GeneratedClass '/Game/TwinStickBP/Maps/TwinStickExampleMap.TwinStickExampleMap_C' with ClassGeneratedBy '/Game/TwinStickBP/Maps/TwinStickExampleMap.TwinStickExampleMap:PersistentLevel.TwinStickExampleMap'
[2016.03.28-08.37.28:065][643]LogRenderer: Reallocating scene render targets to support 1280x720 (Frame:641).
[2016.03.28-08.38.13:717][ 30]LogBlueprintUserMessages: Early EndPlayMap Detection: Level '/Game/TwinStickBP/Maps/TwinStickExampleMap.TwinStickExampleMap:PersistentLevel' has LevelScriptBlueprint '/Game/TwinStickBP/Maps/TwinStickExampleMap.TwinStickExampleMap:PersistentLevel.TwinStickExampleMap' with GeneratedClass '/Game/TwinStickBP/Maps/TwinStickExampleMap.TwinStickExampleMap_C' with ClassGeneratedBy '/Game/TwinStickBP/Maps/TwinStickExampleMap.TwinStickExampleMap:PersistentLevel.TwinStickExampleMap'
[2016.03.28-08.38.13:828][ 30]LogBlueprintUserMessages: Late EndPlayMap Detection: Level '/Game/TwinStickBP/Maps/TwinStickExampleMap.TwinStickExampleMap:PersistentLevel' has LevelScriptBlueprint '/Game/TwinStickBP/Maps/TwinStickExampleMap.TwinStickExampleMap:PersistentLevel.TwinStickExampleMap' with GeneratedClass '/Game/TwinStickBP/Maps/TwinStickExampleMap.TwinStickExampleMap_C' with ClassGeneratedBy '/Game/TwinStickBP/Maps/TwinStickExampleMap.TwinStickExampleMap:PersistentLevel.TwinStickExampleMap'
[2016.03.28-08.38.13:918][ 30]LogParticles: Destroying 0 GPU particle simulations for FXSystem 0x000002D536525800
[2016.03.28-08.39.40:904][534]LogBlueprintUserMessages: Early PlayInEditor Detection: Level '/Game/TwinStickBP/Maps/TwinStickExampleMap.TwinStickExampleMap:PersistentLevel' has LevelScriptBlueprint '/Game/TwinStickBP/Maps/TwinStickExampleMap.TwinStickExampleMap:PersistentLevel.TwinStickExampleMap' with GeneratedClass '/Game/TwinStickBP/Maps/TwinStickExampleMap.TwinStickExampleMap_C' with ClassGeneratedBy '/Game/TwinStickBP/Maps/TwinStickExampleMap.TwinStickExampleMap:PersistentLevel.TwinStickExampleMap'
[2016.03.28-08.39.40:905][534]LogPlayLevel: PlayLevel: No blueprints needed recompiling
[2016.03.28-08.39.40:905][534]PIE: New page: SIE session: TwinStickExampleMap (Mar 28, 2016, 12:39:40 PM)
[2016.03.28-08.39.40:905][534]LogPlayLevel: Creating play world package: /Game/TwinStickBP/Maps/UEDPIE_0_TwinStickExampleMap
[2016.03.28-08.39.40:914][534]LogPlayLevel: PIE: StaticDuplicateObject took: (0.009612s)
[2016.03.28-08.39.40:922][534]LogAIModule: Creating AISystem for world TwinStickExampleMap
[2016.03.28-08.39.40:922][534]LogPlayLevel: PIE: World Init took: (0.007522s)
[2016.03.28-08.39.40:922][534]LogPlayLevel: PIE: Created PIE world by copying editor world from /Game/TwinStickBP/Maps/TwinStickExampleMap.TwinStickExampleMap to /Game/TwinStickBP/Maps/UEDPIE_0_TwinStickExampleMap.TwinStickExampleMap (0.017356s)
[2016.03.28-08.39.40:938][534]LogInit: XAudio2 using 'Haut-parleurs (Realtek High Definition Audio)' : 2 channels at 48 kHz using 32 bits per sample (channel mask 0x3)
[2016.03.28-08.39.40:949][534]LogInit: FAudioDevice initialized.
[2016.03.28-08.39.41:114][534]LogWorld: Game class is 'TwinStickGameMode_C'
[2016.03.28-08.39.41:120][534]LogPrimitiveComponent: Zero scaling not supported (/Game/TwinStickBP/Maps/UEDPIE_0_TwinStickExampleMap.TwinStickExampleMap:PersistentLevel.Cube_4.StaticMeshComponent0)
[2016.03.28-08.39.41:121][534]LogWorld: Bringing World /Game/TwinStickBP/Maps/UEDPIE_0_TwinStickExampleMap.TwinStickExampleMap up for play (max tick rate 0) at 2016.03.28-10.39.41
[2016.03.28-08.39.41:121][534]LogActor:Warning: GameSession /Game/TwinStickBP/Maps/UEDPIE_0_TwinStickExampleMap.TwinStickExampleMap:PersistentLevel.GameSession_1 has natively added scene component(s), but none of them were set as the actor's RootComponent - picking one arbitrarily
[2016.03.28-08.39.41:122][534]LogActor:Warning: GameNetworkManager /Game/TwinStickBP/Maps/UEDPIE_0_TwinStickExampleMap.TwinStickExampleMap:PersistentLevel.GameNetworkManager_1 has natively added scene component(s), but none of them were set as the actor's RootComponent - picking one arbitrarily
[2016.03.28-08.39.41:122][534]LogWorld: Bringing up level for play took: 0.006320
[2016.03.28-08.39.41:175][534]PIE: Info Play in editor start time for /Game/TwinStickBP/Maps/UEDPIE_0_TwinStickExampleMap -0.068
[2016.03.28-08.39.41:244][534]LogBlueprintUserMessages: Late PlayInEditor Detection: Level '/Game/TwinStickBP/Maps/TwinStickExampleMap.TwinStickExampleMap:PersistentLevel' has LevelScriptBlueprint '/Game/TwinStickBP/Maps/TwinStickExampleMap.TwinStickExampleMap:PersistentLevel.TwinStickExampleMap' with GeneratedClass '/Game/TwinStickBP/Maps/TwinStickExampleMap.TwinStickExampleMap_C' with ClassGeneratedBy '/Game/TwinStickBP/Maps/TwinStickExampleMap.TwinStickExampleMap:PersistentLevel.TwinStickExampleMap'
[2016.03.28-08.39.41:270][534]LogScript:Warning: Accessed None 'Speedron'
	HUD_UIFull_C /Engine/Transient.UnrealEdEngine_0:GameInstance_1.HUD_UIFull_C_1
	Function /Game/TwinStickBP/Blueprints/HUD_UIFull.HUD_UIFull_C:SpeedMetter:0027
[2016.03.28-08.39.41:281][534]LogScript:Warning: Accessed None 'Speedron'
	HUD_UIFull_C /Engine/Transient.UnrealEdEngine_0:GameInstance_1.HUD_UIFull_C_1
	Function /Game/TwinStickBP/Blueprints/HUD_UIFull.HUD_UIFull_C:ExecuteUbergraph_HUD_UIFull:0119
[2016.03.28-08.39.41:281][534]LogScript:Warning: Accessed None 'Speedron'
	HUD_UIFull_C /Engine/Transient.UnrealEdEngine_0:GameInstance_1.HUD_UIFull_C_1
	Function /Game/TwinStickBP/Blueprints/HUD_UIFull.HUD_UIFull_C:EnergyPercent:0027
[2016.03.28-08.39.41:281][534]LogScript:Warning: Accessed None 'Speedron'
	HUD_UIFull_C /Engine/Transient.UnrealEdEngine_0:GameInstance_1.HUD_UIFull_C_1
	Function /Game/TwinStickBP/Blueprints/HUD_UIFull.HUD_UIFull_C:EnergyPercent:0027
[2016.03.28-08.39.41:290][535]LogScript:Warning: Accessed None 'Speedron'
	HUD_UIFull_C /Engine/Transient.UnrealEdEngine_0:GameInstance_1.HUD_UIFull_C_1
	Function /Game/TwinStickBP/Blueprints/HUD_UIFull.HUD_UIFull_C:SpeedMetter:0027
[2016.03.28-08.39.41:293][535]LogScript:Warning: Accessed None 'Speedron'
	HUD_UIFull_C /Engine/Transient.UnrealEdEngine_0:GameInstance_1.HUD_UIFull_C_1
	Function /Game/TwinStickBP/Blueprints/HUD_UIFull.HUD_UIFull_C:ExecuteUbergraph_HUD_UIFull:0119
[2016.03.28-08.39.41:293][535]LogScript:Warning: Accessed None 'Speedron'
	HUD_UIFull_C /Engine/Transient.UnrealEdEngine_0:GameInstance_1.HUD_UIFull_C_1
	Function /Game/TwinStickBP/Blueprints/HUD_UIFull.HUD_UIFull_C:EnergyPercent:0027
[2016.03.28-08.39.41:297][536]LogScript:Warning: Accessed None 'Speedron'
	HUD_UIFull_C /Engine/Transient.UnrealEdEngine_0:GameInstance_1.HUD_UIFull_C_1
	Function /Game/TwinStickBP/Blueprints/HUD_UIFull.HUD_UIFull_C:SpeedMetter:0027
[2016.03.28-08.39.41:300][536]LogScript:Warning: Accessed None 'Speedron'
	HUD_UIFull_C /Engine/Transient.UnrealEdEngine_0:GameInstance_1.HUD_UIFull_C_1
	Function /Game/TwinStickBP/Blueprints/HUD_UIFull.HUD_UIFull_C:ExecuteUbergraph_HUD_UIFull:0119
[2016.03.28-08.39.41:300][536]LogScript:Warning: Accessed None 'Speedron'
	HUD_UIFull_C /Engine/Transient.UnrealEdEngine_0:GameInstance_1.HUD_UIFull_C_1
	Function /Game/TwinStickBP/Blueprints/HUD_UIFull.HUD_UIFull_C:EnergyPercent:0027
[2016.03.28-08.39.41:306][537]LogScript:Warning: Accessed None 'Speedron'
	HUD_UIFull_C /Engine/Transient.UnrealEdEngine_0:GameInstance_1.HUD_UIFull_C_1
	Function /Game/TwinStickBP/Blueprints/HUD_UIFull.HUD_UIFull_C:SpeedMetter:0027
[2016.03.28-08.39.41:308][537]LogScript:Warning: Accessed None 'Speedron'
	HUD_UIFull_C /Engine/Transient.UnrealEdEngine_0:GameInstance_1.HUD_UIFull_C_1
	Function /Game/TwinStickBP/Blueprints/HUD_UIFull.HUD_UIFull_C:ExecuteUbergraph_HUD_UIFull:0119
[2016.03.28-08.39.41:308][537]LogScript:Warning: Accessed None 'Speedron'
	HUD_UIFull_C /Engine/Transient.UnrealEdEngine_0:GameInstance_1.HUD_UIFull_C_1
	Function /Game/TwinStickBP/Blueprints/HUD_UIFull.HUD_UIFull_C:EnergyPercent:0027
[2016.03.28-08.39.41:318][538]LogScript:Warning: Accessed None 'Speedron'
	HUD_UIFull_C /Engine/Transient.UnrealEdEngine_0:GameInstance_1.HUD_UIFull_C_1
	Function /Game/TwinStickBP/Blueprints/HUD_UIFull.HUD_UIFull_C:SpeedMetter:0027
[2016.03.28-08.39.41:320][538]LogScript:Warning: Accessed None 'Speedron'
	HUD_UIFull_C /Engine/Transient.UnrealEdEngine_0:GameInstance_1.HUD_UIFull_C_1
	Function /Game/TwinStickBP/Blueprints/HUD_UIFull.HUD_UIFull_C:ExecuteUbergraph_HUD_UIFull:0119
[2016.03.28-08.39.41:320][538]LogScript:Warning: Accessed None 'Speedron'
	HUD_UIFull_C /Engine/Transient.UnrealEdEngine_0:GameInstance_1.HUD_UIFull_C_1
	Function /Game/TwinStickBP/Blueprints/HUD_UIFull.HUD_UIFull_C:EnergyPercent:0027
[2016.03.28-08.39.41:325][539]LogScript:Warning: Accessed None 'Speedron'
	HUD_UIFull_C /Engine/Transient.UnrealEdEngine_0:GameInstance_1.HUD_UIFull_C_1
	Function /Game/TwinStickBP/Blueprints/HUD_UIFull.HUD_UIFull_C:SpeedMetter:0027
[2016.03.28-08.39.48:248][333]LogBlueprintUserMessages: Early EndPlayMap Detection: Level '/Game/TwinStickBP/Maps/TwinStickExampleMap.TwinStickExampleMap:PersistentLevel' has LevelScriptBlueprint '/Game/TwinStickBP/Maps/TwinStickExampleMap.TwinStickExampleMap:PersistentLevel.TwinStickExampleMap' with GeneratedClass '/Game/TwinStickBP/Maps/TwinStickExampleMap.TwinStickExampleMap_C' with ClassGeneratedBy '/Game/TwinStickBP/Maps/TwinStickExampleMap.TwinStickExampleMap:PersistentLevel.TwinStickExampleMap'
[2016.03.28-08.39.48:358][333]LogBlueprintUserMessages: Late EndPlayMap Detection: Level '/Game/TwinStickBP/Maps/TwinStickExampleMap.TwinStickExampleMap:PersistentLevel' has LevelScriptBlueprint '/Game/TwinStickBP/Maps/TwinStickExampleMap.TwinStickExampleMap:PersistentLevel.TwinStickExampleMap' with GeneratedClass '/Game/TwinStickBP/Maps/TwinStickExampleMap.TwinStickExampleMap_C' with ClassGeneratedBy '/Game/TwinStickBP/Maps/TwinStickExampleMap.TwinStickExampleMap:PersistentLevel.TwinStickExampleMap'
[2016.03.28-08.39.48:381][334]LogParticles: Destroying 0 GPU particle simulations for FXSystem 0x000002D51E28F100
[2016.03.28-08.39.51:031][648]LogBlueprintUserMessages: Early PlayInEditor Detection: Level '/Game/TwinStickBP/Maps/TwinStickExampleMap.TwinStickExampleMap:PersistentLevel' has LevelScriptBlueprint '/Game/TwinStickBP/Maps/TwinStickExampleMap.TwinStickExampleMap:PersistentLevel.TwinStickExampleMap' with GeneratedClass '/Game/TwinStickBP/Maps/TwinStickExampleMap.TwinStickExampleMap_C' with ClassGeneratedBy '/Game/TwinStickBP/Maps/TwinStickExampleMap.TwinStickExampleMap:PersistentLevel.TwinStickExampleMap'
[2016.03.28-08.39.51:031][648]LogPlayLevel: PlayLevel: No blueprints needed recompiling
[2016.03.28-08.39.51:031][648]PIE: New page: PIE session: TwinStickExampleMap (Mar 28, 2016, 12:39:51 PM)
[2016.03.28-08.39.51:031][648]LogPlayLevel: Creating play world package: /Game/TwinStickBP/Maps/UEDPIE_0_TwinStickExampleMap
[2016.03.28-08.39.51:040][648]LogPlayLevel: PIE: StaticDuplicateObject took: (0.009577s)
[2016.03.28-08.39.51:041][648]LogAIModule: Creating AISystem for world TwinStickExampleMap
[2016.03.28-08.39.51:041][648]LogPlayLevel: PIE: World Init took: (0.000788s)
[2016.03.28-08.39.51:041][648]LogPlayLevel: PIE: Created PIE world by copying editor world from /Game/TwinStickBP/Maps/TwinStickExampleMap.TwinStickExampleMap to /Game/TwinStickBP/Maps/UEDPIE_0_TwinStickExampleMap.TwinStickExampleMap (0.010553s)
[2016.03.28-08.39.51:056][648]LogInit: XAudio2 using 'Haut-parleurs (Realtek High Definition Audio)' : 2 channels at 48 kHz using 32 bits per sample (channel mask 0x3)
[2016.03.28-08.39.51:066][648]LogInit: FAudioDevice initialized.
[2016.03.28-08.39.51:151][648]LogWorld: Game class is 'TwinStickGameMode_C'
[2016.03.28-08.39.51:155][648]LogPrimitiveComponent: Zero scaling not supported (/Game/TwinStickBP/Maps/UEDPIE_0_TwinStickExampleMap.TwinStickExampleMap:PersistentLevel.Cube_4.StaticMeshComponent0)
[2016.03.28-08.39.51:155][648]LogWorld: Bringing World /Game/TwinStickBP/Maps/UEDPIE_0_TwinStickExampleMap.TwinStickExampleMap up for play (max tick rate 0) at 2016.03.28-10.39.51
[2016.03.28-08.39.51:155][648]LogActor:Warning: GameSession /Game/TwinStickBP/Maps/UEDPIE_0_TwinStickExampleMap.TwinStickExampleMap:PersistentLevel.GameSession_2 has natively added scene component(s), but none of them were set as the actor's RootComponent - picking one arbitrarily
[2016.03.28-08.39.51:155][648]LogActor:Warning: GameNetworkManager /Game/TwinStickBP/Maps/UEDPIE_0_TwinStickExampleMap.TwinStickExampleMap:PersistentLevel.GameNetworkManager_2 has natively added scene component(s), but none of them were set as the actor's RootComponent - picking one arbitrarily
[2016.03.28-08.39.51:156][648]LogWorld: Bringing up level for play took: 0.003124
[2016.03.28-08.39.51:167][648]PIE: Info Play in editor start time for /Game/TwinStickBP/Maps/UEDPIE_0_TwinStickExampleMap -0.076
[2016.03.28-08.39.51:167][648]LogBlueprintUserMessages: Late PlayInEditor Detection: Level '/Game/TwinStickBP/Maps/TwinStickExampleMap.TwinStickExampleMap:PersistentLevel' has LevelScriptBlueprint '/Game/TwinStickBP/Maps/TwinStickExampleMap.TwinStickExampleMap:PersistentLevel.TwinStickExampleMap' with GeneratedClass '/Game/TwinStickBP/Maps/TwinStickExampleMap.TwinStickExampleMap_C' with ClassGeneratedBy '/Game/TwinStickBP/Maps/TwinStickExampleMap.TwinStickExampleMap:PersistentLevel.TwinStickExampleMap'
[2016.03.28-08.40.07:419][102]LogRenderer: Reallocating scene render targets to support 1596x720 (Frame:16687).
[2016.03.28-08.40.10:257][265]LogRenderer: Reallocating scene render targets to support 3356x720 (Frame:16851).
[2016.03.28-08.40.20:407][473]LogBlueprintUserMessages: Early EndPlayMap Detection: Level '/Game/TwinStickBP/Maps/TwinStickExampleMap.TwinStickExampleMap:PersistentLevel' has LevelScriptBlueprint '/Game/TwinStickBP/Maps/TwinStickExampleMap.TwinStickExampleMap:PersistentLevel.TwinStickExampleMap' with GeneratedClass '/Game/TwinStickBP/Maps/TwinStickExampleMap.TwinStickExampleMap_C' with ClassGeneratedBy '/Game/TwinStickBP/Maps/TwinStickExampleMap.TwinStickExampleMap:PersistentLevel.TwinStickExampleMap'
[2016.03.28-08.40.20:437][473]LogBlueprintUserMessages: Late EndPlayMap Detection: Level '/Game/TwinStickBP/Maps/TwinStickExampleMap.TwinStickExampleMap:PersistentLevel' has LevelScriptBlueprint '/Game/TwinStickBP/Maps/TwinStickExampleMap.TwinStickExampleMap:PersistentLevel.TwinStickExampleMap' with GeneratedClass '/Game/TwinStickBP/Maps/TwinStickExampleMap.TwinStickExampleMap_C' with ClassGeneratedBy '/Game/TwinStickBP/Maps/TwinStickExampleMap.TwinStickExampleMap:PersistentLevel.TwinStickExampleMap'
[2016.03.28-08.40.20:463][474]LogParticles: Destroying 0 GPU particle simulations for FXSystem 0x000002D51E4160C0
[2016.03.28-08.40.20:993][537]LogRenderTargetPool:Warning: r.RenderTargetPoolMin exceeded 408/400 MB (ok in editor, bad on fixed memory platform)
[2016.03.28-08.40.28:657][434]LogWindowsTextInputMethodSystem:Display: IME system now deactivated.
[2016.03.28-08.40.29:268][435]Cmd: QUIT_EDITOR
[2016.03.28-08.40.30:199][435]LogExit: Preparing to exit.
[2016.03.28-08.40.31:327][435]LogExit: Editor shut down
[2016.03.28-08.40.31:327][435]LogExit: Transaction tracking system shut down
[2016.03.28-08.40.31:424][435]LogParticles: Destroying 0 GPU particle simulations for FXSystem 0x000002D51DBA6DE0
[2016.03.28-08.40.31:424][435]LogParticles: Destroying 0 GPU particle simulations for FXSystem 0x000002D5365249A0
[2016.03.28-08.40.31:424][435]LogParticles: Destroying 0 GPU particle simulations for FXSystem 0x000002D5360816C0
[2016.03.28-08.40.31:424][435]LogParticles: Destroying 0 GPU particle simulations for FXSystem 0x000002D53D1F0720
[2016.03.28-08.40.31:424][435]LogParticles: Destroying 0 GPU particle simulations for FXSystem 0x000002D53D1F1120
[2016.03.28-08.40.32:566][435]LogExit: Object subsystem successfully closed.
[2016.03.28-08.40.32:740][435]LogD3D11RHI: Shutdown
[2016.03.28-08.40.32:740][435]LogD3D11RHI: CleanupD3DDevice
[2016.03.28-08.40.32:851][435]LogD3D11RHI: ~FD3D11DynamicRHI
[2016.03.28-08.40.33:474][435]LogModuleManager: Shutting down and abandoning module CrashTracker (200)
[2016.03.28-08.40.33:474][435]LogModuleManager: Shutting down and abandoning module SceneOutliner (199)
[2016.03.28-08.40.33:474][435]LogModuleManager: Shutting down and abandoning module SuperSearch (198)
[2016.03.28-08.40.33:474][435]LogModuleManager: Shutting down and abandoning module WidgetCarousel (197)
[2016.03.28-08.40.33:476][435]LogModuleManager: Shutting down and abandoning module AddContentDialog (196)
[2016.03.28-08.40.33:486][435]LogModuleManager: Shutting down and abandoning module EditorWidgets (195)
[2016.03.28-08.40.33:487][435]LogModuleManager: Shutting down and abandoning module CollectionManager (194)
[2016.03.28-08.40.33:504][435]LogModuleManager: Shutting down and abandoning module StatsViewer (193)
[2016.03.28-08.40.33:516][435]LogModuleManager: Shutting down and abandoning module FoliageEdit (192)
[2016.03.28-08.40.33:516][435]LogModuleManager: Shutting down and abandoning module LandscapeEditor (191)
[2016.03.28-08.40.33:527][435]LogModuleManager: Shutting down and abandoning module ActorPickerMode (190)
[2016.03.28-08.40.33:527][435]LogModuleManager: Shutting down and abandoning module GeometryMode (189)
[2016.03.28-08.40.33:528][435]LogModuleManager: Shutting down and abandoning module TextureAlignMode (188)
[2016.03.28-08.40.33:528][435]LogModuleManager: Shutting down and abandoning module BspMode (187)
[2016.03.28-08.40.33:528][435]LogModuleManager: Shutting down and abandoning module PlacementMode (186)
[2016.03.28-08.40.33:528][435]LogModuleManager: Shutting down and abandoning module AutomationWorker (185)
[2016.03.28-08.40.33:528][435]LogModuleManager: Shutting down and abandoning module CharacterAI (184)
[2016.03.28-08.40.33:528][435]LogModuleManager: Shutting down and abandoning module SmartSnapping (183)
[2016.03.28-08.40.33:528][435]LogModuleManager: Shutting down and abandoning module ViewportSnapping (182)
[2016.03.28-08.40.33:528][435]LogModuleManager: Shutting down and abandoning module LogVisualizer (181)
[2016.03.28-08.40.33:539][435]LogModuleManager: Shutting down and abandoning module GameProjectGeneration (180)
[2016.03.28-08.40.33:550][435]LogModuleManager: Shutting down and abandoning module IntroTutorials (179)
[2016.03.28-08.40.33:582][435]LogModuleManager: Shutting down and abandoning module EditorLiveStreaming (178)
[2016.03.28-08.40.33:582][435]LogModuleManager: Shutting down and abandoning module IOSPlatformEditor (177)
[2016.03.28-08.40.33:594][435]LogModuleManager: Shutting down and abandoning module HTML5PlatformEditor (176)
[2016.03.28-08.40.33:594][435]LogModuleManager: Shutting down and abandoning module AndroidDeviceDetection (175)
[2016.03.28-08.40.34:136][435]LogModuleManager: Shutting down and abandoning module AndroidPlatformEditor (174)
[2016.03.28-08.40.34:136][435]LogModuleManager: Shutting down and abandoning module IOSRuntimeSettings (173)
[2016.03.28-08.40.34:136][435]LogModuleManager: Shutting down and abandoning module AndroidRuntimeSettings (172)
[2016.03.28-08.40.34:136][435]LogModuleManager: Shutting down and abandoning module MergeActors (171)
[2016.03.28-08.40.34:146][435]LogModuleManager: Shutting down and abandoning module SizeMap (170)
[2016.03.28-08.40.34:146][435]LogModuleManager: Shutting down and abandoning module TreeMap (169)
[2016.03.28-08.40.34:151][435]LogModuleManager: Shutting down and abandoning module ReferenceViewer (168)
[2016.03.28-08.40.34:152][435]LogModuleManager: Shutting down and abandoning module LocalizationService (167)
[2016.03.28-08.40.34:152][435]LogModuleManager: Shutting down and abandoning module LocalizationDashboard (166)
[2016.03.28-08.40.34:158][435]LogModuleManager: Shutting down and abandoning module HardwareTargeting (165)
[2016.03.28-08.40.34:158][435]LogModuleManager: Shutting down and abandoning module DeviceProfileEditor (164)
[2016.03.28-08.40.34:174][435]LogModuleManager: Shutting down and abandoning module UndoHistory (163)
[2016.03.28-08.40.34:174][435]LogModuleManager: Shutting down and abandoning module GameplayTagsEditor (162)
[2016.03.28-08.40.34:184][435]LogModuleManager: Shutting down and abandoning module UserFeedback (161)
[2016.03.28-08.40.34:184][435]LogModuleManager: Shutting down and abandoning module XmlParser (160)
[2016.03.28-08.40.34:190][435]LogModuleManager: Shutting down and abandoning module Blutility (159)
[2016.03.28-08.40.34:190][435]LogModuleManager: Shutting down and abandoning module ProjectTargetPlatformEditor (158)
[2016.03.28-08.40.34:200][435]LogModuleManager: Shutting down and abandoning module ProjectSettingsViewer (157)
[2016.03.28-08.40.34:200][435]LogModuleManager: Shutting down and abandoning module InputBindingEditor (156)
[2016.03.28-08.40.34:214][435]LogModuleManager: Shutting down and abandoning module EditorSettingsViewer (155)
[2016.03.28-08.40.34:215][435]LogModuleManager: Shutting down and abandoning module SettingsEditor (154)
[2016.03.28-08.40.34:228][435]LogModuleManager: Shutting down and abandoning module ProjectLauncher (153)
[2016.03.28-08.40.34:240][435]LogModuleManager: Shutting down and abandoning module SessionFrontend (152)
[2016.03.28-08.40.34:255][435]LogModuleManager: Shutting down and abandoning module ProfilerClient (151)
[2016.03.28-08.40.34:268][435]LogModuleManager: Shutting down and abandoning module TargetDeviceServices (150)
[2016.03.28-08.40.34:276][435]LogModuleManager: Shutting down and abandoning module DeviceManager (149)
[2016.03.28-08.40.34:282][435]LogModuleManager: Shutting down and abandoning module AutomationController (148)
[2016.03.28-08.40.34:294][435]LogModuleManager: Shutting down and abandoning module AutomationWindow (147)
[2016.03.28-08.40.34:306][435]LogModuleManager: Shutting down and abandoning module Layers (146)
[2016.03.28-08.40.34:339][435]LogModuleManager: Shutting down and abandoning module ComponentVisualizers (145)
[2016.03.28-08.40.34:339][435]LogModuleManager: Shutting down and abandoning module DetailCustomizations (144)
[2016.03.28-08.40.34:351][435]LogModuleManager: Shutting down and abandoning module PackagesDialog (143)
[2016.03.28-08.40.34:360][435]LogModuleManager: Shutting down and abandoning module Persona (142)
[2016.03.28-08.40.34:386][435]LogModuleManager: Shutting down and abandoning module Kismet (141)
[2016.03.28-08.40.34:398][435]LogModuleManager: Shutting down and abandoning module GraphEditor (140)
[2016.03.28-08.40.34:448][435]LogModuleManager: Shutting down and abandoning module ClassViewer (139)
[2016.03.28-08.40.34:452][435]LogModuleManager: Shutting down and abandoning module Toolbox (138)
[2016.03.28-08.40.34:452][435]LogModuleManager: Shutting down and abandoning module ModuleUI (137)
[2016.03.28-08.40.34:464][435]LogModuleManager: Shutting down and abandoning module MovieSceneTools (136)
[2016.03.28-08.40.34:485][435]LogModuleManager: Shutting down and abandoning module OutputLog (135)
[2016.03.28-08.40.34:485][435]LogModuleManager: Shutting down and abandoning module GammaUI (134)
[2016.03.28-08.40.34:490][435]LogModuleManager: Shutting down and abandoning module Documentation (133)
[2016.03.28-08.40.34:490][435]LogModuleManager: Shutting down and abandoning module GameLiveStreaming (132)
[2016.03.28-08.40.34:498][435]LogModuleManager: Shutting down and abandoning module StreamingPauseRendering (131)
[2016.03.28-08.40.34:498][435]LogModuleManager: Shutting down and abandoning module AnalyticsET (130)
[2016.03.28-08.40.34:498][435]LogModuleManager: Shutting down and abandoning module Analytics (129)
[2016.03.28-08.40.34:498][435]LogModuleManager: Shutting down and abandoning module AITestSuite (128)
[2016.03.28-08.40.34:536][435]LogModuleManager: Shutting down and abandoning module GameplayDebugger (127)
[2016.03.28-08.40.34:545][435]LogModuleManager: Shutting down and abandoning module AIModule (126)
[2016.03.28-08.40.34:545][435]LogModuleManager: Shutting down and abandoning module ProfilerService (125)
[2016.03.28-08.40.34:648][435]LogModuleManager: Shutting down and abandoning module TaskGraph (124)
[2016.03.28-08.40.34:669][435]LogModuleManager: Shutting down and abandoning module SubstanceEditor (123)
[2016.03.28-08.40.34:672][435]LogModuleManager: Shutting down and abandoning module SlateRemote (122)
[2016.03.28-08.40.34:672][435]LogModuleManager: Shutting down and abandoning module SteamVRController (121)
[2016.03.28-08.40.34:672][435]LogModuleManager: Shutting down and abandoning module SteamVR (120)
[2016.03.28-08.40.34:672][435]LogModuleManager: Shutting down and abandoning module ProceduralMeshComponent (119)
[2016.03.28-08.40.34:673][435]LogModuleManager: Shutting down and abandoning module OculusLibrary (118)
[2016.03.28-08.40.34:673][435]LogModuleManager: Shutting down and abandoning module OculusInput (117)
[2016.03.28-08.40.34:673][435]LogModuleManager: Shutting down and abandoning module LeapMotionController (116)
[2016.03.28-08.40.34:698][435]LogModuleManager: Shutting down and abandoning module CustomMeshComponent (115)
[2016.03.28-08.40.34:698][435]LogModuleManager: Shutting down and abandoning module CableComponent (114)
[2016.03.28-08.40.34:701][435]LogModuleManager: Shutting down and abandoning module ArchVisCharacter (113)
[2016.03.28-08.40.34:701][435]LogModuleManager: Shutting down and abandoning module MessagingDebugger (112)
[2016.03.28-08.40.34:747][435]LogModuleManager: Shutting down and abandoning module MediaPlayerEditor (111)
[2016.03.28-08.40.34:836][435]LogModuleManager: Shutting down and abandoning module HTML5Networking (110)
[2016.03.28-08.40.34:836][435]LogModuleManager: Shutting down and abandoning module SpeedTreeImporter (109)
[2016.03.28-08.40.34:836][435]LogModuleManager: Shutting down and abandoning module PluginBrowser (108)
[2016.03.28-08.40.34:872][435]LogModuleManager: Shutting down and abandoning module EpicSurvey (107)
[2016.03.28-08.40.34:881][435]LogModuleManager: Shutting down and abandoning module DesktopPlatform (106)
[2016.03.28-08.40.34:891][435]LogModuleManager: Shutting down and abandoning module VisualStudioSourceCodeAccess (105)
[2016.03.28-08.40.34:891][435]LogModuleManager: Shutting down and abandoning module UObjectPlugin (104)
[2016.03.28-08.40.34:891][435]LogModuleManager: Shutting down and abandoning module SubversionSourceControl (103)
[2016.03.28-08.40.34:917][435]LogModuleManager: Shutting down and abandoning module PerforceSourceControl (102)
[2016.03.28-08.40.34:975][435]LogModuleManager: Shutting down and abandoning module SourceControl (101)
[2016.03.28-08.40.35:013][435]LogModuleManager: Shutting down and abandoning module GitSourceControl (100)
[2016.03.28-08.40.35:024][435]LogModuleManager: Shutting down and abandoning module LightPropagationVolumeEditor (99)
[2016.03.28-08.40.35:024][435]LogModuleManager: Shutting down and abandoning module PaperTiledImporter (98)
[2016.03.28-08.40.35:044][435]LogModuleManager: Shutting down and abandoning module PaperSpriteSheetImporter (97)
[2016.03.28-08.40.35:044][435]LogModuleManager: Shutting down and abandoning module MeshPaint (96)
[2016.03.28-08.40.35:044][435]LogModuleManager: Shutting down and abandoning module SlateReflector (95)
[2016.03.28-08.40.35:059][435]LogModuleManager: Shutting down and abandoning module HotReload (94)
[2016.03.28-08.40.35:074][435]LogModuleManager: Shutting down and abandoning module MainFrame (93)
[2016.03.28-08.40.35:074][435]LogModuleManager: Shutting down and abandoning module LevelEditor (92)
[2016.03.28-08.40.35:084][435]LogModuleManager: Shutting down and abandoning module ContentBrowser (91)
[2016.03.28-08.40.35:085][435]LogModuleManager: Shutting down and abandoning module Paper2DEditor (90)
[2016.03.28-08.40.35:122][435]LogModuleManager: Shutting down and abandoning module UdpMessaging (89)
[2016.03.28-08.40.35:223][435]LogModuleManager: Shutting down and abandoning module DirectoryWatcher (88)
[2016.03.28-08.40.35:223][435]LogModuleManager: Shutting down and abandoning module AssetRegistry (87)
[2016.03.28-08.40.35:275][435]LogModuleManager: Shutting down and abandoning module SubstanceCore (86)
[2016.03.28-08.40.35:327][435]LogModuleManager: Shutting down and abandoning module LightPropagationVolumeRuntime (85)
[2016.03.28-08.40.35:327][435]LogModuleManager: Shutting down and abandoning module Paper2D (84)
[2016.03.28-08.40.35:358][435]LogModuleManager: Shutting down and abandoning module WindowsMoviePlayer (83)
[2016.03.28-08.40.35:360][435]LogModuleManager: Shutting down and abandoning module Media (82)
[2016.03.28-08.40.35:360][435]LogModuleManager: Shutting down and abandoning module WmfMedia (81)
[2016.03.28-08.40.35:370][435]LogModuleManager: Shutting down and abandoning module OnlineBlueprintSupport (80)
[2016.03.28-08.40.35:370][435]LogModuleManager: Shutting down and abandoning module GameplayTasksEditor (79)
[2016.03.28-08.40.35:370][435]LogModuleManager: Shutting down and abandoning module PropertyEditor (78)
[2016.03.28-08.40.35:370][435]LogModuleManager: Shutting down and abandoning module BehaviorTreeEditor (77)
[2016.03.28-08.40.35:436][435]LogModuleManager: Shutting down and abandoning module FunctionalTesting (76)
[2016.03.28-08.40.35:436][435]LogModuleManager: Shutting down and abandoning module CollisionAnalyzer (75)
[2016.03.28-08.40.35:473][435]LogModuleManager: Shutting down and abandoning module WorkspaceMenuStructure (74)
[2016.03.28-08.40.35:473][435]LogModuleManager: Shutting down and abandoning module MessageLog (73)
[2016.03.28-08.40.35:473][435]LogModuleManager: Shutting down and abandoning module Sequencer (72)
[2016.03.28-08.40.35:494][435]LogModuleManager: Shutting down and abandoning module AssetTools (71)
[2016.03.28-08.40.35:514][435]LogModuleManager: Shutting down and abandoning module UMGEditor (70)
[2016.03.28-08.40.35:534][435]LogModuleManager: Shutting down and abandoning module UMG (69)
[2016.03.28-08.40.35:534][435]LogModuleManager: Shutting down and abandoning module Slate (68)
[2016.03.28-08.40.35:534][435]LogModuleManager: Shutting down and abandoning module EditorStyle (67)
[2016.03.28-08.40.35:537][435]LogModuleManager: Shutting down and abandoning module SessionServices (66)
[2016.03.28-08.40.35:537][435]LogModuleManager: Shutting down and abandoning module SourceCodeAccess (65)
[2016.03.28-08.40.35:537][435]LogModuleManager: Shutting down and abandoning module HeadMountedDisplay (64)
[2016.03.28-08.40.35:537][435]LogModuleManager: Shutting down and abandoning module XAudio2 (63)
[2016.03.28-08.40.35:537][435]LogModuleManager: Shutting down and abandoning module Networking (61)
[2016.03.28-08.40.35:537][435]LogModuleManager: Shutting down and abandoning module Core (60)
[2016.03.28-08.40.35:537][435]LogModuleManager: Shutting down and abandoning module KismetCompiler (59)
[2016.03.28-08.40.35:537][435]LogModuleManager: Shutting down and abandoning module PhysXFormats (58)
[2016.03.28-08.40.35:537][435]LogModuleManager: Shutting down and abandoning module MeshUtilities (57)
[2016.03.28-08.40.35:567][435]LogModuleManager: Shutting down and abandoning module DerivedDataCache (56)
[2016.03.28-08.40.35:597][435]LogDerivedDataCache: Shutdown
[2016.03.28-08.40.35:597][435]LogModuleManager: Shutting down and abandoning module ShaderFormatOpenGL (55)
[2016.03.28-08.40.35:616][435]LogModuleManager: Shutting down and abandoning module ShaderFormatD3D (54)
[2016.03.28-08.40.35:616][435]LogModuleManager: Shutting down and abandoning module MetalShaderFormat (53)
[2016.03.28-08.40.35:670][435]LogModuleManager: Shutting down and abandoning module TextureFormatUncompressed (52)
[2016.03.28-08.40.35:670][435]LogModuleManager: Shutting down and abandoning module TextureFormatPVR (51)
[2016.03.28-08.40.35:671][435]LogModuleManager: Shutting down and abandoning module TextureFormatIntelISPCTexComp (50)
[2016.03.28-08.40.35:671][435]LogModuleManager: Shutting down and abandoning module TextureFormatDXT (49)
[2016.03.28-08.40.35:671][435]LogModuleManager: Shutting down and abandoning module ImageWrapper (48)
[2016.03.28-08.40.35:671][435]LogModuleManager: Shutting down and abandoning module TextureFormatASTC (47)
[2016.03.28-08.40.35:671][435]LogModuleManager: Shutting down and abandoning module TextureFormatAndroid (46)
[2016.03.28-08.40.35:671][435]LogModuleManager: Shutting down and abandoning module AudioFormatOpus (45)
[2016.03.28-08.40.35:697][435]LogModuleManager: Shutting down and abandoning module AudioFormatOgg (44)
[2016.03.28-08.40.35:697][435]LogModuleManager: Shutting down and abandoning module AudioFormatADPCM (43)
[2016.03.28-08.40.35:697][435]LogModuleManager: Shutting down and abandoning module LinuxTargetPlatform (42)
[2016.03.28-08.40.35:697][435]LogModuleManager: Shutting down and abandoning module LinuxServerTargetPlatform (41)
[2016.03.28-08.40.35:697][435]LogModuleManager: Shutting down and abandoning module LinuxNoEditorTargetPlatform (40)
[2016.03.28-08.40.35:697][435]LogModuleManager: Shutting down and abandoning module Messaging (39)
[2016.03.28-08.40.35:697][435]LogModuleManager: Shutting down and abandoning module IOSTargetPlatform (38)
[2016.03.28-08.40.35:697][435]LogModuleManager: Shutting down and abandoning module HTML5TargetPlatform (37)
[2016.03.28-08.40.35:697][435]LogModuleManager: Shutting down and abandoning module Android_PVRTCTargetPlatform (36)
[2016.03.28-08.40.35:697][435]LogModuleManager: Shutting down and abandoning module Android_MultiTargetPlatform (35)
[2016.03.28-08.40.35:697][435]LogModuleManager: Shutting down and abandoning module Android_ETC2TargetPlatform (34)
[2016.03.28-08.40.35:697][435]LogModuleManager: Shutting down and abandoning module Android_ETC1TargetPlatform (33)
[2016.03.28-08.40.35:697][435]LogModuleManager: Shutting down and abandoning module Android_DXTTargetPlatform (32)
[2016.03.28-08.40.35:697][435]LogModuleManager: Shutting down and abandoning module Android_ATCTargetPlatform (31)
[2016.03.28-08.40.35:697][435]LogModuleManager: Shutting down and abandoning module Android_ASTCTargetPlatform (30)
[2016.03.28-08.40.35:697][435]LogModuleManager: Shutting down and abandoning module AndroidTargetPlatform (29)
[2016.03.28-08.40.35:697][435]LogModuleManager: Shutting down and abandoning module WindowsTargetPlatform (28)
[2016.03.28-08.40.35:697][435]LogModuleManager: Shutting down and abandoning module WindowsServerTargetPlatform (27)
[2016.03.28-08.40.35:697][435]LogModuleManager: Shutting down and abandoning module WindowsNoEditorTargetPlatform (26)
[2016.03.28-08.40.35:697][435]LogModuleManager: Shutting down and abandoning module WindowsClientTargetPlatform (25)
[2016.03.28-08.40.35:697][435]LogModuleManager: Shutting down and abandoning module AllDesktopTargetPlatform (24)
[2016.03.28-08.40.35:697][435]LogModuleManager: Shutting down and abandoning module TargetPlatform (23)
[2016.03.28-08.40.35:697][435]LogModuleManager: Shutting down and abandoning module InputCore (22)
[2016.03.28-08.40.35:697][435]LogModuleManager: Shutting down and abandoning module Settings (21)
[2016.03.28-08.40.35:697][435]LogModuleManager: Shutting down and abandoning module OnlineSubsystem (19)
[2016.03.28-08.40.35:697][435]LogModuleManager: Shutting down and abandoning module HTTP (18)
[2016.03.28-08.40.37:700][435]LogModuleManager: Shutting down and abandoning module XMPP (17)
[2016.03.28-08.40.37:741][435]LogModuleManager: Shutting down and abandoning module OculusRift (16)
[2016.03.28-08.40.37:771][435]LogModuleManager: Shutting down and abandoning module ExampleDeviceProfileSelector (15)
[2016.03.28-08.40.37:771][435]LogModuleManager: Shutting down and abandoning module TextureCompressor (14)
[2016.03.28-08.40.37:806][435]LogModuleManager: Shutting down and abandoning module ShaderCore (13)
[2016.03.28-08.40.37:806][435]LogModuleManager: Shutting down and abandoning module Landscape (12)
[2016.03.28-08.40.37:806][435]LogModuleManager: Shutting down and abandoning module SlateRHIRenderer (11)
[2016.03.28-08.40.37:819][435]LogModuleManager: Shutting down and abandoning module OpenGLDrv (10)
[2016.03.28-08.40.37:842][435]LogModuleManager: Shutting down and abandoning module D3D11RHI (9)
[2016.03.28-08.40.37:842][435]LogModuleManager: Shutting down and abandoning module AnimGraphRuntime (8)
[2016.03.28-08.40.37:847][435]LogModuleManager: Shutting down and abandoning module Renderer (7)
[2016.03.28-08.40.37:847][435]LogModuleManager: Shutting down and abandoning module Engine (6)
[2016.03.28-08.40.37:847][435]LogModuleManager: Shutting down and abandoning module CoreUObject (5)
[2016.03.28-08.40.37:847][435]LogModuleManager: Shutting down and abandoning module NetworkFile (4)
[2016.03.28-08.40.37:855][435]LogModuleManager: Shutting down and abandoning module StreamingFile (3)
[2016.03.28-08.40.37:855][435]LogModuleManager: Shutting down and abandoning module SandboxFile (2)
[2016.03.28-08.40.37:878][435]LogModuleManager: Shutting down and abandoning module PakFile (1)
[2016.03.28-08.40.37:926][435]LogExit: Exiting.
[2016.03.28-08.40.38:004][435]Log file closed, 03/28/16 10:40:38
