[2016.02.23-08.48.35:514][  0]Log file open, 02/23/16 09:48:35
[2016.02.23-08.48.35:514][  0]LogInit:Display: Running engine for game: speedron
[2016.02.23-08.48.35:514][  0]LogPlatformFile: Not using cached read wrapper
[2016.02.23-08.48.35:514][  0]LogInit:Display: RandInit(1385235409) SRandInit(1385235410).
[2016.02.23-08.48.35:514][  0]LogTaskGraph: Started task graph with 4 named threads and 5 total threads.
[2016.02.23-08.48.35:514][  0]LogStats: Stats thread started at 0.198449
[2016.02.23-08.48.35:514][  0]LogInit: Version: 4.10.2-2818068+++depot+UE4-Releases+4.10
[2016.02.23-08.48.35:514][  0]LogInit: API Version: 2758231
[2016.02.23-08.48.35:514][  0]LogInit: Compiled (64-bit): Jan  6 2016 17:36:42
[2016.02.23-08.48.35:514][  0]LogInit: Compiled with Visual C++: 19.00.23026.00
[2016.02.23-08.48.35:514][  0]LogInit: Build Configuration: Development
[2016.02.23-08.48.35:514][  0]LogInit: Branch Name: ++depot+UE4-Releases+4.10
[2016.02.23-08.48.35:514][  0]LogInit: Command line: 
[2016.02.23-08.48.35:514][  0]LogInit: Base directory: D:/unreal engine/Engine/Binaries/Win64/
[2016.02.23-08.48.35:514][  0]LogInit: Rocket: 1
[2016.02.23-08.48.35:601][  0]LogInit: Using libcurl 7.41.0
[2016.02.23-08.48.35:601][  0]LogInit:  - built for x86_64-pc-win32
[2016.02.23-08.48.35:601][  0]LogInit:  - supports SSL with WinSSL
[2016.02.23-08.48.35:601][  0]LogInit:  - other features:
[2016.02.23-08.48.35:601][  0]LogInit:      CURL_VERSION_SSL
[2016.02.23-08.48.35:601][  0]LogInit:      CURL_VERSION_IPV6
[2016.02.23-08.48.35:601][  0]LogInit:      CURL_VERSION_ASYNCHDNS
[2016.02.23-08.48.35:601][  0]LogInit:      CURL_VERSION_LARGEFILE
[2016.02.23-08.48.35:601][  0]LogInit:      CURL_VERSION_IDN
[2016.02.23-08.48.35:601][  0]LogInit:  CurlRequestOptions (configurable via config and command line):
[2016.02.23-08.48.35:601][  0]LogInit:  - bVerifyPeer = true  - Libcurl will verify peer certificate
[2016.02.23-08.48.35:601][  0]LogInit:  - bUseHttpProxy = false  - Libcurl will NOT use HTTP proxy
[2016.02.23-08.48.35:601][  0]LogInit:  - bDontReuseConnections = false  - Libcurl will reuse connections
[2016.02.23-08.48.35:602][  0]LogInit:  - CertBundlePath = nullptr  - Libcurl will use whatever was configured at build time.
[2016.02.23-08.48.35:758][  0]LogInit: Presizing for 0 objects not considered by GC, pre-allocating 0 bytes.
[2016.02.23-08.48.35:771][  0]LogInit: Object subsystem initialized
[2016.02.23-08.48.35:772][  0]LogInit: Selected Device Profile: [Windows]
[2016.02.23-08.48.35:772][  0]LogInit: Applying CVar settings loaded from the selected device profile: [Windows]
[2016.02.23-08.48.35:828][  0]LogInit: Computer: SSI-SV11
[2016.02.23-08.48.35:828][  0]LogInit: User: delaunay
[2016.02.23-08.48.35:828][  0]LogInit: CPU Page size=4096, Cores=2
[2016.02.23-08.48.35:828][  0]LogInit: High frequency timer resolution =2.923115 MHz
[2016.02.23-08.48.35:828][  0]LogMemory: Memory total: Physical=3.9GB (4GB approx)
[2016.02.23-08.48.35:828][  0]LogMemory: Platform Memory Stats for Windows
[2016.02.23-08.48.35:828][  0]LogMemory: Process Physical Memory: 55.19 MB used, 55.19 MB peak
[2016.02.23-08.48.35:828][  0]LogMemory: Process Virtual Memory: 57.95 MB used, 57.95 MB peak
[2016.02.23-08.48.35:828][  0]LogMemory: Physical Memory: 875.73 MB used, 3981.19 MB total
[2016.02.23-08.48.35:828][  0]LogMemory: Virtual Memory: 352.27 MB used, 8388608.00 MB total
[2016.02.23-08.48.36:609][  0]LogTextLocalizationManager: No translations for ('fr-FR') exist, falling back to 'en' for localization and internationalization data.
[2016.02.23-08.48.37:954][  0]LogD3D11RHI: Found D3D11 adapter 0: NVIDIA Quadro 410  (Feature Level 11_0)
[2016.02.23-08.48.37:954][  0]LogD3D11RHI: Adapter has 463MB of dedicated video memory, 0MB of dedicated system memory, and 1734MB of shared system memory, 1 output[s]
[2016.02.23-08.48.37:954][  0]LogD3D11RHI: Chosen D3D11 Adapter Id = 0
[2016.02.23-08.48.37:958][  0]LogD3D11RHI: !Direct3DDevice
[2016.02.23-08.48.37:958][  0]LogRHI: Texture pool is 324 MB (70% of 463 MB)
[2016.02.23-08.48.37:972][  0]LogD3D11RHI: Async texture creation enabled
[2016.02.23-08.48.37:986][  0]LogShaderCompilers: Guid format shader working directory is 32 characters bigger than the processId version (../../../speedron/Intermediate/Shaders/WorkingDirectory/5176/).
[2016.02.23-08.48.37:987][  0]LogShaderCompilers: Cleaned the shader compiler working directory 'C:/Users/delaunay/AppData/Local/Temp/UnrealShaderWorkingDir/97FFDF47439C8E8DE0888495E062AD93/'.
[2016.02.23-08.48.37:987][  0]LogShaderCompilers:Display: Using Local Shader Compiler.
[2016.02.23-08.48.44:516][  0]LogTemp:Display: Loaded TP AllDesktopTargetPlatform
[2016.02.23-08.48.44:525][  0]LogTemp:Display: Loaded TP WindowsClientTargetPlatform
[2016.02.23-08.48.44:532][  0]LogTemp:Display: Loaded TP WindowsNoEditorTargetPlatform
[2016.02.23-08.48.44:538][  0]LogTemp:Display: Loaded TP WindowsServerTargetPlatform
[2016.02.23-08.48.44:544][  0]LogTemp:Display: Loaded TP WindowsTargetPlatform
[2016.02.23-08.48.44:572][  0]LogTemp:Display: Loaded TP AndroidTargetPlatform
[2016.02.23-08.48.44:577][  0]LogTemp:Display: Loaded TP Android_ASTCTargetPlatform
[2016.02.23-08.48.44:581][  0]LogTemp:Display: Loaded TP Android_ATCTargetPlatform
[2016.02.23-08.48.44:585][  0]LogTemp:Display: Loaded TP Android_DXTTargetPlatform
[2016.02.23-08.48.44:589][  0]LogTemp:Display: Loaded TP Android_ETC1TargetPlatform
[2016.02.23-08.48.44:593][  0]LogTemp:Display: Loaded TP Android_ETC2TargetPlatform
[2016.02.23-08.48.44:601][  0]LogTemp:Display: Loaded TP Android_MultiTargetPlatform
[2016.02.23-08.48.44:601][  0]LogTemp:Display: Loaded TP Android_PVRTCTargetPlatform
[2016.02.23-08.48.44:602][  0]LogTemp:Display: Loaded TP HTML5TargetPlatform
[2016.02.23-08.48.44:662][  0]LogTemp:Display: Loaded TP IOSTargetPlatform
[2016.02.23-08.48.44:666][  0]LogTemp:Display: Loaded TP LinuxNoEditorTargetPlatform
[2016.02.23-08.48.44:669][  0]LogTemp:Display: Loaded TP LinuxServerTargetPlatform
[2016.02.23-08.48.44:687][  0]LogTemp:Display: Loaded TP LinuxTargetPlatform
[2016.02.23-08.48.44:687][  0]LogTargetPlatformManager:Display: Building Assets For Windows
[2016.02.23-08.48.45:743][  0]LogDerivedDataCache:Display: Max Cache Size: 512 MB
[2016.02.23-08.48.46:242][  0]LogDerivedDataCache: Loaded boot cache 0.50s 41MB C:/Users/delaunay/AppData/Local/UnrealEngine/4.10/DerivedDataCache/Boot.ddc.
[2016.02.23-08.48.46:242][  0]LogDerivedDataCache:Display: Loaded Boot cache: C:/Users/delaunay/AppData/Local/UnrealEngine/4.10/DerivedDataCache/Boot.ddc
[2016.02.23-08.48.46:243][  0]LogDerivedDataCache: FDerivedDataBackendGraph:  Pak pak cache file ../../../speedron/DerivedDataCache/DDC.ddp not found, will not use a pak cache.
[2016.02.23-08.48.46:243][  0]LogDerivedDataCache: Unable to find inner node Pak for hierarchical cache Hierarchy.
[2016.02.23-08.48.46:243][  0]LogDerivedDataCache: FDerivedDataBackendGraph:  CompressedPak pak cache file ../../../speedron/DerivedDataCache/Compressed.ddp not found, will not use a pak cache.
[2016.02.23-08.48.46:243][  0]LogDerivedDataCache: Unable to find inner node CompressedPak for hierarchical cache Hierarchy.
[2016.02.23-08.48.46:368][  0]LogDerivedDataCache:Display: Pak cache opened for reading ../../../Engine/DerivedDataCache/Compressed.ddp.
[2016.02.23-08.48.46:382][  0]LogDerivedDataCache: Using Local data cache path C:/Users/delaunay/AppData/Local/UnrealEngine/Common/DerivedDataCache: Writable
[2016.02.23-08.48.54:553][  0]LogInit: Selected Device Profile: [Windows]
[2016.02.23-08.48.54:554][  0]LogContentStreaming: Texture pool size is 0.000000MB
[2016.02.23-08.48.54:603][  0]LogMeshUtilities: No automatic mesh reduction module available
[2016.02.23-08.48.54:603][  0]LogMeshUtilities: No automatic mesh merging module available
[2016.02.23-08.48.55:146][  0]LogInit: WinSock: version 1.1 (2.2), MaxSocks=32767, MaxUdp=65467
[2016.02.23-08.49.05:134][  0]LogAssetRegistry: FAssetRegistry took 0.0100 seconds to start up
[2016.02.23-08.49.05:157][  0]UdpMessaging: Initializing bridge on interface 0.0.0.0:0 to multicast group 230.0.0.1:6666.
[2016.02.23-08.49.06:261][  0]SourceControl: Info Source control is disabled
[2016.02.23-08.49.06:333][  0]SourceControl: Info Source control is disabled
[2016.02.23-08.49.06:351][  0]SourceControl: Info Source control is disabled
[2016.02.23-08.49.06:367][  0]SourceControl: Info Source control is disabled
[2016.02.23-08.49.07:981][  0]LogObj: 28803 objects as part of root set at end of initial load.
[2016.02.23-08.49.07:981][  0]LogUObjectAllocator: 6130056 out of 0 bytes used by permanent object pool.
[2016.02.23-08.49.08:158][  0]LogEngine: Initializing Engine...
[2016.02.23-08.49.08:160][  0]LogHMD: Can't find Oculus library dev build: is proper Runtime installed? Version: 0.8.0.0
[2016.02.23-08.49.08:252][  0]LogHMD: SteamVR failed to initialize.  Err: 110
[2016.02.23-08.49.08:419][  0]LogAIModule: Creating AISystem for world NewWorld
[2016.02.23-08.49.08:989][  0]LogInit: XAudio2 using 'Haut-parleurs (Realtek High Definition Audio)' : 2 channels at 48 kHz using 32 bits per sample (channel mask 0x3)
[2016.02.23-08.49.09:028][  0]LogInit: FAudioDevice initialized.
[2016.02.23-08.49.09:076][  0]LogDerivedDataCache: Saved boot cache 0.05s 41MB C:/Users/delaunay/AppData/Local/UnrealEngine/4.10/DerivedDataCache/Boot.ddc.
[2016.02.23-08.49.09:082][  0]LogInit: Texture streaming: Enabled
[2016.02.23-08.49.09:088][  0]LogAnalytics: Creating configured Analytics provider AnalyticsET
[2016.02.23-08.49.09:088][  0]LogAnalytics: [UEEditor.Rocket.Release] APIServer = http://et2.epicgames.com/ET2/. AppVersion = 4.10.2-2818068+++depot+UE4-Releases+4.10
[2016.02.23-08.49.09:088][  0]LogAnalytics: [UEEditor.Rocket.Release] SetUserId 877a41264effc447fa0c63889bd695e7||30544b93-2834-47a8-9cb3-12e8be105d24
[2016.02.23-08.49.09:088][  0]LogAnalytics: [UEEditor.Rocket.Release] AnalyticsET::StartSession
[2016.02.23-08.49.09:099][  0]LogInit: Transaction tracking system initialized
[2016.02.23-08.49.09:129][  0]BlueprintLog: New page: Editor Load
[2016.02.23-08.49.09:256][  0]LocalizationService: Info Localization service is disabled
[2016.02.23-08.49.09:635][  0]LogConsoleResponse:Display: 
[2016.02.23-08.49.10:860][  0]LogCook:Display: Done creating registry. It took  0.00s.
[2016.02.23-08.49.11:241][  0]LogFileCache: Scanning file cache for directory 'D:/unreal engine/speedron/Content/' took 0.01s
[2016.02.23-08.49.11:241][  0]SourceControl: Info Source control is disabled
[2016.02.23-08.49.11:241][  0]Cmd: MAP LOAD FILE="../../../speedron/Content/TwinStickBP/Maps/TwinStickExampleMap.umap" TEMPLATE=0 SHOWPROGRESS=1 FEATURELEVEL=3
[2016.02.23-08.49.11:242][  0]LightingResults: New page: Lighting Build
[2016.02.23-08.49.11:245][  0]MapCheck: New page: Map Check
[2016.02.23-08.49.11:245][  0]LightingResults: New page: Lighting Build
[2016.02.23-08.49.11:267][  0]LogParticles: Destroying 0 GPU particle simulations for FXSystem 0x00000000211C91C0
[2016.02.23-08.49.13:672][  0]LogAIModule: Creating AISystem for world TwinStickExampleMap
[2016.02.23-08.49.13:692][  0]LogEditorServer: Finished looking for orphan Actors (0.000 secs)
[2016.02.23-08.49.13:692][  0]Cmd: MAP CHECKDEP NOCLEARLOG
[2016.02.23-08.49.13:791][  0]MapCheck:Warning: Warning StaticMeshComponent0 StaticMeshComponent /Game/TwinStickBP/Maps/TwinStickExampleMap.TwinStickExampleMap:PersistentLevel.TemplateCube_Rounded_19.StaticMeshComponent0 : Externally referenced 
[2016.02.23-08.49.13:791][  0]MapCheck:Warning: Warning StaticMeshComponent0 StaticMeshComponent /Game/TwinStickBP/Maps/TwinStickExampleMap.TwinStickExampleMap:PersistentLevel.TemplateCube_Rounded_20.StaticMeshComponent0 : Externally referenced 
[2016.02.23-08.49.13:791][  0]MapCheck:Warning: Warning StaticMeshComponent0 StaticMeshComponent /Game/TwinStickBP/Maps/TwinStickExampleMap.TwinStickExampleMap:PersistentLevel.TemplateCube_Rounded_21.StaticMeshComponent0 : Externally referenced 
[2016.02.23-08.49.13:791][  0]MapCheck:Warning: Warning StaticMeshComponent0 StaticMeshComponent /Game/TwinStickBP/Maps/TwinStickExampleMap.TwinStickExampleMap:PersistentLevel.TemplateCube_Rounded_22.StaticMeshComponent0 : Externally referenced 
[2016.02.23-08.49.13:791][  0]MapCheck:Warning: Warning StaticMeshComponent0 StaticMeshComponent /Game/TwinStickBP/Maps/TwinStickExampleMap.TwinStickExampleMap:PersistentLevel.TemplateCube_Rounded_23.StaticMeshComponent0 : Externally referenced 
[2016.02.23-08.49.13:791][  0]MapCheck:Warning: Warning StaticMeshComponent0 StaticMeshComponent /Game/TwinStickBP/Maps/TwinStickExampleMap.TwinStickExampleMap:PersistentLevel.TemplateCube_Rounded_24.StaticMeshComponent0 : Externally referenced 
[2016.02.23-08.49.13:791][  0]MapCheck:Warning: Warning StaticMeshComponent0 StaticMeshComponent /Game/TwinStickBP/Maps/TwinStickExampleMap.TwinStickExampleMap:PersistentLevel.TemplateCube_Rounded_3.StaticMeshComponent0 : Externally referenced 
[2016.02.23-08.49.13:791][  0]MapCheck:Warning: Warning TwinStickPawn_C_1 TwinStickPawn_C /Game/TwinStickBP/Maps/TwinStickExampleMap.TwinStickExampleMap:PersistentLevel.TwinStickPawn_C_1 : Externally referenced 
[2016.02.23-08.49.13:791][  0]MapCheck:Warning: Warning ShipMeshComponent StaticMeshComponent /Game/TwinStickBP/Maps/TwinStickExampleMap.TwinStickExampleMap:PersistentLevel.TwinStickPawn_C_1.ShipMeshComponent : Externally referenced 
[2016.02.23-08.49.13:792][  0]MapCheck:Warning: Warning StaticMeshComponent0 StaticMeshComponent /Game/TwinStickBP/Maps/TwinStickExampleMap.TwinStickExampleMap:PersistentLevel.Wall1_17.StaticMeshComponent0 : Externally referenced 
[2016.02.23-08.49.13:792][  0]MapCheck:Warning: Warning StaticMeshComponent0 StaticMeshComponent /Game/TwinStickBP/Maps/TwinStickExampleMap.TwinStickExampleMap:PersistentLevel.Floor_18.StaticMeshComponent0 : Externally referenced 
[2016.02.23-08.49.13:792][  0]MapCheck:Warning: Warning StaticMeshComponent0 StaticMeshComponent /Game/TwinStickBP/Maps/TwinStickExampleMap.TwinStickExampleMap:PersistentLevel.Obstacle1_2.StaticMeshComponent0 : Externally referenced 
[2016.02.23-08.49.13:792][  0]MapCheck:Warning: Warning StaticMeshComponent0 StaticMeshComponent /Game/TwinStickBP/Maps/TwinStickExampleMap.TwinStickExampleMap:PersistentLevel.Obstacle2_3.StaticMeshComponent0 : Externally referenced 
[2016.02.23-08.49.13:792][  0]MapCheck:Warning: Warning StaticMeshComponent0 StaticMeshComponent /Game/TwinStickBP/Maps/TwinStickExampleMap.TwinStickExampleMap:PersistentLevel.Wall1_17.StaticMeshComponent0 : Externally referenced 
[2016.02.23-08.49.13:792][  0]MapCheck:Warning: Warning StaticMeshComponent0 StaticMeshComponent /Game/TwinStickBP/Maps/TwinStickExampleMap.TwinStickExampleMap:PersistentLevel.Wall5.StaticMeshComponent0 : Externally referenced 
[2016.02.23-08.49.13:792][  0]MapCheck:Warning: Warning StaticMeshComponent0 StaticMeshComponent /Game/TwinStickBP/Maps/TwinStickExampleMap.TwinStickExampleMap:PersistentLevel.Wall6.StaticMeshComponent0 : Externally referenced 
[2016.02.23-08.49.13:792][  0]MapCheck:Warning: Warning StaticMeshComponent0 StaticMeshComponent /Game/TwinStickBP/Maps/TwinStickExampleMap.TwinStickExampleMap:PersistentLevel.Wall7.StaticMeshComponent0 : Externally referenced 
[2016.02.23-08.49.13:792][  0]MapCheck:Warning: Warning StaticMeshComponent0 StaticMeshComponent /Game/TwinStickBP/Maps/TwinStickExampleMap.TwinStickExampleMap:PersistentLevel.TemplateCube_Rounded_19.StaticMeshComponent0 : Externally referenced 
[2016.02.23-08.49.13:792][  0]MapCheck:Warning: Warning StaticMeshComponent0 StaticMeshComponent /Game/TwinStickBP/Maps/TwinStickExampleMap.TwinStickExampleMap:PersistentLevel.TemplateCube_Rounded_20.StaticMeshComponent0 : Externally referenced 
[2016.02.23-08.49.13:792][  0]MapCheck:Warning: Warning StaticMeshComponent0 StaticMeshComponent /Game/TwinStickBP/Maps/TwinStickExampleMap.TwinStickExampleMap:PersistentLevel.TemplateCube_Rounded_21.StaticMeshComponent0 : Externally referenced 
[2016.02.23-08.49.13:792][  0]MapCheck:Warning: Warning StaticMeshComponent0 StaticMeshComponent /Game/TwinStickBP/Maps/TwinStickExampleMap.TwinStickExampleMap:PersistentLevel.TemplateCube_Rounded_22.StaticMeshComponent0 : Externally referenced 
[2016.02.23-08.49.13:792][  0]MapCheck:Warning: Warning StaticMeshComponent0 StaticMeshComponent /Game/TwinStickBP/Maps/TwinStickExampleMap.TwinStickExampleMap:PersistentLevel.TemplateCube_Rounded_23.StaticMeshComponent0 : Externally referenced 
[2016.02.23-08.49.13:792][  0]MapCheck:Warning: Warning StaticMeshComponent0 StaticMeshComponent /Game/TwinStickBP/Maps/TwinStickExampleMap.TwinStickExampleMap:PersistentLevel.TemplateCube_Rounded_24.StaticMeshComponent0 : Externally referenced 
[2016.02.23-08.49.13:792][  0]MapCheck:Warning: Warning StaticMeshComponent0 StaticMeshComponent /Game/TwinStickBP/Maps/TwinStickExampleMap.TwinStickExampleMap:PersistentLevel.TemplateCube_Rounded_3.StaticMeshComponent0 : Externally referenced 
[2016.02.23-08.49.13:792][  0]MapCheck: Info Map check complete: 0 Error(s), 24 Warning(s), took 99.768ms to complete.
[2016.02.23-08.49.13:799][  0]LogFileHelpers: Loading map 'TwinStickExampleMap' took 2.558
[2016.02.23-08.49.14:061][  0]LogCollectionManager: Loaded 0 collections in 0.002123 seconds
[2016.02.23-08.49.14:100][  0]LogFileCache: Scanning file cache for directory 'D:/unreal engine/speedron/Saved/Collections/' took 0.01s
[2016.02.23-08.49.14:100][  0]LogFileCache: Scanning file cache for directory 'D:/unreal engine/speedron/Content/Developers/delaunay/Collections/' took 0.01s
[2016.02.23-08.49.14:100][  0]LogFileCache: Scanning file cache for directory 'D:/unreal engine/speedron/Content/Collections/' took 0.01s
[2016.02.23-08.49.14:100][  0]LogCollectionManager: Rebuilt the GUID cache for 0 collections in 0.000002 seconds
[2016.02.23-08.49.14:108][  0]LogContentBrowser: Native class hierarchy populated in 0.0085 seconds. Added 1908 classes and 344 folders.
[2016.02.23-08.49.14:116][  0]LogContentBrowser: Native class hierarchy updated for 'WidgetCarousel' in 0.0004 seconds. Added 0 classes and 0 folders.
[2016.02.23-08.49.19:471][  0]LogContentBrowser: Native class hierarchy updated for 'AddContentDialog' in 0.0007 seconds. Added 0 classes and 0 folders.
[2016.02.23-08.49.19:478][  0]LogContentBrowser: Native class hierarchy updated for 'SceneOutliner' in 0.0007 seconds. Added 1 classes and 2 folders.
[2016.02.23-08.49.19:774][  0]LogCrashTracker: Crashtracker disabled due to settings.
[2016.02.23-08.49.19:780][  0]LogUObjectGlobals:Warning: Failed to find object 'Class None.'
[2016.02.23-08.49.19:802][  0]LogLoad: Full Startup: 47.24 seconds (BP compile: 0.20 seconds)
[2016.02.23-08.49.19:815][  0]LogOcInput: Can't find Oculus library dev build: is proper Runtime installed? Version: 0.8.0.0
[2016.02.23-08.49.20:276][  0]LogContentStreaming: Texture pool size now 200 MB
[2016.02.23-08.49.20:537][  0]LogRenderer: Reallocating scene render targets to support 1208x572 (Frame:2).
[2016.02.23-08.49.20:941][  4]LogAssetRegistry: Asset discovery search completed in 15.8154 seconds
[2016.02.23-08.49.20:941][  4]LogCollectionManager: Rebuilt the object cache for 0 collections in 0.000001 seconds (found 0 objects)
[2016.02.23-08.49.20:941][  4]LogCollectionManager: Fixed up redirectors for 0 collections in 0.000022 seconds (updated 0 objects)
[2016.02.23-08.49.32:026][520]LogMaterial: Missing cached shader map for material M_impulse, compiling. 
[2016.02.23-08.49.32:275][520]LogMaterial: Missing cached shader map for material M_impulse, compiling. 
[2016.02.23-08.49.32:279][520]LogMaterial: 0.000130 seconds spent updating 1 materials, 1 interfaces, 0 instances, 0 with static permutations.
[2016.02.23-08.49.37:151][709]MaterialEditorStats: Info Base pass shader with only dynamic lighting: 31 instructions
[2016.02.23-08.49.37:151][709]MaterialEditorStats: Info Vertex shader: 31 instructions
[2016.02.23-08.49.37:151][709]MaterialEditorStats: Info Texture samplers: 0/16
[2016.02.23-08.49.41:130][987]LogMaterial: Missing cached shader map for material M_impulse, compiling. 
[2016.02.23-08.49.41:135][987]LogMaterial: Missing cached shader map for material M_impulse, compiling. 
[2016.02.23-08.49.41:137][987]LogMaterial: 0.000081 seconds spent updating 1 materials, 1 interfaces, 0 instances, 0 with static permutations.
[2016.02.23-08.49.41:826][ 25]MaterialEditorStats: Info Base pass shader without light map: 17 instructions
[2016.02.23-08.49.41:826][ 25]MaterialEditorStats: Info Vertex shader: 31 instructions
[2016.02.23-08.49.41:826][ 25]MaterialEditorStats: Info Texture samplers: 0/16
[2016.02.23-08.49.42:807][ 94]LogMaterial: Missing cached shader map for material M_impulse, compiling. 
[2016.02.23-08.49.42:814][ 94]LogMaterial: Missing cached shader map for material M_impulse, compiling. 
[2016.02.23-08.49.42:817][ 94]LogMaterial: 0.000047 seconds spent updating 1 materials, 1 interfaces, 0 instances, 0 with static permutations.
[2016.02.23-08.49.45:104][194]MaterialEditorStats: Info Base pass shader without light map: 4 instructions
[2016.02.23-08.49.45:104][194]MaterialEditorStats: Info Vertex shader: 68 instructions
[2016.02.23-08.49.45:104][194]MaterialEditorStats: Info Texture samplers: 3/16
[2016.02.23-08.49.48:450][417]LogMaterial: Missing cached shader map for material M_impulse, compiling. 
[2016.02.23-08.49.48:453][417]LogMaterial: 0.000050 seconds spent updating 1 materials, 1 interfaces, 0 instances, 0 with static permutations.
[2016.02.23-08.49.50:789][532]MaterialEditorStats: Info Base pass shader without light map: 4 instructions
[2016.02.23-08.49.50:789][532]MaterialEditorStats: Info Vertex shader: 68 instructions
[2016.02.23-08.49.50:789][532]MaterialEditorStats: Info Texture samplers: 3/16
[2016.02.23-08.51.28:525][277]LogMaterial: Missing cached shader map for material M_impulse, compiling. 
[2016.02.23-08.51.28:531][277]LogMaterial: 0.000122 seconds spent updating 1 materials, 1 interfaces, 0 instances, 0 with static permutations.
[2016.02.23-08.51.28:562][277]LogMaterial: Missing cached shader map for material M_impulse, compiling. 
[2016.02.23-08.51.28:569][277]LogMaterial: Missing cached shader map for material M_impulse, compiling. 
[2016.02.23-08.51.28:577][277]LogMaterial: 0.004945 seconds spent updating 1 materials, 1 interfaces, 0 instances, 0 with static permutations.
[2016.02.23-08.51.28:578][277]LogActorComponent: UnregisterComponent: (/Engine/Transient.ProjectileMovementComponent_8) Not registered. Aborting.
[2016.02.23-08.51.28:579][277]LogActorComponent: UnregisterComponent: (/Engine/Transient.FloatingPawnMovement_GEN_VARIABLE) Not registered. Aborting.
[2016.02.23-08.51.31:996][277]Cmd: OBJ SAVEPACKAGE PACKAGE="/Game/TwinStickBP/Blueprints/M_impulse" FILE="../../../speedron/Content/TwinStickBP/Blueprints/M_impulse.uasset" SILENT=true
[2016.02.23-08.51.32:013][277]LogSavePackage: Save=11.488088ms
[2016.02.23-08.51.32:013][277]LogSavePackage: Moving '../../../speedron/Saved/M_impulse44A5913B456BE16EB7AC7C9586EDED7E.tmp' to '../../../speedron/Content/TwinStickBP/Blueprints/M_impulse.uasset'
[2016.02.23-08.51.32:016][277]LogSavePackage: Total save time: 17.561402ms
[2016.02.23-08.51.32:016][277]LogSavePackage:Display: Finished SavePackage ../../../speedron/Content/TwinStickBP/Blueprints/M_impulse.uasset
[2016.02.23-08.51.32:405][278]Cmd: QUIT_EDITOR
[2016.02.23-08.51.32:568][278]LogExit: Preparing to exit.
[2016.02.23-08.51.33:335][278]LogExit: Editor shut down
[2016.02.23-08.51.33:335][278]LogExit: Transaction tracking system shut down
[2016.02.23-08.51.33:336][278]LogParticles: Destroying 0 GPU particle simulations for FXSystem 0x0000000010CC5F80
[2016.02.23-08.51.33:337][278]LogParticles: Destroying 0 GPU particle simulations for FXSystem 0x000000002E6C3920
[2016.02.23-08.51.33:337][278]LogParticles: Destroying 0 GPU particle simulations for FXSystem 0x0000000027C0A2A0
[2016.02.23-08.51.33:337][278]LogParticles: Destroying 0 GPU particle simulations for FXSystem 0x000000001E8D0720
[2016.02.23-08.51.33:347][278]LogParticles: Destroying 0 GPU particle simulations for FXSystem 0x000000001E940AE0
[2016.02.23-08.51.33:483][278]LogExit: Object subsystem successfully closed.
[2016.02.23-08.51.33:486][278]LogD3D11RHI: Shutdown
[2016.02.23-08.51.33:486][278]LogD3D11RHI: CleanupD3DDevice
[2016.02.23-08.51.33:538][278]LogD3D11RHI: ~FD3D11DynamicRHI
[2016.02.23-08.51.33:554][278]LogModuleManager: Shutting down and abandoning module CookingStats (202)
[2016.02.23-08.51.33:554][278]LogModuleManager: Shutting down and abandoning module MaterialEditor (201)
[2016.02.23-08.51.33:554][278]LogModuleManager: Shutting down and abandoning module CrashTracker (200)
[2016.02.23-08.51.33:554][278]LogModuleManager: Shutting down and abandoning module SceneOutliner (199)
[2016.02.23-08.51.33:554][278]LogModuleManager: Shutting down and abandoning module SuperSearch (198)
[2016.02.23-08.51.33:555][278]LogModuleManager: Shutting down and abandoning module WidgetCarousel (197)
[2016.02.23-08.51.33:555][278]LogModuleManager: Shutting down and abandoning module AddContentDialog (196)
[2016.02.23-08.51.33:556][278]LogModuleManager: Shutting down and abandoning module EditorWidgets (195)
[2016.02.23-08.51.33:556][278]LogModuleManager: Shutting down and abandoning module CollectionManager (194)
[2016.02.23-08.51.33:556][278]LogModuleManager: Shutting down and abandoning module StatsViewer (193)
[2016.02.23-08.51.33:556][278]LogModuleManager: Shutting down and abandoning module FoliageEdit (192)
[2016.02.23-08.51.33:556][278]LogModuleManager: Shutting down and abandoning module LandscapeEditor (191)
[2016.02.23-08.51.33:556][278]LogModuleManager: Shutting down and abandoning module ActorPickerMode (190)
[2016.02.23-08.51.33:556][278]LogModuleManager: Shutting down and abandoning module GeometryMode (189)
[2016.02.23-08.51.33:556][278]LogModuleManager: Shutting down and abandoning module TextureAlignMode (188)
[2016.02.23-08.51.33:556][278]LogModuleManager: Shutting down and abandoning module BspMode (187)
[2016.02.23-08.51.33:556][278]LogModuleManager: Shutting down and abandoning module PlacementMode (186)
[2016.02.23-08.51.33:556][278]LogModuleManager: Shutting down and abandoning module AutomationWorker (185)
[2016.02.23-08.51.33:556][278]LogModuleManager: Shutting down and abandoning module CharacterAI (184)
[2016.02.23-08.51.33:556][278]LogModuleManager: Shutting down and abandoning module SmartSnapping (183)
[2016.02.23-08.51.33:556][278]LogModuleManager: Shutting down and abandoning module ViewportSnapping (182)
[2016.02.23-08.51.33:556][278]LogModuleManager: Shutting down and abandoning module LogVisualizer (181)
[2016.02.23-08.51.33:556][278]LogModuleManager: Shutting down and abandoning module GameProjectGeneration (180)
[2016.02.23-08.51.33:556][278]LogModuleManager: Shutting down and abandoning module IntroTutorials (179)
[2016.02.23-08.51.33:556][278]LogModuleManager: Shutting down and abandoning module EditorLiveStreaming (178)
[2016.02.23-08.51.33:556][278]LogModuleManager: Shutting down and abandoning module IOSPlatformEditor (177)
[2016.02.23-08.51.33:556][278]LogModuleManager: Shutting down and abandoning module HTML5PlatformEditor (176)
[2016.02.23-08.51.33:556][278]LogModuleManager: Shutting down and abandoning module AndroidDeviceDetection (175)
[2016.02.23-08.51.34:336][278]LogModuleManager: Shutting down and abandoning module AndroidPlatformEditor (174)
[2016.02.23-08.51.34:336][278]LogModuleManager: Shutting down and abandoning module IOSRuntimeSettings (173)
[2016.02.23-08.51.34:336][278]LogModuleManager: Shutting down and abandoning module AndroidRuntimeSettings (172)
[2016.02.23-08.51.34:336][278]LogModuleManager: Shutting down and abandoning module MergeActors (171)
[2016.02.23-08.51.34:336][278]LogModuleManager: Shutting down and abandoning module SizeMap (170)
[2016.02.23-08.51.34:336][278]LogModuleManager: Shutting down and abandoning module TreeMap (169)
[2016.02.23-08.51.34:336][278]LogModuleManager: Shutting down and abandoning module ReferenceViewer (168)
[2016.02.23-08.51.34:336][278]LogModuleManager: Shutting down and abandoning module LocalizationService (167)
[2016.02.23-08.51.34:336][278]LogModuleManager: Shutting down and abandoning module LocalizationDashboard (166)
[2016.02.23-08.51.34:336][278]LogModuleManager: Shutting down and abandoning module HardwareTargeting (165)
[2016.02.23-08.51.34:337][278]LogModuleManager: Shutting down and abandoning module DeviceProfileEditor (164)
[2016.02.23-08.51.34:337][278]LogModuleManager: Shutting down and abandoning module UndoHistory (163)
[2016.02.23-08.51.34:337][278]LogModuleManager: Shutting down and abandoning module GameplayTagsEditor (162)
[2016.02.23-08.51.34:337][278]LogModuleManager: Shutting down and abandoning module UserFeedback (161)
[2016.02.23-08.51.34:337][278]LogModuleManager: Shutting down and abandoning module XmlParser (160)
[2016.02.23-08.51.34:337][278]LogModuleManager: Shutting down and abandoning module Blutility (159)
[2016.02.23-08.51.34:337][278]LogModuleManager: Shutting down and abandoning module ProjectTargetPlatformEditor (158)
[2016.02.23-08.51.34:337][278]LogModuleManager: Shutting down and abandoning module ProjectSettingsViewer (157)
[2016.02.23-08.51.34:337][278]LogModuleManager: Shutting down and abandoning module InputBindingEditor (156)
[2016.02.23-08.51.34:337][278]LogModuleManager: Shutting down and abandoning module EditorSettingsViewer (155)
[2016.02.23-08.51.34:337][278]LogModuleManager: Shutting down and abandoning module SettingsEditor (154)
[2016.02.23-08.51.34:337][278]LogModuleManager: Shutting down and abandoning module ProjectLauncher (153)
[2016.02.23-08.51.34:337][278]LogModuleManager: Shutting down and abandoning module SessionFrontend (152)
[2016.02.23-08.51.34:337][278]LogModuleManager: Shutting down and abandoning module ProfilerClient (151)
[2016.02.23-08.51.34:337][278]LogModuleManager: Shutting down and abandoning module TargetDeviceServices (150)
[2016.02.23-08.51.34:337][278]LogModuleManager: Shutting down and abandoning module DeviceManager (149)
[2016.02.23-08.51.34:337][278]LogModuleManager: Shutting down and abandoning module AutomationController (148)
[2016.02.23-08.51.34:337][278]LogModuleManager: Shutting down and abandoning module AutomationWindow (147)
[2016.02.23-08.51.34:337][278]LogModuleManager: Shutting down and abandoning module Layers (146)
[2016.02.23-08.51.34:337][278]LogModuleManager: Shutting down and abandoning module ComponentVisualizers (145)
[2016.02.23-08.51.34:337][278]LogModuleManager: Shutting down and abandoning module DetailCustomizations (144)
[2016.02.23-08.51.34:338][278]LogModuleManager: Shutting down and abandoning module PackagesDialog (143)
[2016.02.23-08.51.34:338][278]LogModuleManager: Shutting down and abandoning module Persona (142)
[2016.02.23-08.51.34:338][278]LogModuleManager: Shutting down and abandoning module Kismet (141)
[2016.02.23-08.51.34:338][278]LogModuleManager: Shutting down and abandoning module GraphEditor (140)
[2016.02.23-08.51.34:338][278]LogModuleManager: Shutting down and abandoning module ClassViewer (139)
[2016.02.23-08.51.34:338][278]LogModuleManager: Shutting down and abandoning module Toolbox (138)
[2016.02.23-08.51.34:338][278]LogModuleManager: Shutting down and abandoning module ModuleUI (137)
[2016.02.23-08.51.34:338][278]LogModuleManager: Shutting down and abandoning module MovieSceneTools (136)
[2016.02.23-08.51.34:338][278]LogModuleManager: Shutting down and abandoning module OutputLog (135)
[2016.02.23-08.51.34:338][278]LogModuleManager: Shutting down and abandoning module GammaUI (134)
[2016.02.23-08.51.34:338][278]LogModuleManager: Shutting down and abandoning module Documentation (133)
[2016.02.23-08.51.34:338][278]LogModuleManager: Shutting down and abandoning module GameLiveStreaming (132)
[2016.02.23-08.51.34:338][278]LogModuleManager: Shutting down and abandoning module StreamingPauseRendering (131)
[2016.02.23-08.51.34:338][278]LogModuleManager: Shutting down and abandoning module AnalyticsET (130)
[2016.02.23-08.51.34:338][278]LogModuleManager: Shutting down and abandoning module Analytics (129)
[2016.02.23-08.51.34:338][278]LogModuleManager: Shutting down and abandoning module AITestSuite (128)
[2016.02.23-08.51.34:338][278]LogModuleManager: Shutting down and abandoning module GameplayDebugger (127)
[2016.02.23-08.51.34:338][278]LogModuleManager: Shutting down and abandoning module AIModule (126)
[2016.02.23-08.51.34:338][278]LogModuleManager: Shutting down and abandoning module ProfilerService (125)
[2016.02.23-08.51.34:420][278]LogModuleManager: Shutting down and abandoning module TaskGraph (124)
[2016.02.23-08.51.34:420][278]LogModuleManager: Shutting down and abandoning module SubstanceEditor (123)
[2016.02.23-08.51.34:420][278]LogModuleManager: Shutting down and abandoning module SlateRemote (122)
[2016.02.23-08.51.34:420][278]LogModuleManager: Shutting down and abandoning module SteamVRController (121)
[2016.02.23-08.51.34:420][278]LogModuleManager: Shutting down and abandoning module SteamVR (120)
[2016.02.23-08.51.34:420][278]LogModuleManager: Shutting down and abandoning module ProceduralMeshComponent (119)
[2016.02.23-08.51.34:420][278]LogModuleManager: Shutting down and abandoning module OculusLibrary (118)
[2016.02.23-08.51.34:420][278]LogModuleManager: Shutting down and abandoning module OculusInput (117)
[2016.02.23-08.51.34:420][278]LogModuleManager: Shutting down and abandoning module LeapMotionController (116)
[2016.02.23-08.51.34:431][278]LogModuleManager: Shutting down and abandoning module CustomMeshComponent (115)
[2016.02.23-08.51.34:431][278]LogModuleManager: Shutting down and abandoning module CableComponent (114)
[2016.02.23-08.51.34:431][278]LogModuleManager: Shutting down and abandoning module ArchVisCharacter (113)
[2016.02.23-08.51.34:431][278]LogModuleManager: Shutting down and abandoning module MessagingDebugger (112)
[2016.02.23-08.51.34:431][278]LogModuleManager: Shutting down and abandoning module MediaPlayerEditor (111)
[2016.02.23-08.51.34:432][278]LogModuleManager: Shutting down and abandoning module HTML5Networking (110)
[2016.02.23-08.51.34:432][278]LogModuleManager: Shutting down and abandoning module SpeedTreeImporter (109)
[2016.02.23-08.51.34:432][278]LogModuleManager: Shutting down and abandoning module PluginBrowser (108)
[2016.02.23-08.51.34:432][278]LogModuleManager: Shutting down and abandoning module EpicSurvey (107)
[2016.02.23-08.51.34:432][278]LogModuleManager: Shutting down and abandoning module DesktopPlatform (106)
[2016.02.23-08.51.34:432][278]LogModuleManager: Shutting down and abandoning module VisualStudioSourceCodeAccess (105)
[2016.02.23-08.51.34:432][278]LogModuleManager: Shutting down and abandoning module UObjectPlugin (104)
[2016.02.23-08.51.34:432][278]LogModuleManager: Shutting down and abandoning module SubversionSourceControl (103)
[2016.02.23-08.51.34:432][278]LogModuleManager: Shutting down and abandoning module PerforceSourceControl (102)
[2016.02.23-08.51.34:432][278]LogModuleManager: Shutting down and abandoning module SourceControl (101)
[2016.02.23-08.51.34:432][278]LogModuleManager: Shutting down and abandoning module GitSourceControl (100)
[2016.02.23-08.51.34:432][278]LogModuleManager: Shutting down and abandoning module LightPropagationVolumeEditor (99)
[2016.02.23-08.51.34:432][278]LogModuleManager: Shutting down and abandoning module PaperTiledImporter (98)
[2016.02.23-08.51.34:432][278]LogModuleManager: Shutting down and abandoning module PaperSpriteSheetImporter (97)
[2016.02.23-08.51.34:432][278]LogModuleManager: Shutting down and abandoning module MeshPaint (96)
[2016.02.23-08.51.34:432][278]LogModuleManager: Shutting down and abandoning module SlateReflector (95)
[2016.02.23-08.51.34:432][278]LogModuleManager: Shutting down and abandoning module HotReload (94)
[2016.02.23-08.51.34:432][278]LogModuleManager: Shutting down and abandoning module MainFrame (93)
[2016.02.23-08.51.34:432][278]LogModuleManager: Shutting down and abandoning module LevelEditor (92)
[2016.02.23-08.51.34:434][278]LogModuleManager: Shutting down and abandoning module ContentBrowser (91)
[2016.02.23-08.51.34:435][278]LogModuleManager: Shutting down and abandoning module Paper2DEditor (90)
[2016.02.23-08.51.34:435][278]LogModuleManager: Shutting down and abandoning module UdpMessaging (89)
[2016.02.23-08.51.34:535][278]LogModuleManager: Shutting down and abandoning module DirectoryWatcher (88)
[2016.02.23-08.51.34:536][278]LogModuleManager: Shutting down and abandoning module AssetRegistry (87)
[2016.02.23-08.51.34:635][278]LogModuleManager: Shutting down and abandoning module SubstanceCore (86)
[2016.02.23-08.51.34:635][278]LogModuleManager: Shutting down and abandoning module LightPropagationVolumeRuntime (85)
[2016.02.23-08.51.34:635][278]LogModuleManager: Shutting down and abandoning module Paper2D (84)
[2016.02.23-08.51.34:635][278]LogModuleManager: Shutting down and abandoning module WindowsMoviePlayer (83)
[2016.02.23-08.51.34:635][278]LogModuleManager: Shutting down and abandoning module Media (82)
[2016.02.23-08.51.34:635][278]LogModuleManager: Shutting down and abandoning module WmfMedia (81)
[2016.02.23-08.51.34:636][278]LogModuleManager: Shutting down and abandoning module OnlineBlueprintSupport (80)
[2016.02.23-08.51.34:636][278]LogModuleManager: Shutting down and abandoning module GameplayTasksEditor (79)
[2016.02.23-08.51.34:636][278]LogModuleManager: Shutting down and abandoning module PropertyEditor (78)
[2016.02.23-08.51.34:636][278]LogModuleManager: Shutting down and abandoning module BehaviorTreeEditor (77)
[2016.02.23-08.51.34:636][278]LogModuleManager: Shutting down and abandoning module FunctionalTesting (76)
[2016.02.23-08.51.34:636][278]LogModuleManager: Shutting down and abandoning module CollisionAnalyzer (75)
[2016.02.23-08.51.34:636][278]LogModuleManager: Shutting down and abandoning module WorkspaceMenuStructure (74)
[2016.02.23-08.51.34:636][278]LogModuleManager: Shutting down and abandoning module MessageLog (73)
[2016.02.23-08.51.34:636][278]LogModuleManager: Shutting down and abandoning module Sequencer (72)
[2016.02.23-08.51.34:636][278]LogModuleManager: Shutting down and abandoning module AssetTools (71)
[2016.02.23-08.51.34:636][278]LogModuleManager: Shutting down and abandoning module UMGEditor (70)
[2016.02.23-08.51.34:636][278]LogModuleManager: Shutting down and abandoning module UMG (69)
[2016.02.23-08.51.34:636][278]LogModuleManager: Shutting down and abandoning module Slate (68)
[2016.02.23-08.51.34:636][278]LogModuleManager: Shutting down and abandoning module EditorStyle (67)
[2016.02.23-08.51.34:638][278]LogModuleManager: Shutting down and abandoning module SessionServices (66)
[2016.02.23-08.51.34:638][278]LogModuleManager: Shutting down and abandoning module SourceCodeAccess (65)
[2016.02.23-08.51.34:638][278]LogModuleManager: Shutting down and abandoning module HeadMountedDisplay (64)
[2016.02.23-08.51.34:638][278]LogModuleManager: Shutting down and abandoning module XAudio2 (63)
[2016.02.23-08.51.34:638][278]LogModuleManager: Shutting down and abandoning module Networking (61)
[2016.02.23-08.51.34:638][278]LogModuleManager: Shutting down and abandoning module Core (60)
[2016.02.23-08.51.34:638][278]LogModuleManager: Shutting down and abandoning module KismetCompiler (59)
[2016.02.23-08.51.34:638][278]LogModuleManager: Shutting down and abandoning module PhysXFormats (58)
[2016.02.23-08.51.34:638][278]LogModuleManager: Shutting down and abandoning module MeshUtilities (57)
[2016.02.23-08.51.34:638][278]LogModuleManager: Shutting down and abandoning module DerivedDataCache (56)
[2016.02.23-08.51.34:639][278]LogDerivedDataCache: Shutdown
[2016.02.23-08.51.34:639][278]LogModuleManager: Shutting down and abandoning module ShaderFormatOpenGL (55)
[2016.02.23-08.51.34:639][278]LogModuleManager: Shutting down and abandoning module ShaderFormatD3D (54)
[2016.02.23-08.51.34:639][278]LogModuleManager: Shutting down and abandoning module MetalShaderFormat (53)
[2016.02.23-08.51.34:639][278]LogModuleManager: Shutting down and abandoning module TextureFormatUncompressed (52)
[2016.02.23-08.51.34:639][278]LogModuleManager: Shutting down and abandoning module TextureFormatPVR (51)
[2016.02.23-08.51.34:639][278]LogModuleManager: Shutting down and abandoning module TextureFormatIntelISPCTexComp (50)
[2016.02.23-08.51.34:639][278]LogModuleManager: Shutting down and abandoning module TextureFormatDXT (49)
[2016.02.23-08.51.34:6