[2016.03.02-20.07.53:276][  0]Log file open, 03/02/16 21:07:53
[2016.03.02-20.07.53:276][  0]LogInit:Display: Running engine for game: speedron
[2016.03.02-20.07.53:276][  0]LogPlatformFile: Not using cached read wrapper
[2016.03.02-20.07.53:276][  0]LogInit:Display: RandInit(2056288190) SRandInit(2056288192).
[2016.03.02-20.07.53:276][  0]LogTaskGraph: Started task graph with 4 named threads and 7 total threads.
[2016.03.02-20.07.53:276][  0]LogStats: Stats thread started at 0.074159
[2016.03.02-20.07.53:276][  0]LogInit: Version: 4.10.4-2872498+++depot+UE4-Releases+4.10
[2016.03.02-20.07.53:276][  0]LogInit: API Version: 2758231
[2016.03.02-20.07.53:276][  0]LogInit: Compiled (64-bit): Feb 18 2016 15:47:04
[2016.03.02-20.07.53:276][  0]LogInit: Compiled with Visual C++: 19.00.23026.00
[2016.03.02-20.07.53:276][  0]LogInit: Build Configuration: Development
[2016.03.02-20.07.53:276][  0]LogInit: Branch Name: ++depot+UE4-Releases+4.10
[2016.03.02-20.07.53:276][  0]LogInit: Command line:  
[2016.03.02-20.07.53:276][  0]LogInit: Base directory: D:/programmes/unreal engine/Epic Games/4.10/Engine/Binaries/Win64/
[2016.03.02-20.07.53:276][  0]LogInit: Rocket: 1
[2016.03.02-20.07.53:283][  0]LogInit: Using libcurl 7.41.0
[2016.03.02-20.07.53:283][  0]LogInit:  - built for x86_64-pc-win32
[2016.03.02-20.07.53:283][  0]LogInit:  - supports SSL with WinSSL
[2016.03.02-20.07.53:283][  0]LogInit:  - other features:
[2016.03.02-20.07.53:283][  0]LogInit:      CURL_VERSION_SSL
[2016.03.02-20.07.53:283][  0]LogInit:      CURL_VERSION_IPV6
[2016.03.02-20.07.53:283][  0]LogInit:      CURL_VERSION_ASYNCHDNS
[2016.03.02-20.07.53:283][  0]LogInit:      CURL_VERSION_LARGEFILE
[2016.03.02-20.07.53:283][  0]LogInit:      CURL_VERSION_IDN
[2016.03.02-20.07.53:283][  0]LogInit:  CurlRequestOptions (configurable via config and command line):
[2016.03.02-20.07.53:283][  0]LogInit:  - bVerifyPeer = true  - Libcurl will verify peer certificate
[2016.03.02-20.07.53:283][  0]LogInit:  - bUseHttpProxy = false  - Libcurl will NOT use HTTP proxy
[2016.03.02-20.07.53:283][  0]LogInit:  - bDontReuseConnections = false  - Libcurl will reuse connections
[2016.03.02-20.07.53:283][  0]LogInit:  - CertBundlePath = nullptr  - Libcurl will use whatever was configured at build time.
[2016.03.02-20.07.53:290][  0]LogInit: Presizing for 0 objects not considered by GC, pre-allocating 0 bytes.
[2016.03.02-20.07.53:296][  0]LogInit: Object subsystem initialized
[2016.03.02-20.07.53:297][  0]LogInit: Selected Device Profile: [Windows]
[2016.03.02-20.07.53:297][  0]LogInit: Applying CVar settings loaded from the selected device profile: [Windows]
[2016.03.02-20.07.53:304][  0]LogInit: Computer: JAK852
[2016.03.02-20.07.53:304][  0]LogInit: User: Evann
[2016.03.02-20.07.53:304][  0]LogInit: CPU Page size=4096, Cores=4
[2016.03.02-20.07.53:304][  0]LogInit: High frequency timer resolution =3.312787 MHz
[2016.03.02-20.07.53:304][  0]LogMemory: Memory total: Physical=8.0GB (8GB approx)
[2016.03.02-20.07.53:304][  0]LogMemory: Platform Memory Stats for Windows
[2016.03.02-20.07.53:304][  0]LogMemory: Process Physical Memory: 56.28 MB used, 56.28 MB peak
[2016.03.02-20.07.53:304][  0]LogMemory: Process Virtual Memory: 56.74 MB used, 56.74 MB peak
[2016.03.02-20.07.53:304][  0]LogMemory: Physical Memory: 2780.59 MB used, 8175.23 MB total
[2016.03.02-20.07.53:304][  0]LogMemory: Virtual Memory: 383.64 MB used, 134217728.00 MB total
[2016.03.02-20.07.53:340][  0]LogTextLocalizationManager: No translations for ('fr-FR') exist, falling back to 'en' for localization and internationalization data.
[2016.03.02-20.07.53:735][  0]LogD3D11RHI: Found D3D11 adapter 0: AMD Radeon HD 7700 Series (Feature Level 11_0)
[2016.03.02-20.07.53:735][  0]LogD3D11RHI: Adapter has 1006MB of dedicated video memory, 0MB of dedicated system memory, and 4087MB of shared system memory, 2 output[s]
[2016.03.02-20.07.53:736][  0]LogD3D11RHI: Found D3D11 adapter 1: Microsoft Basic Render Driver (Feature Level 11_0)
[2016.03.02-20.07.53:736][  0]LogD3D11RHI: Adapter has 0MB of dedicated video memory, 0MB of dedicated system memory, and 4087MB of shared system memory, 0 output[s]
[2016.03.02-20.07.53:736][  0]LogD3D11RHI: Chosen D3D11 Adapter Id = 0
[2016.03.02-20.07.53:739][  0]LogD3D11RHI: !Direct3DDevice
[2016.03.02-20.07.53:739][  0]LogRHI: Texture pool is 704 MB (70% of 1006 MB)
[2016.03.02-20.07.53:745][  0]LogD3D11RHI: Async texture creation disabled: no driver support
[2016.03.02-20.07.53:754][  0]LogShaderCompilers: Guid format shader working directory is -27 characters bigger than the processId version (../../../../../../../Evann/Documents/Unreal Projects/speedron/speedron_BP/Intermediate/Shaders/WorkingDirectory/1464/).
[2016.03.02-20.07.53:755][  0]LogShaderCompilers: Cleaned the shader compiler working directory 'C:/Users/Evann/AppData/Local/Temp/UnrealShaderWorkingDir/F8959DA147A2133C6D0FA2950907644A/'.
[2016.03.02-20.07.53:755][  0]LogShaderCompilers:Display: Using Local Shader Compiler.
[2016.03.02-20.07.54:481][  0]LogTemp:Display: Loaded TP AllDesktopTargetPlatform
[2016.03.02-20.07.54:485][  0]LogTemp:Display: Loaded TP WindowsClientTargetPlatform
[2016.03.02-20.07.54:489][  0]LogTemp:Display: Loaded TP WindowsNoEditorTargetPlatform
[2016.03.02-20.07.54:493][  0]LogTemp:Display: Loaded TP WindowsServerTargetPlatform
[2016.03.02-20.07.54:497][  0]LogTemp:Display: Loaded TP WindowsTargetPlatform
[2016.03.02-20.07.54:500][  0]LogTemp:Display: Loaded TP AndroidTargetPlatform
[2016.03.02-20.07.54:503][  0]LogTemp:Display: Loaded TP Android_ASTCTargetPlatform
[2016.03.02-20.07.54:506][  0]LogTemp:Display: Loaded TP Android_ATCTargetPlatform
[2016.03.02-20.07.54:508][  0]LogTemp:Display: Loaded TP Android_DXTTargetPlatform
[2016.03.02-20.07.54:511][  0]LogTemp:Display: Loaded TP Android_ETC1TargetPlatform
[2016.03.02-20.07.54:514][  0]LogTemp:Display: Loaded TP Android_ETC2TargetPlatform
[2016.03.02-20.07.54:520][  0]LogTemp:Display: Loaded TP Android_MultiTargetPlatform
[2016.03.02-20.07.54:520][  0]LogTemp:Display: Loaded TP Android_PVRTCTargetPlatform
[2016.03.02-20.07.54:520][  0]LogTemp:Display: Loaded TP HTML5TargetPlatform
[2016.03.02-20.07.54:536][  0]LogTemp:Display: Loaded TP IOSTargetPlatform
[2016.03.02-20.07.54:539][  0]LogTemp:Display: Loaded TP LinuxNoEditorTargetPlatform
[2016.03.02-20.07.54:541][  0]LogTemp:Display: Loaded TP LinuxServerTargetPlatform
[2016.03.02-20.07.54:544][  0]LogTemp:Display: Loaded TP LinuxTargetPlatform
[2016.03.02-20.07.54:544][  0]LogTargetPlatformManager:Display: Building Assets For Windows
[2016.03.02-20.07.54:618][  0]LogDerivedDataCache:Display: Max Cache Size: 512 MB
[2016.03.02-20.07.54:658][  0]LogDerivedDataCache: Loaded boot cache 0.04s 41MB C:/Users/Evann/AppData/Local/UnrealEngine/4.10/DerivedDataCache/Boot.ddc.
[2016.03.02-20.07.54:658][  0]LogDerivedDataCache:Display: Loaded Boot cache: C:/Users/Evann/AppData/Local/UnrealEngine/4.10/DerivedDataCache/Boot.ddc
[2016.03.02-20.07.54:658][  0]LogDerivedDataCache: FDerivedDataBackendGraph:  Pak pak cache file ../../../../../../../Evann/Documents/Unreal Projects/speedron/speedron_BP/DerivedDataCache/DDC.ddp not found, will not use a pak cache.
[2016.03.02-20.07.54:658][  0]LogDerivedDataCache: Unable to find inner node Pak for hierarchical cache Hierarchy.
[2016.03.02-20.07.54:658][  0]LogDerivedDataCache: FDerivedDataBackendGraph:  CompressedPak pak cache file ../../../../../../../Evann/Documents/Unreal Projects/speedron/speedron_BP/DerivedDataCache/Compressed.ddp not found, will not use a pak cache.
[2016.03.02-20.07.54:658][  0]LogDerivedDataCache: Unable to find inner node CompressedPak for hierarchical cache Hierarchy.
[2016.03.02-20.07.54:711][  0]LogDerivedDataCache:Display: Pak cache opened for reading ../../../Engine/DerivedDataCache/Compressed.ddp.
[2016.03.02-20.07.54:723][  0]LogDerivedDataCache: Using Local data cache path C:/Users/Evann/AppData/Local/UnrealEngine/Common/DerivedDataCache: Writable
[2016.03.02-20.07.54:899][  0]LogInit: Selected Device Profile: [Windows]
[2016.03.02-20.07.54:901][  0]LogContentStreaming: Texture pool size is 0.000000MB
[2016.03.02-20.07.55:008][  0]LogMeshUtilities: No automatic mesh reduction module available
[2016.03.02-20.07.55:008][  0]LogMeshUtilities: No automatic mesh merging module available
[2016.03.02-20.07.55:234][  0]LogInit: WinSock: version 1.1 (2.2), MaxSocks=32767, MaxUdp=65467
[2016.03.02-20.07.55:892][  0]LogAssetRegistry: FAssetRegistry took 0.0110 seconds to start up
[2016.03.02-20.07.55:906][  0]UdpMessaging: Initializing bridge on interface 0.0.0.0:0 to multicast group 230.0.0.1:6666.
[2016.03.02-20.07.56:154][  0]SourceControl: Info Source control is disabled
[2016.03.02-20.07.56:154][  0]SourceControl: Info Source control is disabled
[2016.03.02-20.07.56:164][  0]SourceControl: Info Source control is disabled
[2016.03.02-20.07.56:174][  0]SourceControl: Info Source control is disabled
[2016.03.02-20.07.56:410][  0]LogObj: 28803 objects as part of root set at end of initial load.
[2016.03.02-20.07.56:410][  0]LogUObjectAllocator: 6130056 out of 0 bytes used by permanent object pool.
[2016.03.02-20.07.56:468][  0]LogEngine: Initializing Engine...
[2016.03.02-20.07.56:471][  0]LogHMD: Can't find Oculus library dev build: is proper Runtime installed? Version: 0.8.0.0
[2016.03.02-20.07.56:472][  0]LogHMD: SteamVR failed to initialize.  Err: 110
[2016.03.02-20.07.56:579][  0]LogAIModule: Creating AISystem for world NewWorld
[2016.03.02-20.07.56:588][  0]LogInit: XAudio2 using 'Haut-parleurs (Realtek High Definition Audio)' : 2 channels at 48 kHz using 32 bits per sample (channel mask 0x3)
[2016.03.02-20.07.56:601][  0]LogInit: FAudioDevice initialized.
[2016.03.02-20.07.56:631][  0]LogDerivedDataCache: Saved boot cache 0.03s 41MB C:/Users/Evann/AppData/Local/UnrealEngine/4.10/DerivedDataCache/Boot.ddc.
[2016.03.02-20.07.56:634][  0]LogInit: Texture streaming: Enabled
[2016.03.02-20.07.56:639][  0]LogAnalytics: Creating configured Analytics provider AnalyticsET
[2016.03.02-20.07.56:639][  0]LogAnalytics: [UEEditor.Rocket.Release] APIServer = http://et2.epicgames.com/ET2/. AppVersion = 4.10.4-2872498+++depot+UE4-Releases+4.10
[2016.03.02-20.07.56:639][  0]LogAnalytics: [UEEditor.Rocket.Release] SetUserId fd7fcd6145c2d49cfe7e4393ff2be6d0|268d3e625b094d6baa5bbf4050d265fa|823c25f2-e8e2-48bc-85ba-fee7c8358a4d
[2016.03.02-20.07.56:639][  0]LogAnalytics: [UEEditor.Rocket.Release] AnalyticsET::StartSession
[2016.03.02-20.07.56:647][  0]LogWindowsTextInputMethodSystem:Display: IME system now deactivated.
[2016.03.02-20.07.56:663][  0]LogInit: Transaction tracking system initialized
[2016.03.02-20.07.56:689][  0]BlueprintLog: New page: Editor Load
[2016.03.02-20.07.56:925][  0]LocalizationService: Info Localization service is disabled
[2016.03.02-20.07.57:019][  0]LogConsoleResponse:Display: 
[2016.03.02-20.07.57:131][  0]LogCook:Display: Done creating registry. It took  0.00s.
[2016.03.02-20.07.57:182][  0]LogFileCache: Scanning file cache for directory 'D:/Evann/Documents/Unreal Projects/speedron/speedron_BP/Content/' took 0.01s
[2016.03.02-20.07.57:183][  0]SourceControl: Info Source control is disabled
[2016.03.02-20.07.57:183][  0]Cmd: MAP LOAD FILE="../../../../../../../Evann/Documents/Unreal Projects/speedron/speedron_BP/Content/TwinStickBP/Maps/TwinStickExampleMap.umap" TEMPLATE=0 SHOWPROGRESS=1 FEATURELEVEL=3
[2016.03.02-20.07.57:183][  0]LightingResults: New page: Lighting Build
[2016.03.02-20.07.57:186][  0]MapCheck: New page: Map Check
[2016.03.02-20.07.57:186][  0]LightingResults: New page: Lighting Build
[2016.03.02-20.07.57:196][  0]LogParticles: Destroying 0 GPU particle simulations for FXSystem 0x0000025ADDB54FE0
[2016.03.02-20.07.57:659][  0]LogAIModule: Creating AISystem for world TwinStickExampleMap
[2016.03.02-20.07.57:664][  0]LogEditorServer: Finished looking for orphan Actors (0.000 secs)
[2016.03.02-20.07.57:665][  0]Cmd: MAP CHECKDEP NOCLEARLOG
[2016.03.02-20.07.57:717][  0]MapCheck:Warning: Warning StaticMeshComponent0 StaticMeshComponent /Game/TwinStickBP/Maps/TwinStickExampleMap.TwinStickExampleMap:PersistentLevel.TemplateCube_Rounded_19.StaticMeshComponent0 : Externally referenced 
[2016.03.02-20.07.57:718][  0]MapCheck:Warning: Warning StaticMeshComponent0 StaticMeshComponent /Game/TwinStickBP/Maps/TwinStickExampleMap.TwinStickExampleMap:PersistentLevel.TemplateCube_Rounded_20.StaticMeshComponent0 : Externally referenced 
[2016.03.02-20.07.57:718][  0]MapCheck:Warning: Warning StaticMeshComponent0 StaticMeshComponent /Game/TwinStickBP/Maps/TwinStickExampleMap.TwinStickExampleMap:PersistentLevel.TemplateCube_Rounded_21.StaticMeshComponent0 : Externally referenced 
[2016.03.02-20.07.57:718][  0]MapCheck:Warning: Warning StaticMeshComponent0 StaticMeshComponent /Game/TwinStickBP/Maps/TwinStickExampleMap.TwinStickExampleMap:PersistentLevel.TemplateCube_Rounded_22.StaticMeshComponent0 : Externally referenced 
[2016.03.02-20.07.57:718][  0]MapCheck:Warning: Warning StaticMeshComponent0 StaticMeshComponent /Game/TwinStickBP/Maps/TwinStickExampleMap.TwinStickExampleMap:PersistentLevel.TemplateCube_Rounded_23.StaticMeshComponent0 : Externally referenced 
[2016.03.02-20.07.57:718][  0]MapCheck:Warning: Warning StaticMeshComponent0 StaticMeshComponent /Game/TwinStickBP/Maps/TwinStickExampleMap.TwinStickExampleMap:PersistentLevel.TemplateCube_Rounded_24.StaticMeshComponent0 : Externally referenced 
[2016.03.02-20.07.57:718][  0]MapCheck:Warning: Warning StaticMeshComponent0 StaticMeshComponent /Game/TwinStickBP/Maps/TwinStickExampleMap.TwinStickExampleMap:PersistentLevel.TemplateCube_Rounded_3.StaticMeshComponent0 : Externally referenced 
[2016.03.02-20.07.57:718][  0]MapCheck:Warning: Warning TwinStickPawn_C_1 TwinStickPawn_C /Game/TwinStickBP/Maps/TwinStickExampleMap.TwinStickExampleMap:PersistentLevel.TwinStickPawn_C_1 : Externally referenced 
[2016.03.02-20.07.57:718][  0]MapCheck:Warning: Warning ShipMeshComponent StaticMeshComponent /Game/TwinStickBP/Maps/TwinStickExampleMap.TwinStickExampleMap:PersistentLevel.TwinStickPawn_C_1.ShipMeshComponent : Externally referenced 
[2016.03.02-20.07.57:718][  0]MapCheck:Warning: Warning StaticMeshComponent0 StaticMeshComponent /Game/TwinStickBP/Maps/TwinStickExampleMap.TwinStickExampleMap:PersistentLevel.Wall1_17.StaticMeshComponent0 : Externally referenced 
[2016.03.02-20.07.57:718][  0]MapCheck:Warning: Warning StaticMeshComponent0 StaticMeshComponent /Game/TwinStickBP/Maps/TwinStickExampleMap.TwinStickExampleMap:PersistentLevel.Floor_18.StaticMeshComponent0 : Externally referenced 
[2016.03.02-20.07.57:719][  0]MapCheck:Warning: Warning StaticMeshComponent0 StaticMeshComponent /Game/TwinStickBP/Maps/TwinStickExampleMap.TwinStickExampleMap:PersistentLevel.Obstacle1_2.StaticMeshComponent0 : Externally referenced 
[2016.03.02-20.07.57:719][  0]MapCheck:Warning: Warning StaticMeshComponent0 StaticMeshComponent /Game/TwinStickBP/Maps/TwinStickExampleMap.TwinStickExampleMap:PersistentLevel.Obstacle2_3.StaticMeshComponent0 : Externally referenced 
[2016.03.02-20.07.57:719][  0]MapCheck:Warning: Warning StaticMeshComponent0 StaticMeshComponent /Game/TwinStickBP/Maps/TwinStickExampleMap.TwinStickExampleMap:PersistentLevel.Wall1_17.StaticMeshComponent0 : Externally referenced 
[2016.03.02-20.07.57:719][  0]MapCheck:Warning: Warning StaticMeshComponent0 StaticMeshComponent /Game/TwinStickBP/Maps/TwinStickExampleMap.TwinStickExampleMap:PersistentLevel.Wall5.StaticMeshComponent0 : Externally referenced 
[2016.03.02-20.07.57:719][  0]MapCheck:Warning: Warning StaticMeshComponent0 StaticMeshComponent /Game/TwinStickBP/Maps/TwinStickExampleMap.TwinStickExampleMap:PersistentLevel.Wall6.StaticMeshComponent0 : Externally referenced 
[2016.03.02-20.07.57:719][  0]MapCheck:Warning: Warning StaticMeshComponent0 StaticMeshComponent /Game/TwinStickBP/Maps/TwinStickExampleMap.TwinStickExampleMap:PersistentLevel.Wall7.StaticMeshComponent0 : Externally referenced 
[2016.03.02-20.07.57:719][  0]MapCheck:Warning: Warning StaticMeshComponent0 StaticMeshComponent /Game/TwinStickBP/Maps/TwinStickExampleMap.TwinStickExampleMap:PersistentLevel.TemplateCube_Rounded_19.StaticMeshComponent0 : Externally referenced 
[2016.03.02-20.07.57:719][  0]MapCheck:Warning: Warning StaticMeshComponent0 StaticMeshComponent /Game/TwinStickBP/Maps/TwinStickExampleMap.TwinStickExampleMap:PersistentLevel.TemplateCube_Rounded_20.StaticMeshComponent0 : Externally referenced 
[2016.03.02-20.07.57:719][  0]MapCheck:Warning: Warning StaticMeshComponent0 StaticMeshComponent /Game/TwinStickBP/Maps/TwinStickExampleMap.TwinStickExampleMap:PersistentLevel.TemplateCube_Rounded_21.StaticMeshComponent0 : Externally referenced 
[2016.03.02-20.07.57:719][  0]MapCheck:Warning: Warning StaticMeshComponent0 StaticMeshComponent /Game/TwinStickBP/Maps/TwinStickExampleMap.TwinStickExampleMap:PersistentLevel.TemplateCube_Rounded_22.StaticMeshComponent0 : Externally referenced 
[2016.03.02-20.07.57:719][  0]MapCheck:Warning: Warning StaticMeshComponent0 StaticMeshComponent /Game/TwinStickBP/Maps/TwinStickExampleMap.TwinStickExampleMap:PersistentLevel.TemplateCube_Rounded_23.StaticMeshComponent0 : Externally referenced 
[2016.03.02-20.07.57:719][  0]MapCheck:Warning: Warning StaticMeshComponent0 StaticMeshComponent /Game/TwinStickBP/Maps/TwinStickExampleMap.TwinStickExampleMap:PersistentLevel.TemplateCube_Rounded_24.StaticMeshComponent0 : Externally referenced 
[2016.03.02-20.07.57:719][  0]MapCheck:Warning: Warning StaticMeshComponent0 StaticMeshComponent /Game/TwinStickBP/Maps/TwinStickExampleMap.TwinStickExampleMap:PersistentLevel.TemplateCube_Rounded_3.StaticMeshComponent0 : Externally referenced 
[2016.03.02-20.07.57:719][  0]MapCheck:Warning: Warning EdGraphPin_6353 EdGraphPin /Game/TwinStickBP/Maps/TwinStickExampleMap.TwinStickExampleMap:PersistentLevel.TwinStickExampleMap.ExecuteUbergraph_TwinStickExampleMap.K2Node_CallFunction_106.EdGraphPin_6353 : Externally referenced 
[2016.03.02-20.07.57:719][  0]MapCheck:Warning: Warning EdGraphPin_6248 EdGraphPin /Game/TwinStickBP/Maps/TwinStickExampleMap.TwinStickExampleMap:PersistentLevel.TwinStickExampleMap.ExecuteUbergraph_TwinStickExampleMap.K2Node_CallFunction_110.EdGraphPin_6248 : Externally referenced 
[2016.03.02-20.07.57:719][  0]MapCheck:Warning: Warning EdGraphPin_6358 EdGraphPin /Game/TwinStickBP/Maps/TwinStickExampleMap.TwinStickExampleMap:PersistentLevel.TwinStickExampleMap.EventGraph.K2Node_CallFunction_5339.EdGraphPin_6358 : Externally referenced 
[2016.03.02-20.07.57:719][  0]MapCheck:Warning: Warning EdGraphPin_6358 EdGraphPin /Game/TwinStickBP/Maps/TwinStickExampleMap.TwinStickExampleMap:PersistentLevel.TwinStickExampleMap.ExecuteUbergraph_TwinStickExampleMap.K2Node_CallFunction_115.EdGraphPin_6358 : Externally referenced 
[2016.03.02-20.07.57:719][  0]MapCheck:Warning: Warning EdGraphPin_6386 EdGraphPin /Game/TwinStickBP/Maps/TwinStickExampleMap.TwinStickExampleMap:PersistentLevel.TwinStickExampleMap.ExecuteUbergraph_TwinStickExampleMap.K2Node_CallFunction_105.EdGraphPin_6386 : Externally referenced 
[2016.03.02-20.07.57:719][  0]MapCheck:Warning: Warning EdGraphPin_6281 EdGraphPin /Game/TwinStickBP/Maps/TwinStickExampleMap.TwinStickExampleMap:PersistentLevel.TwinStickExampleMap.ExecuteUbergraph_TwinStickExampleMap.K2Node_CallFunction_109.EdGraphPin_6281 : Externally referenced 
[2016.03.02-20.07.57:719][  0]MapCheck:Warning: Warning EdGraphPin_6391 EdGraphPin /Game/TwinStickBP/Maps/TwinStickExampleMap.TwinStickExampleMap:PersistentLevel.TwinStickExampleMap.EventGraph.K2Node_CallFunction_5338.EdGraphPin_6391 : Externally referenced 
[2016.03.02-20.07.57:719][  0]MapCheck:Warning: Warning EdGraphPin_6391 EdGraphPin /Game/TwinStickBP/Maps/TwinStickExampleMap.TwinStickExampleMap:PersistentLevel.TwinStickExampleMap.ExecuteUbergraph_TwinStickExampleMap.K2Node_CallFunction_114.EdGraphPin_6391 : Externally referenced 
[2016.03.02-20.07.57:719][  0]MapCheck: Info Map check complete: 0 Error(s), 32 Warning(s), took 54.501ms to complete.
[2016.03.02-20.07.57:740][  0]LogFileHelpers: Loading map 'TwinStickExampleMap' took 0.558
[2016.03.02-20.07.57:862][  0]LogCollectionManager: Loaded 0 collections in 0.002006 seconds
[2016.03.02-20.07.57:908][  0]LogFileCache: Scanning file cache for directory 'D:/Evann/Documents/Unreal Projects/speedron/speedron_BP/Saved/Collections/' took 0.01s
[2016.03.02-20.07.57:908][  0]LogFileCache: Scanning file cache for directory 'D:/Evann/Documents/Unreal Projects/speedron/speedron_BP/Content/Developers/Evann/Collections/' took 0.01s
[2016.03.02-20.07.57:908][  0]LogFileCache: Scanning file cache for directory 'D:/Evann/Documents/Unreal Projects/speedron/speedron_BP/Content/Collections/' took 0.01s
[2016.03.02-20.07.57:908][  0]LogCollectionManager: Rebuilt the GUID cache for 0 collections in 0.000003 seconds
[2016.03.02-20.07.57:919][  0]LogContentBrowser: Native class hierarchy populated in 0.0103 seconds. Added 1908 classes and 344 folders.
[2016.03.02-20.07.57:926][  0]LogContentBrowser: Native class hierarchy updated for 'WidgetCarousel' in 0.0003 seconds. Added 0 classes and 0 folders.
[2016.03.02-20.07.57:964][  0]LogContentBrowser: Native class hierarchy updated for 'AddContentDialog' in 0.0003 seconds. Added 0 classes and 0 folders.
[2016.03.02-20.07.57:969][  0]LogContentBrowser: Native class hierarchy updated for 'SceneOutliner' in 0.0005 seconds. Added 1 classes and 2 folders.
[2016.03.02-20.07.58:024][  0]LogCrashTracker: Crashtracker disabled due to settings.
[2016.03.02-20.07.58:028][  0]LogUObjectGlobals:Warning: Failed to find object 'Class None.'
[2016.03.02-20.07.58:051][  0]LogLoad: Full Startup: 5.14 seconds (BP compile: 0.11 seconds)
[2016.03.02-20.07.58:063][  0]LogOcInput: Can't find Oculus library dev build: is proper Runtime installed? Version: 0.8.0.0
[2016.03.02-20.07.58:098][  0]LogContentStreaming: Texture pool size now 1000 MB
[2016.03.02-20.07.58:224][  0]LogRenderer: Reallocating scene render targets to support 1208x572 (Frame:2).
[2016.03.02-20.07.58:629][  4]LogAssetRegistry: Asset discovery search completed in 2.7474 seconds
[2016.03.02-20.07.58:629][  4]LogCollectionManager: Rebuilt the object cache for 0 collections in 0.000002 seconds (found 0 objects)
[2016.03.02-20.07.58:629][  4]LogCollectionManager: Fixed up redirectors for 0 collections in 0.000027 seconds (updated 0 objects)
[2016.03.02-20.08.24:516][465]LogBlueprintUserMessages: Early PlayInEditor Detection: Level '/Game/TwinStickBP/Maps/TwinStickExampleMap.TwinStickExampleMap:PersistentLevel' has LevelScriptBlueprint '/Game/TwinStickBP/Maps/TwinStickExampleMap.TwinStickExampleMap:PersistentLevel.TwinStickExampleMap' with GeneratedClass '/Game/TwinStickBP/Maps/TwinStickExampleMap.TwinStickExampleMap_C' with ClassGeneratedBy '/Game/TwinStickBP/Maps/TwinStickExampleMap.TwinStickExampleMap:PersistentLevel.TwinStickExampleMap'
[2016.03.02-20.08.24:516][465]LogPlayLevel: PlayLevel: No blueprints needed recompiling
[2016.03.02-20.08.24:516][465]PIE: New page: PIE session: TwinStickExampleMap (Mar 2, 2016, 10:08:24 PM)
[2016.03.02-20.08.24:517][465]LogPlayLevel: Creating play world package: /Game/TwinStickBP/Maps/UEDPIE_0_TwinStickExampleMap
[2016.03.02-20.08.24:526][465]LogPlayLevel: PIE: StaticDuplicateObject took: (0.009616s)
[2016.03.02-20.08.24:527][465]LogAIModule: Creating AISystem for world TwinStickExampleMap
[2016.03.02-20.08.24:527][465]LogPlayLevel: PIE: World Init took: (0.000784s)
[2016.03.02-20.08.24:527][465]LogPlayLevel: PIE: Created PIE world by copying editor world from /Game/TwinStickBP/Maps/TwinStickExampleMap.TwinStickExampleMap to /Game/TwinStickBP/Maps/UEDPIE_0_TwinStickExampleMap.TwinStickExampleMap (0.010658s)
[2016.03.02-20.08.24:527][465]LogActorComponent: UnregisterComponent: (/Engine/Transient.ProjectileMovementComponent_8) Not registered. Aborting.
[2016.03.02-20.08.24:527][465]LogActorComponent: UnregisterComponent: (/Engine/Transient.FloatingPawnMovement_GEN_VARIABLE) Not registered. Aborting.
[2016.03.02-20.08.24:555][465]LogInit: XAudio2 using 'Haut-parleurs (Realtek High Definition Audio)' : 2 channels at 48 kHz using 32 bits per sample (channel mask 0x3)
[2016.03.02-20.08.24:564][465]LogInit: FAudioDevice initialized.
[2016.03.02-20.08.24:677][465]LogWorld: Game class is 'TwinStickGameMode_C'
[2016.03.02-20.08.24:681][465]LogWorld: Bringing World /Game/TwinStickBP/Maps/UEDPIE_0_TwinStickExampleMap.TwinStickExampleMap up for play (max tick rate 0) at 2016.03.02-21.08.24
[2016.03.02-20.08.24:681][465]LogActor:Warning: GameSession /Game/TwinStickBP/Maps/UEDPIE_0_TwinStickExampleMap.TwinStickExampleMap:PersistentLevel.GameSession_0 has natively added scene component(s), but none of them were set as the actor's RootComponent - picking one arbitrarily
[2016.03.02-20.08.24:682][465]LogActor:Warning: GameNetworkManager /Game/TwinStickBP/Maps/UEDPIE_0_TwinStickExampleMap.TwinStickExampleMap:PersistentLevel.GameNetworkManager_0 has natively added scene component(s), but none of them were set as the actor's RootComponent - picking one arbitrarily
[2016.03.02-20.08.24:682][465]LogWorld: Bringing up level for play took: 0.003734
[2016.03.02-20.08.24:694][465]PIE: Info Play in editor start time for /Game/TwinStickBP/Maps/UEDPIE_0_TwinStickExampleMap -0.47
[2016.03.02-20.08.24:694][465]LogBlueprintUserMessages: Late PlayInEditor Detection: Level '/Game/TwinStickBP/Maps/TwinStickExampleMap.TwinStickExampleMap:PersistentLevel' has LevelScriptBlueprint '/Game/TwinStickBP/Maps/TwinStickExampleMap.TwinStickExampleMap:PersistentLevel.TwinStickExampleMap' with GeneratedClass '/Game/TwinStickBP/Maps/TwinStickExampleMap.TwinStickExampleMap_C' with ClassGeneratedBy '/Game/TwinStickBP/Maps/TwinStickExampleMap.TwinStickExampleMap:PersistentLevel.TwinStickExampleMap'
[2016.03.02-20.08.24:736][466]LogRenderer: Reallocating scene render targets to support 1280x720 (Frame:1477).
[2016.03.02-20.08.25:893][523]LogRenderer: Reallocating scene render targets to support 1920x1016 (Frame:1536).
[2016.03.02-20.08.53:441][341]LogBlueprintUserMessages: Early EndPlayMap Detection: Level '/Game/TwinStickBP/Maps/TwinStickExampleMap.TwinStickExampleMap:PersistentLevel' has LevelScriptBlueprint '/Game/TwinStickBP/Maps/TwinStickExampleMap.TwinStickExampleMap:PersistentLevel.TwinStickExampleMap' with GeneratedClass '/Game/TwinStickBP/Maps/TwinStickExampleMap.TwinStickExampleMap_C' with ClassGeneratedBy '/Game/TwinStickBP/Maps/TwinStickExampleMap.TwinStickExampleMap:PersistentLevel.TwinStickExampleMap'
[2016.03.02-20.08.53:484][341]LogBlueprintUserMessages: Late EndPlayMap Detection: Level '/Game/TwinStickBP/Maps/TwinStickExampleMap.TwinStickExampleMap:PersistentLevel' has LevelScriptBlueprint '/Game/TwinStickBP/Maps/TwinStickExampleMap.TwinStickExampleMap:PersistentLevel.TwinStickExampleMap' with GeneratedClass '/Game/TwinStickBP/Maps/TwinStickExampleMap.TwinStickExampleMap_C' with ClassGeneratedBy '/Game/TwinStickBP/Maps/TwinStickExampleMap.TwinStickExampleMap:PersistentLevel.TwinStickExampleMap'
[2016.03.02-20.08.53:498][341]LogParticles: Destroying 0 GPU particle simulations for FXSystem 0x0000025AE60709A0
[2016.03.02-20.08.56:030][460]LogLinker:Warning: Asset '../../../Engine/Content/ArtTools/RenderToTexture/Macros/RenderToTextureMacros.uasset' has been saved with empty engine version. The asset will be loaded but may be incompatible.
[2016.03.02-20.08.56:427][460]LogContentBrowser: Native class hierarchy updated for 'BlueprintGraph' in 0.0008 seconds. Added 107 classes and 0 folders.
[2016.03.02-20.09.00:974][869]LogActorComponent: UnregisterComponent: (/Engine/Transient.ProjectileMovementComponent_8) Not registered. Aborting.
[2016.03.02-20.09.00:974][869]LogActorComponent: UnregisterComponent: (/Engine/Transient.FloatingPawnMovement_GEN_VARIABLE) Not registered. Aborting.
[2016.03.02-20.09.02:278][  8]LogActorComponent: UnregisterComponent: (/Engine/Transient.ProjectileMovementComponent_0) Not registered. Aborting.
[2016.03.02-20.09.02:370][ 18]BlueprintLog: New page: Compile TwinStickProjectile
[2016.03.02-20.09.02:430][ 18]LogActorComponent: UnregisterComponent: (/Engine/Transient.ProjectileMovementComponent_1) Not registered. Aborting.
[2016.03.02-20.09.02:456][ 18]BlueprintEditorCompileResults: Info [0069.55] Compile of TwinStickProjectile successful! [in 85 ms]
[2016.03.02-20.09.02:937][ 53]LogSavePackage: Save=38.798752ms
[2016.03.02-20.09.02:937][ 53]LogSavePackage: Moving '../../../../../../../Evann/Documents/Unreal Projects/speedron/speedron_BP/Saved/TwinStickProjectileA18EAF7A41BA67DDCAD6BA8E07F0009F.tmp' to '../../../../../../../Evann/Documents/Unreal Projects/speedron/speedron_BP/Content/TwinStickBP/Blueprints/TwinStickProjectile.uasset'
[2016.03.02-20.09.02:940][ 53]LogSavePackage: Total save time: 49.404021ms
[2016.03.02-20.09.02:940][ 53]LogSavePackage:Display: Finished SavePackage ../../../../../../../Evann/Documents/Unreal Projects/speedron/speedron_BP/Content/TwinStickBP/Blueprints/TwinStickProjectile.uasset
[2016.03.02-20.09.03:472][109]LogBlueprintUserMessages: Early PlayInEditor Detection: Level '/Game/TwinStickBP/Maps/TwinStickExampleMap.TwinStickExampleMap:PersistentLevel' has LevelScriptBlueprint '/Game/TwinStickBP/Maps/TwinStickExampleMap.TwinStickExampleMap:PersistentLevel.TwinStickExampleMap' with GeneratedClass '/Game/TwinStickBP/Maps/TwinStickExampleMap.TwinStickExampleMap_C' with ClassGeneratedBy '/Game/TwinStickBP/Maps/TwinStickExampleMap.TwinStickExampleMap:PersistentLevel.TwinStickExampleMap'
[2016.03.02-20.09.03:472][109]LogPlayLevel: PlayLevel: No blueprints needed recompiling
[2016.03.02-20.09.03:472][109]PIE: New page: PIE session: TwinStickExampleMap (Mar 2, 2016, 10:09:03 PM)
[2016.03.02-20.09.03:472][109]LogPlayLevel: Creating play world package: /Game/TwinStickBP/Maps/UEDPIE_0_TwinStickExampleMap
[2016.03.02-20.09.03:480][109]LogPlayLevel: PIE: StaticDuplicateObject took: (0.008227s)
[2016.03.02-20.09.03:481][109]LogAIModule: Creating AISystem for world TwinStickExampleMap
[2016.03.02-20.09.03:481][109]LogPlayLevel: PIE: World Init took: (0.000775s)
[2016.03.02-20.09.03:481][109]LogPlayLevel: PIE: Created PIE world by copying editor world from /Game/TwinStickBP/Maps/TwinStickExampleMap.TwinStickExampleMap to /Game/TwinStickBP/Maps/UEDPIE_0_TwinStickExampleMap.TwinStickExampleMap (0.009185s)
[2016.03.02-20.09.03:481][109]LogActorComponent: UnregisterComponent: (/Engine/Transient.ProjectileMovementComponent_8) Not registered. Aborting.
[2016.03.02-20.09.03:481][109]LogActorComponent: UnregisterComponent: (/Engine/Transient.FloatingPawnMovement_GEN_VARIABLE) Not registered. Aborting.
[2016.03.02-20.09.03:516][109]LogInit: XAudio2 using 'Haut-parleurs (Realtek High Definition Audio)' : 2 channels at 48 kHz using 32 bits per sample (channel mask 0x3)
[2016.03.02-20.09.03:525][109]LogInit: FAudioDevice initialized.
[2016.03.02-20.09.03:618][109]LogWorld: Game class is 'TwinStickGameMode_C'
[2016.03.02-20.09.03:623][109]LogWorld: Bringing World /Game/TwinStickBP/Maps/UEDPIE_0_TwinStickExampleMap.TwinStickExampleMap up for play (max tick rate 0) at 2016.03.02-21.09.03
[2016.03.02-20.09.03:623][109]LogActor:Warning: GameSession /Game/TwinStickBP/Maps/UEDPIE_0_TwinStickExampleMap.TwinStickExampleMap:PersistentLevel.GameSession_1 has natively added scene component(s), but none of them were set as the actor's RootComponent - picking one arbitrarily
[2016.03.02-20.09.03:623][109]LogActor:Warning: GameNetworkManager /Game/TwinStickBP/Maps/UEDPIE_0_TwinStickExampleMap.TwinStickExampleMap:PersistentLevel.GameNetworkManager_1 has natively added scene component(s), but none of them were set as the actor's RootComponent - picking one arbitrarily
[2016.03.02-20.09.03:623][109]LogWorld: Bringing up level for play took: 0.004132
[2016.03.02-20.09.03:632][109]PIE: Info Play in editor start time for /Game/TwinStickBP/Maps/UEDPIE_0_TwinStickExampleMap 0.468
[2016.03.02-20.09.03:632][109]LogBlueprintUserMessages: Late PlayInEditor Detection: Level '/Game/TwinStickBP/Maps/TwinStickExampleMap.TwinStickExampleMap:PersistentLevel' has LevelScriptBlueprint '/Game/TwinStickBP/Maps/TwinStickExampleMap.TwinStickExampleMap:PersistentLevel.TwinStickExampleMap' with GeneratedClass '/Game/TwinStickBP/Maps/TwinStickExampleMap.TwinStickExampleMap_C' with ClassGeneratedBy '/Game/TwinStickBP/Maps/TwinStickExampleMap.TwinStickExampleMap:PersistentLevel.TwinStickExampleMap'
[2016.03.02-20.12.27:045][ 59]LogBlueprintUserMessages: Early EndPlayMap Detection: Level '/Game/TwinStickBP/Maps/TwinStickExampleMap.TwinStickExampleMap:PersistentLevel' has LevelScriptBlueprint '/Game/TwinStickBP/Maps/TwinStickExampleMap.TwinStickExampleMap:PersistentLevel.TwinStickExampleMap' with GeneratedClass '/Game/TwinStickBP/Maps/TwinStickExampleMap.TwinStickExampleMap_C' with ClassGeneratedBy '/Game/TwinStickBP/Maps/TwinStickExampleMap.TwinStickExampleMap:PersistentLevel.TwinStickExampleMap'
[2016.03.02-20.12.27:098][ 59]LogBlueprintUserMessages: Late EndPlayMap Detection: Level '/Game/TwinStickBP/Maps/TwinStickExampleMap.TwinStickExampleMap:PersistentLevel' has LevelScriptBlueprint '/Game/TwinStickBP/Maps/TwinStickExampleMap.TwinStickExampleMap:PersistentLevel.TwinStickExampleMap' with GeneratedClass '/Game/TwinStickBP/Maps/TwinStickExampleMap.TwinStickExampleMap_C' with ClassGeneratedBy '/Game/TwinStickBP/Maps/TwinStickExampleMap.TwinStickExampleMap:PersistentLevel.TwinStickExampleMap'
[2016.03.02-20.12.27:127][ 59]LogParticles: Destroying 0 GPU particle simulations for FXSystem 0x0000025ACE326B60
[2016.03.02-20.13.34:037][913]BlueprintLog: New page: Compile BP_shoot_functions
[2016.03.02-20.13.34:086][913]LogActorComponent: UnregisterComponent: (/Engine/Transient.ProjectileMovementComponent_8) Not registered. Aborting.
[2016.03.02-20.13.34:087][913]LogActorComponent: UnregisterComponent: (/Engine/Transient.FloatingPawnMovement_GEN_VARIABLE) Not registered. Aborting.
[2016.03.02-20.13.34:112][913]LogParticles: Destroying 0 GPU particle simulations for FXSystem 0x0000025A8A45F2E0
[2016.03.02-20.13.34:113][913]LogParticles: Destroying 0 GPU particle simulations for FXSystem 0x0000025AD278F9C0
[2016.03.02-20.13.34:117][913]BlueprintEditorCompileResults: Info [0341.21] Compile of BP_shoot_functions successful! [in 80 ms]
[2016.03.02-20.13.34:557][955]LogSavePackage: Save=25.648193ms
[2016.03.02-20.13.34:557][955]LogSavePackage: Moving '../../../../../../../Evann/Documents/Unreal Projects/speedron/speedron_BP/Saved/BP_shoot_functions60177D264CC8D1C17E37849DD189A319.tmp' to '../../../../../../../Evann/Documents/Unreal Projects/speedron/speedron_BP/Content/TwinStickBP/Blueprints/BP_shoot_functions.uasset'
[2016.03.02-20.13.34:560][955]LogSavePackage: Total save time: 33.621237ms
[2016.03.02-20.13.34:560][955]LogSavePackage:Display: Finished SavePackage ../../../../../../../Evann/Documents/Unreal Projects/speedron/speedron_BP/Content/TwinStickBP/Blueprints/BP_shoot_functions.uasset
[2016.03.02-20.13.38:174][231]LogParticles: Destroying 0 GPU particle simulations for FXSystem 0x0000025AA9D1D4E0
[2016.03.02-20.13.39:796][231]LogSavePackage: Save=272.077271ms
[2016.03.02-20.13.39:796][231]LogSavePackage: Moving '../../../../../../../Evann/Documents/Unreal Projects/speedron/speedron_BP/Saved/TwinStickExampleMap0FAAA1F443159B491AB99B9852FA3CE7.tmp' to '../../../../../../../Evann/Documents/Unreal Projects/speedron/speedron_BP/Content/TwinStickBP/Maps/TwinStickExampleMap.umap'
[2016.03.02-20.13.39:800][231]LogSavePackage: Total save time: 302.042663ms
[2016.03.02-20.13.39:800][231]LogSavePackage:Display: Finished SavePackage ../../../../../../../Evann/Documents/Unreal Projects/speedron/speedron_BP/Content/TwinStickBP/Maps/TwinStickExampleMap.umap
[2016.03.02-20.13.39:822][231]LogFileHelpers: Saving map 'TwinStickExampleMap' took 1.619
[2016.03.02-20.13.43:334][414]LogParticles: Destroying 0 GPU particle simulations for FXSystem 0x0000025AD4924F40
[2016.03.02-20.13.43:399][414]LogWindowsTextInputMethodSystem:Display: IME system now deactivated.
[2016.03.02-20.13.43:602][415]Cmd: QUIT_EDITOR
[2016.03.02-20.13.44:586][415]LogExit: Preparing to exit.
[2016.03.02-20.13.45:117][415]LogExit: Editor shut down
[2016.03.02-20.13.45:117][415]LogExit: Transaction tracking system shut down
[2016.03.02-20.13.45:119][415]LogParticles: Destroying 0 GPU particle simulations for FXSystem 0x0000025ACFC8FC40
[2016.03.02-20.13.45:120][415]LogParticles: Destroying 0 GPU particle simulations for FXSystem 0x0000025AE5FDD800
[2016.03.02-20.13.45:120][415]LogParticles: Destroying 0 GPU particle simulations for FXSystem 0x0000025AEB5D8EA0
[2016.03.02-20.13.45:120][415]LogParticles: Destroying 0 GPU particle simulations for FXSystem 0x0000025AEB85C360
[2016.03.02-20.13.45:295][415]LogExit: Object subsystem successfully closed.
[2016.03.02-20.13.45:309][415]LogD3D11RHI: Shutdown
[2016.03.02-20.13.45:309][415]LogD3D11RHI: CleanupD3DDevice
[2016.03.02-20.13.45:381][415]LogD3D11RHI: ~FD3D11DynamicRHI
[2016.03.02-20.13.45:394][415]LogModuleManager: Shutting down and abandoning module CookingStats (202)
[2016.03.02-20.13.45:394][415]LogModuleManager: Shutting down and abandoning module BlueprintGraph (201)
[2016.03.02-20.13.45:394][415]LogModuleManager: Shutting down and abandoning module CrashTracker (200)
[2016.03.02-20.13.45:394][415]LogModuleManager: Shutting down and abandoning module SceneOutliner (199)
[2016.03.02-20.13.45:394][415]LogModuleManager: Shutting down and abandoning module SuperSearch (198)
[2016.03.02-20.13.45:394][415]LogModuleManager: Shutting down and abandoning module WidgetCarousel (197)
[2016.03.02-20.13.45:394][415]LogModuleManager: Shutting down and abandoning module AddContentDialog (196)
[2016.03.02-20.13.45:396][415]LogModuleManager: Shutting down and abandoning module EditorWidgets (195)
[2016.03.02-20.13.45:396][415]LogModuleManager: Shutting down and abandoning module CollectionManager (194)
[2016.03.02-20.13.45:396][415]LogModuleManager: Shutting down and abandoning module StatsViewer (193)
[2016.03.02-20.13.45:396][415]LogModuleManager: Shutting down and abandoning module FoliageEdit (192)
[2016.03.02-20.13.45:396][415]LogModuleManager: Shutting down and abandoning module LandscapeEditor (191)
[2016.03.02-20.13.45:396][415]LogModuleManager: Shutting down and abandoning module ActorPickerMode (190)
[2016.03.02-20.13.45:396][415]LogModuleManager: Shutting down and abandoning module GeometryMode (189)
[2016.03.02-20.13.45:396][415]LogModuleManager: Shutting down and abandoning module TextureAlignMode (188)
[2016.03.02-20.13.45:396][415]LogModuleManager: Shutting down and abandoning module BspMode (187)
[2016.03.02-20.13.45:396][415]LogModuleManager: Shutting down and abandoning module PlacementMode (186)
[2016.03.02-20.13.45:396][415]LogModuleManager: Shutting down and abandoning module AutomationWorker (185)
[2016.03.02-20.13.45:396][415]LogModuleManager: Shutting down and abandoning module CharacterAI (184)
[2016.03.02-20.13.45:396][415]LogModuleManager: Shutting down and abandoning module SmartSnapping (183)
[2016.03.02-20.13.45:396][415]LogModuleManager: Shutting down and abandoning module ViewportSnapping (182)
[2016.03.02-20.13.45:396][415]LogModuleManager: Shutting down and abandoning module LogVisualizer (181)
[2016.03.02-20.13.45:397][415]LogModuleManager: Shutting down and abandoning module GameProjectGeneration (180)
[2016.03.02-20.13.45:397][415]LogModuleManager: Shutting down and abandoning module IntroTutorials (179)
[2016.03.02-20.13.45:397][415]LogModuleManager: Shutting down and abandoning module EditorLiveStreaming (178)
[2016.03.02-20.13.45:397][415]LogModuleManager: Shutting down and abandoning module IOSPlatformEditor (177)
[2016.03.02-20.13.45:397][415]LogModuleManager: Shutting down and abandoning module HTML5PlatformEditor (176)
[2016.03.02-20.13.45:397][415]LogModuleManager: Shutting down and abandoning module AndroidDeviceDetection (175)
[2016.03.02-20.13.45:481][415]LogModuleManager: Shutting down and abandoning module AndroidPlatformEditor (174)
[2016.03.02-20.13.45:481][415]LogModuleManager: Shutting down and abandoning module IOSRuntimeSettings (173)
[2016.03.02-20.13.45:481][415]LogModuleManager: Shutting down and abandoning module AndroidRuntimeSettings (172)
[2016.03.02-20.13.45:481][415]LogModuleManager: Shutting down and abandoning module MergeActors (171)
[2016.03.02-20.13.45:481][415]LogModuleManager: Shutting down and abandoning module SizeMap (170)
[2016.03.02-20.13.45:481][415]LogModuleManager: Shutting down and abandoning module TreeMap (169)
[2016.03.02-20.13.45:481][415]LogModuleManager: Shutting down and abandoning module ReferenceViewer (168)
[2016.03.02-20.13.45:481][415]LogModuleManager: Shutting down and abandoning module LocalizationService (167)
[2016.03.02-20.13.45:481][415]LogModuleManager: Shutting down and abandoning module LocalizationDashboard (166)
[2016.03.02-20.13.45:481][415]LogModuleManager: Shutting down and abandoning module HardwareTargeting (165)
[2016.03.02-20.13.45:481][415]LogModuleManager: Shutting down and abandoning module DeviceProfileEditor (164)
[2016.03.02-20.13.45:482][415]LogModuleManager: Shutting down and abandoning module UndoHistory (163)
[2016.03.02-20.13.45:482][415]LogModuleManager: Shutting down and abandoning module GameplayTagsEditor (162)
[2016.03.02-20.13.45:482][415]LogModuleManager: Shutting down and abandoning module UserFeedback (161)
[2016.03.02-20.13.45:482][415]LogModuleManager: Shutting down and abandoning module XmlParser (160)
[2016.03.02-20.13.45:482][415]LogModuleManager: Shutting down and abandoning module Blutility (159)
[2016.03.02-20.13.45:482][415]LogModuleManager: Shutting down and abandoning module ProjectTargetPlatformEditor (158)
[2016.03.02-20.13.45:482][415]LogModuleManager: Shutting down and abandoning module ProjectSettingsViewer (157)
[2016.03.02-20.13.45:482][415]LogModuleManager: Shutting down and abandoning module InputBindingEditor (156)
[2016.03.02-20.13.45:482][415]LogModuleManager: Shutting down and abandoning module EditorSettingsViewer (155)
[2016.03.02-20.13.45:482][415]LogModuleManager: Shutting down and abandoning module SettingsEditor (154)
[2016.03.02-20.13.45:483][415]LogModuleManager: Shutting down and abandoning module ProjectLauncher (153)
[2016.03.02-20.13.45:483][415]LogModuleManager: Shutting down and abandoning module SessionFrontend (152)
[2016.03.02-20.13.45:483][415]LogModuleManager: Shutting down and abandoning module ProfilerClient (151)
[2016.03.02-20.13.45:483][415]LogModuleManager: Shutting down and abandoning module TargetDeviceServices (150)
[2016.03.02-20.13.45:483][415]LogModuleManager: Shutting down and abandoning module DeviceManager (149)
[2016.03.02-20.13.45:483][415]LogModuleManager: Shutting down and abandoning module AutomationController (148)
[2016.03.02-20.13.45:483][415]LogModuleManager: Shutting down and abandoning module AutomationWindow (147)
[2016.03.02-20.13.45:483][415]LogModuleManager: Shutting down and abandoning module Layers (146)
[2016.03.02-20.13.45:483][415]LogModuleManager: Shutting down and abandoning module ComponentVisualizers (145)
[2016.03.02-20.13.45:483][415]LogModuleManager: Shutting down and abandoning module DetailCustomizations (144)
[2016.03.02-20.13.45:483][415]LogModuleManager: Shutting down and abandoning module PackagesDialog (143)
[2016.03.02-20.13.45:483][415]LogModuleManager: Shutting down and abandoning module Persona (142)
[2016.03.02-20.13.45:483][415]LogModuleManager: Shutting down and abandoning module Kismet (141)
[2016.03.02-20.13.45:483][415]LogModuleManager: Shutting down and abandoning module GraphEditor (140)
[2016.03.02-20.13.45:484][415]LogModuleManager: Shutting down and abandoning module ClassViewer (139)
[2016.03.02-20.13.45:484][415]LogModuleManager: Shutting down and abandoning module Toolbox (138)
[2016.03.02-20.13.45:484][415]LogModuleManager: Shutting down and abandoning module ModuleUI (137)
[2016.03.02-20.13.45:484][415]LogModuleManager: Shutting down and abandoning module MovieSceneTools (136)
[2016.03.02-20.13.45:484][415]LogModuleManager: Shutting down and abandoning module OutputLog (135)
[2016.03.02-20.13.45:484][415]LogModuleManager: Shutting down and abandoning module GammaUI (134)
[2016.03.02-20.13.45:484][415]LogModuleManager: Shutting down and abandoning module Documentation (133)
[2016.03.02-20.13.45:484][415]LogModuleManager: Shutting down and abandoning module GameLiveStreaming (132)
[2016.03.02-20.13.45:484][415]LogModuleManager: Shutting down and abandoning module StreamingPauseRendering (131)
[2016.03.02-20.13.45:484][415]LogModuleManager: Shutting down and abandoning module AnalyticsET (130)
[2016.03.02-20.13.45:484][415]LogModuleManager: Shutting down and abandoning module Analytics (129)
[2016.03.02-20.13.45:484][415]LogModuleManager: Shutting down and abandoning module AITestSuite (128)
[2016.03.02-20.13.45:484][415]LogModuleManager: Shutting down and abandoning module GameplayDebugger (127)
[2016.03.02-20.13.45:484][415]LogModuleManager: Shutting down and abandoning module AIModule (126)
[2016.03.02-20.13.45:484][415]LogModuleManager: Shutting down and abandoning module ProfilerService (125)
[2016.03.02-20.13.45:528][415]LogModuleManager: Shutting down and abandoning module TaskGraph (124)
[2016.03.02-20.13.45:528][415]LogModuleManager: Shutting down and abandoning module SubstanceEditor (123)
[2016.03.02-20.13.45:528][415]LogModuleManager: Shutting down and abandoning module SlateRemote (122)
[2016.03.02-20.13.45:528][415]LogModuleManager: Shutting down and abandoning module SteamVRController (121)
[2016.03.02-20.13.45:528][415]LogModuleManager: Shutting down and abandoning module SteamVR (120)
[2016.03.02-20.13.45:528][415]LogModuleManager: Shutting down and abandoning module ProceduralMeshComponent (119)
[2016.03.02-20.13.45:528][415]LogModuleManager: Shutting down and abandoning module OculusLibrary (118)
[2016.03.02-20.13.45:528][415]LogModuleManager: Shutting down and abandoning module OculusInput (117)
[2016.03.02-20.13.45:528][415]LogModuleManager: Shutting down and abandoning module LeapMotionController (116)
[2016.03.02-20.13.45:541][415]LogModuleManager: Shutting down and abandoning module CustomMeshComponent (115)
[2016.03.02-20.13.45:541][415]LogModuleManager: Shutting down and abandoning module CableComponent (114)
[2016.03.02-20.13.45:541][415]LogModuleManager: Shutting down and abandoning module ArchVisCharacter (113)
[2016.03.02-20.13.45:541][415]LogModuleManager: Shutting down and abandoning module MessagingDebugger (112)
[2016.03.02-20.13.45:541][415]LogModuleManager: Shutting down and abandoning module MediaPlayerEditor (111)
[2016.03.02-20.13.45:541][415]LogModuleManager: Shutting down and abandoning module HTML5Networking (110)
[2016.03.02-20.13.45:541][415]LogModuleManager: Shutting down and abandoning module SpeedTreeImporter (109)
[2016.03.02-20.13.45:542][415]LogModuleManager: Shutting down and abandoning module PluginBrowser (108)
[2016.03.02-20.13.45:542][415]LogModuleManager: Shutting down and abandoning module EpicSurvey (107)
[2016.03.02-20.13.45:542][415]LogModuleManager: Shutting down and abandoning module DesktopPlatform (106)
[2016.03.02-20.13.45:542][415]LogModuleManager: Shutting down and abandoning module VisualStudioSourceCodeAccess (105)
[2016.03.02-20.13.45:542][415]LogModuleManager: Shutting down and abandoning module UObjectPlugin (104)
[2016.03.02-20.13.45:542][415]LogModuleManager: Shutting down and abandoning module SubversionSourceControl (103)
[2016.03.02-20.13.45:542][415]LogModuleManager: Shutting down and abandoning module PerforceSourceControl (102)
[2016.03.02-20.13.45:542][415]LogModuleManager: Shutting down and abandoning module SourceControl (101)
[2016.03.02-20.13.45:542][415]LogModuleManager: Shutting down and abandoning module GitSourceControl (100)
[2016.03.02-20.13.45:542][415]LogModuleManager: Shutting down and abandoning module LightPropagationVolumeEditor (99)
[2016.03.02-20.13.45:542][415]LogModuleManager: Shutting down and abandoning module PaperTiledImporter (98)
[2016.03.02-20.13.45:542][415]LogModuleManager: Shutting down and abandoning module PaperSpriteSheetImporter (97)
[2016.03.02-20.13.45:542][415]LogModuleManager: Shutting down and abandoning module MeshPaint (96)
[2016.03.02-20.13.45:542][415]LogModuleManager: Shutting down and abandoning module SlateReflector (95)
[2016.03.02-20.13.45:542][415]LogModuleManager: Shutting down and abandoning module HotReload (94)
[2016.03.02-20.13.45:542][415]LogModuleManager: Shutting down and abandoning module MainFrame (93)
[2016.03.02-20.13.45:542][415]LogModuleManager: Shutting down and abandoning module LevelEditor (92)
[2016.03.02-20.13.45:543][415]LogModuleManager: Shutting down and abandoning module ContentBrowser (91)
[2016.03.02-20.13.45:543][415]LogModuleManager: Shutting down and abandoning module Paper2DEditor (90)
[2016.03.02-20.13.45:543][415]LogModuleManager: Shutting down and abandoning module UdpMessaging (89)
[2016.03.02-20.13.45:644][415]LogModuleManager: Shutting down and abandoning module DirectoryWatcher (88)
[2016.03.02-20.13.45:644][415]LogModuleManager: Shutting down and abandoning module AssetRegistry (87)
[2016.03.02-20.13.45:681][415]LogModuleManager: Shutting down and abandoning module SubstanceCore (86)
[2016.03.02-20.13.45:681][415]LogModuleManager: Shutting down and abandoning module LightPropagationVolumeRuntime (85)
[2016.03.02-20.13.45:681][415]LogModuleManager: Shutting down and abandoning module Paper2D (84)
[2016.03.02-20.13.45:681][415]LogModuleManager: Shutting down and abandoning module WindowsMoviePlayer (83)
[2016.03.02-20.13.45:683][415]LogModuleManager: Shutting down and abandoning module Media (82)
[2016.03.02-20.13.45:683][415]LogModuleManager: Shutting down and abandoning module WmfMedia (81)
[2016.03.02-20.13.45:684][415]LogModuleManager: Shutting down and abandoning module OnlineBlueprintSupport (80)
[2016.03.02-20.13.45:684][415]LogModuleManager: Shutting down and abandoning module GameplayTasksEditor (79)
[2016.03.02-20.13.45:684][415]LogModuleManager: Shutting down and abandoning module PropertyEditor (78)
[2016.03.02-20.13.45:684][415]LogModuleManager: Shutting down and abandoning module BehaviorTreeEditor (77)
[2016.03.02-20.13.45:684][415]LogModuleManager: Shutting down and abandoning module FunctionalTesting (76)
[2016.03.02-20.13.45:684][415]LogModuleManager: Shutting down and abandoning module CollisionAnalyzer (75)
[2016.03.02-20.13.45:684][415]LogModuleManager: Shutting down and abandoning module WorkspaceMenuStructure (74)
[2016.03.02-20.13.45:684][415]LogModuleManager: Shutting down and abandoning module MessageLog (73)
[2016.03.02-20.13.45:684][415]LogModuleManager: Shutting down and abandoning module Sequencer (72)
[2016.03.02-20.13.45:684][415]LogModuleManager: Shutting down and abandoning module AssetTools (71)
[2016.03.02-20.13.45:684][415]LogModuleManager: Shutting down and abandoning module UMGEditor (70)
[2016.03.02-20.13.45:684][415]LogModuleManager: Shutting down and abandoning module UMG (69)
[2016.03.02-20.13.45:684][415]LogModuleManager: Shutting down and abandoning module Slate (68)
[2016.03.02-20.13.45:684][415]LogModuleManager: Shutting down and abandoning module EditorStyle (67)
[2016.03.02-20.13.45:686][415]LogModuleManager: Shutting down and abandoning module SessionServices (66)
[2016.03.02-20.13.45:686][415]LogModuleManager: Shutting down and abandoning module SourceCodeAccess (65)
[2016.03.02-20.13.45:686][415]LogModuleManager: Shutting down and abandoning module HeadMountedDisplay (64)
[2016.03.02-20.13.45:686][415]LogModuleManager: Shutting down and abandoning module XAudio2 (63)
[2016.03.02-20.13.45:686][415]LogModuleManager: Shutting down and abandoning module Networking (61)
[2016.03.02-20.13.45:686][415]LogModuleManager: Shutting down and abandoning module Core (60)
[2016.03.02-20.13.45:686][415]LogModuleManager: Shutting down and abandoning module KismetCompiler (59)
[2016.03.02-20.13.45:686][415]LogModuleManager: Shutting down and abandoning module PhysXFormats (58)
[2016.03.02-20.13.45:686][415]LogModuleManager: Shutting down and abandoning module MeshUtilities (57)
[2016.03.02-20.13.45:686][415]LogModuleManager: Shutting down and abandoning module DerivedDataCache (56)
[2016.03.02-20.13.45:709][415]LogDerivedDataCache: Shutdown
[2016.03.02-20.13.45:709][415]LogModuleManager: Shutting down and abandoning module ShaderFormatOpenGL (55)
[2016.03.02-20.13.45:709][415]LogModuleManager: Shutting down and abandoning module ShaderFormatD3D (54)
[2016.03.02-20.13.45:709][415]LogModuleManager: Shutting down and abandoning module MetalShaderFormat (53)
[2016.03.02-20.13.45:709][415]LogModuleManager: Shutting down and abandoning module TextureFormatUncompressed (52)
[2016.03.02-20.13.45:709][415]LogModuleManager: Shutting down and abandoning module TextureFormatPVR (51)
[2016.03.02-20.13.45:709][415]LogModuleManager: Shutting down and abandoning module TextureFormatIntelISPCTexComp (50)
[2016.03.02-20.13.45:709][415]LogModuleManager: Shutting down and abandoning module TextureFormatDXT (49)
[2016.03.02-20.13.45:709][415]LogModuleManager: Shutting down and abandoning module ImageWrapper (48)
[2016.03.02-20.13.45:709][415]LogModuleManager: Shutting down and abandoning module TextureFormatASTC (47)
[2016.03.02-20.13.45:709][415]LogModuleManager: Shutting down and abandoning module TextureFormatAndroid (46)
[2016.03.02-20.13.45:709][415]LogModuleManager: Shutting down and abandoning module AudioFormatOpus (45)
[2016.03.02-20.13.45:709][415]LogModuleManager: Shutting down and abandoning module AudioFormatOgg (44)
[2016.03.02-20.13.45:709][415]LogModuleManager: Shutting down and abandoning module AudioFormatADPCM (43)
[2016.03.02-20.13.45:709][415]LogModuleManager: Shutting down and abandoning module LinuxTargetPlatform (42)
[2016.03.02-20.13.45:709][415]LogModuleManager: Shutting down and abandoning module LinuxServerTargetPlatform (41)
[2016.03.02-20.13.45:709][415]LogModuleManager: Shutting down and abandoning module LinuxNoEditorTargetPlatform (40)
[2016.03.02-20.13.45:709][415]LogModuleManager: Shutting down and abandoning module Messaging (39)
[2016.03.02-20.13.45:709][415]LogModuleManager: Shutting down and abandoning module IOSTargetPlatform (38)
[2016.03.02-20.13.45:709][415]LogModuleManager: Shutting down and abandoning module HTML5TargetPlatform (37)
[2016.03.02-20.13.45:709][415]LogModuleManager: Shutting down and abandoning module Android_PVRTCTargetPlatform (36)
[2016.03.02-20.13.45:709][415]LogModuleManager: Shutting down and abandoning module Android_MultiTargetPlatform (35)
[2016.03.02-20.13.45:709][415]LogModuleManager: Shutting down and abandoning module Android_ETC2TargetPlatform (34)
[2016.03.02-20.13.45:709][415]LogModuleManager: Shutting down and abandoning module Android_ETC1TargetPlatform (33)
[2016.03.02-20.13.45:709][415]LogModuleManager: Shutting down and abandoning module Android_DXTTargetPlatform (32)
[2016.03.02-20.13.45:709][415]LogModuleManager: Shutting down and abandoning module Android_ATCTargetPlatform (31)
[2016.03.02-20.13.45:709][415]LogModuleManager: Shutting down and abandoning module Android_ASTCTargetPlatform (30)
[2016.03.02-20.13.45:709][415]LogModuleManager: Shutting down and abandoning module AndroidTargetPlatform (29)
[2016.03.02-20.13.45:709][415]LogModuleManager: Shutting down and abandoning module WindowsTargetPlatform (28)
[2016.03.02-20.13.45:709][415]LogModuleManager: Shutting down and abandoning module WindowsServerTargetPlatform (27)
[2016.03.02-20.13.45:709][415]LogModuleManager: Shutting down and abandoning module WindowsNoEditorTargetPlatform (26)
[2016.03.02-20.13.45:709][415]LogModuleManager: Shutting down and abandoning module WindowsClientTargetPlatform (25)
[2016.03.02-20.13.45:709][415]LogModuleManager: Shutting down and abandoning module AllDesktopTargetPlatform (24)
[2016.03.02-20.13.45:709][415]LogModuleManager: Shutting down and abandoning module TargetPlatform (23)
[2016.03.02-20.13.45:710][415]LogModuleManager: Shutting down and abandoning module InputCore (22)
[2016.03.02-20.13.45:710][415]LogModuleManager: Shutting down and abandoning module Settings (21)
[2016.03.02-20.13.45:710][415]LogModuleManager: Shutting down and abandoning module OnlineSubsystem (19)
[2016.03.02-20.13.45:710][415]LogModuleManager: Shutting down and abandoning module HTTP (18)
[2016.03.02-20.13.46:722][415]LogModuleManager: Shutting down and abandoning module XMPP (17)
[2016.03.02-20.13.46:722][415]LogModuleManager: Shutting down and abandoning module OculusRift (16)
[2016.03.02-20.13.46:722][415]LogModuleManager: Shutting down and abandoning module ExampleDeviceProfileSelector (15)
[2016.03.02-20.13.46:722][415]LogModuleManager: Shutting down and abandoning module TextureCompressor (14)
[2016.03.02-20.13.46:722][415]LogModuleManager: Shutting down and abandoning module ShaderCore (13)
[2016.03.02-20.13.46:722][415]LogModuleManager: Shutting down and abandoning module Landscape (12)
[2016.03.02-20.13.46:722][415]LogModuleManager: Shutting down and abandoning module SlateRHIRenderer (11)
[2016.03.02-20.13.46:723][415]LogModuleManager: Shutting down and abandoning module OpenGLDrv (10)
[2016.03.02-20.13.46:723][415]LogModuleManager: Shutting down and abandoning module D3D11RHI (9)
[2016.03.02-20.13.46:723][415]LogModuleManager: Shutting down and abandoning module AnimGraphRuntime (8)
[2016.03.02-20.13.46:723][415]LogModuleManager: Shutting down and abandoning module Renderer (7)
[2016.03.02-20.13.46:723][415]LogModuleManager: Shutting down and abandoning module Engine (6)
[2016.03.02-20.13.46:723][415]LogModuleManager: Shutting down and abandoning module CoreUObject (5)
[2016.03.02-20.13.46:723][415]LogModuleManager: Shutting down and abandoning module NetworkFile (4)
[2016.03.02-20.13.46:723][415]LogModuleManager: Shutting down and abandoning module StreamingFile (3)
[2016.03.02-20.13.46:723][415]LogModuleManager: Shutting down and abandoning module SandboxFile (2)
[2016.03.02-20.13.46:723][415]LogModuleManager: Shutting down and abandoning module PakFile (1)
[2016.03.02-20.13.46:724][415]LogExit: Exiting.
[2016.03.02-20.13.46:742][415]Log file closed, 03/02/16 21:13:46
