[2016.03.02-17.08.06:865][  0]Log file open, 03/02/16 18:08:06
[2016.03.02-17.08.06:865][  0]LogInit:Display: Running engine for game: speedron
[2016.03.02-17.08.06:865][  0]LogPlatformFile: Not using cached read wrapper
[2016.03.02-17.08.06:865][  0]LogInit:Display: RandInit(678501635) SRandInit(678501636).
[2016.03.02-17.08.06:865][  0]LogTaskGraph: Started task graph with 4 named threads and 7 total threads.
[2016.03.02-17.08.06:865][  0]LogStats: Stats thread started at 1.794261
[2016.03.02-17.08.06:865][  0]LogInit: Version: 4.10.4-2872498+++depot+UE4-Releases+4.10
[2016.03.02-17.08.06:865][  0]LogInit: API Version: 2758231
[2016.03.02-17.08.06:865][  0]LogInit: Compiled (64-bit): Feb 18 2016 15:47:04
[2016.03.02-17.08.06:865][  0]LogInit: Compiled with Visual C++: 19.00.23026.00
[2016.03.02-17.08.06:865][  0]LogInit: Build Configuration: Development
[2016.03.02-17.08.06:865][  0]LogInit: Branch Name: ++depot+UE4-Releases+4.10
[2016.03.02-17.08.06:865][  0]LogInit: Command line:  
[2016.03.02-17.08.06:865][  0]LogInit: Base directory: D:/programmes/unreal engine/Epic Games/4.10/Engine/Binaries/Win64/
[2016.03.02-17.08.06:865][  0]LogInit: Rocket: 1
[2016.03.02-17.08.06:871][  0]LogInit: Using libcurl 7.41.0
[2016.03.02-17.08.06:871][  0]LogInit:  - built for x86_64-pc-win32
[2016.03.02-17.08.06:871][  0]LogInit:  - supports SSL with WinSSL
[2016.03.02-17.08.06:871][  0]LogInit:  - other features:
[2016.03.02-17.08.06:871][  0]LogInit:      CURL_VERSION_SSL
[2016.03.02-17.08.06:871][  0]LogInit:      CURL_VERSION_IPV6
[2016.03.02-17.08.06:871][  0]LogInit:      CURL_VERSION_ASYNCHDNS
[2016.03.02-17.08.06:871][  0]LogInit:      CURL_VERSION_LARGEFILE
[2016.03.02-17.08.06:871][  0]LogInit:      CURL_VERSION_IDN
[2016.03.02-17.08.06:871][  0]LogInit:  CurlRequestOptions (configurable via config and command line):
[2016.03.02-17.08.06:871][  0]LogInit:  - bVerifyPeer = true  - Libcurl will verify peer certificate
[2016.03.02-17.08.06:871][  0]LogInit:  - bUseHttpProxy = false  - Libcurl will NOT use HTTP proxy
[2016.03.02-17.08.06:871][  0]LogInit:  - bDontReuseConnections = false  - Libcurl will reuse connections
[2016.03.02-17.08.06:871][  0]LogInit:  - CertBundlePath = nullptr  - Libcurl will use whatever was configured at build time.
[2016.03.02-17.08.06:877][  0]LogInit: Presizing for 0 objects not considered by GC, pre-allocating 0 bytes.
[2016.03.02-17.08.06:883][  0]LogInit: Object subsystem initialized
[2016.03.02-17.08.06:884][  0]LogInit: Selected Device Profile: [Windows]
[2016.03.02-17.08.06:884][  0]LogInit: Applying CVar settings loaded from the selected device profile: [Windows]
[2016.03.02-17.08.06:891][  0]LogInit: Computer: JAK852
[2016.03.02-17.08.06:891][  0]LogInit: User: Evann
[2016.03.02-17.08.06:891][  0]LogInit: CPU Page size=4096, Cores=4
[2016.03.02-17.08.06:891][  0]LogInit: High frequency timer resolution =3.312787 MHz
[2016.03.02-17.08.06:891][  0]LogMemory: Memory total: Physical=8.0GB (8GB approx)
[2016.03.02-17.08.06:891][  0]LogMemory: Platform Memory Stats for Windows
[2016.03.02-17.08.06:891][  0]LogMemory: Process Physical Memory: 56.13 MB used, 56.13 MB peak
[2016.03.02-17.08.06:891][  0]LogMemory: Process Virtual Memory: 56.71 MB used, 56.71 MB peak
[2016.03.02-17.08.06:891][  0]LogMemory: Physical Memory: 3760.14 MB used, 8175.23 MB total
[2016.03.02-17.08.06:891][  0]LogMemory: Virtual Memory: 382.64 MB used, 134217728.00 MB total
[2016.03.02-17.08.06:945][  0]LogTextLocalizationManager: No translations for ('fr-FR') exist, falling back to 'en' for localization and internationalization data.
[2016.03.02-17.08.07:345][  0]LogD3D11RHI: Found D3D11 adapter 0: AMD Radeon HD 7700 Series (Feature Level 11_0)
[2016.03.02-17.08.07:345][  0]LogD3D11RHI: Adapter has 1006MB of dedicated video memory, 0MB of dedicated system memory, and 4087MB of shared system memory, 2 output[s]
[2016.03.02-17.08.07:346][  0]LogD3D11RHI: Found D3D11 adapter 1: Microsoft Basic Render Driver (Feature Level 11_0)
[2016.03.02-17.08.07:346][  0]LogD3D11RHI: Adapter has 0MB of dedicated video memory, 0MB of dedicated system memory, and 4087MB of shared system memory, 0 output[s]
[2016.03.02-17.08.07:346][  0]LogD3D11RHI: Chosen D3D11 Adapter Id = 0
[2016.03.02-17.08.07:349][  0]LogD3D11RHI: !Direct3DDevice
[2016.03.02-17.08.07:349][  0]LogRHI: Texture pool is 704 MB (70% of 1006 MB)
[2016.03.02-17.08.07:354][  0]LogD3D11RHI: Async texture creation disabled: no driver support
[2016.03.02-17.08.07:364][  0]LogShaderCompilers: Guid format shader working directory is -27 characters bigger than the processId version (../../../../../../../Evann/Documents/Unreal Projects/speedron/speedron_BP/Intermediate/Shaders/WorkingDirectory/8320/).
[2016.03.02-17.08.07:365][  0]LogShaderCompilers: Cleaned the shader compiler working directory 'C:/Users/Evann/AppData/Local/Temp/UnrealShaderWorkingDir/99F2FCD045A4FF2F360AD8BAEAEA9B9F/'.
[2016.03.02-17.08.07:365][  0]LogShaderCompilers:Display: Using Local Shader Compiler.
[2016.03.02-17.08.09:219][  0]LogTemp:Display: Loaded TP AllDesktopTargetPlatform
[2016.03.02-17.08.09:223][  0]LogTemp:Display: Loaded TP WindowsClientTargetPlatform
[2016.03.02-17.08.09:228][  0]LogTemp:Display: Loaded TP WindowsNoEditorTargetPlatform
[2016.03.02-17.08.09:232][  0]LogTemp:Display: Loaded TP WindowsServerTargetPlatform
[2016.03.02-17.08.09:235][  0]LogTemp:Display: Loaded TP WindowsTargetPlatform
[2016.03.02-17.08.09:238][  0]LogTemp:Display: Loaded TP AndroidTargetPlatform
[2016.03.02-17.08.09:241][  0]LogTemp:Display: Loaded TP Android_ASTCTargetPlatform
[2016.03.02-17.08.09:244][  0]LogTemp:Display: Loaded TP Android_ATCTargetPlatform
[2016.03.02-17.08.09:246][  0]LogTemp:Display: Loaded TP Android_DXTTargetPlatform
[2016.03.02-17.08.09:249][  0]LogTemp:Display: Loaded TP Android_ETC1TargetPlatform
[2016.03.02-17.08.09:252][  0]LogTemp:Display: Loaded TP Android_ETC2TargetPlatform
[2016.03.02-17.08.09:258][  0]LogTemp:Display: Loaded TP Android_MultiTargetPlatform
[2016.03.02-17.08.09:258][  0]LogTemp:Display: Loaded TP Android_PVRTCTargetPlatform
[2016.03.02-17.08.09:259][  0]LogTemp:Display: Loaded TP HTML5TargetPlatform
[2016.03.02-17.08.09:274][  0]LogTemp:Display: Loaded TP IOSTargetPlatform
[2016.03.02-17.08.09:277][  0]LogTemp:Display: Loaded TP LinuxNoEditorTargetPlatform
[2016.03.02-17.08.09:279][  0]LogTemp:Display: Loaded TP LinuxServerTargetPlatform
[2016.03.02-17.08.09:282][  0]LogTemp:Display: Loaded TP LinuxTargetPlatform
[2016.03.02-17.08.09:282][  0]LogTargetPlatformManager:Display: Building Assets For Windows
[2016.03.02-17.08.09:360][  0]LogDerivedDataCache:Display: Max Cache Size: 512 MB
[2016.03.02-17.08.13:282][  0]LogDerivedDataCache: Loaded boot cache 3.90s 41MB C:/Users/Evann/AppData/Local/UnrealEngine/4.10/DerivedDataCache/Boot.ddc.
[2016.03.02-17.08.13:282][  0]LogDerivedDataCache:Display: Loaded Boot cache: C:/Users/Evann/AppData/Local/UnrealEngine/4.10/DerivedDataCache/Boot.ddc
[2016.03.02-17.08.13:291][  0]LogDerivedDataCache: FDerivedDataBackendGraph:  Pak pak cache file ../../../../../../../Evann/Documents/Unreal Projects/speedron/speedron_BP/DerivedDataCache/DDC.ddp not found, will not use a pak cache.
[2016.03.02-17.08.13:291][  0]LogDerivedDataCache: Unable to find inner node Pak for hierarchical cache Hierarchy.
[2016.03.02-17.08.13:291][  0]LogDerivedDataCache: FDerivedDataBackendGraph:  CompressedPak pak cache file ../../../../../../../Evann/Documents/Unreal Projects/speedron/speedron_BP/DerivedDataCache/Compressed.ddp not found, will not use a pak cache.
[2016.03.02-17.08.13:291][  0]LogDerivedDataCache: Unable to find inner node CompressedPak for hierarchical cache Hierarchy.
[2016.03.02-17.08.14:091][  0]LogDerivedDataCache:Display: Pak cache opened for reading ../../../Engine/DerivedDataCache/Compressed.ddp.
[2016.03.02-17.08.14:103][  0]LogDerivedDataCache: Using Local data cache path C:/Users/Evann/AppData/Local/UnrealEngine/Common/DerivedDataCache: Writable
[2016.03.02-17.08.45:187][  0]LogInit: Selected Device Profile: [Windows]
[2016.03.02-17.08.45:679][  0]LogContentStreaming: Texture pool size is 0.000000MB
[2016.03.02-17.08.52:027][  0]LogMeshUtilities: No automatic mesh reduction module available
[2016.03.02-17.08.52:027][  0]LogMeshUtilities: No automatic mesh merging module available
[2016.03.02-17.09.04:753][  0]LogInit: WinSock: version 1.1 (2.2), MaxSocks=32767, MaxUdp=65467
[2016.03.02-17.09.23:561][  0]LogAssetRegistry: FAssetRegistry took 0.0139 seconds to start up
[2016.03.02-17.09.23:737][  0]UdpMessaging: Initializing bridge on interface 0.0.0.0:0 to multicast group 230.0.0.1:6666.
[2016.03.02-17.09.30:809][  0]SourceControl: Info Source control is disabled
[2016.03.02-17.09.30:828][  0]SourceControl: Info Source control is disabled
[2016.03.02-17.09.30:902][  0]SourceControl: Info Source control is disabled
[2016.03.02-17.09.31:009][  0]SourceControl: Info Source control is disabled
[2016.03.02-17.09.32:437][  0]LogObj: 28803 objects as part of root set at end of initial load.
[2016.03.02-17.09.32:437][  0]LogUObjectAllocator: 6130056 out of 0 bytes used by permanent object pool.
[2016.03.02-17.09.33:201][  0]LogEngine: Initializing Engine...
[2016.03.02-17.09.33:217][  0]LogHMD: Can't find Oculus library dev build: is proper Runtime installed? Version: 0.8.0.0
[2016.03.02-17.09.33:298][  0]LogHMD: SteamVR failed to initialize.  Err: 110
[2016.03.02-17.09.35:119][  0]LogAIModule: Creating AISystem for world NewWorld
[2016.03.02-17.09.35:784][  0]LogInit: XAudio2 using 'Haut-parleurs (Realtek High Definition Audio)' : 2 channels at 48 kHz using 32 bits per sample (channel mask 0x3)
[2016.03.02-17.09.35:811][  0]LogInit: FAudioDevice initialized.
[2016.03.02-17.09.35:830][  0]LogDerivedDataCache: Saved boot cache 0.02s 41MB C:/Users/Evann/AppData/Local/UnrealEngine/4.10/DerivedDataCache/Boot.ddc.
[2016.03.02-17.09.35:833][  0]LogInit: Texture streaming: Enabled
[2016.03.02-17.09.36:509][  0]LogAnalytics: Creating configured Analytics provider AnalyticsET
[2016.03.02-17.09.36:640][  0]LogAnalytics: [UEEditor.Rocket.Release] APIServer = http://et2.epicgames.com/ET2/. AppVersion = 4.10.4-2872498+++depot+UE4-Releases+4.10
[2016.03.02-17.09.36:640][  0]LogAnalytics: [UEEditor.Rocket.Release] SetUserId fd7fcd6145c2d49cfe7e4393ff2be6d0|268d3e625b094d6baa5bbf4050d265fa|823c25f2-e8e2-48bc-85ba-fee7c8358a4d
[2016.03.02-17.09.36:732][  0]LogAnalytics: [UEEditor.Rocket.Release] AnalyticsET::StartSession
[2016.03.02-17.09.37:144][  0]LogInit: Transaction tracking system initialized
[2016.03.02-17.09.40:819][  0]BlueprintLog: New page: Editor Load
[2016.03.02-17.09.46:129][  0]LocalizationService: Info Localization service is disabled
[2016.03.02-17.09.50:836][  0]LogConsoleResponse:Display: 
[2016.03.02-17.09.55:433][  0]LogFileCache: Scanning file cache for directory 'D:/Evann/Documents/Unreal Projects/speedron/speedron_BP/Content/' took 0.01s
[2016.03.02-17.09.55:433][  0]LogCook:Display: Done creating registry. It took  0.00s.
[2016.03.02-17.09.59:278][  0]SourceControl: Info Source control is disabled
[2016.03.02-17.09.59:525][  0]Cmd: MAP LOAD FILE="../../../../../../../Evann/Documents/Unreal Projects/speedron/speedron_BP/Content/TwinStickBP/Maps/TwinStickExampleMap.umap" TEMPLATE=0 SHOWPROGRESS=1 FEATURELEVEL=3
[2016.03.02-17.09.59:539][  0]LightingResults: New page: Lighting Build
[2016.03.02-17.09.59:953][  0]MapCheck: New page: Map Check
[2016.03.02-17.09.59:953][  0]LightingResults: New page: Lighting Build
[2016.03.02-17.10.00:664][  0]LogParticles: Destroying 0 GPU particle simulations for FXSystem 0x0000027315C88FE0
[2016.03.02-17.10.07:483][  0]LogAIModule: Creating AISystem for world TwinStickExampleMap
[2016.03.02-17.10.08:000][  0]LogPrimitiveComponent: Zero scaling not supported (/Game/TwinStickBP/Maps/TwinStickExampleMap.TwinStickExampleMap:PersistentLevel.Cube_4.StaticMeshComponent0)
[2016.03.02-17.10.08:271][  0]LogEditorServer: Finished looking for orphan Actors (0.000 secs)
[2016.03.02-17.10.08:363][  0]Cmd: MAP CHECKDEP NOCLEARLOG
[2016.03.02-17.10.08:475][  0]MapCheck:Warning: Warning StaticMeshComponent0 StaticMeshComponent /Game/TwinStickBP/Maps/TwinStickExampleMap.TwinStickExampleMap:PersistentLevel.TemplateCube_Rounded_19.StaticMeshComponent0 : Externally referenced 
[2016.03.02-17.10.08:475][  0]MapCheck:Warning: Warning StaticMeshComponent0 StaticMeshComponent /Game/TwinStickBP/Maps/TwinStickExampleMap.TwinStickExampleMap:PersistentLevel.TemplateCube_Rounded_20.StaticMeshComponent0 : Externally referenced 
[2016.03.02-17.10.08:475][  0]MapCheck:Warning: Warning StaticMeshComponent0 StaticMeshComponent /Game/TwinStickBP/Maps/TwinStickExampleMap.TwinStickExampleMap:PersistentLevel.TemplateCube_Rounded_21.StaticMeshComponent0 : Externally referenced 
[2016.03.02-17.10.08:475][  0]MapCheck:Warning: Warning StaticMeshComponent0 StaticMeshComponent /Game/TwinStickBP/Maps/TwinStickExampleMap.TwinStickExampleMap:PersistentLevel.TemplateCube_Rounded_22.StaticMeshComponent0 : Externally referenced 
[2016.03.02-17.10.08:475][  0]MapCheck:Warning: Warning StaticMeshComponent0 StaticMeshComponent /Game/TwinStickBP/Maps/TwinStickExampleMap.TwinStickExampleMap:PersistentLevel.TemplateCube_Rounded_23.StaticMeshComponent0 : Externally referenced 
[2016.03.02-17.10.08:475][  0]MapCheck:Warning: Warning StaticMeshComponent0 StaticMeshComponent /Game/TwinStickBP/Maps/TwinStickExampleMap.TwinStickExampleMap:PersistentLevel.TemplateCube_Rounded_24.StaticMeshComponent0 : Externally referenced 
[2016.03.02-17.10.08:475][  0]MapCheck:Warning: Warning StaticMeshComponent0 StaticMeshComponent /Game/TwinStickBP/Maps/TwinStickExampleMap.TwinStickExampleMap:PersistentLevel.TemplateCube_Rounded_3.StaticMeshComponent0 : Externally referenced 
[2016.03.02-17.10.08:475][  0]MapCheck:Warning: Warning TwinStickPawn_C_2 TwinStickPawn_C /Game/TwinStickBP/Maps/TwinStickExampleMap.TwinStickExampleMap:PersistentLevel.TwinStickPawn_C_2 : Externally referenced 
[2016.03.02-17.10.08:475][  0]MapCheck:Warning: Warning ShipMeshComponent StaticMeshComponent /Game/TwinStickBP/Maps/TwinStickExampleMap.TwinStickExampleMap:PersistentLevel.TwinStickPawn_C_2.ShipMeshComponent : Externally referenced 
[2016.03.02-17.10.08:475][  0]MapCheck:Warning: Warning StaticMeshComponent0 StaticMeshComponent /Game/TwinStickBP/Maps/TwinStickExampleMap.TwinStickExampleMap:PersistentLevel.Wall1_17.StaticMeshComponent0 : Externally referenced 
[2016.03.02-17.10.08:475][  0]MapCheck:Warning: Warning StaticMeshComponent0 StaticMeshComponent /Game/TwinStickBP/Maps/TwinStickExampleMap.TwinStickExampleMap:PersistentLevel.Floor_18.StaticMeshComponent0 : Externally referenced 
[2016.03.02-17.10.08:475][  0]MapCheck:Warning: Warning StaticMeshComponent0 StaticMeshComponent /Game/TwinStickBP/Maps/TwinStickExampleMap.TwinStickExampleMap:PersistentLevel.Obstacle1_2.StaticMeshComponent0 : Externally referenced 
[2016.03.02-17.10.08:475][  0]MapCheck:Warning: Warning StaticMeshComponent0 StaticMeshComponent /Game/TwinStickBP/Maps/TwinStickExampleMap.TwinStickExampleMap:PersistentLevel.Obstacle2_3.StaticMeshComponent0 : Externally referenced 
[2016.03.02-17.10.08:475][  0]MapCheck:Warning: Warning StaticMeshComponent0 StaticMeshComponent /Game/TwinStickBP/Maps/TwinStickExampleMap.TwinStickExampleMap:PersistentLevel.Wall1_17.StaticMeshComponent0 : Externally referenced 
[2016.03.02-17.10.08:475][  0]MapCheck:Warning: Warning StaticMeshComponent0 StaticMeshComponent /Game/TwinStickBP/Maps/TwinStickExampleMap.TwinStickExampleMap:PersistentLevel.Wall5.StaticMeshComponent0 : Externally referenced 
[2016.03.02-17.10.08:476][  0]MapCheck:Warning: Warning StaticMeshComponent0 StaticMeshComponent /Game/TwinStickBP/Maps/TwinStickExampleMap.TwinStickExampleMap:PersistentLevel.Wall6.StaticMeshComponent0 : Externally referenced 
[2016.03.02-17.10.08:476][  0]MapCheck:Warning: Warning StaticMeshComponent0 StaticMeshComponent /Game/TwinStickBP/Maps/TwinStickExampleMap.TwinStickExampleMap:PersistentLevel.Wall7.StaticMeshComponent0 : Externally referenced 
[2016.03.02-17.10.08:476][  0]MapCheck:Warning: Warning StaticMeshComponent0 StaticMeshComponent /Game/TwinStickBP/Maps/TwinStickExampleMap.TwinStickExampleMap:PersistentLevel.TemplateCube_Rounded_19.StaticMeshComponent0 : Externally referenced 
[2016.03.02-17.10.08:476][  0]MapCheck:Warning: Warning StaticMeshComponent0 StaticMeshComponent /Game/TwinStickBP/Maps/TwinStickExampleMap.TwinStickExampleMap:PersistentLevel.TemplateCube_Rounded_20.StaticMeshComponent0 : Externally referenced 
[2016.03.02-17.10.08:476][  0]MapCheck:Warning: Warning StaticMeshComponent0 StaticMeshComponent /Game/TwinStickBP/Maps/TwinStickExampleMap.TwinStickExampleMap:PersistentLevel.TemplateCube_Rounded_21.StaticMeshComponent0 : Externally referenced 
[2016.03.02-17.10.08:476][  0]MapCheck:Warning: Warning StaticMeshComponent0 StaticMeshComponent /Game/TwinStickBP/Maps/TwinStickExampleMap.TwinStickExampleMap:PersistentLevel.TemplateCube_Rounded_22.StaticMeshComponent0 : Externally referenced 
[2016.03.02-17.10.08:476][  0]MapCheck:Warning: Warning StaticMeshComponent0 StaticMeshComponent /Game/TwinStickBP/Maps/TwinStickExampleMap.TwinStickExampleMap:PersistentLevel.TemplateCube_Rounded_23.StaticMeshComponent0 : Externally referenced 
[2016.03.02-17.10.08:476][  0]MapCheck:Warning: Warning StaticMeshComponent0 StaticMeshComponent /Game/TwinStickBP/Maps/TwinStickExampleMap.TwinStickExampleMap:PersistentLevel.TemplateCube_Rounded_24.StaticMeshComponent0 : Externally referenced 
[2016.03.02-17.10.08:476][  0]MapCheck:Warning: Warning StaticMeshComponent0 StaticMeshComponent /Game/TwinStickBP/Maps/TwinStickExampleMap.TwinStickExampleMap:PersistentLevel.TemplateCube_Rounded_3.StaticMeshComponent0 : Externally referenced 
[2016.03.02-17.10.08:476][  0]MapCheck: Info Map check complete: 0 Error(s), 24 Warning(s), took 112.901ms to complete.
[2016.03.02-17.10.08:734][  0]LogFileHelpers: Loading map 'TwinStickExampleMap' took 9.254
[2016.03.02-17.10.12:684][  0]LogCollectionManager: Loaded 0 collections in 0.004415 seconds
[2016.03.02-17.10.13:073][  0]LogFileCache: Scanning file cache for directory 'D:/Evann/Documents/Unreal Projects/speedron/speedron_BP/Saved/Collections/' took 0.01s
[2016.03.02-17.10.13:073][  0]LogFileCache: Scanning file cache for directory 'D:/Evann/Documents/Unreal Projects/speedron/speedron_BP/Content/Developers/Evann/Collections/' took 0.01s
[2016.03.02-17.10.13:073][  0]LogFileCache: Scanning file cache for directory 'D:/Evann/Documents/Unreal Projects/speedron/speedron_BP/Content/Collections/' took 0.01s
[2016.03.02-17.10.13:073][  0]LogCollectionManager: Rebuilt the GUID cache for 0 collections in 0.000003 seconds
[2016.03.02-17.10.13:203][  0]LogContentBrowser: Native class hierarchy populated in 0.0610 seconds. Added 1908 classes and 344 folders.
[2016.03.02-17.10.13:451][  0]LogContentBrowser: Native class hierarchy updated for 'WidgetCarousel' in 0.0007 seconds. Added 0 classes and 0 folders.
[2016.03.02-17.10.17:457][  0]LogContentBrowser: Native class hierarchy updated for 'AddContentDialog' in 0.0004 seconds. Added 0 classes and 0 folders.
[2016.03.02-17.10.17:516][  0]LogContentBrowser: Native class hierarchy updated for 'SceneOutliner' in 0.0004 seconds. Added 1 classes and 2 folders.
[2016.03.02-17.10.18:842][  0]LogCrashTracker: Crashtracker disabled due to settings.
[2016.03.02-17.10.19:091][  0]LogUObjectGlobals:Warning: Failed to find object 'Class None.'
[2016.03.02-17.10.19:182][  0]LogLoad: Full Startup: 135.25 seconds (BP compile: 2.13 seconds)
[2016.03.02-17.10.19:564][  0]LogOcInput: Can't find Oculus library dev build: is proper Runtime installed? Version: 0.8.0.0
[2016.03.02-17.10.19:938][  0]LogContentStreaming: Texture pool size now 1000 MB
[2016.03.02-17.10.20:755][  0]LogRenderer: Reallocating scene render targets to support 1208x572 (Frame:2).
[2016.03.02-17.10.23:126][  6]LogAssetRegistry: Asset discovery search completed in 59.5774 seconds
[2016.03.02-17.10.23:126][  6]LogCollectionManager: Rebuilt the object cache for 0 collections in 0.000002 seconds (found 0 objects)
[2016.03.02-17.10.23:126][  6]LogCollectionManager: Fixed up redirectors for 0 collections in 0.000056 seconds (updated 0 objects)
[2016.03.02-17.10.30:386][388]LogLinker:Warning: Asset '../../../Engine/Content/ArtTools/RenderToTexture/Macros/RenderToTextureMacros.uasset' has been saved with empty engine version. The asset will be loaded but may be incompatible.
[2016.03.02-17.10.31:274][388]LogContentBrowser: Native class hierarchy updated for 'BlueprintGraph' in 0.0007 seconds. Added 107 classes and 0 folders.
[2016.03.02-17.10.45:604][474]LogActorComponent: UnregisterComponent: (/Engine/Transient.ProjectileMovementComponent_8) Not registered. Aborting.
[2016.03.02-17.10.45:605][474]LogActorComponent: UnregisterComponent: (/Engine/Transient.FloatingPawnMovement_GEN_VARIABLE) Not registered. Aborting.
[2016.03.02-17.10.45:634][474]LogParticles: Destroying 0 GPU particle simulations for FXSystem 0x000002731DD19DA0
[2016.03.02-17.10.45:736][474]LogWindowsTextInputMethodSystem:Display: IME system now deactivated.
[2016.03.02-17.10.45:982][475]Cmd: QUIT_EDITOR
[2016.03.02-17.10.46:234][475]LogExit: Preparing to exit.
[2016.03.02-17.10.47:270][475]LogExit: Editor shut down
[2016.03.02-17.10.47:270][475]LogExit: Transaction tracking system shut down
[2016.03.02-17.10.47:335][475]LogParticles: Destroying 0 GPU particle simulations for FXSystem 0x0000027308018900
[2016.03.02-17.10.47:336][475]LogParticles: Destroying 0 GPU particle simulations for FXSystem 0x000002731DD18400
[2016.03.02-17.10.47:336][475]LogParticles: Destroying 0 GPU particle simulations for FXSystem 0x0000027323766C00
[2016.03.02-17.10.47:336][475]LogParticles: Destroying 0 GPU particle simulations for FXSystem 0x0000027323764A40
[2016.03.02-17.10.47:336][475]LogParticles: Destroying 0 GPU particle simulations for FXSystem 0x0000027307F8B740
[2016.03.02-17.10.48:418][475]LogExit: Object subsystem successfully closed.
[2016.03.02-17.10.48:521][475]LogD3D11RHI: Shutdown
[2016.03.02-17.10.48:521][475]LogD3D11RHI: CleanupD3DDevice
[2016.03.02-17.10.48:625][475]LogD3D11RHI: ~FD3D11DynamicRHI
[2016.03.02-17.10.48:911][475]LogModuleManager: Shutting down and abandoning module BlueprintGraph (201)
[2016.03.02-17.10.48:911][475]LogModuleManager: Shutting down and abandoning module CrashTracker (200)
[2016.03.02-17.10.48:911][475]LogModuleManager: Shutting down and abandoning module SceneOutliner (199)
[2016.03.02-17.10.48:911][475]LogModuleManager: Shutting down and abandoning module SuperSearch (198)
[2016.03.02-17.10.48:911][475]LogModuleManager: Shutting down and abandoning module WidgetCarousel (197)
[2016.03.02-17.10.48:911][475]LogModuleManager: Shutting down and abandoning module AddContentDialog (196)
[2016.03.02-17.10.48:912][475]LogModuleManager: Shutting down and abandoning module EditorWidgets (195)
[2016.03.02-17.10.48:912][475]LogModuleManager: Shutting down and abandoning module CollectionManager (194)
[2016.03.02-17.10.48:912][475]LogModuleManager: Shutting down and abandoning module StatsViewer (193)
[2016.03.02-17.10.48:912][475]LogModuleManager: Shutting down and abandoning module FoliageEdit (192)
[2016.03.02-17.10.48:912][475]LogModuleManager: Shutting down and abandoning module LandscapeEditor (191)
[2016.03.02-17.10.48:927][475]LogModuleManager: Shutting down and abandoning module ActorPickerMode (190)
[2016.03.02-17.10.48:927][475]LogModuleManager: Shutting down and abandoning module GeometryMode (189)
[2016.03.02-17.10.48:927][475]LogModuleManager: Shutting down and abandoning module TextureAlignMode (188)
[2016.03.02-17.10.48:927][475]LogModuleManager: Shutting down and abandoning module BspMode (187)
[2016.03.02-17.10.48:927][475]LogModuleManager: Shutting down and abandoning module PlacementMode (186)
[2016.03.02-17.10.48:927][475]LogModuleManager: Shutting down and abandoning module AutomationWorker (185)
[2016.03.02-17.10.48:927][475]LogModuleManager: Shutting down and abandoning module CharacterAI (184)
[2016.03.02-17.10.48:927][475]LogModuleManager: Shutting down and abandoning module SmartSnapping (183)
[2016.03.02-17.10.48:927][475]LogModuleManager: Shutting down and abandoning module ViewportSnapping (182)
[2016.03.02-17.10.48:927][475]LogModuleManager: Shutting down and abandoning module LogVisualizer (181)
[2016.03.02-17.10.48:927][475]LogModuleManager: Shutting down and abandoning module GameProjectGeneration (180)
[2016.03.02-17.10.48:948][475]LogModuleManager: Shutting down and abandoning module IntroTutorials (179)
[2016.03.02-17.10.48:948][475]LogModuleManager: Shutting down and abandoning module EditorLiveStreaming (178)
[2016.03.02-17.10.48:948][475]LogModuleManager: Shutting down and abandoning module IOSPlatformEditor (177)
[2016.03.02-17.10.48:948][475]LogModuleManager: Shutting down and abandoning module HTML5PlatformEditor (176)
[2016.03.02-17.10.48:948][475]LogModuleManager: Shutting down and abandoning module AndroidDeviceDetection (175)
[2016.03.02-17.10.49:026][475]LogModuleManager: Shutting down and abandoning module AndroidPlatformEditor (174)
[2016.03.02-17.10.49:026][475]LogModuleManager: Shutting down and abandoning module IOSRuntimeSettings (173)
[2016.03.02-17.10.49:026][475]LogModuleManager: Shutting down and abandoning module AndroidRuntimeSettings (172)
[2016.03.02-17.10.49:026][475]LogModuleManager: Shutting down and abandoning module MergeActors (171)
[2016.03.02-17.10.49:026][475]LogModuleManager: Shutting down and abandoning module SizeMap (170)
[2016.03.02-17.10.49:026][475]LogModuleManager: Shutting down and abandoning module TreeMap (169)
[2016.03.02-17.10.49:026][475]LogModuleManager: Shutting down and abandoning module ReferenceViewer (168)
[2016.03.02-17.10.49:026][475]LogModuleManager: Shutting down and abandoning module LocalizationService (167)
[2016.03.02-17.10.49:026][475]LogModuleManager: Shutting down and abandoning module LocalizationDashboard (166)
[2016.03.02-17.10.49:044][475]LogModuleManager: Shutting down and abandoning module HardwareTargeting (165)
[2016.03.02-17.10.49:044][475]LogModuleManager: Shutting down and abandoning module DeviceProfileEditor (164)
[2016.03.02-17.10.49:044][475]LogModuleManager: Shutting down and abandoning module UndoHistory (163)
[2016.03.02-17.10.49:044][475]LogModuleManager: Shutting down and abandoning module GameplayTagsEditor (162)
[2016.03.02-17.10.49:044][475]LogModuleManager: Shutting down and abandoning module UserFeedback (161)
[2016.03.02-17.10.49:044][475]LogModuleManager: Shutting down and abandoning module XmlParser (160)
[2016.03.02-17.10.49:044][475]LogModuleManager: Shutting down and abandoning module Blutility (159)
[2016.03.02-17.10.49:044][475]LogModuleManager: Shutting down and abandoning module ProjectTargetPlatformEditor (158)
[2016.03.02-17.10.49:044][475]LogModuleManager: Shutting down and abandoning module ProjectSettingsViewer (157)
[2016.03.02-17.10.49:044][475]LogModuleManager: Shutting down and abandoning module InputBindingEditor (156)
[2016.03.02-17.10.49:045][475]LogModuleManager: Shutting down and abandoning module EditorSettingsViewer (155)
[2016.03.02-17.10.49:045][475]LogModuleManager: Shutting down and abandoning module SettingsEditor (154)
[2016.03.02-17.10.49:045][475]LogModuleManager: Shutting down and abandoning module ProjectLauncher (153)
[2016.03.02-17.10.49:055][475]LogModuleManager: Shutting down and abandoning module SessionFrontend (152)
[2016.03.02-17.10.49:055][475]LogModuleManager: Shutting down and abandoning module ProfilerClient (151)
[2016.03.02-17.10.49:068][475]LogModuleManager: Shutting down and abandoning module TargetDeviceServices (150)
[2016.03.02-17.10.49:068][475]LogModuleManager: Shutting down and abandoning module DeviceManager (149)
[2016.03.02-17.10.49:068][475]LogModuleManager: Shutting down and abandoning module AutomationController (148)
[2016.03.02-17.10.49:068][475]LogModuleManager: Shutting down and abandoning module AutomationWindow (147)
[2016.03.02-17.10.49:070][475]LogModuleManager: Shutting down and abandoning module Layers (146)
[2016.03.02-17.10.49:081][475]LogModuleManager: Shutting down and abandoning module ComponentVisualizers (145)
[2016.03.02-17.10.49:081][475]LogModuleManager: Shutting down and abandoning module DetailCustomizations (144)
[2016.03.02-17.10.49:081][475]LogModuleManager: Shutting down and abandoning module PackagesDialog (143)
[2016.03.02-17.10.49:081][475]LogModuleManager: Shutting down and abandoning module Persona (142)
[2016.03.02-17.10.49:100][475]LogModuleManager: Shutting down and abandoning module Kismet (141)
[2016.03.02-17.10.49:100][475]LogModuleManager: Shutting down and abandoning module GraphEditor (140)
[2016.03.02-17.10.49:100][475]LogModuleManager: Shutting down and abandoning module ClassViewer (139)
[2016.03.02-17.10.49:100][475]LogModuleManager: Shutting down and abandoning module Toolbox (138)
[2016.03.02-17.10.49:100][475]LogModuleManager: Shutting down and abandoning module ModuleUI (137)
[2016.03.02-17.10.49:114][475]LogModuleManager: Shutting down and abandoning module MovieSceneTools (136)
[2016.03.02-17.10.49:114][475]LogModuleManager: Shutting down and abandoning module OutputLog (135)
[2016.03.02-17.10.49:114][475]LogModuleManager: Shutting down and abandoning module GammaUI (134)
[2016.03.02-17.10.49:125][475]LogModuleManager: Shutting down and abandoning module Documentation (133)
[2016.03.02-17.10.49:125][475]LogModuleManager: Shutting down and abandoning module GameLiveStreaming (132)
[2016.03.02-17.10.49:125][475]LogModuleManager: Shutting down and abandoning module StreamingPauseRendering (131)
[2016.03.02-17.10.49:125][475]LogModuleManager: Shutting down and abandoning module AnalyticsET (130)
[2016.03.02-17.10.49:125][475]LogModuleManager: Shutting down and abandoning module Analytics (129)
[2016.03.02-17.10.49:125][475]LogModuleManager: Shutting down and abandoning module AITestSuite (128)
[2016.03.02-17.10.49:125][475]LogModuleManager: Shutting down and abandoning module GameplayDebugger (127)
[2016.03.02-17.10.49:125][475]LogModuleManager: Shutting down and abandoning module AIModule (126)
[2016.03.02-17.10.49:125][475]LogModuleManager: Shutting down and abandoning module ProfilerService (125)
[2016.03.02-17.10.49:133][475]LogModuleManager: Shutting down and abandoning module TaskGraph (124)
[2016.03.02-17.10.49:145][475]LogModuleManager: Shutting down and abandoning module SubstanceEditor (123)
[2016.03.02-17.10.49:160][475]LogModuleManager: Shutting down and abandoning module SlateRemote (122)
[2016.03.02-17.10.49:160][475]LogModuleManager: Shutting down and abandoning module SteamVRController (121)
[2016.03.02-17.10.49:160][475]LogModuleManager: Shutting down and abandoning module SteamVR (120)
[2016.03.02-17.10.49:160][475]LogModuleManager: Shutting down and abandoning module ProceduralMeshComponent (119)
[2016.03.02-17.10.49:160][475]LogModuleManager: Shutting down and abandoning module OculusLibrary (118)
[2016.03.02-17.10.49:160][475]LogModuleManager: Shutting down and abandoning module OculusInput (117)
[2016.03.02-17.10.49:160][475]LogModuleManager: Shutting down and abandoning module LeapMotionController (116)
[2016.03.02-17.10.49:173][475]LogModuleManager: Shutting down and abandoning module CustomMeshComponent (115)
[2016.03.02-17.10.49:173][475]LogModuleManager: Shutting down and abandoning module CableComponent (114)
[2016.03.02-17.10.49:173][475]LogModuleManager: Shutting down and abandoning module ArchVisCharacter (113)
[2016.03.02-17.10.49:173][475]LogModuleManager: Shutting down and abandoning module MessagingDebugger (112)
[2016.03.02-17.10.49:190][475]LogModuleManager: Shutting down and abandoning module MediaPlayerEditor (111)
[2016.03.02-17.10.49:197][475]LogModuleManager: Shutting down and abandoning module HTML5Networking (110)
[2016.03.02-17.10.49:197][475]LogModuleManager: Shutting down and abandoning module SpeedTreeImporter (109)
[2016.03.02-17.10.49:197][475]LogModuleManager: Shutting down and abandoning module PluginBrowser (108)
[2016.03.02-17.10.49:205][475]LogModuleManager: Shutting down and abandoning module EpicSurvey (107)
[2016.03.02-17.10.49:205][475]LogModuleManager: Shutting down and abandoning module DesktopPlatform (106)
[2016.03.02-17.10.49:220][475]LogModuleManager: Shutting down and abandoning module VisualStudioSourceCodeAccess (105)
[2016.03.02-17.10.49:220][475]LogModuleManager: Shutting down and abandoning module UObjectPlugin (104)
[2016.03.02-17.10.49:220][475]LogModuleManager: Shutting down and abandoning module SubversionSourceControl (103)
[2016.03.02-17.10.49:220][475]LogModuleManager: Shutting down and abandoning module PerforceSourceControl (102)
[2016.03.02-17.10.49:220][475]LogModuleManager: Shutting down and abandoning module SourceControl (101)
[2016.03.02-17.10.49:227][475]LogModuleManager: Shutting down and abandoning module GitSourceControl (100)
[2016.03.02-17.10.49:227][475]LogModuleManager: Shutting down and abandoning module LightPropagationVolumeEditor (99)
[2016.03.02-17.10.49:227][475]LogModuleManager: Shutting down and abandoning module PaperTiledImporter (98)
[2016.03.02-17.10.49:227][475]LogModuleManager: Shutting down and abandoning module PaperSpriteSheetImporter (97)
[2016.03.02-17.10.49:227][475]LogModuleManager: Shutting down and abandoning module MeshPaint (96)
[2016.03.02-17.10.49:227][475]LogModuleManager: Shutting down and abandoning module SlateReflector (95)
[2016.03.02-17.10.49:239][475]LogModuleManager: Shutting down and abandoning module HotReload (94)
[2016.03.02-17.10.49:239][475]LogModuleManager: Shutting down and abandoning module MainFrame (93)
[2016.03.02-17.10.49:239][475]LogModuleManager: Shutting down and abandoning module LevelEditor (92)
[2016.03.02-17.10.49:253][475]LogModuleManager: Shutting down and abandoning module ContentBrowser (91)
[2016.03.02-17.10.49:254][475]LogModuleManager: Shutting down and abandoning module Paper2DEditor (90)
[2016.03.02-17.10.49:263][475]LogModuleManager: Shutting down and abandoning module UdpMessaging (89)
[2016.03.02-17.10.49:364][475]LogModuleManager: Shutting down and abandoning module DirectoryWatcher (88)
[2016.03.02-17.10.49:364][475]LogModuleManager: Shutting down and abandoning module AssetRegistry (87)
[2016.03.02-17.10.49:425][475]LogModuleManager: Shutting down and abandoning module SubstanceCore (86)
[2016.03.02-17.10.49:439][475]LogModuleManager: Shutting down and abandoning module LightPropagationVolumeRuntime (85)
[2016.03.02-17.10.49:439][475]LogModuleManager: Shutting down and abandoning module Paper2D (84)
[2016.03.02-17.10.49:440][475]LogModuleManager: Shutting down and abandoning module WindowsMoviePlayer (83)
[2016.03.02-17.10.49:441][475]LogModuleManager: Shutting down and abandoning module Media (82)
[2016.03.02-17.10.49:442][475]LogModuleManager: Shutting down and abandoning module WmfMedia (81)
[2016.03.02-17.10.49:442][475]LogModuleManager: Shutting down and abandoning module OnlineBlueprintSupport (80)
[2016.03.02-17.10.49:442][475]LogModuleManager: Shutting down and abandoning module GameplayTasksEditor (79)
[2016.03.02-17.10.49:442][475]LogModuleManager: Shutting down and abandoning module PropertyEditor (78)
[2016.03.02-17.10.49:442][475]LogModuleManager: Shutting down and abandoning module BehaviorTreeEditor (77)
[2016.03.02-17.10.49:458][475]LogModuleManager: Shutting down and abandoning module FunctionalTesting (76)
[2016.03.02-17.10.49:458][475]LogModuleManager: Shutting down and abandoning module CollisionAnalyzer (75)
[2016.03.02-17.10.49:458][475]LogModuleManager: Shutting down and abandoning module WorkspaceMenuStructure (74)
[2016.03.02-17.10.49:458][475]LogModuleManager: Shutting down and abandoning module MessageLog (73)
[2016.03.02-17.10.49:458][475]LogModuleManager: Shutting down and abandoning module Sequencer (72)
[2016.03.02-17.10.49:459][475]LogModuleManager: Shutting down and abandoning module AssetTools (71)
[2016.03.02-17.10.49:483][475]LogModuleManager: Shutting down and abandoning module UMGEditor (70)
[2016.03.02-17.10.49:510][475]LogModuleManager: Shutting down and abandoning module UMG (69)
[2016.03.02-17.10.49:532][475]LogModuleManager: Shutting down and abandoning module Slate (68)
[2016.03.02-17.10.49:532][475]LogModuleManager: Shutting down and abandoning module EditorStyle (67)
[2016.03.02-17.10.49:534][475]LogModuleManager: Shutting down and abandoning module SessionServices (66)
[2016.03.02-17.10.49:534][475]LogModuleManager: Shutting down and abandoning module SourceCodeAccess (65)
[2016.03.02-17.10.49:534][475]LogModuleManager: Shutting down and abandoning module HeadMountedDisplay (64)
[2016.03.02-17.10.49:534][475]LogModuleManager: Shutting down and abandoning module XAudio2 (63)
[2016.03.02-17.10.49:534][475]LogModuleManager: Shutting down and abandoning module Networking (61)
[2016.03.02-17.10.49:534][475]LogModuleManager: Shutting down and abandoning module Core (60)
[2016.03.02-17.10.49:534][475]LogModuleManager: Shutting down and abandoning module KismetCompiler (59)
[2016.03.02-17.10.49:534][475]LogModuleManager: Shutting down and abandoning module PhysXFormats (58)
[2016.03.02-17.10.49:534][475]LogModuleManager: Shutting down and abandoning module MeshUtilities (57)
[2016.03.02-17.10.49:535][475]LogModuleManager: Shutting down and abandoning module DerivedDataCache (56)
[2016.03.02-17.10.49:636][475]LogDerivedDataCache: Shutdown
[2016.03.02-17.10.49:636][475]LogModuleManager: Shutting down and abandoning module ShaderFormatOpenGL (55)
[2016.03.02-17.10.49:666][475]LogModuleManager: Shutting down and abandoning module ShaderFormatD3D (54)
[2016.03.02-17.10.49:666][475]LogModuleManager: Shutting down and abandoning module MetalShaderFormat (53)
[2016.03.02-17.10.49:680][475]LogModuleManager: Shutting down and abandoning module TextureFormatUncompressed (52)
[2016.03.02-17.10.49:680][475]LogModuleManager: Shutting down and abandoning module TextureFormatPVR (51)
[2016.03.02-17.10.49:680][475]LogModuleManager: Shutting down and abandoning module TextureFormatIntelISPCTexComp (50)
[2016.03.02-17.10.49:680][475]LogModuleManager: Shutting down and abandoning module TextureFormatDXT (49)
[2016.03.02-17.10.49:680][475]LogModuleManager: Shutting down and abandoning module ImageWrapper (48)
[2016.03.02-17.10.49:680][475]LogModuleManager: Shutting down and abandoning module TextureFormatASTC (47)
[2016.03.02-17.10.49:680][475]LogModuleManager: Shutting down and abandoning module TextureFormatAndroid (46)
[2016.03.02-17.10.49:680][475]LogModuleManager: Shutting down and abandoning module AudioFormatOpus (45)
[2016.03.02-17.10.49:680][475]LogModuleManager: Shutting down and abandoning module AudioFormatOgg (44)
[2016.03.02-17.10.49:680][475]LogModuleManager: Shutting down and abandoning module AudioFormatADPCM (43)
[2016.03.02-17.10.49:680][475]LogModuleManager: Shutting down and abandoning module LinuxTargetPlatform (42)
[2016.03.02-17.10.49:680][475]LogModuleManager: Shutting down and abandoning module LinuxServerTargetPlatform (41)
[2016.03.02-17.10.49:680][475]LogModuleManager: Shutting down and abandoning module LinuxNoEditorTargetPlatform (40)
[2016.03.02-17.10.49:680][475]LogModuleManager: Shutting down and abandoning module Messaging (39)
[2016.03.02-17.10.49:680][475]LogModuleManager: Shutting down and abandoning module IOSTargetPlatform (38)
[2016.03.02-17.10.49:680][475]LogModuleManager: Shutting down and abandoning module HTML5TargetPlatform (37)
[2016.03.02-17.10.49:680][475]LogModuleManager: Shutting down and abandoning module Android_PVRTCTargetPlatform (36)
[2016.03.02-17.10.49:680][475]LogModuleManager: Shutting down and abandoning module Android_MultiTargetPlatform (35)
[2016.03.02-17.10.49:680][475]LogModuleManager: Shutting down and abandoning module Android_ETC2TargetPlatform (34)
[2016.03.02-17.10.49:680][475]LogModuleManager: Shutting down and abandoning module Android_ETC1TargetPlatform (33)
[2016.03.02-17.10.49:680][475]LogModuleManager: Shutting down and abandoning module Android_DXTTargetPlatform (32)
[2016.03.02-17.10.49:680][475]LogModuleManager: Shutting down and abandoning module Android_ATCTargetPlatform (31)
[2016.03.02-17.10.49:680][475]LogModuleManager: Shutting down and abandoning module Android_ASTCTargetPlatform (30)
[2016.03.02-17.10.49:680][475]LogModuleManager: Shutting down and abandoning module AndroidTargetPlatform (29)
[2016.03.02-17.10.49:680][475]LogModuleManager: Shutting down and abandoning module WindowsTargetPlatform (28)
[2016.03.02-17.10.49:680][475]LogModuleManager: Shutting down and abandoning module WindowsServerTargetPlatform (27)
[2016.03.02-17.10.49:680][475]LogModuleManager: Shutting down and abandoning module WindowsNoEditorTargetPlatform (26)
[2016.03.02-17.10.49:680][475]LogModuleManager: Shutting down and abandoning module WindowsClientTargetPlatform (25)
[2016.03.02-17.10.49:680][475]LogModuleManager: Shutting down and abandoning module AllDesktopTargetPlatform (24)
[2016.03.02-17.10.49:680][475]LogModuleManager: Shutting down and abandoning module TargetPlatform (23)
[2016.03.02-17.10.49:680][475]LogModuleManager: Shutting down and abandoning module InputCore (22)
[2016.03.02-17.10.49:680][475]LogModuleManager: Shutting down and abandoning module Settings (21)
[2016.03.02-17.10.49:680][475]LogModuleManager: Shutting down and abandoning module OnlineSubsystem (19)
[2016.03.02-17.10.49:680][475]LogModuleManager: Shutting down and abandoning module HTTP (18)
[2016.03.02-17.10.51:683][475]LogModuleManager: Shutting down and abandoning module XMPP (17)
[2016.03.02-17.10.51:895][475]LogModuleManager: Shutting down and abandoning module OculusRift (16)
[2016.03.02-17.10.51:914][475]LogModuleManager: Shutting down and abandoning module ExampleDeviceProfileSelector (15)
[2016.03.02-17.10.51:914][475]LogModuleManager: Shutting down and abandoning module TextureCompressor (14)
[2016.03.02-17.10.51:914][475]LogModuleManager: Shutting down and abandoning module ShaderCore (13)
[2016.03.02-17.10.51:914][475]LogModuleManager: Shutting down and abandoning module Landscape (12)
[2016.03.02-17.10.51:914][475]LogModuleManager: Shutting down and abandoning module SlateRHIRenderer (11)
[2016.03.02-17.10.51:922][475]LogModuleManager: Shutting down and abandoning module OpenGLDrv (10)
[2016.03.02-17.10.51:929][475]LogModuleManager: Shutting down and abandoning module D3D11RHI (9)
[2016.03.02-17.10.51:929][475]LogModuleManager: Shutting down and abandoning module AnimGraphRuntime (8)
[2016.03.02-17.10.51:929][475]LogModuleManager: Shutting down and abandoning module Renderer (7)
[2016.03.02-17.10.51:929][475]LogModuleManager: Shutting down and abandoning module Engine (6)
[2016.03.02-17.10.51:929][475]LogModuleManager: Shutting down and abandoning module CoreUObject (5)
[2016.03.02-17.10.51:929][475]LogModuleManager: Shutting down and abandoning module NetworkFile (4)
[2016.03.02-17.10.51:945][475]LogModuleManager: Shutting down and abandoning module StreamingFile (3)
[2016.03.02-17.10.51:946][475]LogModuleManager: Shutting down and abandoning module SandboxFile (2)
[2016.03.02-17.10.51:956][475]LogModuleManager: Shutting down and abandoning module PakFile (1)
[2016.03.02-17.10.51:959][475]LogExit: Exiting.
[2016.03.02-17.10.51:962][475]Log file closed, 03/02/16 18:10:51
