[2016.03.29-17.03.16:827][  0]Log file open, 03/29/16 19:03:16
[2016.03.29-17.03.16:827][  0]LogInit:Display: Running engine for game: speedron
[2016.03.29-17.03.16:827][  0]LogPlatformFile: Not using cached read wrapper
[2016.03.29-17.03.16:827][  0]LogInit:Display: RandInit(1911341220) SRandInit(1911341221).
[2016.03.29-17.03.16:827][  0]LogTaskGraph: Started task graph with 4 named threads and 7 total threads.
[2016.03.29-17.03.16:827][  0]LogStats: Stats thread started at 0.078115
[2016.03.29-17.03.16:827][  0]LogInit: Version: 4.10.4-2872498+++depot+UE4-Releases+4.10
[2016.03.29-17.03.16:827][  0]LogInit: API Version: 2758231
[2016.03.29-17.03.16:827][  0]LogInit: Compiled (64-bit): Feb 18 2016 15:47:04
[2016.03.29-17.03.16:827][  0]LogInit: Compiled with Visual C++: 19.00.23026.00
[2016.03.29-17.03.16:827][  0]LogInit: Build Configuration: Development
[2016.03.29-17.03.16:827][  0]LogInit: Branch Name: ++depot+UE4-Releases+4.10
[2016.03.29-17.03.16:827][  0]LogInit: Command line:  
[2016.03.29-17.03.16:827][  0]LogInit: Base directory: D:/programmes/unreal engine/Epic Games/4.10/Engine/Binaries/Win64/
[2016.03.29-17.03.16:827][  0]LogInit: Rocket: 1
[2016.03.29-17.03.16:833][  0]LogInit: Using libcurl 7.41.0
[2016.03.29-17.03.16:833][  0]LogInit:  - built for x86_64-pc-win32
[2016.03.29-17.03.16:833][  0]LogInit:  - supports SSL with WinSSL
[2016.03.29-17.03.16:833][  0]LogInit:  - other features:
[2016.03.29-17.03.16:833][  0]LogInit:      CURL_VERSION_SSL
[2016.03.29-17.03.16:833][  0]LogInit:      CURL_VERSION_IPV6
[2016.03.29-17.03.16:833][  0]LogInit:      CURL_VERSION_ASYNCHDNS
[2016.03.29-17.03.16:833][  0]LogInit:      CURL_VERSION_LARGEFILE
[2016.03.29-17.03.16:833][  0]LogInit:      CURL_VERSION_IDN
[2016.03.29-17.03.16:833][  0]LogInit:  CurlRequestOptions (configurable via config and command line):
[2016.03.29-17.03.16:833][  0]LogInit:  - bVerifyPeer = true  - Libcurl will verify peer certificate
[2016.03.29-17.03.16:833][  0]LogInit:  - bUseHttpProxy = false  - Libcurl will NOT use HTTP proxy
[2016.03.29-17.03.16:833][  0]LogInit:  - bDontReuseConnections = false  - Libcurl will reuse connections
[2016.03.29-17.03.16:833][  0]LogInit:  - CertBundlePath = nullptr  - Libcurl will use whatever was configured at build time.
[2016.03.29-17.03.16:839][  0]LogInit: Presizing for 0 objects not considered by GC, pre-allocating 0 bytes.
[2016.03.29-17.03.16:848][  0]LogInit: Object subsystem initialized
[2016.03.29-17.03.16:848][  0]LogInit: Selected Device Profile: [Windows]
[2016.03.29-17.03.16:848][  0]LogInit: Applying CVar settings loaded from the selected device profile: [Windows]
[2016.03.29-17.03.16:855][  0]LogInit: Computer: JAK852
[2016.03.29-17.03.16:855][  0]LogInit: User: Evann
[2016.03.29-17.03.16:855][  0]LogInit: CPU Page size=4096, Cores=4
[2016.03.29-17.03.16:855][  0]LogInit: High frequency timer resolution =3.312788 MHz
[2016.03.29-17.03.16:855][  0]LogMemory: Memory total: Physical=8.0GB (8GB approx)
[2016.03.29-17.03.16:855][  0]LogMemory: Platform Memory Stats for Windows
[2016.03.29-17.03.16:855][  0]LogMemory: Process Physical Memory: 56.23 MB used, 56.23 MB peak
[2016.03.29-17.03.16:855][  0]LogMemory: Process Virtual Memory: 56.75 MB used, 56.75 MB peak
[2016.03.29-17.03.16:855][  0]LogMemory: Physical Memory: 3584.34 MB used, 8175.23 MB total
[2016.03.29-17.03.16:855][  0]LogMemory: Virtual Memory: 382.64 MB used, 134217728.00 MB total
[2016.03.29-17.03.16:896][  0]LogTextLocalizationManager: No translations for ('fr-FR') exist, falling back to 'en' for localization and internationalization data.
[2016.03.29-17.03.17:326][  0]LogD3D11RHI: Found D3D11 adapter 0: NVIDIA GeForce GTX 970 (Feature Level 11_0)
[2016.03.29-17.03.17:326][  0]LogD3D11RHI: Adapter has 4007MB of dedicated video memory, 0MB of dedicated system memory, and 4087MB of shared system memory, 2 output[s]
[2016.03.29-17.03.17:327][  0]LogD3D11RHI: Found D3D11 adapter 1: Microsoft Basic Render Driver (Feature Level 11_0)
[2016.03.29-17.03.17:327][  0]LogD3D11RHI: Adapter has 0MB of dedicated video memory, 0MB of dedicated system memory, and 4087MB of shared system memory, 0 output[s]
[2016.03.29-17.03.17:328][  0]LogD3D11RHI: Chosen D3D11 Adapter Id = 0
[2016.03.29-17.03.17:331][  0]LogD3D11RHI: !Direct3DDevice
[2016.03.29-17.03.17:331][  0]LogRHI: Texture pool is 1361 MB (70% of 1945 MB)
[2016.03.29-17.03.17:347][  0]LogD3D11RHI: Async texture creation enabled
[2016.03.29-17.03.17:363][  0]LogShaderCompilers: Guid format shader working directory is -27 characters bigger than the processId version (../../../../../../../Evann/Documents/Unreal Projects/speedron/speedron_BP/Intermediate/Shaders/WorkingDirectory/4656/).
[2016.03.29-17.03.17:363][  0]LogShaderCompilers: Cleaned the shader compiler working directory 'C:/Users/Evann/AppData/Local/Temp/UnrealShaderWorkingDir/8430C0974C6679A3D0E04FA0B3A07990/'.
[2016.03.29-17.03.17:363][  0]LogShaderCompilers:Display: Using Local Shader Compiler.
[2016.03.29-17.03.18:146][  0]LogTemp:Display: Loaded TP AllDesktopTargetPlatform
[2016.03.29-17.03.18:149][  0]LogTemp:Display: Loaded TP WindowsClientTargetPlatform
[2016.03.29-17.03.18:154][  0]LogTemp:Display: Loaded TP WindowsNoEditorTargetPlatform
[2016.03.29-17.03.18:158][  0]LogTemp:Display: Loaded TP WindowsServerTargetPlatform
[2016.03.29-17.03.18:163][  0]LogTemp:Display: Loaded TP WindowsTargetPlatform
[2016.03.29-17.03.18:166][  0]LogTemp:Display: Loaded TP AndroidTargetPlatform
[2016.03.29-17.03.18:168][  0]LogTemp:Display: Loaded TP Android_ASTCTargetPlatform
[2016.03.29-17.03.18:171][  0]LogTemp:Display: Loaded TP Android_ATCTargetPlatform
[2016.03.29-17.03.18:173][  0]LogTemp:Display: Loaded TP Android_DXTTargetPlatform
[2016.03.29-17.03.18:177][  0]LogTemp:Display: Loaded TP Android_ETC1TargetPlatform
[2016.03.29-17.03.18:179][  0]LogTemp:Display: Loaded TP Android_ETC2TargetPlatform
[2016.03.29-17.03.18:186][  0]LogTemp:Display: Loaded TP Android_MultiTargetPlatform
[2016.03.29-17.03.18:186][  0]LogTemp:Display: Loaded TP Android_PVRTCTargetPlatform
[2016.03.29-17.03.18:186][  0]LogTemp:Display: Loaded TP HTML5TargetPlatform
[2016.03.29-17.03.18:202][  0]LogTemp:Display: Loaded TP IOSTargetPlatform
[2016.03.29-17.03.18:205][  0]LogTemp:Display: Loaded TP LinuxNoEditorTargetPlatform
[2016.03.29-17.03.18:207][  0]LogTemp:Display: Loaded TP LinuxServerTargetPlatform
[2016.03.29-17.03.18:211][  0]LogTemp:Display: Loaded TP LinuxTargetPlatform
[2016.03.29-17.03.18:211][  0]LogTargetPlatformManager:Display: Building Assets For Windows
[2016.03.29-17.03.18:290][  0]LogDerivedDataCache:Display: Max Cache Size: 512 MB
[2016.03.29-17.03.18:331][  0]LogDerivedDataCache: Loaded boot cache 0.04s 41MB C:/Users/Evann/AppData/Local/UnrealEngine/4.10/DerivedDataCache/Boot.ddc.
[2016.03.29-17.03.18:331][  0]LogDerivedDataCache:Display: Loaded Boot cache: C:/Users/Evann/AppData/Local/UnrealEngine/4.10/DerivedDataCache/Boot.ddc
[2016.03.29-17.03.18:331][  0]LogDerivedDataCache: FDerivedDataBackendGraph:  Pak pak cache file ../../../../../../../Evann/Documents/Unreal Projects/speedron/speedron_BP/DerivedDataCache/DDC.ddp not found, will not use a pak cache.
[2016.03.29-17.03.18:331][  0]LogDerivedDataCache: Unable to find inner node Pak for hierarchical cache Hierarchy.
[2016.03.29-17.03.18:331][  0]LogDerivedDataCache: FDerivedDataBackendGraph:  CompressedPak pak cache file ../../../../../../../Evann/Documents/Unreal Projects/speedron/speedron_BP/DerivedDataCache/Compressed.ddp not found, will not use a pak cache.
[2016.03.29-17.03.18:331][  0]LogDerivedDataCache: Unable to find inner node CompressedPak for hierarchical cache Hierarchy.
[2016.03.29-17.03.18:385][  0]LogDerivedDataCache:Display: Pak cache opened for reading ../../../Engine/DerivedDataCache/Compressed.ddp.
[2016.03.29-17.03.18:397][  0]LogDerivedDataCache: Using Local data cache path C:/Users/Evann/AppData/Local/UnrealEngine/Common/DerivedDataCache: Writable
[2016.03.29-17.03.18:575][  0]LogInit: Selected Device Profile: [Windows]
[2016.03.29-17.03.18:579][  0]LogContentStreaming: Texture pool size is 0.000000MB
[2016.03.29-17.03.18:681][  0]LogMeshUtilities: No automatic mesh reduction module available
[2016.03.29-17.03.18:681][  0]LogMeshUtilities: No automatic mesh merging module available
[2016.03.29-17.03.18:879][  0]LogInit: WinSock: version 1.1 (2.2), MaxSocks=32767, MaxUdp=65467
[2016.03.29-17.03.19:577][  0]LogAssetRegistry: FAssetRegistry took 0.0108 seconds to start up
[2016.03.29-17.03.19:590][  0]UdpMessaging: Initializing bridge on interface 0.0.0.0:0 to multicast group 230.0.0.1:6666.
[2016.03.29-17.03.19:818][  0]SourceControl: Info Source control is disabled
[2016.03.29-17.03.19:818][  0]SourceControl: Info Source control is disabled
[2016.03.29-17.03.19:828][  0]SourceControl: Info Source control is disabled
[2016.03.29-17.03.19:838][  0]SourceControl: Info Source control is disabled
[2016.03.29-17.03.20:069][  0]LogObj: 28803 objects as part of root set at end of initial load.
[2016.03.29-17.03.20:069][  0]LogUObjectAllocator: 6130056 out of 0 bytes used by permanent object pool.
[2016.03.29-17.03.20:121][  0]LogEngine: Initializing Engine...
[2016.03.29-17.03.20:124][  0]LogHMD: Can't find Oculus library dev build: is proper Runtime installed? Version: 0.8.0.0
[2016.03.29-17.03.20:125][  0]LogHMD: SteamVR failed to initialize.  Err: 110
[2016.03.29-17.03.20:234][  0]LogAIModule: Creating AISystem for world NewWorld
[2016.03.29-17.03.20:243][  0]LogInit: XAudio2 using 'Haut-parleurs (Realtek High Definition Audio)' : 2 channels at 48 kHz using 32 bits per sample (channel mask 0x3)
[2016.03.29-17.03.20:256][  0]LogInit: FAudioDevice initialized.
[2016.03.29-17.03.20:277][  0]LogDerivedDataCache: Saved boot cache 0.02s 41MB C:/Users/Evann/AppData/Local/UnrealEngine/4.10/DerivedDataCache/Boot.ddc.
[2016.03.29-17.03.20:280][  0]LogInit: Texture streaming: Enabled
[2016.03.29-17.03.20:285][  0]LogAnalytics: Creating configured Analytics provider AnalyticsET
[2016.03.29-17.03.20:285][  0]LogAnalytics: [UEEditor.Rocket.Release] APIServer = http://et2.epicgames.com/ET2/. AppVersion = 4.10.4-2872498+++depot+UE4-Releases+4.10
[2016.03.29-17.03.20:285][  0]LogAnalytics: [UEEditor.Rocket.Release] SetUserId fd7fcd6145c2d49cfe7e4393ff2be6d0|268d3e625b094d6baa5bbf4050d265fa|823c25f2-e8e2-48bc-85ba-fee7c8358a4d
[2016.03.29-17.03.20:285][  0]LogAnalytics: [UEEditor.Rocket.Release] AnalyticsET::StartSession
[2016.03.29-17.03.20:294][  0]LogInit: Transaction tracking system initialized
[2016.03.29-17.03.20:324][  0]BlueprintLog: New page: Editor Load
[2016.03.29-17.03.20:404][  0]LocalizationService: Info Localization service is disabled
[2016.03.29-17.03.20:495][  0]LogConsoleResponse:Display: 
[2016.03.29-17.03.20:591][  0]LogCook:Display: Done creating registry. It took  0.00s.
[2016.03.29-17.03.20:643][  0]LogFileCache: Scanning file cache for directory 'D:/Evann/Documents/Unreal Projects/speedron/speedron_BP/Content/' took 0.01s
[2016.03.29-17.03.20:643][  0]SourceControl: Info Source control is disabled
[2016.03.29-17.03.20:643][  0]Cmd: MAP LOAD FILE="../../../../../../../Evann/Documents/Unreal Projects/speedron/speedron_BP/Content/TwinStickBP/Maps/TwinStickExampleMap.umap" TEMPLATE=0 SHOWPROGRESS=1 FEATURELEVEL=3
[2016.03.29-17.03.20:643][  0]LightingResults: New page: Lighting Build
[2016.03.29-17.03.20:646][  0]MapCheck: New page: Map Check
[2016.03.29-17.03.20:646][  0]LightingResults: New page: Lighting Build
[2016.03.29-17.03.20:656][  0]LogParticles: Destroying 0 GPU particle simulations for FXSystem 0x000001C68B150FE0
[2016.03.29-17.03.21:862][  0]LogAIModule: Creating AISystem for world TwinStickExampleMap
[2016.03.29-17.03.21:868][  0]LogEditorServer: Finished looking for orphan Actors (0.000 secs)
[2016.03.29-17.03.21:869][  0]Cmd: MAP CHECKDEP NOCLEARLOG
[2016.03.29-17.03.21:921][  0]MapCheck:Warning: Warning BP_Player_C_3 BP_Player_C /Game/TwinStickBP/Maps/TwinStickExampleMap.TwinStickExampleMap:PersistentLevel.BP_Player_C_3 : Externally referenced 
[2016.03.29-17.03.21:921][  0]MapCheck:Warning: Warning ShipMeshComponent StaticMeshComponent /Game/TwinStickBP/Maps/TwinStickExampleMap.TwinStickExampleMap:PersistentLevel.BP_Player_C_3.ShipMeshComponent : Externally referenced 
[2016.03.29-17.03.21:921][  0]MapCheck: Info Map check complete: 0 Error(s), 2 Warning(s), took 52.547ms to complete.
[2016.03.29-17.03.21:934][  0]LogFileHelpers: Loading map 'TwinStickExampleMap' took 1.291
[2016.03.29-17.03.22:040][  0]LogCollectionManager: Loaded 0 collections in 0.002019 seconds
[2016.03.29-17.03.22:081][  0]LogFileCache: Scanning file cache for directory 'D:/Evann/Documents/Unreal Projects/speedron/speedron_BP/Saved/Collections/' took 0.01s
[2016.03.29-17.03.22:081][  0]LogFileCache: Scanning file cache for directory 'D:/Evann/Documents/Unreal Projects/speedron/speedron_BP/Content/Developers/Evann/Collections/' took 0.01s
[2016.03.29-17.03.22:081][  0]LogFileCache: Scanning file cache for directory 'D:/Evann/Documents/Unreal Projects/speedron/speedron_BP/Content/Collections/' took 0.01s
[2016.03.29-17.03.22:081][  0]LogCollectionManager: Rebuilt the GUID cache for 0 collections in 0.000002 seconds
[2016.03.29-17.03.22:088][  0]LogContentBrowser: Native class hierarchy populated in 0.0070 seconds. Added 1908 classes and 344 folders.
[2016.03.29-17.03.22:095][  0]LogContentBrowser: Native class hierarchy updated for 'WidgetCarousel' in 0.0004 seconds. Added 0 classes and 0 folders.
[2016.03.29-17.03.22:132][  0]LogContentBrowser: Native class hierarchy updated for 'AddContentDialog' in 0.0003 seconds. Added 0 classes and 0 folders.
[2016.03.29-17.03.22:135][  0]LogContentBrowser: Native class hierarchy updated for 'SceneOutliner' in 0.0003 seconds. Added 1 classes and 2 folders.
[2016.03.29-17.03.22:188][  0]LogCrashTracker: Crashtracker disabled due to settings.
[2016.03.29-17.03.22:192][  0]LogUObjectGlobals:Warning: Failed to find object 'Class None.'
[2016.03.29-17.03.22:220][  0]LogLoad: Full Startup: 5.81 seconds (BP compile: 0.43 seconds)
[2016.03.29-17.03.22:221][  0]LogWindowsTextInputMethodSystem:Display: IME system now deactivated.
[2016.03.29-17.03.22:224][  0]LogOcInput: Can't find Oculus library dev build: is proper Runtime installed? Version: 0.8.0.0
[2016.03.29-17.03.22:267][  0]LogContentStreaming: Texture pool size now 1000 MB
[2016.03.29-17.03.22:391][  0]LogRenderer: Reallocating scene render targets to support 1208x572 (Frame:2).
[2016.03.29-17.03.22:763][  9]LogAssetRegistry: Asset discovery search completed in 3.1969 seconds
[2016.03.29-17.03.22:763][  9]LogCollectionManager: Rebuilt the object cache for 0 collections in 0.000001 seconds (found 0 objects)
[2016.03.29-17.03.22:763][  9]LogCollectionManager: Fixed up redirectors for 0 collections in 0.000019 seconds (updated 0 objects)
[2016.03.29-17.03.37:021][795]LogLinker:Warning: Asset '../../../Engine/Content/ArtTools/RenderToTexture/Macros/RenderToTextureMacros.uasset' has been saved with empty engine version. The asset will be loaded but may be incompatible.
[2016.03.29-17.03.37:416][795]LogContentBrowser: Native class hierarchy updated for 'BlueprintGraph' in 0.0007 seconds. Added 107 classes and 0 folders.
[2016.03.29-17.03.50:495][428]LogActorComponent: UnregisterComponent: (/Engine/Transient.FloatingPawnMovement_GEN_VARIABLE) Not registered. Aborting.
[2016.03.29-17.03.50:495][428]LogActorComponent: UnregisterComponent: (/Engine/Transient.ProjectileMovementComponent_8) Not registered. Aborting.
[2016.03.29-17.03.51:516][134]BlueprintLog: New page: Compile BP_Player
[2016.03.29-17.03.51:806][134]LogActorComponent: UnregisterComponent: (/Engine/Transient.FloatingPawnMovement_0) Not registered. Aborting.
[2016.03.29-17.03.51:892][134]BlueprintEditorCompileResults: Info [0035.48] Compile of BP_Player successful! [in 375 ms]
[2016.03.29-17.03.52:691][340]LogSavePackage: Save=165.388489ms
[2016.03.29-17.03.52:691][340]LogSavePackage: Moving '../../../../../../../Evann/Documents/Unreal Projects/speedron/speedron_BP/Saved/BP_Player250A9F00455D8E0A1F7F3385B65E9FA8.tmp' to '../../../../../../../Evann/Documents/Unreal Projects/speedron/speedron_BP/Content/TwinStickBP/Blueprints/BP_Player.uasset'
[2016.03.29-17.03.52:694][340]LogSavePackage: Total save time: 195.055645ms
[2016.03.29-17.03.52:694][340]LogSavePackage:Display: Finished SavePackage ../../../../../../../Evann/Documents/Unreal Projects/speedron/speedron_BP/Content/TwinStickBP/Blueprints/BP_Player.uasset
[2016.03.29-17.05.02:861][  9]LogActorComponent: UnregisterComponent: (/Engine/Transient.FloatingPawnMovement_GEN_VARIABLE) Not registered. Aborting.
[2016.03.29-17.05.02:862][  9]LogActorComponent: UnregisterComponent: (/Engine/Transient.ProjectileMovementComponent_8) Not registered. Aborting.
[2016.03.29-17.05.03:015][  9]LogSavePackage: Save=97.362701ms
[2016.03.29-17.05.03:015][  9]LogSavePackage: Moving '../../../../../../../Evann/Documents/Unreal Projects/speedron/speedron_BP/Saved/TwinStickExampleMap_Auto1AD5AC58E4CB18A12808C16BC5C70D23B.tmp' to '../../../../../../../Evann/Documents/Unreal Projects/speedron/speedron_BP/Saved/Autosaves/Game/TwinStickBP/Maps/TwinStickExampleMap_Auto1.umap'
[2016.03.29-17.05.03:017][  9]LogSavePackage: Total save time: 122.141231ms
[2016.03.29-17.05.03:017][  9]LogSavePackage:Display: Finished SavePackage ../../../../../../../Evann/Documents/Unreal Projects/speedron/speedron_BP/Saved/Autosaves/Game/TwinStickBP/Maps/TwinStickExampleMap_Auto1.umap
[2016.03.29-17.05.03:018][  9]LogFileHelpers: Editor autosave (incl. sublevels) for '/Game/TwinStickBP/Maps/TwinStickExampleMap' took 0.157
[2016.03.29-17.05.03:018][  9]LogFileHelpers: Editor autosave (incl. sublevels) for all levels took 0.157
[2016.03.29-17.06.13:830][261]LogFactory: FactoryCreateBinary: SoundWave with ReimportSoundFactory (0 0 D:\Evann\Documents\Unreal Projects\speedron\files\Sounds\SND_start.wav)
[2016.03.29-17.06.13:873][261]LogAudioDerivedData:Display: Building compressed audio format OGG wave SND_start...
[2016.03.29-17.06.14:131][261]LogAudioDerivedData:Warning: Updated SoundWave->RawPCMDataSize during cooking SoundWave /Game/TwinStickBP/Audio/Sound_Effects/SND_start.SND_start.
[2016.03.29-17.06.14:135][261]LogFactory: FactoryCreateBinary: SoundWave with ReimportSoundFactory (0 0 D:\Evann\Documents\Unreal Projects\speedron\files\Sounds\SND_voice_counter.wav)
[2016.03.29-17.06.14:138][261]LogAudioDerivedData:Display: Building compressed audio format OGG wave SND_voice_counter...
[2016.03.29-17.06.14:166][261]LogAudioDerivedData:Warning: Updated SoundWave->RawPCMDataSize during cooking SoundWave /Game/TwinStickBP/Audio/Sound_Effects/SND_voice_counter.SND_voice_counter.
[2016.03.29-17.06.47:544][ 18]LogSavePackage: Save=3.722544ms
[2016.03.29-17.06.47:544][ 18]LogSavePackage: Moving '../../../../../../../Evann/Documents/Unreal Projects/speedron/speedron_BP/Saved/NormalTimeE6F4FD8B48FDCD4758360D91DEB38700.tmp' to '../../../../../../../Evann/Documents/Unreal Projects/speedron/speedron_BP/Content/TwinStickBP/Audio/Sound_Effects/NormalTime.uasset'
[2016.03.29-17.06.47:547][ 18]LogSavePackage: Total save time: 6.421782ms
[2016.03.29-17.06.47:547][ 18]LogSavePackage:Display: Finished SavePackage ../../../../../../../Evann/Documents/Unreal Projects/speedron/speedron_BP/Content/TwinStickBP/Audio/Sound_Effects/NormalTime.uasset
[2016.03.29-17.06.47:565][ 18]LogSavePackage: Save=3.618402ms
[2016.03.29-17.06.47:565][ 18]LogSavePackage: Moving '../../../../../../../Evann/Documents/Unreal Projects/speedron/speedron_BP/Saved/SlowTimeC721E60B4B0734D51A1FBC9D67D8C456.tmp' to '../../../../../../../Evann/Documents/Unreal Projects/speedron/speedron_BP/Content/TwinStickBP/Audio/Sound_Effects/SlowTime.uasset'
[2016.03.29-17.06.47:567][ 18]LogSavePackage: Total save time: 6.075546ms
[2016.03.29-17.06.47:567][ 18]LogSavePackage:Display: Finished SavePackage ../../../../../../../Evann/Documents/Unreal Projects/speedron/speedron_BP/Content/TwinStickBP/Audio/Sound_Effects/SlowTime.uasset
[2016.03.29-17.06.47:608][ 18]LogActorComponent: UnregisterComponent: (/Engine/Transient.ProjectileMovementComponent_8) Not registered. Aborting.
[2016.03.29-17.06.47:608][ 18]LogActorComponent: UnregisterComponent: (/Engine/Transient.FloatingPawnMovement_GEN_VARIABLE) Not registered. Aborting.
[2016.03.29-17.06.52:626][646]LogSavePackage: Save=3.637420ms
[2016.03.29-17.06.52:626][646]LogSavePackage: Moving '../../../../../../../Evann/Documents/Unreal Projects/speedron/speedron_BP/Saved/TwinStickFire9DE0F19A489BEB61F1E475B8978BEC43.tmp' to '../../../../../../../Evann/Documents/Unreal Projects/speedron/speedron_BP/Content/TwinStickBP/Audio/Sound_Effects/TwinStickFire.uasset'
[2016.03.29-17.06.52:628][646]LogSavePackage: Total save time: 6.151918ms
[2016.03.29-17.06.52:628][646]LogSavePackage:Display: Finished SavePackage ../../../../../../../Evann/Documents/Unreal Projects/speedron/speedron_BP/Content/TwinStickBP/Audio/Sound_Effects/TwinStickFire.uasset
[2016.03.29-17.06.52:660][646]LogActorComponent: UnregisterComponent: (/Engine/Transient.FloatingPawnMovement_GEN_VARIABLE) Not registered. Aborting.
[2016.03.29-17.06.52:957][646]LogSavePackage: Save=137.505936ms
[2016.03.29-17.06.52:957][646]LogSavePackage: Moving '../../../../../../../Evann/Documents/Unreal Projects/speedron/speedron_BP/Saved/BP_Player8294F02C4DDBCBDCD528C4A6B9DF521E.tmp' to '../../../../../../../Evann/Documents/Unreal Projects/speedron/speedron_BP/Content/TwinStickBP/Blueprints/BP_Player.uasset'
[2016.03.29-17.06.52:960][646]LogSavePackage: Total save time: 160.898011ms
[2016.03.29-17.06.52:960][646]LogSavePackage:Display: Finished SavePackage ../../../../../../../Evann/Documents/Unreal Projects/speedron/speedron_BP/Content/TwinStickBP/Blueprints/BP_Player.uasset
[2016.03.29-17.06.53:015][646]LogSavePackage: Save=25.699200ms
[2016.03.29-17.06.53:015][646]LogSavePackage: Moving '../../../../../../../Evann/Documents/Unreal Projects/speedron/speedron_BP/Saved/BP_shoot_functions83A1225C4579CA040A1E8481C91BA6DD.tmp' to '../../../../../../../Evann/Documents/Unreal Projects/speedron/speedron_BP/Content/TwinStickBP/Blueprints/BP_shoot_functions.uasset'
[2016.03.29-17.06.53:017][646]LogSavePackage: Total save time: 49.658474ms
[2016.03.29-17.06.53:017][646]LogSavePackage:Display: Finished SavePackage ../../../../../../../Evann/Documents/Unreal Projects/speedron/speedron_BP/Content/TwinStickBP/Blueprints/BP_shoot_functions.uasset
[2016.03.29-17.07.55:895][456]BlueprintLog: New page: Compile TwinStickExampleMap
[2016.03.29-17.07.55:940][456]LogActorComponent: UnregisterComponent: (/Engine/Transient.FloatingPawnMovement_GEN_VARIABLE) Not registered. Aborting.
[2016.03.29-17.07.55:967][456]BlueprintEditorCompileResults: Info [0279.56] Compile of TwinStickExampleMap successful! [in 71 ms]
[2016.03.29-17.07.58:405][420]LogBlueprintUserMessages: Early PlayInEditor Detection: Level '/Game/TwinStickBP/Maps/TwinStickExampleMap.TwinStickExampleMap:PersistentLevel' has LevelScriptBlueprint '/Game/TwinStickBP/Maps/TwinStickExampleMap.TwinStickExampleMap:PersistentLevel.TwinStickExampleMap' with GeneratedClass '/Game/TwinStickBP/Maps/TwinStickExampleMap.TwinStickExampleMap_C' with ClassGeneratedBy '/Game/TwinStickBP/Maps/TwinStickExampleMap.TwinStickExampleMap:PersistentLevel.TwinStickExampleMap'
[2016.03.29-17.07.58:405][420]LogPlayLevel: PlayLevel: No blueprints needed recompiling
[2016.03.29-17.07.58:405][420]PIE: New page: PIE session: TwinStickExampleMap (Mar 29, 2016, 9:07:58 PM)
[2016.03.29-17.07.58:405][420]LogPlayLevel: Creating play world package: /Game/TwinStickBP/Maps/UEDPIE_0_TwinStickExampleMap
[2016.03.29-17.07.58:418][420]LogPlayLevel: PIE: StaticDuplicateObject took: (0.012663s)
[2016.03.29-17.07.58:419][420]LogAIModule: Creating AISystem for world TwinStickExampleMap
[2016.03.29-17.07.58:419][420]LogPlayLevel: PIE: World Init took: (0.000800s)
[2016.03.29-17.07.58:419][420]LogPlayLevel: PIE: Created PIE world by copying editor world from /Game/TwinStickBP/Maps/TwinStickExampleMap.TwinStickExampleMap to /Game/TwinStickBP/Maps/UEDPIE_0_TwinStickExampleMap.TwinStickExampleMap (0.013669s)
[2016.03.29-17.07.58:478][420]LogInit: XAudio2 using 'Haut-parleurs (Realtek High Definition Audio)' : 2 channels at 48 kHz using 32 bits per sample (channel mask 0x3)
[2016.03.29-17.07.58:487][420]LogInit: FAudioDevice initialized.
[2016.03.29-17.07.58:592][420]LogWorld: Game class is 'TwinStickGameMode_C'
[2016.03.29-17.07.58:598][420]LogWorld: Bringing World /Game/TwinStickBP/Maps/UEDPIE_0_TwinStickExampleMap.TwinStickExampleMap up for play (max tick rate 0) at 2016.03.29-19.07.58
[2016.03.29-17.07.58:599][420]LogActor:Warning: GameSession /Game/TwinStickBP/Maps/UEDPIE_0_TwinStickExampleMap.TwinStickExampleMap:PersistentLevel.GameSession_0 has natively added scene component(s), but none of them were set as the actor's RootComponent - picking one arbitrarily
[2016.03.29-17.07.58:599][420]LogActor:Warning: GameNetworkManager /Game/TwinStickBP/Maps/UEDPIE_0_TwinStickExampleMap.TwinStickExampleMap:PersistentLevel.GameNetworkManager_0 has natively added scene component(s), but none of them were set as the actor's RootComponent - picking one arbitrarily
[2016.03.29-17.07.58:600][420]LogWorld: Bringing up level for play took: 0.005893
[2016.03.29-17.07.58:628][420]PIE: Info Play in editor start time for /Game/TwinStickBP/Maps/UEDPIE_0_TwinStickExampleMap -0.765
[2016.03.29-17.07.58:629][420]LogBlueprintUserMessages: Late PlayInEditor Detection: Level '/Game/TwinStickBP/Maps/TwinStickExampleMap.TwinStickExampleMap:PersistentLevel' has LevelScriptBlueprint '/Game/TwinStickBP/Maps/TwinStickExampleMap.TwinStickExampleMap:PersistentLevel.TwinStickExampleMap' with GeneratedClass '/Game/TwinStickBP/Maps/TwinStickExampleMap.TwinStickExampleMap_C' with ClassGeneratedBy '/Game/TwinStickBP/Maps/TwinStickExampleMap.TwinStickExampleMap:PersistentLevel.TwinStickExampleMap'
[2016.03.29-17.07.58:671][421]LogRenderer: Reallocating scene render targets to support 1280x720 (Frame:12496).
[2016.03.29-17.08.03:832][145]LogBlueprintUserMessages: Early EndPlayMap Detection: Level '/Game/TwinStickBP/Maps/TwinStickExampleMap.TwinStickExampleMap:PersistentLevel' has LevelScriptBlueprint '/Game/TwinStickBP/Maps/TwinStickExampleMap.TwinStickExampleMap:PersistentLevel.TwinStickExampleMap' with GeneratedClass '/Game/TwinStickBP/Maps/TwinStickExampleMap.TwinStickExampleMap_C' with ClassGeneratedBy '/Game/TwinStickBP/Maps/TwinStickExampleMap.TwinStickExampleMap:PersistentLevel.TwinStickExampleMap'
[2016.03.29-17.08.03:897][145]LogBlueprintUserMessages: Late EndPlayMap Detection: Level '/Game/TwinStickBP/Maps/TwinStickExampleMap.TwinStickExampleMap:PersistentLevel' has LevelScriptBlueprint '/Game/TwinStickBP/Maps/TwinStickExampleMap.TwinStickExampleMap:PersistentLevel.TwinStickExampleMap' with GeneratedClass '/Game/TwinStickBP/Maps/TwinStickExampleMap.TwinStickExampleMap_C' with ClassGeneratedBy '/Game/TwinStickBP/Maps/TwinStickExampleMap.TwinStickExampleMap:PersistentLevel.TwinStickExampleMap'
[2016.03.29-17.08.03:942][145]LogParticles: Destroying 0 GPU particle simulations for FXSystem 0x000001C6FCC431A0
[2016.03.29-17.08.17:464][111]BlueprintLog: New page: Compile TwinStickExampleMap
[2016.03.29-17.08.17:536][111]BlueprintEditorCompileResults: Info [0301.13] Compile of TwinStickExampleMap successful! [in 72 ms]
[2016.03.29-17.08.21:361][345]LogBlueprintUserMessages: Early PlayInEditor Detection: Level '/Game/TwinStickBP/Maps/TwinStickExampleMap.TwinStickExampleMap:PersistentLevel' has LevelScriptBlueprint '/Game/TwinStickBP/Maps/TwinStickExampleMap.TwinStickExampleMap:PersistentLevel.TwinStickExampleMap' with GeneratedClass '/Game/TwinStickBP/Maps/TwinStickExampleMap.TwinStickExampleMap_C' with ClassGeneratedBy '/Game/TwinStickBP/Maps/TwinStickExampleMap.TwinStickExampleMap:PersistentLevel.TwinStickExampleMap'
[2016.03.29-17.08.21:361][345]LogPlayLevel: PlayLevel: No blueprints needed recompiling
[2016.03.29-17.08.21:361][345]PIE: New page: PIE session: TwinStickExampleMap (Mar 29, 2016, 9:08:21 PM)
[2016.03.29-17.08.21:361][345]LogPlayLevel: Creating play world package: /Game/TwinStickBP/Maps/UEDPIE_0_TwinStickExampleMap
[2016.03.29-17.08.21:373][345]LogPlayLevel: PIE: StaticDuplicateObject took: (0.012165s)
[2016.03.29-17.08.21:374][345]LogAIModule: Creating AISystem for world TwinStickExampleMap
[2016.03.29-17.08.21:374][345]LogPlayLevel: PIE: World Init took: (0.000758s)
[2016.03.29-17.08.21:374][345]LogPlayLevel: PIE: Created PIE world by copying editor world from /Game/TwinStickBP/Maps/TwinStickExampleMap.TwinStickExampleMap to /Game/TwinStickBP/Maps/UEDPIE_0_TwinStickExampleMap.TwinStickExampleMap (0.013193s)
[2016.03.29-17.08.21:435][345]LogInit: XAudio2 using 'Haut-parleurs (Realtek High Definition Audio)' : 2 channels at 48 kHz using 32 bits per sample (channel mask 0x3)
[2016.03.29-17.08.21:441][345]LogInit: FAudioDevice initialized.
[2016.03.29-17.08.21:535][345]LogWorld: Game class is 'TwinStickGameMode_C'
[2016.03.29-17.08.21:541][345]LogWorld: Bringing World /Game/TwinStickBP/Maps/UEDPIE_0_TwinStickExampleMap.TwinStickExampleMap up for play (max tick rate 0) at 2016.03.29-19.08.21
[2016.03.29-17.08.21:541][345]LogActor:Warning: GameSession /Game/TwinStickBP/Maps/UEDPIE_0_TwinStickExampleMap.TwinStickExampleMap:PersistentLevel.GameSession_1 has natively added scene component(s), but none of them were set as the actor's RootComponent - picking one arbitrarily
[2016.03.29-17.08.21:542][345]LogActor:Warning: GameNetworkManager /Game/TwinStickBP/Maps/UEDPIE_0_TwinStickExampleMap.TwinStickExampleMap:PersistentLevel.GameNetworkManager_1 has natively added scene component(s), but none of them were set as the actor's RootComponent - picking one arbitrarily
[2016.03.29-17.08.21:542][345]LogWorld: Bringing up level for play took: 0.005647
[2016.03.29-17.08.21:559][345]PIE: Info Play in editor start time for /Game/TwinStickBP/Maps/UEDPIE_0_TwinStickExampleMap 0.165
[2016.03.29-17.08.21:559][345]LogBlueprintUserMessages: Late PlayInEditor Detection: Level '/Game/TwinStickBP/Maps/TwinStickExampleMap.TwinStickExampleMap:PersistentLevel' has LevelScriptBlueprint '/Game/TwinStickBP/Maps/TwinStickExampleMap.TwinStickExampleMap:PersistentLevel.TwinStickExampleMap' with GeneratedClass '/Game/TwinStickBP/Maps/TwinStickExampleMap.TwinStickExampleMap_C' with ClassGeneratedBy '/Game/TwinStickBP/Maps/TwinStickExampleMap.TwinStickExampleMap:PersistentLevel.TwinStickExampleMap'
[2016.03.29-17.08.25:012][836]LogBlueprintUserMessages: Early EndPlayMap Detection: Level '/Game/TwinStickBP/Maps/TwinStickExampleMap.TwinStickExampleMap:PersistentLevel' has LevelScriptBlueprint '/Game/TwinStickBP/Maps/TwinStickExampleMap.TwinStickExampleMap:PersistentLevel.TwinStickExampleMap' with GeneratedClass '/Game/TwinStickBP/Maps/TwinStickExampleMap.TwinStickExampleMap_C' with ClassGeneratedBy '/Game/TwinStickBP/Maps/TwinStickExampleMap.TwinStickExampleMap:PersistentLevel.TwinStickExampleMap'
[2016.03.29-17.08.25:076][836]LogBlueprintUserMessages: Late EndPlayMap Detection: Level '/Game/TwinStickBP/Maps/TwinStickExampleMap.TwinStickExampleMap:PersistentLevel' has LevelScriptBlueprint '/Game/TwinStickBP/Maps/TwinStickExampleMap.TwinStickExampleMap:PersistentLevel.TwinStickExampleMap' with GeneratedClass '/Game/TwinStickBP/Maps/TwinStickExampleMap.TwinStickExampleMap_C' with ClassGeneratedBy '/Game/TwinStickBP/Maps/TwinStickExampleMap.TwinStickExampleMap:PersistentLevel.TwinStickExampleMap'
[2016.03.29-17.08.25:101][836]LogParticles: Destroying 0 GPU particle simulations for FXSystem 0x000001C6FE3416C0
[2016.03.29-17.08.29:227][436]LogSavePackage: Save=109.792717ms
[2016.03.29-17.08.29:227][436]LogSavePackage: Moving '../../../../../../../Evann/Documents/Unreal Projects/speedron/speedron_BP/Saved/TwinStickExampleMap_Auto28332DD80416F6A19257EBC9A764392D0.tmp' to '../../../../../../../Evann/Documents/Unreal Projects/speedron/speedron_BP/Saved/Autosaves/Game/TwinStickBP/Maps/TwinStickExampleMap_Auto2.umap'
[2016.03.29-17.08.29:229][436]LogSavePackage: Total save time: 133.362897ms
[2016.03.29-17.08.29:229][436]LogSavePackage:Display: Finished SavePackage ../../../../../../../Evann/Documents/Unreal Projects/speedron/speedron_BP/Saved/Autosaves/Game/TwinStickBP/Maps/TwinStickExampleMap_Auto2.umap
[2016.03.29-17.08.29:231][436]LogFileHelpers: Editor autosave (incl. sublevels) for '/Game/TwinStickBP/Maps/TwinStickExampleMap' took 0.164
[2016.03.29-17.08.29:231][436]LogFileHelpers: Editor autosave (incl. sublevels) for all levels took 0.164
[2016.03.29-17.08.29:237][436]OBJ SavePackage: Generating thumbnails for [1] asset(s) in package [/Game/TwinStickBP/Audio/Sound_Effects/SND_start] ([1] browsable assets)...
[2016.03.29-17.08.29:244][436]OBJ SavePackage:     Rendered thumbnail for [SoundWave /Game/TwinStickBP/Audio/Sound_Effects/SND_start.SND_start]
[2016.03.29-17.08.29:244][436]OBJ SavePackage: Finished generating thumbnails for package [/Game/TwinStickBP/Audio/Sound_Effects/SND_start]
[2016.03.29-17.08.29:250][436]LogSavePackage: Save=3.751221ms
[2016.03.29-17.08.29:250][436]LogSavePackage: Moving '../../../../../../../Evann/Documents/Unreal Projects/speedron/speedron_BP/Saved/SND_start_Auto2FDCFE100488F3B87F3AE12B39F548280.tmp' to '../../../../../../../Evann/Documents/Unreal Projects/speedron/speedron_BP/Saved/Autosaves/Game/TwinStickBP/Audio/Sound_Effects/SND_start_Auto2.uasset'
[2016.03.29-17.08.29:253][436]LogSavePackage: Total save time: 6.761376ms
[2016.03.29-17.08.29:253][436]LogSavePackage:Display: Finished SavePackage ../../../../../../../Evann/Documents/Unreal Projects/speedron/speedron_BP/Saved/Autosaves/Game/TwinStickBP/Audio/Sound_Effects/SND_start_Auto2.uasset
[2016.03.29-17.08.29:257][436]OBJ SavePackage: Generating thumbnails for [1] asset(s) in package [/Game/TwinStickBP/Audio/Sound_Effects/SND_voice_counter] ([1] browsable assets)...
[2016.03.29-17.08.29:264][436]OBJ SavePackage:     Rendered thumbnail for [SoundWave /Game/TwinStickBP/Audio/Sound_Effects/SND_voice_counter.SND_voice_counter]
[2016.03.29-17.08.29:264][436]OBJ SavePackage: Finished generating thumbnails for package [/Game/TwinStickBP/Audio/Sound_Effects/SND_voice_counter]
[2016.03.29-17.08.29:269][436]LogSavePackage: Save=3.512449ms
[2016.03.29-17.08.29:269][436]LogSavePackage: Moving '../../../../../../../Evann/Documents/Unreal Projects/speedron/speedron_BP/Saved/SND_voice_counter_Auto297B172894AC1DE7A9834918A313BE5B5.tmp' to '../../../../../../../Evann/Documents/Unreal Projects/speedron/speedron_BP/Saved/Autosaves/Game/TwinStickBP/Audio/Sound_Effects/SND_voice_counter_Auto2.uasset'
[2016.03.29-17.08.29:270][436]LogSavePackage: Total save time: 5.165737ms
[2016.03.29-17.08.29:270][436]LogSavePackage:Display: Finished SavePackage ../../../../../../../Evann/Documents/Unreal Projects/speedron/speedron_BP/Saved/Autosaves/Game/TwinStickBP/Audio/Sound_Effects/SND_voice_counter_Auto2.uasset
[2016.03.29-17.08.29:270][436]LogFileHelpers: Auto-saving content packages took 0.038
[2016.03.29-17.08.32:136][953]BlueprintLog: New page: Compile TwinStickExampleMap
[2016.03.29-17.08.32:208][953]BlueprintEditorCompileResults: Info [0315.80] Compile of TwinStickExampleMap successful! [in 72 ms]
[2016.03.29-17.08.33:423][124]LogBlueprintUserMessages: Early PlayInEditor Detection: Level '/Game/TwinStickBP/Maps/TwinStickExampleMap.TwinStickExampleMap:PersistentLevel' has LevelScriptBlueprint '/Game/TwinStickBP/Maps/TwinStickExampleMap.TwinStickExampleMap:PersistentLevel.TwinStickExampleMap' with GeneratedClass '/Game/TwinStickBP/Maps/TwinStickExampleMap.TwinStickExampleMap_C' with ClassGeneratedBy '/Game/TwinStickBP/Maps/TwinStickExampleMap.TwinStickExampleMap:PersistentLevel.TwinStickExampleMap'
[2016.03.29-17.08.33:423][124]LogPlayLevel: PlayLevel: No blueprints needed recompiling
[2016.03.29-17.08.33:423][124]PIE: New page: PIE session: TwinStickExampleMap (Mar 29, 2016, 9:08:33 PM)
[2016.03.29-17.08.33:423][124]LogPlayLevel: Creating play world package: /Game/TwinStickBP/Maps/UEDPIE_0_TwinStickExampleMap
[2016.03.29-17.08.33:435][124]LogPlayLevel: PIE: StaticDuplicateObject took: (0.011953s)
[2016.03.29-17.08.33:435][124]LogAIModule: Creating AISystem for world TwinStickExampleMap
[2016.03.29-17.08.33:436][124]LogPlayLevel: PIE: World Init took: (0.000734s)
[2016.03.29-17.08.33:436][124]LogPlayLevel: PIE: Created PIE world by copying editor world from /Game/TwinStickBP/Maps/TwinStickExampleMap.TwinStickExampleMap to /Game/TwinStickBP/Maps/UEDPIE_0_TwinStickExampleMap.TwinStickExampleMap (0.012877s)
[2016.03.29-17.08.33:492][124]LogInit: XAudio2 using 'Haut-parleurs (Realtek High Definition Audio)' : 2 channels at 48 kHz using 32 bits per sample (channel mask 0x3)
[2016.03.29-17.08.33:502][124]LogInit: FAudioDevice initialized.
[2016.03.29-17.08.33:598][124]LogWorld: Game class is 'TwinStickGameMode_C'
[2016.03.29-17.08.33:604][124]LogWorld: Bringing World /Game/TwinStickBP/Maps/UEDPIE_0_TwinStickExampleMap.TwinStickExampleMap up for play (max tick rate 0) at 2016.03.29-19.08.33
[2016.03.29-17.08.33:605][124]LogActor:Warning: GameSession /Game/TwinStickBP/Maps/UEDPIE_0_TwinStickExampleMap.TwinStickExampleMap:PersistentLevel.GameSession_2 has natively added scene component(s), but none of them were set as the actor's RootComponent - picking one arbitrarily
[2016.03.29-17.08.33:605][124]LogActor:Warning: GameNetworkManager /Game/TwinStickBP/Maps/UEDPIE_0_TwinStickExampleMap.TwinStickExampleMap:PersistentLevel.GameNetworkManager_2 has natively added scene component(s), but none of them were set as the actor's RootComponent - picking one arbitrarily
[2016.03.29-17.08.33:605][124]LogWorld: Bringing up level for play took: 0.005413
[2016.03.29-17.08.33:635][124]PIE: Info Play in editor start time for /Game/TwinStickBP/Maps/UEDPIE_0_TwinStickExampleMap 0.241
[2016.03.29-17.08.33:636][124]LogBlueprintUserMessages: Late PlayInEditor Detection: Level '/Game/TwinStickBP/Maps/TwinStickExampleMap.TwinStickExampleMap:PersistentLevel' has LevelScriptBlueprint '/Game/TwinStickBP/Maps/TwinStickExampleMap.TwinStickExampleMap:PersistentLevel.TwinStickExampleMap' with GeneratedClass '/Game/TwinStickBP/Maps/TwinStickExampleMap.TwinStickExampleMap_C' with ClassGeneratedBy '/Game/TwinStickBP/Maps/TwinStickExampleMap.TwinStickExampleMap:PersistentLevel.TwinStickExampleMap'
[2016.03.29-17.08.36:983][599]LogBlueprintUserMessages: Early EndPlayMap Detection: Level '/Game/TwinStickBP/Maps/TwinStickExampleMap.TwinStickExampleMap:PersistentLevel' has LevelScriptBlueprint '/Game/TwinStickBP/Maps/TwinStickExampleMap.TwinStickExampleMap:PersistentLevel.TwinStickExampleMap' with GeneratedClass '/Game/TwinStickBP/Maps/TwinStickExampleMap.TwinStickExampleMap_C' with ClassGeneratedBy '/Game/TwinStickBP/Maps/TwinStickExampleMap.TwinStickExampleMap:PersistentLevel.TwinStickExampleMap'
[2016.03.29-17.08.37:040][599]LogBlueprintUserMessages: Late EndPlayMap Detection: Level '/Game/TwinStickBP/Maps/TwinStickExampleMap.TwinStickExampleMap:PersistentLevel' has LevelScriptBlueprint '/Game/TwinStickBP/Maps/TwinStickExampleMap.TwinStickExampleMap:PersistentLevel.TwinStickExampleMap' with GeneratedClass '/Game/TwinStickBP/Maps/TwinStickExampleMap.TwinStickExampleMap_C' with ClassGeneratedBy '/Game/TwinStickBP/Maps/TwinStickExampleMap.TwinStickExampleMap:PersistentLevel.TwinStickExampleMap'
[2016.03.29-17.08.37:083][599]LogParticles: Destroying 0 GPU particle simulations for FXSystem 0x000001C6CD01BA60
[2016.03.29-17.08.53:806][412]BlueprintLog: New page: Compile TwinStickExampleMap
[2016.03.29-17.08.53:877][412]BlueprintEditorCompileResults: Info [0337.47] Compile of TwinStickExampleMap successful! [in 71 ms]
[2016.03.29-17.09.13:468][390]BlueprintLog: New page: Compile TwinStickExampleMap
[2016.03.29-17.09.13:540][390]BlueprintEditorCompileResults: Info [0357.13] Compile of TwinStickExampleMap successful! [in 72 ms]
[2016.03.29-17.09.14:914][592]LogBlueprintUserMessages: Early PlayInEditor Detection: Level '/Game/TwinStickBP/Maps/TwinStickExampleMap.TwinStickExampleMap:PersistentLevel' has LevelScriptBlueprint '/Game/TwinStickBP/Maps/TwinStickExampleMap.TwinStickExampleMap:PersistentLevel.TwinStickExampleMap' with GeneratedClass '/Game/TwinStickBP/Maps/TwinStickExampleMap.TwinStickExampleMap_C' with ClassGeneratedBy '/Game/TwinStickBP/Maps/TwinStickExampleMap.TwinStickExampleMap:PersistentLevel.TwinStickExampleMap'
[2016.03.29-17.09.14:914][592]LogPlayLevel: PlayLevel: No blueprints needed recompiling
[2016.03.29-17.09.14:914][592]PIE: New page: PIE session: TwinStickExampleMap (Mar 29, 2016, 9:09:14 PM)
[2016.03.29-17.09.14:914][592]LogPlayLevel: Creating play world package: /Game/TwinStickBP/Maps/UEDPIE_0_TwinStickExampleMap
[2016.03.29-17.09.14:926][592]LogPlayLevel: PIE: StaticDuplicateObject took: (0.012219s)
[2016.03.29-17.09.14:927][592]LogAIModule: Creating AISystem for world TwinStickExampleMap
[2016.03.29-17.09.14:927][592]LogPlayLevel: PIE: World Init took: (0.000842s)
[2016.03.29-17.09.14:927][592]LogPlayLevel: PIE: Created PIE world by copying editor world from /Game/TwinStickBP/Maps/TwinStickExampleMap.TwinStickExampleMap to /Game/TwinStickBP/Maps/UEDPIE_0_TwinStickExampleMap.TwinStickExampleMap (0.013282s)
[2016.03.29-17.09.14:983][592]LogInit: XAudio2 using 'Haut-parleurs (Realtek High Definition Audio)' : 2 channels at 48 kHz using 32 bits per sample (channel mask 0x3)
[2016.03.29-17.09.14:992][592]LogInit: FAudioDevice initialized.
[2016.03.29-17.09.15:089][592]LogWorld: Game class is 'TwinStickGameMode_C'
[2016.03.29-17.09.15:092][592]LogWorld: Bringing World /Game/TwinStickBP/Maps/UEDPIE_0_TwinStickExampleMap.TwinStickExampleMap up for play (max tick rate 0) at 2016.03.29-19.09.15
[2016.03.29-17.09.15:092][592]LogActor:Warning: GameSession /Game/TwinStickBP/Maps/UEDPIE_0_TwinStickExampleMap.TwinStickExampleMap:PersistentLevel.GameSession_3 has natively added scene component(s), but none of them were set as the actor's RootComponent - picking one arbitrarily
[2016.03.29-17.09.15:092][592]LogActor:Warning: GameNetworkManager /Game/TwinStickBP/Maps/UEDPIE_0_TwinStickExampleMap.TwinStickExampleMap:PersistentLevel.GameNetworkManager_3 has natively added scene component(s), but none of them were set as the actor's RootComponent - picking one arbitrarily
[2016.03.29-17.09.15:093][592]LogWorld: Bringing up level for play took: 0.002696
[2016.03.29-17.09.15:117][592]PIE: Info Play in editor start time for /Game/TwinStickBP/Maps/UEDPIE_0_TwinStickExampleMap -0.277
[2016.03.29-17.09.15:117][592]LogBlueprintUserMessages: Late PlayInEditor Detection: Level '/Game/TwinStickBP/Maps/TwinStickExampleMap.TwinStickExampleMap:PersistentLevel' has LevelScriptBlueprint '/Game/TwinStickBP/Maps/TwinStickExampleMap.TwinStickExampleMap:PersistentLevel.TwinStickExampleMap' with GeneratedClass '/Game/TwinStickBP/Maps/TwinStickExampleMap.TwinStickExampleMap_C' with ClassGeneratedBy '/Game/TwinStickBP/Maps/TwinStickExampleMap.TwinStickExampleMap:PersistentLevel.TwinStickExampleMap'
[2016.03.29-17.10.13:059][654]LogBlueprintUserMessages: Early EndPlayMap Detection: Level '/Game/TwinStickBP/Maps/TwinStickExampleMap.TwinStickExampleMap:PersistentLevel' has LevelScriptBlueprint '/Game/TwinStickBP/Maps/TwinStickExampleMap.TwinStickExampleMap:PersistentLevel.TwinStickExampleMap' with GeneratedClass '/Game/TwinStickBP/Maps/TwinStickExampleMap.TwinStickExampleMap_C' with ClassGeneratedBy '/Game/TwinStickBP/Maps/TwinStickExampleMap.TwinStickExampleMap:PersistentLevel.TwinStickExampleMap'
[2016.03.29-17.10.13:120][654]LogBlueprintUserMessages: Late EndPlayMap Detection: Level '/Game/TwinStickBP/Maps/TwinStickExampleMap.TwinStickExampleMap:PersistentLevel' has LevelScriptBlueprint '/Game/TwinStickBP/Maps/TwinStickExampleMap.TwinStickExampleMap:PersistentLevel.TwinStickExampleMap' with GeneratedClass '/Game/TwinStickBP/Maps/TwinStickExampleMap.TwinStickExampleMap_C' with ClassGeneratedBy '/Game/TwinStickBP/Maps/TwinStickExampleMap.TwinStickExampleMap:PersistentLevel.TwinStickExampleMap'
[2016.03.29-17.10.13:157][654]LogParticles: Destroying 0 GPU particle simulations for FXSystem 0x000001C6E7F5B060
[2016.03.29-17.10.16:254][862]LogSavePackage: Save=109.123192ms
[2016.03.29-17.10.16:254][862]LogSavePackage: Moving '../../../../../../../Evann/Documents/Unreal Projects/speedron/speedron_BP/Saved/TwinStickExampleMapF82C13F848A28A00BAA7A59DD751C9AC.tmp' to '../../../../../../../Evann/Documents/Unreal Projects/speedron/speedron_BP/Content/TwinStickBP/Maps/TwinStickExampleMap.umap'
[2016.03.29-17.10.16:257][862]LogSavePackage: Total save time: 134.135660ms
[2016.03.29-17.10.16:257][862]LogSavePackage:Display: Finished SavePackage ../../../../../../../Evann/Documents/Unreal Projects/speedron/speedron_BP/Content/TwinStickBP/Maps/TwinStickExampleMap.umap
[2016.03.29-17.10.16:289][862]LogFileHelpers: Saving map 'TwinStickExampleMap' took 1.296
[2016.03.29-17.10.16:310][862]LogSavePackage: Save=3.775974ms
[2016.03.29-17.10.16:310][862]LogSavePackage: Moving '../../../../../../../Evann/Documents/Unreal Projects/speedron/speedron_BP/Saved/SND_startCBE1F0124A726994BC3080BD9018A285.tmp' to '../../../../../../../Evann/Documents/Unreal Projects/speedron/speedron_BP/Content/TwinStickBP/Audio/Sound_Effects/SND_start.uasset'
[2016.03.29-17.10.16:312][862]LogSavePackage: Total save time: 6.110560ms
[2016.03.29-17.10.16:312][862]LogSavePackage:Display: Finished SavePackage ../../../../../../../Evann/Documents/Unreal Projects/speedron/speedron_BP/Content/TwinStickBP/Audio/Sound_Effects/SND_start.uasset
[2016.03.29-17.10.16:329][862]LogSavePackage: Save=3.520901ms
[2016.03.29-17.10.16:329][862]LogSavePackage: Moving '../../../../../../../Evann/Documents/Unreal Projects/speedron/speedron_BP/Saved/SND_voice_counter8EC4D5A249E6FC2246326E808A51A437.tmp' to '../../../../../../../Evann/Documents/Unreal Projects/speedron/speedron_BP/Content/TwinStickBP/Audio/Sound_Effects/SND_voice_counter.uasset'
[2016.03.29-17.10.16:332][862]LogSavePackage: Total save time: 5.838282ms
[2016.03.29-17.10.16:332][862]LogSavePackage:Display: Finished SavePackage ../../../../../../../Evann/Documents/Unreal Projects/speedron/speedron_BP/Content/TwinStickBP/Audio/Sound_Effects/SND_voice_counter.uasset
[2016.03.29-17.14.21:086][700]LogBlueprintUserMessages: Early PlayInEditor Detection: Level '/Game/TwinStickBP/Maps/TwinStickExampleMap.TwinStickExampleMap:PersistentLevel' has LevelScriptBlueprint '/Game/TwinStickBP/Maps/TwinStickExampleMap.TwinStickExampleMap:PersistentLevel.TwinStickExampleMap' with GeneratedClass '/Game/TwinStickBP/Maps/TwinStickExampleMap.TwinStickExampleMap_C' with ClassGeneratedBy '/Game/TwinStickBP/Maps/TwinStickExampleMap.TwinStickExampleMap:PersistentLevel.TwinStickExampleMap'
[2016.03.29-17.14.21:086][700]LogPlayLevel: PlayLevel: No blueprints needed recompiling
[2016.03.29-17.14.21:086][700]PIE: New page: PIE session: TwinStickExampleMap (Mar 29, 2016, 9:14:21 PM)
[2016.03.29-17.14.21:086][700]LogPlayLevel: Creating play world package: /Game/TwinStickBP/Maps/UEDPIE_0_TwinStickExampleMap
[2016.03.29-17.14.21:099][700]LogPlayLevel: PIE: StaticDuplicateObject took: (0.012851s)
[2016.03.29-17.14.21:099][700]LogAIModule: Creating AISystem for world TwinStickExampleMap
[2016.03.29-17.14.21:100][700]LogPlayLevel: PIE: World Init took: (0.000900s)
[2016.03.29-17.14.21:100][700]LogPlayLevel: PIE: Created PIE world by copying editor world from /Game/TwinStickBP/Maps/TwinStickExampleMap.TwinStickExampleMap to /Game/TwinStickBP/Maps/UEDPIE_0_TwinStickExampleMap.TwinStickExampleMap (0.013992s)
[2016.03.29-17.14.21:160][700]LogInit: XAudio2 using 'Haut-parleurs (Realtek High Definition Audio)' : 2 channels at 48 kHz using 32 bits per sample (channel mask 0x3)
[2016.03.29-17.14.21:170][700]LogInit: FAudioDevice initialized.
[2016.03.29-17.14.21:255][700]LogWorld: Game class is 'TwinStickGameMode_C'
[2016.03.29-17.14.21:258][700]LogWorld: Bringing World /Game/TwinStickBP/Maps/UEDPIE_0_TwinStickExampleMap.TwinStickExampleMap up for play (max tick rate 0) at 2016.03.29-19.14.21
[2016.03.29-17.14.21:258][700]LogActor:Warning: GameSession /Game/TwinStickBP/Maps/UEDPIE_0_TwinStickExampleMap.TwinStickExampleMap:PersistentLevel.GameSession_4 has natively added scene component(s), but none of them were set as the actor's RootComponent - picking one arbitrarily
[2016.03.29-17.14.21:258][700]LogActor:Warning: GameNetworkManager /Game/TwinStickBP/Maps/UEDPIE_0_TwinStickExampleMap.TwinStickExampleMap:PersistentLevel.GameNetworkManager_4 has natively added scene component(s), but none of them were set as the actor's RootComponent - picking one arbitrarily
[2016.03.29-17.14.21:259][700]LogWorld: Bringing up level for play took: 0.002928
[2016.03.29-17.14.21:284][700]PIE: Info Play in editor start time for /Game/TwinStickBP/Maps/UEDPIE_0_TwinStickExampleMap -0.11
[2016.03.29-17.14.21:284][700]LogBlueprintUserMessages: Late PlayInEditor Detection: Level '/Game/TwinStickBP/Maps/TwinStickExampleMap.TwinStickExampleMap:PersistentLevel' has LevelScriptBlueprint '/Game/TwinStickBP/Maps/TwinStickExampleMap.TwinStickExampleMap:PersistentLevel.TwinStickExampleMap' with GeneratedClass '/Game/TwinStickBP/Maps/TwinStickExampleMap.TwinStickExampleMap_C' with ClassGeneratedBy '/Game/TwinStickBP/Maps/TwinStickExampleMap.TwinStickExampleMap:PersistentLevel.TwinStickExampleMap'
[2016.03.29-17.14.29:875][606]LogBlueprintUserMessages: Early EndPlayMap Detection: Level '/Game/TwinStickBP/Maps/TwinStickExampleMap.TwinStickExampleMap:PersistentLevel' has LevelScriptBlueprint '/Game/TwinStickBP/Maps/TwinStickExampleMap.TwinStickExampleMap:PersistentLevel.TwinStickExampleMap' with GeneratedClass '/Game/TwinStickBP/Maps/TwinStickExampleMap.TwinStickExampleMap_C' with ClassGeneratedBy '/Game/TwinStickBP/Maps/TwinStickExampleMap.TwinStickExampleMap:PersistentLevel.TwinStickExampleMap'
[2016.03.29-17.14.29:912][606]LogBlueprintUserMessages: Late EndPlayMap Detection: Level '/Game/TwinStickBP/Maps/TwinStickExampleMap.TwinStickExampleMap:PersistentLevel' has LevelScriptBlueprint '/Game/TwinStickBP/Maps/TwinStickExampleMap.TwinStickExampleMap:PersistentLevel.TwinStickExampleMap' with GeneratedClass '/Game/TwinStickBP/Maps/TwinStickExampleMap.TwinStickExampleMap_C' with ClassGeneratedBy '/Game/TwinStickBP/Maps/TwinStickExampleMap.TwinStickExampleMap:PersistentLevel.TwinStickExampleMap'
[2016.03.29-17.14.29:944][606]LogParticles: Destroying 0 GPU particle simulations for FXSystem 0x000001C6A16A47C0
[2016.03.29-17.14.30:747][686]LogBlueprintUserMessages: Early PlayInEditor Detection: Level '/Game/TwinStickBP/Maps/TwinStickExampleMap.TwinStickExampleMap:PersistentLevel' has LevelScriptBlueprint '/Game/TwinStickBP/Maps/TwinStickExampleMap.TwinStickExampleMap:PersistentLevel.TwinStickExampleMap' with GeneratedClass '/Game/TwinStickBP/Maps/TwinStickExampleMap.TwinStickExampleMap_C' with ClassGeneratedBy '/Game/TwinStickBP/Maps/TwinStickExampleMap.TwinStickExampleMap:PersistentLevel.TwinStickExampleMap'
[2016.03.29-17.14.30:747][686]LogPlayLevel: PlayLevel: No blueprints needed recompiling
[2016.03.29-17.14.30:747][686]PIE: New page: PIE session: TwinStickExampleMap (Mar 29, 2016, 9:14:30 PM)
[2016.03.29-17.14.30:747][686]LogPlayLevel: Creating play world package: /Game/TwinStickBP/Maps/UEDPIE_0_TwinStickExampleMap
[2016.03.29-17.14.30:760][686]LogPlayLevel: PIE: StaticDuplicateObject took: (0.012569s)
[2016.03.29-17.14.30:760][686]LogAIModule: Creating AISystem for world TwinStickExampleMap
[2016.03.29-17.14.30:760][686]LogPlayLevel: PIE: World Init took: (0.000807s)
[2016.03.29-17.14.30:761][686]LogPlayLevel: PIE: Created PIE world by copying editor world from /Game/TwinStickBP/Maps/TwinStickExampleMap.TwinStickExampleMap to /Game/TwinStickBP/Maps/UEDPIE_0_TwinStickExampleMap.TwinStickExampleMap (0.013603s)
[2016.03.29-17.14.30:819][686]LogInit: XAudio2 using 'Haut-parleurs (Realtek High Definition Audio)' : 2 channels at 48 kHz using 32 bits per sample (channel mask 0x3)
[2016.03.29-17.14.30:830][686]LogInit: FAudioDevice initialized.
[2016.03.29-17.14.30:923][686]LogWorld: Game class is 'TwinStickGameMode_C'
[2016.03.29-17.14.30:927][686]LogWorld: Bringing World /Game/TwinStickBP/Maps/UEDPIE_0_TwinStickExampleMap.TwinStickExampleMap up for play (max tick rate 0) at 2016.03.29-19.14.30
[2016.03.29-17.14.30:927][686]LogActor:Warning: GameSession /Game/TwinStickBP/Maps/UEDPIE_0_TwinStickExampleMap.TwinStickExampleMap:PersistentLevel.GameSession_5 has natively added scene component(s), but none of them were set as the actor's RootComponent - picking one arbitrarily
[2016.03.29-17.14.30:927][686]LogActor:Warning: GameNetworkManager /Game/TwinStickBP/Maps/UEDPIE_0_TwinStickExampleMap.TwinStickExampleMap:PersistentLevel.GameNetworkManager_5 has natively added scene component(s), but none of them were set as the actor's RootComponent - picking one arbitrarily
[2016.03.29-17.14.30:927][686]LogWorld: Bringing up level for play took: 0.002894
[2016.03.29-17.14.30:944][686]PIE: Info Play in editor start time for /Game/TwinStickBP/Maps/UEDPIE_0_TwinStickExampleMap -0.45
[2016.03.29-17.14.30:944][686]LogBlueprintUserMessages: Late PlayInEditor Detection: Level '/Game/TwinStickBP/Maps/TwinStickExampleMap.TwinStickExampleMap:PersistentLevel' has LevelScriptBlueprint '/Game/TwinStickBP/Maps/TwinStickExampleMap.TwinStickExampleMap:PersistentLevel.TwinStickExampleMap' with GeneratedClass '/Game/TwinStickBP/Maps/TwinStickExampleMap.TwinStickExampleMap_C' with ClassGeneratedBy '/Game/TwinStickBP/Maps/TwinStickExampleMap.TwinStickExampleMap:PersistentLevel.TwinStickExampleMap'
[2016.03.29-17.14.39:094][741]LogBlueprintUserMessages: Early EndPlayMap Detection: Level '/Game/TwinStickBP/Maps/TwinStickExampleMap.TwinStickExampleMap:PersistentLevel' has LevelScriptBlueprint '/Game/TwinStickBP/Maps/TwinStickExampleMap.TwinStickExampleMap:PersistentLevel.TwinStickExampleMap' with GeneratedClass '/Game/TwinStickBP/Maps/TwinStickExampleMap.TwinStickExampleMap_C' with ClassGeneratedBy '/Game/TwinStickBP/Maps/TwinStickExampleMap.TwinStickExampleMap:PersistentLevel.TwinStickExampleMap'
[2016.03.29-17.14.39:138][741]LogBlueprintUserMessages: Late EndPlayMap Detection: Level '/Game/TwinStickBP/Maps/TwinStickExampleMap.TwinStickExampleMap:PersistentLevel' has LevelScriptBlueprint '/Game/TwinStickBP/Maps/TwinStickExampleMap.TwinStickExampleMap:PersistentLevel.TwinStickExampleMap' with GeneratedClass '/Game/TwinStickBP/Maps/TwinStickExampleMap.TwinStickExampleMap_C' with ClassGeneratedBy '/Game/TwinStickBP/Maps/TwinStickExampleMap.TwinStickExampleMap:PersistentLevel.TwinStickExampleMap'
[2016.03.29-17.14.39:187][741]LogParticles: Destroying 0 GPU particle simulations for FXSystem 0x000001C6CD0287C0
[2016.03.29-17.14.55:634][960]LogBlueprintUserMessages: Early PlayInEditor Detection: Level '/Game/TwinStickBP/Maps/TwinStickExampleMap.TwinStickExampleMap:PersistentLevel' has LevelScriptBlueprint '/Game/TwinStickBP/Maps/TwinStickExampleMap.TwinStickExampleMap:PersistentLevel.TwinStickExampleMap' with GeneratedClass '/Game/TwinStickBP/Maps/TwinStickExampleMap.TwinStickExampleMap_C' with ClassGeneratedBy '/Game/TwinStickBP/Maps/TwinStickExampleMap.TwinStickExampleMap:PersistentLevel.TwinStickExampleMap'
[2016.03.29-17.14.55:634][960]LogPlayLevel: PlayLevel: No blueprints needed recompiling
[2016.03.29-17.14.55:634][960]PIE: New page: PIE session: TwinStickExampleMap (Mar 29, 2016, 9:14:55 PM)
[2016.03.29-17.14.55:634][960]LogPlayLevel: Creating play world package: /Game/TwinStickBP/Maps/UEDPIE_0_TwinStickExampleMap
[2016.03.29-17.14.55:647][960]LogPlayLevel: PIE: StaticDuplicateObject took: (0.012684s)
[2016.03.29-17.14.55:647][960]LogAIModule: Creating AISystem for world TwinStickExampleMap
[2016.03.29-17.14.55:648][960]LogPlayLevel: PIE: World Init took: (0.000795s)
[2016.03.29-17.14.55:648][960]LogPlayLevel: PIE: Created PIE world by copying editor world from /Game/TwinStickBP/Maps/TwinStickExampleMap.TwinStickExampleMap to /Game/TwinStickBP/Maps/UEDPIE_0_TwinStickExampleMap.TwinStickExampleMap (0.013697s)
[2016.03.29-17.14.55:705][960]LogInit: XAudio2 using 'Haut-parleurs (Realtek High Definition Audio)' : 2 channels at 48 kHz using 32 bits per sample (channel mask 0x3)
[2016.03.29-17.14.55:716][960]LogInit: FAudioDevice initialized.
[2016.03.29-17.14.55:789][960]LogWorld: Game class is 'TwinStickGameMode_C'
[2016.03.29-17.14.55:793][960]LogWorld: Bringing World /Game/TwinStickBP/Maps/UEDPIE_0_TwinStickExampleMap.TwinStickExampleMap up for play (max tick rate 0) at 2016.03.29-19.14.55
[2016.03.29-17.14.55:793][960]LogActor:Warning: GameSession /Game/TwinStickBP/Maps/UEDPIE_0_TwinStickExampleMap.TwinStickExampleMap:PersistentLevel.GameSession_6 has natively added scene component(s), but none of them were set as the actor's RootComponent - picking one arbitrarily
[2016.03.29-17.14.55:793][960]LogActor:Warning: GameNetworkManager /Game/TwinStickBP/Maps/UEDPIE_0_TwinStickExampleMap.TwinStickExampleMap:PersistentLevel.GameNetworkManager_6 has natively added scene component(s), but none of them were set as the actor's RootComponent - picking one arbitrarily
[2016.03.29-17.14.55:793][960]LogWorld: Bringing up level for play took: 0.002789
[2016.03.29-17.14.55:819][960]PIE: Info Play in editor start time for /Game/TwinStickBP/Maps/UEDPIE_0_TwinStickExampleMap 0.425
[2016.03.29-17.14.55:819][960]LogBlueprintUserMessages: Late PlayInEditor Detection: Level '/Game/TwinStickBP/Maps/TwinStickExampleMap.TwinStickExampleMap:PersistentLevel' has LevelScriptBlueprint '/Game/TwinStickBP/Maps/TwinStickExampleMap.TwinStickExampleMap:PersistentLevel.TwinStickExampleMap' with GeneratedClass '/Game/TwinStickBP/Maps/TwinStickExampleMap.TwinStickExampleMap_C' with ClassGeneratedBy '/Game/TwinStickBP/Maps/TwinStickExampleMap.TwinStickExampleMap:PersistentLevel.TwinStickExampleMap'
[2016.03.29-17.15.00:313][541]LogBlueprintUserMessages: Early EndPlayMap Detection: Level '/Game/TwinStickBP/Maps/TwinStickExampleMap.TwinStickExampleMap:PersistentLevel' has LevelScriptBlueprint '/Game/TwinStickBP/Maps/TwinStickExampleMap.TwinStickExampleMap:PersistentLevel.TwinStickExampleMap' with GeneratedClass '/Game/TwinStickBP/Maps/TwinStickExampleMap.TwinStickExampleMap_C' with ClassGeneratedBy '/Game/TwinStickBP/Maps/TwinStickExampleMap.TwinStickExampleMap:PersistentLevel.TwinStickExampleMap'
[2016.03.29-17.15.00:353][541]LogBlueprintUserMessages: Late EndPlayMap Detection: Level '/Game/TwinStickBP/Maps/TwinStickExampleMap.TwinStickExampleMap:PersistentLevel' has LevelScriptBlueprint '/Game/TwinStickBP/Maps/TwinStickExampleMap.TwinStickExampleMap:PersistentLevel.TwinStickExampleMap' with GeneratedClass '/Game/TwinStickBP/Maps/TwinStickExampleMap.TwinStickExampleMap_C' with ClassGeneratedBy '/Game/TwinStickBP/Maps/TwinStickExampleMap.TwinStickExampleMap:PersistentLevel.TwinStickExampleMap'
[2016.03.29-17.15.00:396][541]LogParticles: Destroying 0 GPU particle simulations for FXSystem 0x000001C6FE722200
[2016.03.29-17.15.16:169][197]LogBlueprintUserMessages: Early PlayInEditor Detection: Level '/Game/TwinStickBP/Maps/TwinStickExampleMap.TwinStickExampleMap:PersistentLevel' has LevelScriptBlueprint '/Game/TwinStickBP/Maps/TwinStickExampleMap.TwinStickExampleMap:PersistentLevel.TwinStickExampleMap' with GeneratedClass '/Game/TwinStickBP/Maps/TwinStickExampleMap.TwinStickExampleMap_C' with ClassGeneratedBy '/Game/TwinStickBP/Maps/TwinStickExampleMap.TwinStickExampleMap:PersistentLevel.TwinStickExampleMap'
[2016.03.29-17.15.16:170][197]LogPlayLevel: PlayLevel: No blueprints needed recompiling
[2016.03.29-17.15.16:170][197]PIE: New page: PIE session: TwinStickExampleMap (Mar 29, 2016, 9:15:16 PM)
[2016.03.29-17.15.16:170][197]LogPlayLevel: Creating play world package: /Game/TwinStickBP/Maps/UEDPIE_0_TwinStickExampleMap
[2016.03.29-17.15.16:181][197]LogPlayLevel: PIE: StaticDuplicateObject took: (0.011532s)
[2016.03.29-17.15.16:182][197]LogAIModule: Creating AISystem for world TwinStickExampleMap
[2016.03.29-17.15.16:182][197]LogPlayLevel: PIE: World Init took: (0.000765s)
[2016.03.29-17.15.16:182][197]LogPlayLevel: PIE: Created PIE world by copying editor world from /Game/TwinStickBP/Maps/TwinStickExampleMap.TwinStickExampleMap to /Game/TwinStickBP/Maps/UEDPIE_0_TwinStickExampleMap.TwinStickExampleMap (0.012529s)
[2016.03.29-17.15.16:242][197]LogInit: XAudio2 using 'Haut-parleurs (Realtek High Definition Audio)' : 2 channels at 48 kHz using 32 bits per sample (channel mask 0x3)
[2016.03.29-17.15.16:252][197]LogInit: FAudioDevice initialized.
[2016.03.29-17.15.16:341][197]LogWorld: Game class is 'TwinStickGameMode_C'
[2016.03.29-17.15.16:345][197]LogWorld: Bringing World /Game/TwinStickBP/Maps/UEDPIE_0_TwinStickExampleMap.TwinStickExampleMap up for play (max tick rate 0) at 2016.03.29-19.15.16
[2016.03.29-17.15.16:345][197]LogActor:Warning: GameSession /Game/TwinStickBP/Maps/UEDPIE_0_TwinStickExampleMap.TwinStickExampleMap:PersistentLevel.GameSession_7 has natively added scene component(s), but none of them were set as the actor's RootComponent - picking one arbitrarily
[2016.03.29-17.15.16:345][197]LogActor:Warning: GameNetworkManager /Game/TwinStickBP/Maps/UEDPIE_0_TwinStickExampleMap.TwinStickExampleMap:PersistentLevel.GameNetworkManager_7 has natively added scene component(s), but none of them were set as the actor's RootComponent - picking one arbitrarily
[2016.03.29-17.15.16:345][197]LogWorld: Bringing up level for play took: 0.003130
[2016.03.29-17.15.16:363][197]PIE: Info Play in editor start time for /Game/TwinStickBP/Maps/UEDPIE_0_TwinStickExampleMap 0.969
[2016.03.29-17.15.16:363][197]LogBlueprintUserMessages: Late PlayInEditor Detection: Level '/Game/TwinStickBP/Maps/TwinStickExampleMap.TwinStickExampleMap:PersistentLevel' has LevelScriptBlueprint '/Game/TwinStickBP/Maps/TwinStickExampleMap.TwinStickExampleMap:PersistentLevel.TwinStickExampleMap' with GeneratedClass '/Game/TwinStickBP/Maps/TwinStickExampleMap.TwinStickExampleMap_C' with ClassGeneratedBy '/Game/TwinStickBP/Maps/TwinStickExampleMap.TwinStickExampleMap:PersistentLevel.TwinStickExampleMap'
[2016.03.29-17.15.23:847][161]LogBlueprintUserMessages: Early EndPlayMap Detection: Level '/Game/TwinStickBP/Maps/TwinStickExampleMap.TwinStickExampleMap:PersistentLevel' has LevelScriptBlueprint '/Game/TwinStickBP/Maps/TwinStickExampleMap.TwinStickExampleMap:PersistentLevel.TwinStickExampleMap' with GeneratedClass '/Game/TwinStickBP/Maps/TwinStickExampleMap.TwinStickExampleMap_C' with ClassGeneratedBy '/Game/TwinStickBP/Maps/TwinStickExampleMap.TwinStickExampleMap:PersistentLevel.TwinStickExampleMap'
[2016.03.29-17.15.23:887][161]LogBlueprintUserMessages: Late EndPlayMap Detection: Level '/Game/TwinStickBP/Maps/TwinStickExampleMap.TwinStickExampleMap:PersistentLevel' has LevelScriptBlueprint '/Game/TwinStickBP/Maps/TwinStickExampleMap.TwinStickExampleMap:PersistentLevel.TwinStickExampleMap' with GeneratedClass '/Game/TwinStickBP/Maps/TwinStickExampleMap.TwinStickExampleMap_C' with ClassGeneratedBy '/Game/TwinStickBP/Maps/TwinStickExampleMap.TwinStickExampleMap:PersistentLevel.TwinStickExampleMap'
[2016.03.29-17.15.23:930][161]LogParticles: Destroying 0 GPU particle simulations for FXSystem 0x000001C6FE497A60
[2016.03.29-17.17.35:888][540]BlueprintLog: New page: Compile TwinStickExampleMap
[2016.03.29-17.17.35:969][540]BlueprintEditorCompileResults: Info [0859.56] Compile of TwinStickExampleMap successful! [in 81 ms]
[2016.03.29-17.17.43:865][863]LogBlueprintUserMessages: Early PlayInEditor Detection: Level '/Game/TwinStickBP/Maps/TwinStickExampleMap.TwinStickExampleMap:PersistentLevel' has LevelScriptBlueprint '/Game/TwinStickBP/Maps/TwinStickExampleMap.TwinStickExampleMap:PersistentLevel.TwinStickExampleMap' with GeneratedClass '/Game/TwinStickBP/Maps/TwinStickExampleMap.TwinStickExampleMap_C' with ClassGeneratedBy '/Game/TwinStickBP/Maps/TwinStickExampleMap.TwinStickExampleMap:PersistentLevel.TwinStickExampleMap'
[2016.03.29-17.17.43:866][863]LogPlayLevel: PlayLevel: No blueprints needed recompiling
[2016.03.29-17.17.43:866][863]PIE: New page: PIE session: TwinStickExampleMap (Mar 29, 2016, 9:17:43 PM)
[2016.03.29-17.17.43:866][863]LogPlayLevel: Creating play world package: /Game/TwinStickBP/Maps/UEDPIE_0_TwinStickExampleMap
[2016.03.29-17.17.43:878][863]LogPlayLevel: PIE: StaticDuplicateObject took: (0.012187s)
[2016.03.29-17.17.43:879][863]LogAIModule: Creating AISystem for world TwinStickExampleMap
[2016.03.29-17.17.43:879][863]LogPlayLevel: PIE: World Init took: (0.000863s)
[2016.03.29-17.17.43:879][863]LogPlayLevel: PIE: Created PIE world by copying editor world from /Game/TwinStickBP/Maps/TwinStickExampleMap.TwinStickExampleMap to /Game/TwinStickBP/Maps/UEDPIE_0_TwinStickExampleMap.TwinStickExampleMap (0.013271s)
[2016.03.29-17.17.43:939][863]LogInit: XAudio2 using 'Haut-parleurs (Realtek High Definition Audio)' : 2 channels at 48 kHz using 32 bits per sample (channel mask 0x3)
[2016.03.29-17.17.43:949][863]LogInit: FAudioDevice initialized.
[2016.03.29-17.17.44:038][863]LogWorld: Game class is 'TwinStickGameMode_C'
[2016.03.29-17.17.44:042][863]LogWorld: Bringing World /Game/TwinStickBP/Maps/UEDPIE_0_TwinStickExampleMap.TwinStickExampleMap up for play (max tick rate 0) at 2016.03.29-19.17.44
[2016.03.29-17.17.44:042][863]LogActor:Warning: GameSession /Game/TwinStickBP/Maps/UEDPIE_0_TwinStickExampleMap.TwinStickExampleMap:PersistentLevel.GameSession_8 has natively added scene component(s), but none of them were set as the actor's RootComponent - picking one arbitrarily
[2016.03.29-17.17.44:042][863]LogActor:Warning: GameNetworkManager /Game/TwinStickBP/Maps/UEDPIE_0_TwinStickExampleMap.TwinStickExampleMap:PersistentLevel.GameNetworkManager_8 has natively added scene component(s), but none of them were set as the actor's RootComponent - picking one arbitrarily
[2016.03.29-17.17.44:042][863]LogWorld: Bringing up level for play took: 0.002822
[2016.03.29-17.17.44:061][863]PIE: Info Play in editor start time for /Game/TwinStickBP/Maps/UEDPIE_0_TwinStickExampleMap 0.667
[2016.03.29-17.17.44:061][863]LogBlueprintUserMessages: Late PlayInEditor Detection: Level '/Game/TwinStickBP/Maps/TwinStickExampleMap.TwinStickExampleMap:PersistentLevel' has LevelScriptBlueprint '/Game/TwinStickBP/Maps/TwinStickExampleMap.TwinStickExampleMap:PersistentLevel.TwinStickExampleMap' with GeneratedClass '/Game/TwinStickBP/Maps/TwinStickExampleMap.TwinStickExampleMap_C' with ClassGeneratedBy '/Game/TwinStickBP/Maps/TwinStickExampleMap.TwinStickExampleMap:PersistentLevel.TwinStickExampleMap'
[2016.03.29-17.18.51:089][334]LogBlueprintUserMessages: Early EndPlayMap Detection: Level '/Game/TwinStickBP/Maps/TwinStickExampleMap.TwinStickExampleMap:PersistentLevel' has LevelScriptBlueprint '/Game/TwinStickBP/Maps/TwinStickExampleMap.TwinStickExampleMap:PersistentLevel.TwinStickExampleMap' with GeneratedClass '/Game/TwinStickBP/Maps/TwinStickExampleMap.TwinStickExampleMap_C' with ClassGeneratedBy '/Game/TwinStickBP/Maps/TwinStickExampleMap.TwinStickExampleMap:PersistentLevel.TwinStickExampleMap'
[2016.03.29-17.18.51:141][334]LogBlueprintUserMessages: Late EndPlayMap Detection: Level '/Game/TwinStickBP/Maps/TwinStickExampleMap.TwinStickExampleMap:PersistentLevel' has LevelScriptBlueprint '/Game/TwinStickBP/Maps/TwinStickExampleMap.TwinStickExampleMap:PersistentLevel.TwinStickExampleMap' with GeneratedClass '/Game/TwinStickBP/Maps/TwinStickExampleMap.TwinStickExampleMap_C' with ClassGeneratedBy '/Game/TwinStickBP/Maps/TwinStickExampleMap.TwinStickExampleMap:PersistentLevel.TwinStickExampleMap'
[2016.03.29-17.18.51:168][334]LogParticles: Destroying 0 GPU particle simulations for FXSystem 0x000001C6FEAC6660
[2016.03.29-17.19.16:960][567]BlueprintLog: New page: Compile TwinStickExampleMap
[2016.03.29-17.19.17:041][567]BlueprintEditorCompileResults: Info [0960.63] Compile of TwinStickExampleMap successful! [in 80 ms]
[2016.03.29-17.19.18:138][703]LogBlueprintUserMessages: Early PlayInEditor Detection: Level '/Game/TwinStickBP/Maps/TwinStickExampleMap.TwinStickExampleMap:PersistentLevel' has LevelScriptBlueprint '/Game/TwinStickBP/Maps/TwinStickExampleMap.TwinStickExampleMap:PersistentLevel.TwinStickExampleMap' with GeneratedClass '/Game/TwinStickBP/Maps/TwinStickExampleMap.TwinStickExampleMap_C' with ClassGeneratedBy '/Game/TwinStickBP/Maps/TwinStickExampleMap.TwinStickExampleMap:PersistentLevel.TwinStickExampleMap'
[2016.03.29-17.19.18:138][703]LogPlayLevel: PlayLevel: No blueprints needed recompiling
[2016.03.29-17.19.18:138][703]PIE: New page: PIE session: TwinStickExampleMap (Mar 29, 2016, 9:19:18 PM)
[2016.03.29-17.19.18:138][703]LogPlayLevel: Creating play world package: /Game/TwinStickBP/Maps/UEDPIE_0_TwinStickExampleMap
[2016.03.29-17.19.18:151][703]LogPlayLevel: PIE: StaticDuplicateObject took: (0.012283s)
[2016.03.29-17.19.18:152][703]LogAIModule: Creating AISystem for world TwinStickExampleMap
[2016.03.29-17.19.18:152][703]LogPlayLevel: PIE: World Init took: (0.000862s)
[2016.03.29-17.19.18:152][703]LogPlayLevel: PIE: Created PIE world by copying editor world from /Game/TwinStickBP/Maps/TwinStickExampleMap.TwinStickExampleMap to /Game/TwinStickBP/Maps/UEDPIE_0_TwinStickExampleMap.TwinStickExampleMap (0.013345s)
[2016.03.29-17.19.18:207][703]LogInit: XAudio2 using 'Haut-parleurs (Realtek High Definition Audio)' : 2 channels at 48 kHz using 32 bits per sample (channel mask 0x3)
[2016.03.29-17.19.18:217][703]LogInit: FAudioDevice initialized.
[2016.03.29-17.19.18:303][703]LogWorld: Game class is 'TwinStickGameMode_C'
[2016.03.29-17.19.18:306][703]LogWorld: Bringing World /Game/TwinStickBP/Maps/UEDPIE_0_TwinStickExampleMap.TwinStickExampleMap up for play (max tick rate 0) at 2016.03.29-19.19.18
[2016.03.29-17.19.18:306][703]LogActor:Warning: GameSession /Game/TwinStickBP/Maps/UEDPIE_0_TwinStickExampleMap.TwinStickExampleMap:PersistentLevel.GameSession_9 has natively added scene component(s), but none of them were set as the actor's RootComponent - picking one arbitrarily
[2016.03.29-17.19.18:307][703]LogActor:Warning: GameNetworkManager /Game/TwinStickBP/Maps/UEDPIE_0_TwinStickExampleMap.TwinStickExampleMap:PersistentLevel.GameNetworkManager_9 has natively added scene component(s), but none of them were set as the actor's RootComponent - picking one arbitrarily
[2016.03.29-17.19.18:307][703]LogWorld: Bringing up level for play took: 0.002815
[2016.03.29-17.19.18:327][703]PIE: Info Play in editor start time for /Game/TwinStickBP/Maps/UEDPIE_0_TwinStickExampleMap 0.933
[2016.03.29-17.19.18:327][703]LogBlueprintUserMessages: Late PlayInEditor Detection: Level '/Game/TwinStickBP/Maps/TwinStickExampleMap.TwinStickExampleMap:PersistentLevel' has LevelScriptBlueprint '/Game/TwinStickBP/Maps/TwinStickExampleMap.TwinStickExampleMap:PersistentLevel.TwinStickExampleMap' with GeneratedClass '/Game/TwinStickBP/Maps/TwinStickExampleMap.TwinStickExampleMap_C' with ClassGeneratedBy '/Game/TwinStickBP/Maps/TwinStickExampleMap.TwinStickExampleMap:PersistentLevel.TwinStickExampleMap'
[2016.03.29-17.19.23:147][353]LogBlueprintUserMessages: Early EndPlayMap Detection: Level '/Game/TwinStickBP/Maps/TwinStickExampleMap.TwinStickExampleMap:PersistentLevel' has LevelScriptBlueprint '/Game/TwinStickBP/Maps/TwinStickExampleMap.TwinStickExampleMap:PersistentLevel.TwinStickExampleMap' with GeneratedClass '/Game/TwinStickBP/Maps/TwinStickExampleMap.TwinStickExampleMap_C' with ClassGeneratedBy '/Game/TwinStickBP/Maps/TwinStickExampleMap.TwinStickExampleMap:PersistentLevel.TwinStickExampleMap'
[2016.03.29-17.19.23:211][353]LogBlueprintUserMessages: Late EndPlayMap Detection: Level '/Game/TwinStickBP/Maps/TwinStickExampleMap.TwinStickExampleMap:PersistentLevel' has LevelScriptBlueprint '/Game/TwinStickBP/Maps/TwinStickExampleMap.TwinStickExampleMap:PersistentLevel.TwinStickExampleMap' with GeneratedClass '/Game/TwinStickBP/Maps/TwinStickExampleMap.TwinStickExampleMap_C' with ClassGeneratedBy '/Game/TwinStickBP/Maps/TwinStickExampleMap.TwinStickExampleMap:PersistentLevel.TwinStickExampleMap'
[2016.03.29-17.19.23:239][353]LogParticles: Destroying 0 GPU particle simulations for FXSystem 0x000001C6EA43E0C0
[2016.03.29-17.19.39:768][496]LogSavePackage: Save=120.306221ms
[2016.03.29-17.19.39:768][496]LogSavePackage: Moving '../../../../../../../Evann/Documents/Unreal Projects/speedron/speedron_BP/Saved/TwinStickExampleMap_Auto392BD214D4B07B32618F46FAEB95110DC.tmp' to '../../../../../../../Evann/Documents/Unreal Projects/speedron/speedron_BP/Saved/Autosaves/Game/TwinStickBP/Maps/TwinStickExampleMap_Auto3.umap'
[2016.03.29-17.19.39:774][496]LogSavePackage: Total save time: 156.256903ms
[2016.03.29-17.19.39:774][496]LogSavePackage:Display: Finished SavePackage ../../../../../../../Evann/Documents/Unreal Projects/speedron/speedron_BP/Saved/Autosaves/Game/TwinStickBP/Maps/TwinStickExampleMap_Auto3.umap
[2016.03.29-17.19.39:779][496]LogFileHelpers: Editor autosave (incl. sublevels) for '/Game/TwinStickBP/Maps/TwinStickExampleMap' took 0.192
[2016.03.29-17.19.39:779][496]LogFileHelpers: Editor autosave (incl. sublevels) for all levels took 0.192
[2016.03.29-17.25.55:759][438]LogSavePackage: Save=137.018433ms
[2016.03.29-17.25.55:759][438]LogSavePackage: Moving '../../../../../../../Evann/Documents/Unreal Projects/speedron/speedron_BP/Saved/TwinStickExampleMap98388D88432513E571B52386A34DFA59.tmp' to '../../../../../../../Evann/Documents/Unreal Projects/speedron/speedron_BP/Content/TwinStickBP/Maps/TwinStickExampleMap.umap'
[2016.03.29-17.25.55:763][438]LogSavePackage: Total save time: 165.523116ms
[2016.03.29-17.25.55:763][438]LogSavePackage:Display: Finished SavePackage ../../../../../../../Evann/Documents/Unreal Projects/speedron/speedron_BP/Content/TwinStickBP/Maps/TwinStickExampleMap.umap
[2016.03.29-17.25.55:794][438]LogFileHelpers: Saving map 'TwinStickExampleMap' took 1.156
[2016.03.29-17.25.57:233][526]Cmd: QUIT_EDITOR
[2016.03.29-17.25.57:799][526]LogWindowsTextInputMethodSystem:Display: IME system now deactivated.
[2016.03.29-17.25.57:972][526]LogExit: Preparing to exit.
[2016.03.29-17.25.59:228][526]LogExit: Editor shut down
[2016.03.29-17.25.59:228][526]LogExit: Transaction tracking system shut down
[2016.03.29-17.25.59:233][526]LogParticles: Destroying 0 GPU particle simulations for FXSystem 0x000001C693796980
[2016.03.29-17.25.59:233][526]LogParticles: Destroying 0 GPU particle simulations for FXSystem 0x000001C69C752340
[2016.03.29-17.25.59:238][526]LogParticles: Destroying 0 GPU particle simulations for FXSystem 0x000001C6998D3100
[2016.03.29-17.25.59:238][526]LogParticles: Destroying 0 GPU particle simulations for FXSystem 0x000001C6A1373380
[2016.03.29-17.25.59:238][526]LogParticles: Destroying 0 GPU particle simulations for FXSystem 0x000001C6A1373240
[2016.03.29-17.25.59:239][526]LogParticles: Destroying 0 GPU particle simulations for FXSystem 0x000001C69C835080
[2016.03.29-17.25.59:244][526]LogParticles: Destroying 0 GPU particle simulations for FXSystem 0x000001C6910F8C20
[2016.03.29-17.25.59:506][526]LogExit: Object subsystem successfully closed.
[2016.03.29-17.25.59:521][526]LogD3D11RHI: Shutdown
[2016.03.29-17.25.59:521][526]LogD3D11RHI: CleanupD3DDevice
[2016.03.29-17.25.59:619][526]LogD3D11RHI: ~FD3D11DynamicRHI
[2016.03.29-17.25.59:633][526]LogModuleManager: Shutting down and abandoning module CookingStats (202)
[2016.03.29-17.25.59:633][526]LogModuleManager: Shutting down and abandoning module BlueprintGraph (201)
[2016.03.29-17.25.59:633][526]LogModuleManager: Shutting down and abandoning module CrashTracker (200)
[2016.03.29-17.25.59:633][526]LogModuleManager: Shutting down and abandoning module SceneOutliner (199)
[2016.03.29-17.25.59:633][526]LogModuleManager: Shutting down and abandoning module SuperSearch (198)
[2016.03.29-17.25.59:633][526]LogModuleManager: Shutting down and abandoning module WidgetCarousel (197)
[2016.03.29-17.25.59:633][526]LogModuleManager: Shutting down and abandoning module AddContentDialog (196)
[2016.03.29-17.25.59:634][526]LogModuleManager: Shutting down and abandoning module EditorWidgets (195)
[2016.03.29-17.25.59:634][526]LogModuleManager: Shutting down and abandoning module CollectionManager (194)
[2016.03.29-17.25.59:636][526]LogModuleManager: Shutting down and abandoning module StatsViewer (193)
[2016.03.29-17.25.59:636][526]LogModuleManager: Shutting down and abandoning module FoliageEdit (192)
[2016.03.29-17.25.59:636][526]LogModuleManager: Shutting down and abandoning module LandscapeEditor (191)
[2016.03.29-17.25.59:636][526]LogModuleManager: Shutting down and abandoning module ActorPickerMode (190)
[2016.03.29-17.25.59:636][526]LogModuleManager: Shutting down and abandoning module GeometryMode (189)
[2016.03.29-17.25.59:636][526]LogModuleManager: Shutting down and abandoning module TextureAlignMode (188)
[2016.03.29-17.25.59:636][526]LogModuleManager: Shutting down and abandoning module BspMode (187)
[2016.03.29-17.25.59:636][526]LogModuleManager: Shutting down and abandoning module PlacementMode (186)
[2016.03.29-17.25.59:636][526]LogModuleManager: Shutting down and abandoning module AutomationWorker (185)
[2016.03.29-17.25.59:636][526]LogModuleManager: Shutting down and abandoning module CharacterAI (184)
[2016.03.29-17.25.59:636][526]LogModuleManager: Shutting down and abandoning module SmartSnapping (183)
[2016.03.29-17.25.59:636][526]LogModuleManager: Shutting down and abandoning module ViewportSnapping (182)
[2016.03.29-17.25.59:636][526]LogModuleManager: Shutting down and abandoning module LogVisualizer (181)
[2016.03.29-17.25.59:636][526]LogModuleManager: Shutting down and abandoning module GameProjectGeneration (180)
[2016.03.29-17.25.59:636][526]LogModuleManager: Shutting down and abandoning module IntroTutorials (179)
[2016.03.29-17.25.59:636][526]LogModuleManager: Shutting down and abandoning module EditorLiveStreaming (178)
[2016.03.29-17.25.59:636][526]LogModuleManager: Shutting down and abandoning module IOSPlatformEditor (177)
[2016.03.29-17.25.59:636][526]LogModuleManager: Shutting down and abandoning module HTML5PlatformEditor (176)
[2016.03.29-17.25.59:636][526]LogModuleManager: Shutting down and abandoning module AndroidDeviceDetection (175)
[2016.03.29-17.26.00:239][526]LogModuleManager: Shutting down and abandoning module AndroidPlatformEditor (174)
[2016.03.29-17.26.00:239][526]LogModuleManager: Shutting down and abandoning module IOSRuntimeSettings (173)
[2016.03.29-17.26.00:239][526]LogModuleManager: Shutting down and abandoning module AndroidRuntimeSettings (172)
[2016.03.29-17.26.00:239][526]LogModuleManager: Shutting down and abandoning module MergeActors (171)
[2016.03.29-17.26.00:239][526]LogModuleManager: Shutting down and abandoning module SizeMap (170)
[2016.03.29-17.26.00:239][526]LogModuleManager: Shutting down and abandoning module TreeMap (169)
[2016.03.29-17.26.00:239][526]LogModuleManager: Shutting down and abandoning module ReferenceViewer (168)
[2016.03.29-17.26.00:239][526]LogModuleManager: Shutting down and abandoning module LocalizationService (167)
[2016.03.29-17.26.00:239][526]LogModuleManager: Shutting down and abandoning module LocalizationDashboard (166)
[2016.03.29-17.26.00:239][526]LogModuleManager: Shutting down and abandoning module HardwareTargeting (165)
[2016.03.29-17.26.00:239][526]LogModuleManager: Shutting down and abandoning module DeviceProfileEditor (164)
[2016.03.29-17.26.00:239][526]LogModuleManager: Shutting down and abandoning module UndoHistory (163)
[2016.03.29-17.26.00:239][526]LogModuleManager: Shutting down and abandoning module GameplayTagsEditor (162)
[2016.03.29-17.26.00:239][526]LogModuleManager: Shutting down and abandoning module UserFeedback (161)
[2016.03.29-17.26.00:239][526]LogModuleManager: Shutting down and abandoning module XmlParser (160)
[2016.03.29-17.26.00:239][526]LogModuleManager: Shutting down and abandoning module Blutility (159)
[2016.03.29-17.26.00:239][526]LogModuleManager: Shutting down and abandoning module ProjectTargetPlatformEditor (158)
[2016.03.29-17.26.00:239][526]LogModuleManager: Shutting down and abandoning module ProjectSettingsViewer (157)
[2016.03.29-17.26.00:239][526]LogModuleManager: Shutting down and abandoning module InputBindingEditor (156)
[2016.03.29-17.26.00:240][526]LogModuleManager: Shutting down and abandoning module EditorSettingsViewer (155)
[2016.03.29-17.26.00:240][526]LogModuleManager: Shutting down and abandoning module SettingsEditor (154)
[2016.03.29-17.26.00:240][526]LogModuleManager: Shutting down and abandoning module ProjectLauncher (153)
[2016.03.29-17.26.00:240][526]LogModuleManager: Shutting down and abandoning module SessionFrontend (152)
[2016.03.29-17.26.00:240][526]LogModuleManager: Shutting down and abandoning module ProfilerClient (151)
[2016.03.29-17.26.00:240][526]LogModuleManager: Shutting down and abandoning module TargetDeviceServices (150)
[2016.03.29-17.26.00:240][526]LogModuleManager: Shutting down and abandoning module DeviceManager (149)
[2016.03.29-17.26.00:240][526]LogModuleManager: Shutting down and abandoning module AutomationController (148)
[2016.03.29-17.26.00:240][526]LogModuleManager: Shutting down and abandoning module AutomationWindow (147)
[2016.03.29-17.26.00:240][526]LogModuleManager: Shutting down and abandoning module Layers (146)
[2016.03.29-17.26.00:240][526]LogModuleManager: Shutting down and abandoning module ComponentVisualizers (145)
[2016.03.29-17.26.00:240][526]LogModuleManager: Shutting down and abandoning module DetailCustomizations (144)
[2016.03.29-17.26.00:240][526]LogModuleManager: Shutting down and abandoning module PackagesDialog (143)
[2016.03.29-17.26.00:240][526]LogModuleManager: Shutting down and abandoning module Persona (142)
[2016.03.29-17.26.00:240][526]LogModuleManager: Shutting down and abandoning module Kismet (141)
[2016.03.29-17.26.00:240][526]LogModuleManager: Shutting down and abandoning module GraphEditor (140)
[2016.03.29-17.26.00:240][526]LogModuleManager: Shutting down and abandoning module ClassViewer (139)
[2016.03.29-17.26.00:240][526]LogModuleManager: Shutting down and abandoning module Toolbox (138)
[2016.03.29-17.26.00:240][526]LogModuleManager: Shutting down and abandoning module ModuleUI (137)
[2016.03.29-17.26.00:240][526]LogModuleManager: Shutting down and abandoning module MovieSceneTools (136)
[2016.03.29-17.26.00:240][526]LogModuleManager: Shutting down and abandoning module OutputLog (135)
[2016.03.29-17.26.00:240][526]LogModuleManager: Shutting down and abandoning module GammaUI (134)
[2016.03.29-17.26.00:240][526]LogModuleManager: Shutting down and abandoning module Documentation (133)
[2016.03.29-17.26.00:240][526]LogModuleManager: Shutting down and abandoning module GameLiveStreaming (132)
[2016.03.29-17.26.00:240][526]LogModuleManager: Shutting down and abandoning module StreamingPauseRendering (131)
[2016.03.29-17.26.00:240][526]LogModuleManager: Shutting down and abandoning module AnalyticsET (130)
[2016.03.29-17.26.00:240][526]LogModuleManager: Shutting down and abandoning module Analytics (129)
[2016.03.29-17.26.00:240][526]LogModuleManager: Shutting down and abandoning module AITestSuite (128)
[2016.03.29-17.26.00:240][526]LogModuleManager: Shutting down and abandoning module GameplayDebugger (127)
[2016.03.29-17.26.00:240][526]LogModuleManager: Shutting down and abandoning module AIModule (126)
[2016.03.29-17.26.00:240][526]LogModuleManager: Shutting down and abandoning module ProfilerService (125)
[2016.03.29-17.26.00:348][526]LogModuleManager: Shutting down and abandoning module TaskGraph (124)
[2016.03.29-17.26.00:348][526]LogModuleManager: Shutting down and abandoning module SubstanceEditor (123)
[2016.03.29-17.26.00:348][526]LogModuleManager: Shutting down and abandoning module SlateRemote (122)
[2016.03.29-17.26.00:348][526]LogModuleManager: Shutting down and abandoning module SteamVRController (121)
[2016.03.29-17.26.00:348][526]LogModuleManager: Shutting down and abandoning module SteamVR (120)
[2016.03.29-17.26.00:348][526]LogModuleManager: Shutting down and abandoning module ProceduralMeshComponent (119)
[2016.03.29-17.26.00:348][526]LogModuleManager: Shutting down and abandoning module OculusLibrary (118)
[2016.03.29-17.26.00:348][526]LogModuleManager: Shutting down and abandoning module OculusInput (117)
[2016.03.29-17.26.00:348][526]LogModuleManager: Shutting down and abandoning module LeapMotionController (116)
[2016.03.29-17.26.00:367][526]LogModuleManager: Shutting down and abandoning module CustomMeshComponent (115)
[2016.03.29-17.26.00:367][526]LogModuleManager: Shutting down and abandoning module CableComponent (114)
[2016.03.29-17.26.00:367][526]LogModuleManager: Shutting down and abandoning module ArchVisCharacter (113)
[2016.03.29-17.26.00:367][526]LogModuleManager: Shutting down and abandoning module MessagingDebugger (112)
[2016.03.29-17.26.00:367][526]LogModuleManager: Shutting down and abandoning module MediaPlayerEditor (111)
[2016.03.29-17.26.00:367][526]LogModuleManager: Shutting down and abandoning module HTML5Networking (110)
[2016.03.29-17.26.00:367][526]LogModuleManager: Shutting down and abandoning module SpeedTreeImporter (109)
[2016.03.29-17.26.00:367][526]LogModuleManager: Shutting down and abandoning module PluginBrowser (108)
[2016.03.29-17.26.00:367][526]LogModuleManager: Shutting down and abandoning module EpicSurvey (107)
[2016.03.29-17.26.00:367][526]LogModuleManager: Shutting down and abandoning module DesktopPlatform (106)
[2016.03.29-17.26.00:367][526]LogModuleManager: Shutting down and abandoning module VisualStudioSourceCodeAccess (105)
[2016.03.29-17.26.00:367][526]LogModuleManager: Shutting down and abandoning module UObjectPlugin (104)
[2016.03.29-17.26.00:367][526]LogModuleManager: Shutting down and abandoning module SubversionSourceControl (103)
[2016.03.29-17.26.00:370][526]LogModuleManager: Shutting down and abandoning module PerforceSourceControl (102)
[2016.03.29-17.26.00:370][526]LogModuleManager: Shutting down and abandoning module SourceControl (101)
[2016.03.29-17.26.00:370][526]LogModuleManager: Shutting down and abandoning module GitSourceControl (100)
[2016.03.29-17.26.00:370][526]LogModuleManager: Shutting down and abandoning module LightPropagationVolumeEditor (99)
[2016.03.29-17.26.00:370][526]LogModuleManager: Shutting down and abandoning module PaperTiledImporter (98)
[2016.03.29-17.26.00:370][526]LogModuleManager: Shutting down and abandoning module PaperSpriteSheetImporter (97)
[2016.03.29-17.26.00:370][526]LogModuleManager: Shutting down and abandoning module MeshPaint (96)
[2016.03.29-17.26.00:370][526]LogModuleManager: Shutting down and abandoning module SlateReflector (95)
[2016.03.29-17.26.00:370][526]LogModuleManager: Shutting down and abandoning module HotReload (94)
[2016.03.29-17.26.00:370][526]LogModuleManager: Shutting down and abandoning module MainFrame (93)
[2016.03.29-17.26.00:370][526]LogModuleManager: Shutting down and abandoning module LevelEditor (92)
[2016.03.29-17.26.00:372][526]LogModuleManager: Shutting down and abandoning module ContentBrowser (91)
[2016.03.29-17.26.00:373][526]LogModuleManager: Shutting down and abandoning module Paper2DEditor (90)
[2016.03.29-17.26.00:373][526]LogModuleManager: Shutting down and abandoning module UdpMessaging (89)
[2016.03.29-17.26.00:473][526]LogModuleManager: Shutting down and abandoning module DirectoryWatcher (88)
[2016.03.29-17.26.00:474][526]LogModuleManager: Shutting down and abandoning module AssetRegistry (87)
[2016.03.29-17.26.00:556][526]LogModuleManager: Shutting down and abandoning module SubstanceCore (86)
[2016.03.29-17.26.00:556][526]LogModuleManager: Shutting down and abandoning module LightPropagationVolumeRuntime (85)
[2016.03.29-17.26.00:556][526]LogModuleManager: Shutting down and abandoning module Paper2D (84)
[2016.03.29-17.26.00:556][526]LogModuleManager: Shutting down and abandoning module WindowsMoviePlayer (83)
[2016.03.29-17.26.00:559][526]LogModuleManager: Shutting down and abandoning module Media (82)
[2016.03.29-17.26.00:559][526]LogModuleManager: Shutting down and abandoning module WmfMedia (81)
[2016.03.29-17.26.00:560][526]LogModuleManager: Shutting down and abandoning module OnlineBlueprintSupport (80)
[2016.03.29-17.26.00:560][526]LogModuleManager: Shutting down and abandoning module GameplayTasksEditor (79)
[2016.03.29-17.26.00:560][526]LogModuleManager: Shutting down and abandoning module PropertyEditor (78)
[2016.03.29-17.26.00:560][526]LogModuleManager: Shutting down and abandoning module BehaviorTreeEditor (77)
[2016.03.29-17.26.00:560][526]LogModuleManager: Shutting down and abandoning module FunctionalTesting (76)
[2016.03.29-17.26.00:560][526]LogModuleManager: Shutting down and abandoning module CollisionAnalyzer (75)
[2016.03.29-17.26.00:560][526]LogModuleManager: Shutting down and abandoning module WorkspaceMenuStructure (74)
[2016.03.29-17.26.00:560][526]LogModuleManager: Shutting down and abandoning module MessageLog (73)
[2016.03.29-17.26.00:560][526]LogModuleManager: Shutting down and abandoning module Sequencer (72)
[2016.03.29-17.26.00:560][526]LogModuleManager: Shutting down and abandoning module AssetTools (71)
[2016.03.29-17.26.00:560][526]LogModuleManager: Shutting down and abandoning module UMGEditor (70)
[2016.03.29-17.26.00:560][526]LogModuleManager: Shutting down and abandoning module UMG (69)
[2016.03.29-17.26.00:560][526]LogModuleManager: Shutting down and abandoning module Slate (68)
[2016.03.29-17.26.00:560][526]LogModuleManager: Shutting down and abandoning module EditorStyle (67)
[2016.03.29-17.26.00:562][526]LogModuleManager: Shutting down and abandoning module SessionServices (66)
[2016.03.29-17.26.00:562][526]LogModuleManager: Shutting down and abandoning module SourceCodeAccess (65)
[2016.03.29-17.26.00:562][526]LogModuleManager: Shutting down and abandoning module HeadMountedDisplay (64)
[2016.03.29-17.26.00:562][526]LogModuleManager: Shutting down and abandoning module XAudio2 (63)
[2016.03.29-17.26.00:562][526]LogModuleManager: Shutting down and abandoning module Networking (61)
[2016.03.29-17.26.00:562][526]LogModuleManager: Shutting down and abandoning module Core (60)
[2016.03.29-17.26.00:562][526]LogModuleManager: Shutting down and abandoning module KismetCompiler (59)
[2016.03.29-17.26.00:562][526]LogModuleManager: Shutting down and abandoning module PhysXFormats (58)
[2016.03.29-17.26.00:562][526]LogModuleManager: Shutting down and abandoning module MeshUtilities (57)
[2016.03.29-17.26.00:562][526]LogModuleManager: Shutting down and abandoning module DerivedDataCache (56)
[2016.03.29-17.26.00:623][526]LogDerivedDataCache: Shutdown
[2016.03.29-17.26.00:624][526]LogModuleManager: Shutting down and abandoning module ShaderFormatOpenGL (55)
[2016.03.29-17.26.00:624][526]LogModuleManager: Shutting down and abandoning module ShaderFormatD3D (54)
[2016.03.29-17.26.00:624][526]LogModuleManager: Shutting down and abandoning module MetalShaderFormat (53)
[2016.03.29-17.26.00:624][526]LogModuleManager: Shutting down and abandoning module TextureFormatUncompressed (52)
[2016.03.29-17.26.00:624][526]LogModuleManager: Shutting down and abandoning module TextureFormatPVR (51)
[2016.03.29-17.26.00:624][526]LogModuleManager: Shutting down and abandoning module TextureFormatIntelISPCTexComp (50)
[2016.03.29-17.26.00:624][526]LogModuleManager: Shutting down and abandoning module TextureFormatDXT (49)
[2016.03.29-17.26.00:624][526]LogModuleManager: Shutting down and abandoning module ImageWrapper (48)
[2016.03.29-17.26.00:624][526]LogModuleManager: Shutting down and abandoning module TextureFormatASTC (47)
[2016.03.29-17.26.00:624][526]LogModuleManager: Shutting down and abandoning module TextureFormatAndroid (46)
[2016.03.29-17.26.00:624][526]LogModuleManager: Shutting down and abandoning module AudioFormatOpus (45)
[2016.03.29-17.26.00:624][526]LogModuleManager: Shutting down and abandoning module AudioFormatOgg (44)
[2016.03.29-17.26.00:624][526]LogModuleManager: Shutting down and abandoning module AudioFormatADPCM (43)
[2016.03.29-17.26.00:624][526]LogModuleManager: Shutting down and abandoning module LinuxTargetPlatform (42)
[2016.03.29-17.26.00:624][526]LogModuleManager: Shutting down and abandoning module LinuxServerTargetPlatform (41)
[2016.03.29-17.26.00:624][526]LogModuleManager: Shutting down and abandoning module LinuxNoEditorTargetPlatform (40)
[2016.03.29-17.26.00:624][526]LogModuleManager: Shutting down and abandoning module Messaging (39)
[2016.03.29-17.26.00:624][526]LogModuleManager: Shutting down and abandoning module IOSTargetPlatform (38)
[2016.03.29-17.26.00:624][526]LogModuleManager: Shutting down and abandoning module HTML5TargetPlatform (37)
[2016.03.29-17.26.00:624][526]LogModuleManager: Shutting down and abandoning module Android_PVRTCTargetPlatform (36)
[2016.03.29-17.26.00:624][526]LogModuleManager: Shutting down and abandoning module Android_MultiTargetPlatform (35)
[2016.03.29-17.26.00:624][526]LogModuleManager: Shutting down and abandoning module Android_ETC2TargetPlatform (34)
[2016.03.29-17.26.00:624][526]LogModuleManager: Shutting down and abandoning module Android_ETC1TargetPlatform (33)
[2016.03.29-17.26.00:624][526]LogModuleManager: Shutting down and abandoning module Android_DXTTargetPlatform (32)
[2016.03.29-17.26.00:624][526]LogModuleManager: Shutting down and abandoning module Android_ATCTargetPlatform (31)
[2016.03.29-17.26.00:624][526]LogModuleManager: Shutting down and abandoning module Android_ASTCTargetPlatform (30)
[2016.03.29-17.26.00:624][526]LogModuleManager: Shutting down and abandoning module AndroidTargetPlatform (29)
[2016.03.29-17.26.00:624][526]LogModuleManager: Shutting down and abandoning module WindowsTargetPlatform (28)
[2016.03.29-17.26.00:624][526]LogModuleManager: Shutting down and abandoning module WindowsServerTargetPlatform (27)
[2016.03.29-17.26.00:624][526]LogModuleManager: Shutting down and abandoning module WindowsNoEditorTargetPlatform (26)
[2016.03.29-17.26.00:624][526]LogModuleManager: Shutting down and abandoning module WindowsClientTargetPlatform (25)
[2016.03.29-17.26.00:624][526]LogModuleManager: Shutting down and abandoning module AllDesktopTargetPlatform (24)
[2016.03.29-17.26.00:624][526]LogModuleManager: Shutting down and abandoning module TargetPlatform (23)
[2016.03.29-17.26.00:624][526]LogModuleManager: Shutting down and abandoning module InputCore (22)
[2016.03.29-17.26.00:624][526]LogModuleManager: Shutting down and abandoning module Settings (21)
[2016.03.29-17.26.00:624][526]LogModuleManager: Shutting down and abandoning module OnlineSubsystem (19)
[2016.03.29-17.26.00:624][526]LogModuleManager: Shutting down and abandoning module HTTP (18)
[2016.03.29-17.26.02:912][526]LogModuleManager: Shutting down and abandoning module XMPP (17)
[2016.03.29-17.26.02:912][526]LogModuleManager: Shutting down and abandoning module OculusRift (16)
[2016.03.29-17.26.02:912][526]LogModuleManager: Shutting down and abandoning module ExampleDeviceProfileSelector (15)
[2016.03.29-17.26.02:912][526]LogModuleManager: Shutting down and abandoning module TextureCompressor (14)
[2016.03.29-17.26.02:912][526]LogModuleManager: Shutting down and abandoning module ShaderCore (13)
[2016.03.29-17.26.02:912][526]LogModuleManager: Shutting down and abandoning module Landscape (12)
[2016.03.29-17.26.02:912][526]LogModuleManager: Shutting down and abandoning module SlateRHIRenderer (11)
[2016.03.29-17.26.02:915][526]LogModuleManager: Shutting down and abandoning module OpenGLDrv (10)
[2016.03.29-17.26.02:915][526]LogModuleManager: Shutting down and abandoning module D3D11RHI (9)
[2016.03.29-17.26.02:915][526]LogModuleManager: Shutting down and abandoning module AnimGraphRuntime (8)
[2016.03.29-17.26.02:915][526]LogModuleManager: Shutting down and abandoning module Renderer (7)
[2016.03.29-17.26.02:915][526]LogModuleManager: Shutting down and abandoning module Engine (6)
[2016.03.29-17.26.02:915][526]LogModuleManager: Shutting down and abandoning module CoreUObject (5)
[2016.03.29-17.26.02:915][526]LogModuleManager: Shutting down and abandoning module NetworkFile (4)
[2016.03.29-17.26.02:915][526]LogModuleManager: Shutting down and abandoning module StreamingFile (3)
[2016.03.29-17.26.02:915][526]LogModuleManager: Shutting down and abandoning module SandboxFile (2)
[2016.03.29-17.26.02:915][526]LogModuleManager: Shutting down and abandoning module PakFile (1)
[2016.03.29-17.26.02:917][526]LogExit: Exiting.
[2016.03.29-17.26.02:933][526]Log file closed, 03/29/16 19:26:02
