[2016.03.02-19.46.16:547][  0]Log file open, 03/02/16 20:46:16
[2016.03.02-19.46.16:547][  0]LogInit:Display: Running engine for game: speedron
[2016.03.02-19.46.16:547][  0]LogPlatformFile: Not using cached read wrapper
[2016.03.02-19.46.16:547][  0]LogInit:Display: RandInit(2055466979) SRandInit(2055466981).
[2016.03.02-19.46.16:547][  0]LogTaskGraph: Started task graph with 4 named threads and 7 total threads.
[2016.03.02-19.46.16:547][  0]LogStats: Stats thread started at 0.075246
[2016.03.02-19.46.16:547][  0]LogInit: Version: 4.10.4-2872498+++depot+UE4-Releases+4.10
[2016.03.02-19.46.16:547][  0]LogInit: API Version: 2758231
[2016.03.02-19.46.16:547][  0]LogInit: Compiled (64-bit): Feb 18 2016 15:47:04
[2016.03.02-19.46.16:548][  0]LogInit: Compiled with Visual C++: 19.00.23026.00
[2016.03.02-19.46.16:548][  0]LogInit: Build Configuration: Development
[2016.03.02-19.46.16:548][  0]LogInit: Branch Name: ++depot+UE4-Releases+4.10
[2016.03.02-19.46.16:548][  0]LogInit: Command line:  
[2016.03.02-19.46.16:548][  0]LogInit: Base directory: D:/programmes/unreal engine/Epic Games/4.10/Engine/Binaries/Win64/
[2016.03.02-19.46.16:548][  0]LogInit: Rocket: 1
[2016.03.02-19.46.16:554][  0]LogInit: Using libcurl 7.41.0
[2016.03.02-19.46.16:554][  0]LogInit:  - built for x86_64-pc-win32
[2016.03.02-19.46.16:554][  0]LogInit:  - supports SSL with WinSSL
[2016.03.02-19.46.16:554][  0]LogInit:  - other features:
[2016.03.02-19.46.16:554][  0]LogInit:      CURL_VERSION_SSL
[2016.03.02-19.46.16:554][  0]LogInit:      CURL_VERSION_IPV6
[2016.03.02-19.46.16:554][  0]LogInit:      CURL_VERSION_ASYNCHDNS
[2016.03.02-19.46.16:554][  0]LogInit:      CURL_VERSION_LARGEFILE
[2016.03.02-19.46.16:554][  0]LogInit:      CURL_VERSION_IDN
[2016.03.02-19.46.16:554][  0]LogInit:  CurlRequestOptions (configurable via config and command line):
[2016.03.02-19.46.16:554][  0]LogInit:  - bVerifyPeer = true  - Libcurl will verify peer certificate
[2016.03.02-19.46.16:554][  0]LogInit:  - bUseHttpProxy = false  - Libcurl will NOT use HTTP proxy
[2016.03.02-19.46.16:554][  0]LogInit:  - bDontReuseConnections = false  - Libcurl will reuse connections
[2016.03.02-19.46.16:554][  0]LogInit:  - CertBundlePath = nullptr  - Libcurl will use whatever was configured at build time.
[2016.03.02-19.46.16:561][  0]LogInit: Presizing for 0 objects not considered by GC, pre-allocating 0 bytes.
[2016.03.02-19.46.16:568][  0]LogInit: Object subsystem initialized
[2016.03.02-19.46.16:569][  0]LogInit: Selected Device Profile: [Windows]
[2016.03.02-19.46.16:569][  0]LogInit: Applying CVar settings loaded from the selected device profile: [Windows]
[2016.03.02-19.46.16:575][  0]LogInit: Computer: JAK852
[2016.03.02-19.46.16:575][  0]LogInit: User: Evann
[2016.03.02-19.46.16:575][  0]LogInit: CPU Page size=4096, Cores=4
[2016.03.02-19.46.16:576][  0]LogInit: High frequency timer resolution =3.312787 MHz
[2016.03.02-19.46.16:576][  0]LogMemory: Memory total: Physical=8.0GB (8GB approx)
[2016.03.02-19.46.16:576][  0]LogMemory: Platform Memory Stats for Windows
[2016.03.02-19.46.16:576][  0]LogMemory: Process Physical Memory: 56.28 MB used, 56.28 MB peak
[2016.03.02-19.46.16:576][  0]LogMemory: Process Virtual Memory: 56.79 MB used, 56.79 MB peak
[2016.03.02-19.46.16:576][  0]LogMemory: Physical Memory: 2945.95 MB used, 8175.23 MB total
[2016.03.02-19.46.16:576][  0]LogMemory: Virtual Memory: 383.64 MB used, 134217728.00 MB total
[2016.03.02-19.46.16:612][  0]LogTextLocalizationManager: No translations for ('fr-FR') exist, falling back to 'en' for localization and internationalization data.
[2016.03.02-19.46.17:005][  0]LogD3D11RHI: Found D3D11 adapter 0: AMD Radeon HD 7700 Series (Feature Level 11_0)
[2016.03.02-19.46.17:005][  0]LogD3D11RHI: Adapter has 1006MB of dedicated video memory, 0MB of dedicated system memory, and 4087MB of shared system memory, 2 output[s]
[2016.03.02-19.46.17:006][  0]LogD3D11RHI: Found D3D11 adapter 1: Microsoft Basic Render Driver (Feature Level 11_0)
[2016.03.02-19.46.17:006][  0]LogD3D11RHI: Adapter has 0MB of dedicated video memory, 0MB of dedicated system memory, and 4087MB of shared system memory, 0 output[s]
[2016.03.02-19.46.17:007][  0]LogD3D11RHI: Chosen D3D11 Adapter Id = 0
[2016.03.02-19.46.17:009][  0]LogD3D11RHI: !Direct3DDevice
[2016.03.02-19.46.17:009][  0]LogRHI: Texture pool is 704 MB (70% of 1006 MB)
[2016.03.02-19.46.17:015][  0]LogD3D11RHI: Async texture creation disabled: no driver support
[2016.03.02-19.46.17:024][  0]LogShaderCompilers: Guid format shader working directory is -27 characters bigger than the processId version (../../../../../../../Evann/Documents/Unreal Projects/speedron/speedron_BP/Intermediate/Shaders/WorkingDirectory/8212/).
[2016.03.02-19.46.17:025][  0]LogShaderCompilers: Cleaned the shader compiler working directory 'C:/Users/Evann/AppData/Local/Temp/UnrealShaderWorkingDir/9E463B1546DCAF01511614BD62059366/'.
[2016.03.02-19.46.17:025][  0]LogShaderCompilers:Display: Using Local Shader Compiler.
[2016.03.02-19.46.17:739][  0]LogTemp:Display: Loaded TP AllDesktopTargetPlatform
[2016.03.02-19.46.17:744][  0]LogTemp:Display: Loaded TP WindowsClientTargetPlatform
[2016.03.02-19.46.17:748][  0]LogTemp:Display: Loaded TP WindowsNoEditorTargetPlatform
[2016.03.02-19.46.17:752][  0]LogTemp:Display: Loaded TP WindowsServerTargetPlatform
[2016.03.02-19.46.17:756][  0]LogTemp:Display: Loaded TP WindowsTargetPlatform
[2016.03.02-19.46.17:759][  0]LogTemp:Display: Loaded TP AndroidTargetPlatform
[2016.03.02-19.46.17:762][  0]LogTemp:Display: Loaded TP Android_ASTCTargetPlatform
[2016.03.02-19.46.17:764][  0]LogTemp:Display: Loaded TP Android_ATCTargetPlatform
[2016.03.02-19.46.17:766][  0]LogTemp:Display: Loaded TP Android_DXTTargetPlatform
[2016.03.02-19.46.17:770][  0]LogTemp:Display: Loaded TP Android_ETC1TargetPlatform
[2016.03.02-19.46.17:773][  0]LogTemp:Display: Loaded TP Android_ETC2TargetPlatform
[2016.03.02-19.46.17:778][  0]LogTemp:Display: Loaded TP Android_MultiTargetPlatform
[2016.03.02-19.46.17:778][  0]LogTemp:Display: Loaded TP Android_PVRTCTargetPlatform
[2016.03.02-19.46.17:779][  0]LogTemp:Display: Loaded TP HTML5TargetPlatform
[2016.03.02-19.46.17:795][  0]LogTemp:Display: Loaded TP IOSTargetPlatform
[2016.03.02-19.46.17:798][  0]LogTemp:Display: Loaded TP LinuxNoEditorTargetPlatform
[2016.03.02-19.46.17:800][  0]LogTemp:Display: Loaded TP LinuxServerTargetPlatform
[2016.03.02-19.46.17:803][  0]LogTemp:Display: Loaded TP LinuxTargetPlatform
[2016.03.02-19.46.17:803][  0]LogTargetPlatformManager:Display: Building Assets For Windows
[2016.03.02-19.46.17:881][  0]LogDerivedDataCache:Display: Max Cache Size: 512 MB
[2016.03.02-19.46.17:918][  0]LogDerivedDataCache: Loaded boot cache 0.04s 41MB C:/Users/Evann/AppData/Local/UnrealEngine/4.10/DerivedDataCache/Boot.ddc.
[2016.03.02-19.46.17:918][  0]LogDerivedDataCache:Display: Loaded Boot cache: C:/Users/Evann/AppData/Local/UnrealEngine/4.10/DerivedDataCache/Boot.ddc
[2016.03.02-19.46.17:918][  0]LogDerivedDataCache: FDerivedDataBackendGraph:  Pak pak cache file ../../../../../../../Evann/Documents/Unreal Projects/speedron/speedron_BP/DerivedDataCache/DDC.ddp not found, will not use a pak cache.
[2016.03.02-19.46.17:918][  0]LogDerivedDataCache: Unable to find inner node Pak for hierarchical cache Hierarchy.
[2016.03.02-19.46.17:918][  0]LogDerivedDataCache: FDerivedDataBackendGraph:  CompressedPak pak cache file ../../../../../../../Evann/Documents/Unreal Projects/speedron/speedron_BP/DerivedDataCache/Compressed.ddp not found, will not use a pak cache.
[2016.03.02-19.46.17:918][  0]LogDerivedDataCache: Unable to find inner node CompressedPak for hierarchical cache Hierarchy.
[2016.03.02-19.46.17:970][  0]LogDerivedDataCache:Display: Pak cache opened for reading ../../../Engine/DerivedDataCache/Compressed.ddp.
[2016.03.02-19.46.17:982][  0]LogDerivedDataCache: Using Local data cache path C:/Users/Evann/AppData/Local/UnrealEngine/Common/DerivedDataCache: Writable
[2016.03.02-19.46.18:160][  0]LogInit: Selected Device Profile: [Windows]
[2016.03.02-19.46.18:163][  0]LogContentStreaming: Texture pool size is 0.000000MB
[2016.03.02-19.46.18:263][  0]LogMeshUtilities: No automatic mesh reduction module available
[2016.03.02-19.46.18:263][  0]LogMeshUtilities: No automatic mesh merging module available
[2016.03.02-19.46.18:467][  0]LogInit: WinSock: version 1.1 (2.2), MaxSocks=32767, MaxUdp=65467
[2016.03.02-19.46.19:146][  0]LogAssetRegistry: FAssetRegistry took 0.0109 seconds to start up
[2016.03.02-19.46.19:161][  0]UdpMessaging: Initializing bridge on interface 0.0.0.0:0 to multicast group 230.0.0.1:6666.
[2016.03.02-19.46.19:381][  0]SourceControl: Info Source control is disabled
[2016.03.02-19.46.19:382][  0]SourceControl: Info Source control is disabled
[2016.03.02-19.46.19:391][  0]SourceControl: Info Source control is disabled
[2016.03.02-19.46.19:401][  0]SourceControl: Info Source control is disabled
[2016.03.02-19.46.19:615][  0]LogObj: 28803 objects as part of root set at end of initial load.
[2016.03.02-19.46.19:615][  0]LogUObjectAllocator: 6130056 out of 0 bytes used by permanent object pool.
[2016.03.02-19.46.19:666][  0]LogEngine: Initializing Engine...
[2016.03.02-19.46.19:669][  0]LogHMD: Can't find Oculus library dev build: is proper Runtime installed? Version: 0.8.0.0
[2016.03.02-19.46.19:670][  0]LogHMD: SteamVR failed to initialize.  Err: 110
[2016.03.02-19.46.19:771][  0]LogAIModule: Creating AISystem for world NewWorld
[2016.03.02-19.46.19:780][  0]LogInit: XAudio2 using 'Haut-parleurs (Realtek High Definition Audio)' : 2 channels at 48 kHz using 32 bits per sample (channel mask 0x3)
[2016.03.02-19.46.19:790][  0]LogInit: FAudioDevice initialized.
[2016.03.02-19.46.19:810][  0]LogDerivedDataCache: Saved boot cache 0.02s 41MB C:/Users/Evann/AppData/Local/UnrealEngine/4.10/DerivedDataCache/Boot.ddc.
[2016.03.02-19.46.19:813][  0]LogInit: Texture streaming: Enabled
[2016.03.02-19.46.19:818][  0]LogAnalytics: Creating configured Analytics provider AnalyticsET
[2016.03.02-19.46.19:818][  0]LogAnalytics: [UEEditor.Rocket.Release] APIServer = http://et2.epicgames.com/ET2/. AppVersion = 4.10.4-2872498+++depot+UE4-Releases+4.10
[2016.03.02-19.46.19:818][  0]LogAnalytics: [UEEditor.Rocket.Release] SetUserId fd7fcd6145c2d49cfe7e4393ff2be6d0|268d3e625b094d6baa5bbf4050d265fa|823c25f2-e8e2-48bc-85ba-fee7c8358a4d
[2016.03.02-19.46.19:818][  0]LogAnalytics: [UEEditor.Rocket.Release] AnalyticsET::StartSession
[2016.03.02-19.46.19:825][  0]LogInit: Transaction tracking system initialized
[2016.03.02-19.46.19:849][  0]BlueprintLog: New page: Editor Load
[2016.03.02-19.46.19:920][  0]LocalizationService: Info Localization service is disabled
[2016.03.02-19.46.20:011][  0]LogConsoleResponse:Display: 
[2016.03.02-19.46.20:105][  0]LogCook:Display: Done creating registry. It took  0.00s.
[2016.03.02-19.46.20:155][  0]LogFileCache: Scanning file cache for directory 'D:/Evann/Documents/Unreal Projects/speedron/speedron_BP/Content/' took 0.01s
[2016.03.02-19.46.20:155][  0]SourceControl: Info Source control is disabled
[2016.03.02-19.46.20:156][  0]Cmd: MAP LOAD FILE="../../../../../../../Evann/Documents/Unreal Projects/speedron/speedron_BP/Content/TwinStickBP/Maps/TwinStickExampleMap.umap" TEMPLATE=0 SHOWPROGRESS=1 FEATURELEVEL=3
[2016.03.02-19.46.20:156][  0]LightingResults: New page: Lighting Build
[2016.03.02-19.46.20:159][  0]MapCheck: New page: Map Check
[2016.03.02-19.46.20:159][  0]LightingResults: New page: Lighting Build
[2016.03.02-19.46.20:168][  0]LogParticles: Destroying 0 GPU particle simulations for FXSystem 0x000002271CCCCFE0
[2016.03.02-19.46.20:575][  0]LogAIModule: Creating AISystem for world TwinStickExampleMap
[2016.03.02-19.46.20:581][  0]LogEditorServer: Finished looking for orphan Actors (0.000 secs)
[2016.03.02-19.46.20:581][  0]Cmd: MAP CHECKDEP NOCLEARLOG
[2016.03.02-19.46.20:630][  0]MapCheck:Warning: Warning StaticMeshComponent0 StaticMeshComponent /Game/TwinStickBP/Maps/TwinStickExampleMap.TwinStickExampleMap:PersistentLevel.TemplateCube_Rounded_19.StaticMeshComponent0 : Externally referenced 
[2016.03.02-19.46.20:630][  0]MapCheck:Warning: Warning StaticMeshComponent0 StaticMeshComponent /Game/TwinStickBP/Maps/TwinStickExampleMap.TwinStickExampleMap:PersistentLevel.TemplateCube_Rounded_20.StaticMeshComponent0 : Externally referenced 
[2016.03.02-19.46.20:630][  0]MapCheck:Warning: Warning StaticMeshComponent0 StaticMeshComponent /Game/TwinStickBP/Maps/TwinStickExampleMap.TwinStickExampleMap:PersistentLevel.TemplateCube_Rounded_21.StaticMeshComponent0 : Externally referenced 
[2016.03.02-19.46.20:630][  0]MapCheck:Warning: Warning StaticMeshComponent0 StaticMeshComponent /Game/TwinStickBP/Maps/TwinStickExampleMap.TwinStickExampleMap:PersistentLevel.TemplateCube_Rounded_22.StaticMeshComponent0 : Externally referenced 
[2016.03.02-19.46.20:631][  0]MapCheck:Warning: Warning StaticMeshComponent0 StaticMeshComponent /Game/TwinStickBP/Maps/TwinStickExampleMap.TwinStickExampleMap:PersistentLevel.TemplateCube_Rounded_23.StaticMeshComponent0 : Externally referenced 
[2016.03.02-19.46.20:631][  0]MapCheck:Warning: Warning StaticMeshComponent0 StaticMeshComponent /Game/TwinStickBP/Maps/TwinStickExampleMap.TwinStickExampleMap:PersistentLevel.TemplateCube_Rounded_24.StaticMeshComponent0 : Externally referenced 
[2016.03.02-19.46.20:631][  0]MapCheck:Warning: Warning StaticMeshComponent0 StaticMeshComponent /Game/TwinStickBP/Maps/TwinStickExampleMap.TwinStickExampleMap:PersistentLevel.TemplateCube_Rounded_3.StaticMeshComponent0 : Externally referenced 
[2016.03.02-19.46.20:631][  0]MapCheck:Warning: Warning TwinStickPawn_C_1 TwinStickPawn_C /Game/TwinStickBP/Maps/TwinStickExampleMap.TwinStickExampleMap:PersistentLevel.TwinStickPawn_C_1 : Externally referenced 
[2016.03.02-19.46.20:631][  0]MapCheck:Warning: Warning ShipMeshComponent StaticMeshComponent /Game/TwinStickBP/Maps/TwinStickExampleMap.TwinStickExampleMap:PersistentLevel.TwinStickPawn_C_1.ShipMeshComponent : Externally referenced 
[2016.03.02-19.46.20:631][  0]MapCheck:Warning: Warning StaticMeshComponent0 StaticMeshComponent /Game/TwinStickBP/Maps/TwinStickExampleMap.TwinStickExampleMap:PersistentLevel.Wall1_17.StaticMeshComponent0 : Externally referenced 
[2016.03.02-19.46.20:631][  0]MapCheck:Warning: Warning StaticMeshComponent0 StaticMeshComponent /Game/TwinStickBP/Maps/TwinStickExampleMap.TwinStickExampleMap:PersistentLevel.Floor_18.StaticMeshComponent0 : Externally referenced 
[2016.03.02-19.46.20:631][  0]MapCheck:Warning: Warning StaticMeshComponent0 StaticMeshComponent /Game/TwinStickBP/Maps/TwinStickExampleMap.TwinStickExampleMap:PersistentLevel.Obstacle1_2.StaticMeshComponent0 : Externally referenced 
[2016.03.02-19.46.20:631][  0]MapCheck:Warning: Warning StaticMeshComponent0 StaticMeshComponent /Game/TwinStickBP/Maps/TwinStickExampleMap.TwinStickExampleMap:PersistentLevel.Obstacle2_3.StaticMeshComponent0 : Externally referenced 
[2016.03.02-19.46.20:631][  0]MapCheck:Warning: Warning StaticMeshComponent0 StaticMeshComponent /Game/TwinStickBP/Maps/TwinStickExampleMap.TwinStickExampleMap:PersistentLevel.Wall1_17.StaticMeshComponent0 : Externally referenced 
[2016.03.02-19.46.20:631][  0]MapCheck:Warning: Warning StaticMeshComponent0 StaticMeshComponent /Game/TwinStickBP/Maps/TwinStickExampleMap.TwinStickExampleMap:PersistentLevel.Wall5.StaticMeshComponent0 : Externally referenced 
[2016.03.02-19.46.20:631][  0]MapCheck:Warning: Warning StaticMeshComponent0 StaticMeshComponent /Game/TwinStickBP/Maps/TwinStickExampleMap.TwinStickExampleMap:PersistentLevel.Wall6.StaticMeshComponent0 : Externally referenced 
[2016.03.02-19.46.20:631][  0]MapCheck:Warning: Warning StaticMeshComponent0 StaticMeshComponent /Game/TwinStickBP/Maps/TwinStickExampleMap.TwinStickExampleMap:PersistentLevel.Wall7.StaticMeshComponent0 : Externally referenced 
[2016.03.02-19.46.20:631][  0]MapCheck:Warning: Warning StaticMeshComponent0 StaticMeshComponent /Game/TwinStickBP/Maps/TwinStickExampleMap.TwinStickExampleMap:PersistentLevel.TemplateCube_Rounded_19.StaticMeshComponent0 : Externally referenced 
[2016.03.02-19.46.20:631][  0]MapCheck:Warning: Warning StaticMeshComponent0 StaticMeshComponent /Game/TwinStickBP/Maps/TwinStickExampleMap.TwinStickExampleMap:PersistentLevel.TemplateCube_Rounded_20.StaticMeshComponent0 : Externally referenced 
[2016.03.02-19.46.20:631][  0]MapCheck:Warning: Warning StaticMeshComponent0 StaticMeshComponent /Game/TwinStickBP/Maps/TwinStickExampleMap.TwinStickExampleMap:PersistentLevel.TemplateCube_Rounded_21.StaticMeshComponent0 : Externally referenced 
[2016.03.02-19.46.20:631][  0]MapCheck:Warning: Warning StaticMeshComponent0 StaticMeshComponent /Game/TwinStickBP/Maps/TwinStickExampleMap.TwinStickExampleMap:PersistentLevel.TemplateCube_Rounded_22.StaticMeshComponent0 : Externally referenced 
[2016.03.02-19.46.20:631][  0]MapCheck:Warning: Warning StaticMeshComponent0 StaticMeshComponent /Game/TwinStickBP/Maps/TwinStickExampleMap.TwinStickExampleMap:PersistentLevel.TemplateCube_Rounded_23.StaticMeshComponent0 : Externally referenced 
[2016.03.02-19.46.20:631][  0]MapCheck:Warning: Warning StaticMeshComponent0 StaticMeshComponent /Game/TwinStickBP/Maps/TwinStickExampleMap.TwinStickExampleMap:PersistentLevel.TemplateCube_Rounded_24.StaticMeshComponent0 : Externally referenced 
[2016.03.02-19.46.20:631][  0]MapCheck:Warning: Warning StaticMeshComponent0 StaticMeshComponent /Game/TwinStickBP/Maps/TwinStickExampleMap.TwinStickExampleMap:PersistentLevel.TemplateCube_Rounded_3.StaticMeshComponent0 : Externally referenced 
[2016.03.02-19.46.20:631][  0]MapCheck:Warning: Warning EdGraphPin_34544 EdGraphPin /Game/TwinStickBP/Maps/TwinStickExampleMap.TwinStickExampleMap:PersistentLevel.TwinStickExampleMap.ExecuteUbergraph_TwinStickExampleMap.K2Node_CallFunction_106.EdGraphPin_34544 : Externally referenced 
[2016.03.02-19.46.20:631][  0]MapCheck:Warning: Warning EdGraphPin_6243 EdGraphPin /Game/TwinStickBP/Maps/TwinStickExampleMap.TwinStickExampleMap:PersistentLevel.TwinStickExampleMap.ExecuteUbergraph_TwinStickExampleMap.K2Node_CallFunction_110.EdGraphPin_6243 : Externally referenced 
[2016.03.02-19.46.20:631][  0]MapCheck:Warning: Warning EdGraphPin_6353 EdGraphPin /Game/TwinStickBP/Maps/TwinStickExampleMap.TwinStickExampleMap:PersistentLevel.TwinStickExampleMap.EventGraph.K2Node_CallFunction_5339.EdGraphPin_6353 : Externally referenced 
[2016.03.02-19.46.20:631][  0]MapCheck:Warning: Warning EdGraphPin_6353 EdGraphPin /Game/TwinStickBP/Maps/TwinStickExampleMap.TwinStickExampleMap:PersistentLevel.TwinStickExampleMap.ExecuteUbergraph_TwinStickExampleMap.K2Node_CallFunction_115.EdGraphPin_6353 : Externally referenced 
[2016.03.02-19.46.20:631][  0]MapCheck:Warning: Warning EdGraphPin_34577 EdGraphPin /Game/TwinStickBP/Maps/TwinStickExampleMap.TwinStickExampleMap:PersistentLevel.TwinStickExampleMap.ExecuteUbergraph_TwinStickExampleMap.K2Node_CallFunction_105.EdGraphPin_34577 : Externally referenced 
[2016.03.02-19.46.20:631][  0]MapCheck:Warning: Warning EdGraphPin_6276 EdGraphPin /Game/TwinStickBP/Maps/TwinStickExampleMap.TwinStickExampleMap:PersistentLevel.TwinStickExampleMap.ExecuteUbergraph_TwinStickExampleMap.K2Node_CallFunction_109.EdGraphPin_6276 : Externally referenced 
[2016.03.02-19.46.20:631][  0]MapCheck:Warning: Warning EdGraphPin_6386 EdGraphPin /Game/TwinStickBP/Maps/TwinStickExampleMap.TwinStickExampleMap:PersistentLevel.TwinStickExampleMap.EventGraph.K2Node_CallFunction_5338.EdGraphPin_6386 : Externally referenced 
[2016.03.02-19.46.20:632][  0]MapCheck:Warning: Warning EdGraphPin_6386 EdGraphPin /Game/TwinStickBP/Maps/TwinStickExampleMap.TwinStickExampleMap:PersistentLevel.TwinStickExampleMap.ExecuteUbergraph_TwinStickExampleMap.K2Node_CallFunction_114.EdGraphPin_6386 : Externally referenced 
[2016.03.02-19.46.20:632][  0]MapCheck: Info Map check complete: 0 Error(s), 32 Warning(s), took 49.928ms to complete.
[2016.03.02-19.46.20:652][  0]LogFileHelpers: Loading map 'TwinStickExampleMap' took 0.496
[2016.03.02-19.46.20:768][  0]LogCollectionManager: Loaded 0 collections in 0.001840 seconds
[2016.03.02-19.46.20:810][  0]LogFileCache: Scanning file cache for directory 'D:/Evann/Documents/Unreal Projects/speedron/speedron_BP/Saved/Collections/' took 0.01s
[2016.03.02-19.46.20:810][  0]LogFileCache: Scanning file cache for directory 'D:/Evann/Documents/Unreal Projects/speedron/speedron_BP/Content/Developers/Evann/Collections/' took 0.01s
[2016.03.02-19.46.20:810][  0]LogFileCache: Scanning file cache for directory 'D:/Evann/Documents/Unreal Projects/speedron/speedron_BP/Content/Collections/' took 0.01s
[2016.03.02-19.46.20:810][  0]LogCollectionManager: Rebuilt the GUID cache for 0 collections in 0.000002 seconds
[2016.03.02-19.46.20:817][  0]LogContentBrowser: Native class hierarchy populated in 0.0072 seconds. Added 1908 classes and 344 folders.
[2016.03.02-19.46.20:823][  0]LogContentBrowser: Native class hierarchy updated for 'WidgetCarousel' in 0.0003 seconds. Added 0 classes and 0 folders.
[2016.03.02-19.46.20:860][  0]LogContentBrowser: Native class hierarchy updated for 'AddContentDialog' in 0.0004 seconds. Added 0 classes and 0 folders.
[2016.03.02-19.46.20:864][  0]LogContentBrowser: Native class hierarchy updated for 'SceneOutliner' in 0.0003 seconds. Added 1 classes and 2 folders.
[2016.03.02-19.46.20:908][  0]LogCrashTracker: Crashtracker disabled due to settings.
[2016.03.02-19.46.20:912][  0]LogUObjectGlobals:Warning: Failed to find object 'Class None.'
[2016.03.02-19.46.20:934][  0]LogLoad: Full Startup: 4.76 seconds (BP compile: 0.10 seconds)
[2016.03.02-19.46.20:943][  0]LogWindowsTextInputMethodSystem:Display: IME system now deactivated.
[2016.03.02-19.46.20:946][  0]LogOcInput: Can't find Oculus library dev build: is proper Runtime installed? Version: 0.8.0.0
[2016.03.02-19.46.20:983][  0]LogContentStreaming: Texture pool size now 1000 MB
[2016.03.02-19.46.21:117][  0]LogRenderer: Reallocating scene render targets to support 1208x572 (Frame:2).
[2016.03.02-19.46.21:454][  4]LogAssetRegistry: Asset discovery search completed in 2.3190 seconds
[2016.03.02-19.46.21:454][  4]LogCollectionManager: Rebuilt the object cache for 0 collections in 0.000001 seconds (found 0 objects)
[2016.03.02-19.46.21:454][  4]LogCollectionManager: Fixed up redirectors for 0 collections in 0.000019 seconds (updated 0 objects)
[2016.03.02-19.47.08:822][713]LogBlueprintUserMessages: Early PlayInEditor Detection: Level '/Game/TwinStickBP/Maps/TwinStickExampleMap.TwinStickExampleMap:PersistentLevel' has LevelScriptBlueprint '/Game/TwinStickBP/Maps/TwinStickExampleMap.TwinStickExampleMap:PersistentLevel.TwinStickExampleMap' with GeneratedClass '/Game/TwinStickBP/Maps/TwinStickExampleMap.TwinStickExampleMap_C' with ClassGeneratedBy '/Game/TwinStickBP/Maps/TwinStickExampleMap.TwinStickExampleMap:PersistentLevel.TwinStickExampleMap'
[2016.03.02-19.47.08:822][713]LogPlayLevel: PlayLevel: No blueprints needed recompiling
[2016.03.02-19.47.08:822][713]PIE: New page: PIE session: TwinStickExampleMap (Mar 2, 2016, 9:47:08 PM)
[2016.03.02-19.47.08:822][713]LogPlayLevel: Creating play world package: /Game/TwinStickBP/Maps/UEDPIE_0_TwinStickExampleMap
[2016.03.02-19.47.08:832][713]LogPlayLevel: PIE: StaticDuplicateObject took: (0.009996s)
[2016.03.02-19.47.08:833][713]LogAIModule: Creating AISystem for world TwinStickExampleMap
[2016.03.02-19.47.08:833][713]LogPlayLevel: PIE: World Init took: (0.000821s)
[2016.03.02-19.47.08:833][713]LogPlayLevel: PIE: Created PIE world by copying editor world from /Game/TwinStickBP/Maps/TwinStickExampleMap.TwinStickExampleMap to /Game/TwinStickBP/Maps/UEDPIE_0_TwinStickExampleMap.TwinStickExampleMap (0.011020s)
[2016.03.02-19.47.08:860][713]LogInit: XAudio2 using 'Haut-parleurs (Realtek High Definition Audio)' : 2 channels at 48 kHz using 32 bits per sample (channel mask 0x3)
[2016.03.02-19.47.08:869][713]LogInit: FAudioDevice initialized.
[2016.03.02-19.47.08:978][713]LogWorld: Game class is 'TwinStickGameMode_C'
[2016.03.02-19.47.08:983][713]LogWorld: Bringing World /Game/TwinStickBP/Maps/UEDPIE_0_TwinStickExampleMap.TwinStickExampleMap up for play (max tick rate 0) at 2016.03.02-20.47.08
[2016.03.02-19.47.08:983][713]LogActor:Warning: GameSession /Game/TwinStickBP/Maps/UEDPIE_0_TwinStickExampleMap.TwinStickExampleMap:PersistentLevel.GameSession_0 has natively added scene component(s), but none of them were set as the actor's RootComponent - picking one arbitrarily
[2016.03.02-19.47.08:983][713]LogActor:Warning: GameNetworkManager /Game/TwinStickBP/Maps/UEDPIE_0_TwinStickExampleMap.TwinStickExampleMap:PersistentLevel.GameNetworkManager_0 has natively added scene component(s), but none of them were set as the actor's RootComponent - picking one arbitrarily
[2016.03.02-19.47.08:984][713]LogWorld: Bringing up level for play took: 0.004012
[2016.03.02-19.47.09:000][713]PIE: Info Play in editor start time for /Game/TwinStickBP/Maps/UEDPIE_0_TwinStickExampleMap -0.164
[2016.03.02-19.47.09:001][713]LogBlueprintUserMessages: Late PlayInEditor Detection: Level '/Game/TwinStickBP/Maps/TwinStickExampleMap.TwinStickExampleMap:PersistentLevel' has LevelScriptBlueprint '/Game/TwinStickBP/Maps/TwinStickExampleMap.TwinStickExampleMap:PersistentLevel.TwinStickExampleMap' with GeneratedClass '/Game/TwinStickBP/Maps/TwinStickExampleMap.TwinStickExampleMap_C' with ClassGeneratedBy '/Game/TwinStickBP/Maps/TwinStickExampleMap.TwinStickExampleMap:PersistentLevel.TwinStickExampleMap'
[2016.03.02-19.47.09:036][714]LogRenderer: Reallocating scene render targets to support 1280x720 (Frame:1639).
[2016.03.02-19.47.10:105][765]LogRenderer: Reallocating scene render targets to support 1920x1016 (Frame:1692).
[2016.03.02-19.48.20:146][823]LogBlueprintUserMessages: Early EndPlayMap Detection: Level '/Game/TwinStickBP/Maps/TwinStickExampleMap.TwinStickExampleMap:PersistentLevel' has LevelScriptBlueprint '/Game/TwinStickBP/Maps/TwinStickExampleMap.TwinStickExampleMap:PersistentLevel.TwinStickExampleMap' with GeneratedClass '/Game/TwinStickBP/Maps/TwinStickExampleMap.TwinStickExampleMap_C' with ClassGeneratedBy '/Game/TwinStickBP/Maps/TwinStickExampleMap.TwinStickExampleMap:PersistentLevel.TwinStickExampleMap'
[2016.03.02-19.48.20:191][823]LogBlueprintUserMessages: Late EndPlayMap Detection: Level '/Game/TwinStickBP/Maps/TwinStickExampleMap.TwinStickExampleMap:PersistentLevel' has LevelScriptBlueprint '/Game/TwinStickBP/Maps/TwinStickExampleMap.TwinStickExampleMap:PersistentLevel.TwinStickExampleMap' with GeneratedClass '/Game/TwinStickBP/Maps/TwinStickExampleMap.TwinStickExampleMap_C' with ClassGeneratedBy '/Game/TwinStickBP/Maps/TwinStickExampleMap.TwinStickExampleMap:PersistentLevel.TwinStickExampleMap'
[2016.03.02-19.48.20:206][823]LogParticles: Destroying 0 GPU particle simulations for FXSystem 0x000002270E413740
[2016.03.02-19.48.25:123][964]LogLinker:Warning: Asset '../../../Engine/Content/ArtTools/RenderToTexture/Macros/RenderToTextureMacros.uasset' has been saved with empty engine version. The asset will be loaded but may be incompatible.
[2016.03.02-19.48.25:539][964]LogContentBrowser: Native class hierarchy updated for 'BlueprintGraph' in 0.0007 seconds. Added 107 classes and 0 folders.
[2016.03.02-19.48.29:703][364]LogBlueprintUserMessages: Early PlayInEditor Detection: Level '/Game/TwinStickBP/Maps/TwinStickExampleMap.TwinStickExampleMap:PersistentLevel' has LevelScriptBlueprint '/Game/TwinStickBP/Maps/TwinStickExampleMap.TwinStickExampleMap:PersistentLevel.TwinStickExampleMap' with GeneratedClass '/Game/TwinStickBP/Maps/TwinStickExampleMap.TwinStickExampleMap_C' with ClassGeneratedBy '/Game/TwinStickBP/Maps/TwinStickExampleMap.TwinStickExampleMap:PersistentLevel.TwinStickExampleMap'
[2016.03.02-19.48.29:703][364]BlueprintLog: New page: Pre-Play auto-recompile
[2016.03.02-19.48.29:717][364]LogActorComponent: UnregisterComponent: (/Engine/Transient.ProjectileMovementComponent_8) Not registered. Aborting.
[2016.03.02-19.48.29:718][364]LogActorComponent: UnregisterComponent: (/Engine/Transient.FloatingPawnMovement_GEN_VARIABLE) Not registered. Aborting.
[2016.03.02-19.48.29:723][364]LogPlayLevel: [PlayLevel] Compiling TwinStickPawn before play...
[2016.03.02-19.48.29:793][364]LogPlayLevel: PlayLevel: Blueprint regeneration took 89 ms (1 blueprints)
[2016.03.02-19.48.29:822][364]PIE: New page: PIE session: TwinStickExampleMap (Mar 2, 2016, 9:48:29 PM)
[2016.03.02-19.48.29:822][364]LogPlayLevel: Creating play world package: /Game/TwinStickBP/Maps/UEDPIE_0_TwinStickExampleMap
[2016.03.02-19.48.29:831][364]LogPlayLevel: PIE: StaticDuplicateObject took: (0.008285s)
[2016.03.02-19.48.29:831][364]LogAIModule: Creating AISystem for world TwinStickExampleMap
[2016.03.02-19.48.29:832][364]LogPlayLevel: PIE: World Init took: (0.000790s)
[2016.03.02-19.48.29:832][364]LogPlayLevel: PIE: Created PIE world by copying editor world from /Game/TwinStickBP/Maps/TwinStickExampleMap.TwinStickExampleMap to /Game/TwinStickBP/Maps/UEDPIE_0_TwinStickExampleMap.TwinStickExampleMap (0.009292s)
[2016.03.02-19.48.29:859][364]LogInit: XAudio2 using 'Haut-parleurs (Realtek High Definition Audio)' : 2 channels at 48 kHz using 32 bits per sample (channel mask 0x3)
[2016.03.02-19.48.29:868][364]LogInit: FAudioDevice initialized.
[2016.03.02-19.48.29:952][364]LogWorld: Game class is 'TwinStickGameMode_C'
[2016.03.02-19.48.29:956][364]LogWorld: Bringing World /Game/TwinStickBP/Maps/UEDPIE_0_TwinStickExampleMap.TwinStickExampleMap up for play (max tick rate 0) at 2016.03.02-20.48.29
[2016.03.02-19.48.29:956][364]LogActor:Warning: GameSession /Game/TwinStickBP/Maps/UEDPIE_0_TwinStickExampleMap.TwinStickExampleMap:PersistentLevel.GameSession_1 has natively added scene component(s), but none of them were set as the actor's RootComponent - picking one arbitrarily
[2016.03.02-19.48.29:956][364]LogActor:Warning: GameNetworkManager /Game/TwinStickBP/Maps/UEDPIE_0_TwinStickExampleMap.TwinStickExampleMap:PersistentLevel.GameNetworkManager_1 has natively added scene component(s), but none of them were set as the actor's RootComponent - picking one arbitrarily
[2016.03.02-19.48.29:956][364]LogWorld: Bringing up level for play took: 0.003550
[2016.03.02-19.48.29:964][364]PIE: Info Play in editor start time for /Game/TwinStickBP/Maps/UEDPIE_0_TwinStickExampleMap 0.8
[2016.03.02-19.48.29:964][364]LogBlueprintUserMessages: Late PlayInEditor Detection: Level '/Game/TwinStickBP/Maps/TwinStickExampleMap.TwinStickExampleMap:PersistentLevel' has LevelScriptBlueprint '/Game/TwinStickBP/Maps/TwinStickExampleMap.TwinStickExampleMap:PersistentLevel.TwinStickExampleMap' with GeneratedClass '/Game/TwinStickBP/Maps/TwinStickExampleMap.TwinStickExampleMap_C' with ClassGeneratedBy '/Game/TwinStickBP/Maps/TwinStickExampleMap.TwinStickExampleMap:PersistentLevel.TwinStickExampleMap'
[2016.03.02-19.48.33:421][521]LogBlueprintUserMessages: Early EndPlayMap Detection: Level '/Game/TwinStickBP/Maps/TwinStickExampleMap.TwinStickExampleMap:PersistentLevel' has LevelScriptBlueprint '/Game/TwinStickBP/Maps/TwinStickExampleMap.TwinStickExampleMap:PersistentLevel.TwinStickExampleMap' with GeneratedClass '/Game/TwinStickBP/Maps/TwinStickExampleMap.TwinStickExampleMap_C' with ClassGeneratedBy '/Game/TwinStickBP/Maps/TwinStickExampleMap.TwinStickExampleMap:PersistentLevel.TwinStickExampleMap'
[2016.03.02-19.48.33:471][521]LogBlueprintUserMessages: Late EndPlayMap Detection: Level '/Game/TwinStickBP/Maps/TwinStickExampleMap.TwinStickExampleMap:PersistentLevel' has LevelScriptBlueprint '/Game/TwinStickBP/Maps/TwinStickExampleMap.TwinStickExampleMap:PersistentLevel.TwinStickExampleMap' with GeneratedClass '/Game/TwinStickBP/Maps/TwinStickExampleMap.TwinStickExampleMap_C' with ClassGeneratedBy '/Game/TwinStickBP/Maps/TwinStickExampleMap.TwinStickExampleMap:PersistentLevel.TwinStickExampleMap'
[2016.03.02-19.48.33:472][521]LogActorComponent: UnregisterComponent: (/Engine/Transient.FloatingPawnMovement_GEN_VARIABLE) Not registered. Aborting.
[2016.03.02-19.48.33:497][521]LogParticles: Destroying 0 GPU particle simulations for FXSystem 0x0000022765E43560
[2016.03.02-19.48.35:552][724]LogBlueprintUserMessages: Early PlayInEditor Detection: Level '/Game/TwinStickBP/Maps/TwinStickExampleMap.TwinStickExampleMap:PersistentLevel' has LevelScriptBlueprint '/Game/TwinStickBP/Maps/TwinStickExampleMap.TwinStickExampleMap:PersistentLevel.TwinStickExampleMap' with GeneratedClass '/Game/TwinStickBP/Maps/TwinStickExampleMap.TwinStickExampleMap_C' with ClassGeneratedBy '/Game/TwinStickBP/Maps/TwinStickExampleMap.TwinStickExampleMap:PersistentLevel.TwinStickExampleMap'
[2016.03.02-19.48.35:552][724]BlueprintLog: New page: Pre-Play auto-recompile
[2016.03.02-19.48.35:556][724]LogActorComponent: UnregisterComponent: (/Engine/Transient.FloatingPawnMovement_GEN_VARIABLE) Not registered. Aborting.
[2016.03.02-19.48.35:561][724]LogPlayLevel: [PlayLevel] Compiling TwinStickPawn before play...
[2016.03.02-19.48.35:637][724]LogPlayLevel: PlayLevel: Blueprint regeneration took 84 ms (1 blueprints)
[2016.03.02-19.48.35:661][724]PIE: New page: PIE session: TwinStickExampleMap (Mar 2, 2016, 9:48:35 PM)
[2016.03.02-19.48.35:661][724]LogPlayLevel: Creating play world package: /Game/TwinStickBP/Maps/UEDPIE_0_TwinStickExampleMap
[2016.03.02-19.48.35:670][724]LogPlayLevel: PIE: StaticDuplicateObject took: (0.008496s)
[2016.03.02-19.48.35:670][724]LogAIModule: Creating AISystem for world TwinStickExampleMap
[2016.03.02-19.48.35:670][724]LogPlayLevel: PIE: World Init took: (0.000663s)
[2016.03.02-19.48.35:671][724]LogPlayLevel: PIE: Created PIE world by copying editor world from /Game/TwinStickBP/Maps/TwinStickExampleMap.TwinStickExampleMap to /Game/TwinStickBP/Maps/UEDPIE_0_TwinStickExampleMap.TwinStickExampleMap (0.009348s)
[2016.03.02-19.48.35:706][724]LogInit: XAudio2 using 'Haut-parleurs (Realtek High Definition Audio)' : 2 channels at 48 kHz using 32 bits per sample (channel mask 0x3)
[2016.03.02-19.48.35:715][724]LogInit: FAudioDevice initialized.
[2016.03.02-19.48.35:802][724]LogWorld: Game class is 'TwinStickGameMode_C'
[2016.03.02-19.48.35:807][724]LogWorld: Bringing World /Game/TwinStickBP/Maps/UEDPIE_0_TwinStickExampleMap.TwinStickExampleMap up for play (max tick rate 0) at 2016.03.02-20.48.35
[2016.03.02-19.48.35:807][724]LogActor:Warning: GameSession /Game/TwinStickBP/Maps/UEDPIE_0_TwinStickExampleMap.TwinStickExampleMap:PersistentLevel.GameSession_2 has natively added scene component(s), but none of them were set as the actor's RootComponent - picking one arbitrarily
[2016.03.02-19.48.35:807][724]LogActor:Warning: GameNetworkManager /Game/TwinStickBP/Maps/UEDPIE_0_TwinStickExampleMap.TwinStickExampleMap:PersistentLevel.GameNetworkManager_2 has natively added scene component(s), but none of them were set as the actor's RootComponent - picking one arbitrarily
[2016.03.02-19.48.35:807][724]LogWorld: Bringing up level for play took: 0.004121
[2016.03.02-19.48.35:820][724]PIE: Info Play in editor start time for /Game/TwinStickBP/Maps/UEDPIE_0_TwinStickExampleMap 0.656
[2016.03.02-19.48.35:821][724]LogBlueprintUserMessages: Late PlayInEditor Detection: Level '/Game/TwinStickBP/Maps/TwinStickExampleMap.TwinStickExampleMap:PersistentLevel' has LevelScriptBlueprint '/Game/TwinStickBP/Maps/TwinStickExampleMap.TwinStickExampleMap:PersistentLevel.TwinStickExampleMap' with GeneratedClass '/Game/TwinStickBP/Maps/TwinStickExampleMap.TwinStickExampleMap_C' with ClassGeneratedBy '/Game/TwinStickBP/Maps/TwinStickExampleMap.TwinStickExampleMap:PersistentLevel.TwinStickExampleMap'
[2016.03.02-19.48.55:952][601]LogBlueprintUserMessages: Early EndPlayMap Detection: Level '/Game/TwinStickBP/Maps/TwinStickExampleMap.TwinStickExampleMap:PersistentLevel' has LevelScriptBlueprint '/Game/TwinStickBP/Maps/TwinStickExampleMap.TwinStickExampleMap:PersistentLevel.TwinStickExampleMap' with GeneratedClass '/Game/TwinStickBP/Maps/TwinStickExampleMap.TwinStickExampleMap_C' with ClassGeneratedBy '/Game/TwinStickBP/Maps/TwinStickExampleMap.TwinStickExampleMap:PersistentLevel.TwinStickExampleMap'
[2016.03.02-19.48.56:005][601]LogBlueprintUserMessages: Late EndPlayMap Detection: Level '/Game/TwinStickBP/Maps/TwinStickExampleMap.TwinStickExampleMap:PersistentLevel' has LevelScriptBlueprint '/Game/TwinStickBP/Maps/TwinStickExampleMap.TwinStickExampleMap:PersistentLevel.TwinStickExampleMap' with GeneratedClass '/Game/TwinStickBP/Maps/TwinStickExampleMap.TwinStickExampleMap_C' with ClassGeneratedBy '/Game/TwinStickBP/Maps/TwinStickExampleMap.TwinStickExampleMap:PersistentLevel.TwinStickExampleMap'
[2016.03.02-19.48.56:005][601]LogActorComponent: UnregisterComponent: (/Engine/Transient.FloatingPawnMovement_GEN_VARIABLE) Not registered. Aborting.
[2016.03.02-19.48.56:126][602]LogParticles: Destroying 0 GPU particle simulations for FXSystem 0x0000022765CDB420
[2016.03.02-19.48.58:237][812]BlueprintLog: New page: Compile TwinStickPawn
[2016.03.02-19.48.58:310][812]LogActorComponent: UnregisterComponent: (/Engine/Transient.FloatingPawnMovement_GEN_VARIABLE) Not registered. Aborting.
[2016.03.02-19.48.58:340][812]BlueprintEditorCompileResults: Info [0162.16] Compile of TwinStickPawn successful! [in 102 ms]
[2016.03.02-19.48.58:945][850]LogSavePackage: Save=102.992737ms
[2016.03.02-19.48.58:946][850]LogSavePackage: Moving '../../../../../../../Evann/Documents/Unreal Projects/speedron/speedron_BP/Saved/TwinStickPawnC131D6544DF2FCBFDCCB17B68E66898A.tmp' to '../../../../../../../Evann/Documents/Unreal Projects/speedron/speedron_BP/Content/TwinStickBP/Blueprints/TwinStickPawn.uasset'
[2016.03.02-19.48.58:949][850]LogSavePackage: Total save time: 113.479678ms
[2016.03.02-19.48.58:949][850]LogSavePackage:Display: Finished SavePackage ../../../../../../../Evann/Documents/Unreal Projects/speedron/speedron_BP/Content/TwinStickBP/Blueprints/TwinStickPawn.uasset
[2016.03.02-19.48.59:399][894]LogBlueprintUserMessages: Early PlayInEditor Detection: Level '/Game/TwinStickBP/Maps/TwinStickExampleMap.TwinStickExampleMap:PersistentLevel' has LevelScriptBlueprint '/Game/TwinStickBP/Maps/TwinStickExampleMap.TwinStickExampleMap:PersistentLevel.TwinStickExampleMap' with GeneratedClass '/Game/TwinStickBP/Maps/TwinStickExampleMap.TwinStickExampleMap_C' with ClassGeneratedBy '/Game/TwinStickBP/Maps/TwinStickExampleMap.TwinStickExampleMap:PersistentLevel.TwinStickExampleMap'
[2016.03.02-19.48.59:399][894]LogPlayLevel: PlayLevel: No blueprints needed recompiling
[2016.03.02-19.48.59:399][894]PIE: New page: PIE session: TwinStickExampleMap (Mar 2, 2016, 9:48:59 PM)
[2016.03.02-19.48.59:399][894]LogPlayLevel: Creating play world package: /Game/TwinStickBP/Maps/UEDPIE_0_TwinStickExampleMap
[2016.03.02-19.48.59:410][894]LogPlayLevel: PIE: StaticDuplicateObject took: (0.010179s)
[2016.03.02-19.48.59:410][894]LogAIModule: Creating AISystem for world TwinStickExampleMap
[2016.03.02-19.48.59:411][894]LogPlayLevel: PIE: World Init took: (0.000919s)
[2016.03.02-19.48.59:411][894]LogPlayLevel: PIE: Created PIE world by copying editor world from /Game/TwinStickBP/Maps/TwinStickExampleMap.TwinStickExampleMap to /Game/TwinStickBP/Maps/UEDPIE_0_TwinStickExampleMap.TwinStickExampleMap (0.011360s)
[2016.03.02-19.48.59:411][894]LogActorComponent: UnregisterComponent: (/Engine/Transient.FloatingPawnMovement_GEN_VARIABLE) Not registered. Aborting.
[2016.03.02-19.48.59:442][894]LogInit: XAudio2 using 'Haut-parleurs (Realtek High Definition Audio)' : 2 channels at 48 kHz using 32 bits per sample (channel mask 0x3)
[2016.03.02-19.48.59:451][894]LogInit: FAudioDevice initialized.
[2016.03.02-19.48.59:554][894]LogWorld: Game class is 'TwinStickGameMode_C'
[2016.03.02-19.48.59:558][894]LogWorld: Bringing World /Game/TwinStickBP/Maps/UEDPIE_0_TwinStickExampleMap.TwinStickExampleMap up for play (max tick rate 0) at 2016.03.02-20.48.59
[2016.03.02-19.48.59:558][894]LogActor:Warning: GameSession /Game/TwinStickBP/Maps/UEDPIE_0_TwinStickExampleMap.TwinStickExampleMap:PersistentLevel.GameSession_3 has natively added scene component(s), but none of them were set as the actor's RootComponent - picking one arbitrarily
[2016.03.02-19.48.59:558][894]LogActor:Warning: GameNetworkManager /Game/TwinStickBP/Maps/UEDPIE_0_TwinStickExampleMap.TwinStickExampleMap:PersistentLevel.GameNetworkManager_3 has natively added scene component(s), but none of them were set as the actor's RootComponent - picking one arbitrarily
[2016.03.02-19.48.59:558][894]LogWorld: Bringing up level for play took: 0.003417
[2016.03.02-19.48.59:575][894]PIE: Info Play in editor start time for /Game/TwinStickBP/Maps/UEDPIE_0_TwinStickExampleMap 0.411
[2016.03.02-19.48.59:575][894]LogBlueprintUserMessages: Late PlayInEditor Detection: Level '/Game/TwinStickBP/Maps/TwinStickExampleMap.TwinStickExampleMap:PersistentLevel' has LevelScriptBlueprint '/Game/TwinStickBP/Maps/TwinStickExampleMap.TwinStickExampleMap:PersistentLevel.TwinStickExampleMap' with GeneratedClass '/Game/TwinStickBP/Maps/TwinStickExampleMap.TwinStickExampleMap_C' with ClassGeneratedBy '/Game/TwinStickBP/Maps/TwinStickExampleMap.TwinStickExampleMap:PersistentLevel.TwinStickExampleMap'
[2016.03.02-19.49.01:424][984]LogBlueprintUserMessages: Early EndPlayMap Detection: Level '/Game/TwinStickBP/Maps/TwinStickExampleMap.TwinStickExampleMap:PersistentLevel' has LevelScriptBlueprint '/Game/TwinStickBP/Maps/TwinStickExampleMap.TwinStickExampleMap:PersistentLevel.TwinStickExampleMap' with GeneratedClass '/Game/TwinStickBP/Maps/TwinStickExampleMap.TwinStickExampleMap_C' with ClassGeneratedBy '/Game/TwinStickBP/Maps/TwinStickExampleMap.TwinStickExampleMap:PersistentLevel.TwinStickExampleMap'
[2016.03.02-19.49.01:477][984]LogBlueprintUserMessages: Late EndPlayMap Detection: Level '/Game/TwinStickBP/Maps/TwinStickExampleMap.TwinStickExampleMap:PersistentLevel' has LevelScriptBlueprint '/Game/TwinStickBP/Maps/TwinStickExampleMap.TwinStickExampleMap:PersistentLevel.TwinStickExampleMap' with GeneratedClass '/Game/TwinStickBP/Maps/TwinStickExampleMap.TwinStickExampleMap_C' with ClassGeneratedBy '/Game/TwinStickBP/Maps/TwinStickExampleMap.TwinStickExampleMap:PersistentLevel.TwinStickExampleMap'
[2016.03.02-19.49.01:507][984]LogParticles: Destroying 0 GPU particle simulations for FXSystem 0x0000022749D56020
[2016.03.02-19.49.06:886][194]LogSavePackage: Save=264.282928ms
[2016.03.02-19.49.06:886][194]LogSavePackage: Moving '../../../../../../../Evann/Documents/Unreal Projects/speedron/speedron_BP/Saved/TwinStickExampleMap30C920984D9007A2026328A84C8CAF19.tmp' to '../../../../../../../Evann/Documents/Unreal Projects/speedron/speedron_BP/Content/TwinStickBP/Maps/TwinStickExampleMap.umap'
[2016.03.02-19.49.06:889][194]LogSavePackage: Total save time: 273.443781ms
[2016.03.02-19.49.06:889][194]LogSavePackage:Display: Finished SavePackage ../../../../../../../Evann/Documents/Unreal Projects/speedron/speedron_BP/Content/TwinStickBP/Maps/TwinStickExampleMap.umap
[2016.03.02-19.49.06:909][194]LogFileHelpers: Saving map 'TwinStickExampleMap' took 1.476
[2016.03.02-19.49.08:080][319]LogWindowsTextInputMethodSystem:Display: IME system now deactivated.
[2016.03.02-19.49.08:265][320]Cmd: QUIT_EDITOR
[2016.03.02-19.49.08:740][320]LogExit: Preparing to exit.
[2016.03.02-19.49.09:264][320]LogExit: Editor shut down
[2016.03.02-19.49.09:264][320]LogExit: Transaction tracking system shut down
[2016.03.02-19.49.09:266][320]LogParticles: Destroying 0 GPU particle simulations for FXSystem 0x000002270E803600
[2016.03.02-19.49.09:266][320]LogParticles: Destroying 0 GPU particle simulations for FXSystem 0x000002270C0B3920
[2016.03.02-19.49.09:267][320]LogParticles: Destroying 0 GPU particle simulations for FXSystem 0x0000022729FEE340
[2016.03.02-19.49.09:267][320]LogParticles: Destroying 0 GPU particle simulations for FXSystem 0x000002272A13A840
[2016.03.02-19.49.09:267][320]LogParticles: Destroying 0 GPU particle simulations for FXSystem 0x000002270F6065C0
[2016.03.02-19.49.09:432][320]LogExit: Object subsystem successfully closed.
[2016.03.02-19.49.09:442][320]LogD3D11RHI: Shutdown
[2016.03.02-19.49.09:442][320]LogD3D11RHI: CleanupD3DDevice
[2016.03.02-19.49.09:522][320]LogD3D11RHI: ~FD3D11DynamicRHI
[2016.03.02-19.49.09:534][320]LogModuleManager: Shutting down and abandoning module CookingStats (202)
[2016.03.02-19.49.09:534][320]LogModuleManager: Shutting down and abandoning module BlueprintGraph (201)
[2016.03.02-19.49.09:534][320]LogModuleManager: Shutting down and abandoning module CrashTracker (200)
[2016.03.02-19.49.09:534][320]LogModuleManager: Shutting down and abandoning module SceneOutliner (199)
[2016.03.02-19.49.09:534][320]LogModuleManager: Shutting down and abandoning module SuperSearch (198)
[2016.03.02-19.49.09:534][320]LogModuleManager: Shutting down and abandoning module WidgetCarousel (197)
[2016.03.02-19.49.09:534][320]LogModuleManager: Shutting down and abandoning module AddContentDialog (196)
[2016.03.02-19.49.09:535][320]LogModuleManager: Shutting down and abandoning module EditorWidgets (195)
[2016.03.02-19.49.09:535][320]LogModuleManager: Shutting down and abandoning module CollectionManager (194)
[2016.03.02-19.49.09:535][320]LogModuleManager: Shutting down and abandoning module StatsViewer (193)
[2016.03.02-19.49.09:535][320]LogModuleManager: Shutting down and abandoning module FoliageEdit (192)
[2016.03.02-19.49.09:535][320]LogModuleManager: Shutting down and abandoning module LandscapeEditor (191)
[2016.03.02-19.49.09:535][320]LogModuleManager: Shutting down and abandoning module ActorPickerMode (190)
[2016.03.02-19.49.09:535][320]LogModuleManager: Shutting down and abandoning module GeometryMode (189)
[2016.03.02-19.49.09:535][320]LogModuleManager: Shutting down and abandoning module TextureAlignMode (188)
[2016.03.02-19.49.09:535][320]LogModuleManager: Shutting down and abandoning module BspMode (187)
[2016.03.02-19.49.09:535][320]LogModuleManager: Shutting down and abandoning module PlacementMode (186)
[2016.03.02-19.49.09:535][320]LogModuleManager: Shutting down and abandoning module AutomationWorker (185)
[2016.03.02-19.49.09:535][320]LogModuleManager: Shutting down and abandoning module CharacterAI (184)
[2016.03.02-19.49.09:535][320]LogModuleManager: Shutting down and abandoning module SmartSnapping (183)
[2016.03.02-19.49.09:535][320]LogModuleManager: Shutting down and abandoning module ViewportSnapping (182)
[2016.03.02-19.49.09:535][320]LogModuleManager: Shutting down and abandoning module LogVisualizer (181)
[2016.03.02-19.49.09:535][320]LogModuleManager: Shutting down and abandoning module GameProjectGeneration (180)
[2016.03.02-19.49.09:535][320]LogModuleManager: Shutting down and abandoning module IntroTutorials (179)
[2016.03.02-19.49.09:535][320]LogModuleManager: Shutting down and abandoning module EditorLiveStreaming (178)
[2016.03.02-19.49.09:535][320]LogModuleManager: Shutting down and abandoning module IOSPlatformEditor (177)
[2016.03.02-19.49.09:535][320]LogModuleManager: Shutting down and abandoning module HTML5PlatformEditor (176)
[2016.03.02-19.49.09:535][320]LogModuleManager: Shutting down and abandoning module AndroidDeviceDetection (175)
[2016.03.02-19.49.10:218][320]LogModuleManager: Shutting down and abandoning module AndroidPlatformEditor (174)
[2016.03.02-19.49.10:218][320]LogModuleManager: Shutting down and abandoning module IOSRuntimeSettings (173)
[2016.03.02-19.49.10:218][320]LogModuleManager: Shutting down and abandoning module AndroidRuntimeSettings (172)
[2016.03.02-19.49.10:218][320]LogModuleManager: Shutting down and abandoning module MergeActors (171)
[2016.03.02-19.49.10:218][320]LogModuleManager: Shutting down and abandoning module SizeMap (170)
[2016.03.02-19.49.10:218][320]LogModuleManager: Shutting down and abandoning module TreeMap (169)
[2016.03.02-19.49.10:218][320]LogModuleManager: Shutting down and abandoning module ReferenceViewer (168)
[2016.03.02-19.49.10:218][320]LogModuleManager: Shutting down and abandoning module LocalizationService (167)
[2016.03.02-19.49.10:218][320]LogModuleManager: Shutting down and abandoning module LocalizationDashboard (166)
[2016.03.02-19.49.10:218][320]LogModuleManager: Shutting down and abandoning module HardwareTargeting (165)
[2016.03.02-19.49.10:218][320]LogModuleManager: Shutting down and abandoning module DeviceProfileEditor (164)
[2016.03.02-19.49.10:218][320]LogModuleManager: Shutting down and abandoning module UndoHistory (163)
[2016.03.02-19.49.10:218][320]LogModuleManager: Shutting down and abandoning module GameplayTagsEditor (162)
[2016.03.02-19.49.10:218][320]LogModuleManager: Shutting down and abandoning module UserFeedback (161)
[2016.03.02-19.49.10:218][320]LogModuleManager: Shutting down and abandoning module XmlParser (160)
[2016.03.02-19.49.10:218][320]LogModuleManager: Shutting down and abandoning module Blutility (159)
[2016.03.02-19.49.10:218][320]LogModuleManager: Shutting down and abandoning module ProjectTargetPlatformEditor (158)
[2016.03.02-19.49.10:218][320]LogModuleManager: Shutting down and abandoning module ProjectSettingsViewer (157)
[2016.03.02-19.49.10:218][320]LogModuleManager: Shutting down and abandoning module InputBindingEditor (156)
[2016.03.02-19.49.10:219][320]LogModuleManager: Shutting down and abandoning module EditorSettingsViewer (155)
[2016.03.02-19.49.10:219][320]LogModuleManager: Shutting down and abandoning module SettingsEditor (154)
[2016.03.02-19.49.10:219][320]LogModuleManager: Shutting down and abandoning module ProjectLauncher (153)
[2016.03.02-19.49.10:219][320]LogModuleManager: Shutting down and abandoning module SessionFrontend (152)
[2016.03.02-19.49.10:219][320]LogModuleManager: Shutting down and abandoning module ProfilerClient (151)
[2016.03.02-19.49.10:219][320]LogModuleManager: Shutting down and abandoning module TargetDeviceServices (150)
[2016.03.02-19.49.10:219][320]LogModuleManager: Shutting down and abandoning module DeviceManager (149)
[2016.03.02-19.49.10:219][320]LogModuleManager: Shutting down and abandoning module AutomationController (148)
[2016.03.02-19.49.10:219][320]LogModuleManager: Shutting down and abandoning module AutomationWindow (147)
[2016.03.02-19.49.10:219][320]LogModuleManager: Shutting down and abandoning module Layers (146)
[2016.03.02-19.49.10:220][320]LogModuleManager: Shutting down and abandoning module ComponentVisualizers (145)
[2016.03.02-19.49.10:220][320]LogModuleManager: Shutting down and abandoning module DetailCustomizations (144)
[2016.03.02-19.49.10:220][320]LogModuleManager: Shutting down and abandoning module PackagesDialog (143)
[2016.03.02-19.49.10:220][320]LogModuleManager: Shutting down and abandoning module Persona (142)
[2016.03.02-19.49.10:220][320]LogModuleManager: Shutting down and abandoning module Kismet (141)
[2016.03.02-19.49.10:220][320]LogModuleManager: Shutting down and abandoning module GraphEditor (140)
[2016.03.02-19.49.10:220][320]LogModuleManager: Shutting down and abandoning module ClassViewer (139)
[2016.03.02-19.49.10:220][320]LogModuleManager: Shutting down and abandoning module Toolbox (138)
[2016.03.02-19.49.10:220][320]LogModuleManager: Shutting down and abandoning module ModuleUI (137)
[2016.03.02-19.49.10:220][320]LogModuleManager: Shutting down and abandoning module MovieSceneTools (136)
[2016.03.02-19.49.10:220][320]LogModuleManager: Shutting down and abandoning module OutputLog (135)
[2016.03.02-19.49.10:220][320]LogModuleManager: Shutting down and abandoning module GammaUI (134)
[2016.03.02-19.49.10:220][320]LogModuleManager: Shutting down and abandoning module Documentation (133)
[2016.03.02-19.49.10:220][320]LogModuleManager: Shutting down and abandoning module GameLiveStreaming (132)
[2016.03.02-19.49.10:220][320]LogModuleManager: Shutting down and abandoning module StreamingPauseRendering (131)
[2016.03.02-19.49.10:220][320]LogModuleManager: Shutting down and abandoning module AnalyticsET (130)
[2016.03.02-19.49.10:220][320]LogModuleManager: Shutting down and abandoning module Analytics (129)
[2016.03.02-19.49.10:220][320]LogModuleManager: Shutting down and abandoning module AITestSuite (128)
[2016.03.02-19.49.10:220][320]LogModuleManager: Shutting down and abandoning module GameplayDebugger (127)
[2016.03.02-19.49.10:220][320]LogModuleManager: Shutting down and abandoning module AIModule (126)
[2016.03.02-19.49.10:220][320]LogModuleManager: Shutting down and abandoning module ProfilerService (125)
[2016.03.02-19.49.10:294][320]LogModuleManager: Shutting down and abandoning module TaskGraph (124)
[2016.03.02-19.49.10:294][320]LogModuleManager: Shutting down and abandoning module SubstanceEditor (123)
[2016.03.02-19.49.10:295][320]LogModuleManager: Shutting down and abandoning module SlateRemote (122)
[2016.03.02-19.49.10:295][320]LogModuleManager: Shutting down and abandoning module SteamVRController (121)
[2016.03.02-19.49.10:295][320]LogModuleManager: Shutting down and abandoning module SteamVR (120)
[2016.03.02-19.49.10:295][320]LogModuleManager: Shutting down and abandoning module ProceduralMeshComponent (119)
[2016.03.02-19.49.10:295][320]LogModuleManager: Shutting down and abandoning module OculusLibrary (118)
[2016.03.02-19.49.10:295][320]LogModuleManager: Shutting down and abandoning module OculusInput (117)
[2016.03.02-19.49.10:295][320]LogModuleManager: Shutting down and abandoning module LeapMotionController (116)
[2016.03.02-19.49.10:308][320]LogModuleManager: Shutting down and abandoning module CustomMeshComponent (115)
[2016.03.02-19.49.10:308][320]LogModuleManager: Shutting down and abandoning module CableComponent (114)
[2016.03.02-19.49.10:308][320]LogModuleManager: Shutting down and abandoning module ArchVisCharacter (113)
[2016.03.02-19.49.10:308][320]LogModuleManager: Shutting down and abandoning module MessagingDebugger (112)
[2016.03.02-19.49.10:308][320]LogModuleManager: Shutting down and abandoning module MediaPlayerEditor (111)
[2016.03.02-19.49.10:308][320]LogModuleManager: Shutting down and abandoning module HTML5Networking (110)
[2016.03.02-19.49.10:308][320]LogModuleManager: Shutting down and abandoning module SpeedTreeImporter (109)
[2016.03.02-19.49.10:308][320]LogModuleManager: Shutting down and abandoning module PluginBrowser (108)
[2016.03.02-19.49.10:308][320]LogModuleManager: Shutting down and abandoning module EpicSurvey (107)
[2016.03.02-19.49.10:308][320]LogModuleManager: Shutting down and abandoning module DesktopPlatform (106)
[2016.03.02-19.49.10:308][320]LogModuleManager: Shutting down and abandoning module VisualStudioSourceCodeAccess (105)
[2016.03.02-19.49.10:308][320]LogModuleManager: Shutting down and abandoning module UObjectPlugin (104)
[2016.03.02-19.49.10:308][320]LogModuleManager: Shutting down and abandoning module SubversionSourceControl (103)
[2016.03.02-19.49.10:308][320]LogModuleManager: Shutting down and abandoning module PerforceSourceControl (102)
[2016.03.02-19.49.10:308][320]LogModuleManager: Shutting down and abandoning module SourceControl (101)
[2016.03.02-19.49.10:308][320]LogModuleManager: Shutting down and abandoning module GitSourceControl (100)
[2016.03.02-19.49.10:308][320]LogModuleManager: Shutting down and abandoning module LightPropagationVolumeEditor (99)
[2016.03.02-19.49.10:308][320]LogModuleManager: Shutting down and abandoning module PaperTiledImporter (98)
[2016.03.02-19.49.10:308][320]LogModuleManager: Shutting down and abandoning module PaperSpriteSheetImporter (97)
[2016.03.02-19.49.10:308][320]LogModuleManager: Shutting down and abandoning module MeshPaint (96)
[2016.03.02-19.49.10:308][320]LogModuleManager: Shutting down and abandoning module SlateReflector (95)
[2016.03.02-19.49.10:308][320]LogModuleManager: Shutting down and abandoning module HotReload (94)
[2016.03.02-19.49.10:308][320]LogModuleManager: Shutting down and abandoning module MainFrame (93)
[2016.03.02-19.49.10:308][320]LogModuleManager: Shutting down and abandoning module LevelEditor (92)
[2016.03.02-19.49.10:309][320]LogModuleManager: Shutting down and abandoning module ContentBrowser (91)
[2016.03.02-19.49.10:310][320]LogModuleManager: Shutting down and abandoning module Paper2DEditor (90)
[2016.03.02-19.49.10:310][320]LogModuleManager: Shutting down and abandoning module UdpMessaging (89)
[2016.03.02-19.49.10:410][320]LogModuleManager: Shutting down and abandoning module DirectoryWatcher (88)
[2016.03.02-19.49.10:411][320]LogModuleManager: Shutting down and abandoning module AssetRegistry (87)
[2016.03.02-19.49.10:466][320]LogModuleManager: Shutting down and abandoning module SubstanceCore (86)
[2016.03.02-19.49.10:466][320]LogModuleManager: Shutting down and abandoning module LightPropagationVolumeRuntime (85)
[2016.03.02-19.49.10:466][320]LogModuleManager: Shutting down and abandoning module Paper2D (84)
[2016.03.02-19.49.10:466][320]LogModuleManager: Shutting down and abandoning module WindowsMoviePlayer (83)
[2016.03.02-19.49.10:468][320]LogModuleManager: Shutting down and abandoning module Media (82)
[2016.03.02-19.49.10:469][320]LogModuleManager: Shutting down and abandoning module WmfMedia (81)
[2016.03.02-19.49.10:469][320]LogModuleManager: Shutting down and abandoning module OnlineBlueprintSupport (80)
[2016.03.02-19.49.10:469][320]LogModuleManager: Shutting down and abandoning module GameplayTasksEditor (79)
[2016.03.02-19.49.10:469][320]LogModuleManager: Shutting down and abandoning module PropertyEditor (78)
[2016.03.02-19.49.10:469][320]LogModuleManager: Shutting down and abandoning module BehaviorTreeEditor (77)
[2016.03.02-19.49.10:469][320]LogModuleManager: Shutting down and abandoning module FunctionalTesting (76)
[2016.03.02-19.49.10:469][320]LogModuleManager: Shutting down and abandoning module CollisionAnalyzer (75)
[2016.03.02-19.49.10:469][320]LogModuleManager: Shutting down and abandoning module WorkspaceMenuStructure (74)
[2016.03.02-19.49.10:469][320]LogModuleManager: Shutting down and abandoning module MessageLog (73)
[2016.03.02-19.49.10:469][320]LogModuleManager: Shutting down and abandoning module Sequencer (72)
[2016.03.02-19.49.10:469][320]LogModuleManager: Shutting down and abandoning module AssetTools (71)
[2016.03.02-19.49.10:469][320]LogModuleManager: Shutting down and abandoning module UMGEditor (70)
[2016.03.02-19.49.10:469][320]LogModuleManager: Shutting down and abandoning module UMG (69)
[2016.03.02-19.49.10:469][320]LogModuleManager: Shutting down and abandoning module Slate (68)
[2016.03.02-19.49.10:469][320]LogModuleManager: Shutting down and abandoning module EditorStyle (67)
[2016.03.02-19.49.10:471][320]LogModuleManager: Shutting down and abandoning module SessionServices (66)
[2016.03.02-19.49.10:471][320]LogModuleManager: Shutting down and abandoning module SourceCodeAccess (65)
[2016.03.02-19.49.10:471][320]LogModuleManager: Shutting down and abandoning module HeadMountedDisplay (64)
[2016.03.02-19.49.10:471][320]LogModuleManager: Shutting down and abandoning module XAudio2 (63)
[2016.03.02-19.49.10:471][320]LogModuleManager: Shutting down and abandoning module Networking (61)
[2016.03.02-19.49.10:471][320]LogModuleManager: Shutting down and abandoning module Core (60)
[2016.03.02-19.49.10:471][320]LogModuleManager: Shutting down and abandoning module KismetCompiler (59)
[2016.03.02-19.49.10:471][320]LogModuleManager: Shutting down and abandoning module PhysXFormats (58)
[2016.03.02-19.49.10:471][320]LogModuleManager: Shutting down and abandoning module MeshUtilities (57)
[2016.03.02-19.49.10:471][320]LogModuleManager: Shutting down and abandoning module DerivedDataCache (56)
[2016.03.02-19.49.10:551][320]LogDerivedDataCache: Shutdown
[2016.03.02-19.49.10:552][320]LogModuleManager: Shutting down and abandoning module ShaderFormatOpenGL (55)
[2016.03.02-19.49.10:552][320]LogModuleManager: Shutting down and abandoning module ShaderFormatD3D (54)
[2016.03.02-19.49.10:552][320]LogModuleManager: Shutting down and abandoning module MetalShaderFormat (53)
[2016.03.02-19.49.10:552][320]LogModuleManager: Shutting down and abandoning module TextureFormatUncompressed (52)
[2016.03.02-19.49.10:552][320]LogModuleManager: Shutting down and abandoning module TextureFormatPVR (51)
[2016.03.02-19.49.10:552][320]LogModuleManager: Shutting down and abandoning module TextureFormatIntelISPCTexComp (50)
[2016.03.02-19.49.10:552][320]LogModuleManager: Shutting down and abandoning module TextureFormatDXT (49)
[2016.03.02-19.49.10:552][320]LogModuleManager: Shutting down and abandoning module ImageWrapper (48)
[2016.03.02-19.49.10:552][320]LogModuleManager: Shutting down and abandoning module TextureFormatASTC (47)
[2016.03.02-19.49.10:552][320]LogModuleManager: Shutting down and abandoning module TextureFormatAndroid (46)
[2016.03.02-19.49.10:552][320]LogModuleManager: Shutting down and abandoning module AudioFormatOpus (45)
[2016.03.02-19.49.10:552][320]LogModuleManager: Shutting down and abandoning module AudioFormatOgg (44)
[2016.03.02-19.49.10:552][320]LogModuleManager: Shutting down and abandoning module AudioFormatADPCM (43)
[2016.03.02-19.49.10:552][320]LogModuleManager: Shutting down and abandoning module LinuxTargetPlatform (42)
[2016.03.02-19.49.10:552][320]LogModuleManager: Shutting down and abandoning module LinuxServerTargetPlatform (41)
[2016.03.02-19.49.10:552][320]LogModuleManager: Shutting down and abandoning module LinuxNoEditorTargetPlatform (40)
[2016.03.02-19.49.10:552][320]LogModuleManager: Shutting down and abandoning module Messaging (39)
[2016.03.02-19.49.10:552][320]LogModuleManager: Shutting down and abandoning module IOSTargetPlatform (38)
[2016.03.02-19.49.10:552][320]LogModuleManager: Shutting down and abandoning module HTML5TargetPlatform (37)
[2016.03.02-19.49.10:552][320]LogModuleManager: Shutting down and abandoning module Android_PVRTCTargetPlatform (36)
[2016.03.02-19.49.10:552][320]LogModuleManager: Shutting down and abandoning module Android_MultiTargetPlatform (35)
[2016.03.02-19.49.10:552][320]LogModuleManager: Shutting down and abandoning module Android_ETC2TargetPlatform (34)
[2016.03.02-19.49.10:552][320]LogModuleManager: Shutting down and abandoning module Android_ETC1TargetPlatform (33)
[2016.03.02-19.49.10:552][320]LogModuleManager: Shutting down and abandoning module Android_DXTTargetPlatform (32)
[2016.03.02-19.49.10:552][320]LogModuleManager: Shutting down and abandoning module Android_ATCTargetPlatform (31)
[2016.03.02-19.49.10:552][320]LogModuleManager: Shutting down and abandoning module Android_ASTCTargetPlatform (30)
[2016.03.02-19.49.10:552][320]LogModuleManager: Shutting down and abandoning module AndroidTargetPlatform (29)
[2016.03.02-19.49.10:552][320]LogModuleManager: Shutting down and abandoning module WindowsTargetPlatform (28)
[2016.03.02-19.49.10:552][320]LogModuleManager: Shutting down and abandoning module WindowsServerTargetPlatform (27)
[2016.03.02-19.49.10:552][320]LogModuleManager: Shutting down and abandoning module WindowsNoEditorTargetPlatform (26)
[2016.03.02-19.49.10:552][320]LogModuleManager: Shutting down and abandoning module WindowsClientTargetPlatform (25)
[2016.03.02-19.49.10:552][320]LogModuleManager: Shutting down and abandoning module AllDesktopTargetPlatform (24)
[2016.03.02-19.49.10:552][320]LogModuleManager: Shutting down and abandoning module TargetPlatform (23)
[2016.03.02-19.49.10:552][320]LogModuleManager: Shutting down and abandoning module InputCore (22)
[2016.03.02-19.49.10:552][320]LogModuleManager: Shutting down and abandoning module Settings (21)
[2016.03.02-19.49.10:552][320]LogModuleManager: Shutting down and abandoning module OnlineSubsystem (19)
[2016.03.02-19.49.10:552][320]LogModuleManager: Shutting down and abandoning module HTTP (18)
[2016.03.02-19.49.12:555][320]LogModuleManager: Shutting down and abandoning module XMPP (17)
[2016.03.02-19.49.12:555][320]LogModuleManager: Shutting down and abandoning module OculusRift (16)
[2016.03.02-19.49.12:555][320]LogModuleManager: Shutting down and abandoning module ExampleDeviceProfileSelector (15)
[2016.03.02-19.49.12:555][320]LogModuleManager: Shutting down and abandoning module TextureCompressor (14)
[2016.03.02-19.49.12:555][320]LogModuleManager: Shutting down and abandoning module ShaderCore (13)
[2016.03.02-19.49.12:555][320]LogModuleManager: Shutting down and abandoning module Landscape (12)
[2016.03.02-19.49.12:555][320]LogModuleManager: Shutting down and abandoning module SlateRHIRenderer (11)
[2016.03.02-19.49.12:556][320]LogModuleManager: Shutting down and abandoning module OpenGLDrv (10)
[2016.03.02-19.49.12:556][320]LogModuleManager: Shutting down and abandoning module D3D11RHI (9)
[2016.03.02-19.49.12:556][320]LogModuleManager: Shutting down and abandoning module AnimGraphRuntime (8)
[2016.03.02-19.49.12:556][320]LogModuleManager: Shutting down and abandoning module Renderer (7)
[2016.03.02-19.49.12:556][320]LogModuleManager: Shutting down and abandoning module Engine (6)
[2016.03.02-19.49.12:556][320]LogModuleManager: Shutting down and abandoning module CoreUObject (5)
[2016.03.02-19.49.12:556][320]LogModuleManager: Shutting down and abandoning module NetworkFile (4)
[2016.03.02-19.49.12:556][320]LogModuleManager: Shutting down and abandoning module StreamingFile (3)
[2016.03.02-19.49.12:556][320]LogModuleManager: Shutting down and abandoning module SandboxFile (2)
[2016.03.02-19.49.12:556][320]LogModuleManager: Shutting down and abandoning module PakFile (1)
[2016.03.02-19.49.12:557][320]LogExit: Exiting.
[2016.03.02-19.49.12:560][320]Log file closed, 03/02/16 20:49:12
