[2016.03.20-14.32.16:779][  0]Log file open, 03/20/16 15:32:16
[2016.03.20-14.32.16:779][  0]LogInit:Display: Running engine for game: speedron
[2016.03.20-14.32.16:779][  0]LogPlatformFile: Not using cached read wrapper
[2016.03.20-14.32.16:779][  0]LogInit:Display: RandInit(217868132) SRandInit(217868134).
[2016.03.20-14.32.16:779][  0]LogTaskGraph: Started task graph with 4 named threads and 7 total threads.
[2016.03.20-14.32.16:779][  0]LogStats: Stats thread started at 0.084768
[2016.03.20-14.32.16:779][  0]LogInit: Version: 4.10.4-2872498+++depot+UE4-Releases+4.10
[2016.03.20-14.32.16:779][  0]LogInit: API Version: 2758231
[2016.03.20-14.32.16:779][  0]LogInit: Compiled (64-bit): Feb 18 2016 15:47:04
[2016.03.20-14.32.16:779][  0]LogInit: Compiled with Visual C++: 19.00.23026.00
[2016.03.20-14.32.16:779][  0]LogInit: Build Configuration: Development
[2016.03.20-14.32.16:779][  0]LogInit: Branch Name: ++depot+UE4-Releases+4.10
[2016.03.20-14.32.16:779][  0]LogInit: Command line:  /Temp/Autosaves/Game/TwinStickBP/Maps/UEDPCTwinStickExampleMap -game -PIEVIACONSOLE -ResX=1280 -ResY=720  -Multiprocess 
[2016.03.20-14.32.16:779][  0]LogInit: Base directory: D:/programmes/unreal engine/Epic Games/4.10/Engine/Binaries/Win64/
[2016.03.20-14.32.16:779][  0]LogInit: Rocket: 1
[2016.03.20-14.32.16:787][  0]LogInit: Using libcurl 7.41.0
[2016.03.20-14.32.16:787][  0]LogInit:  - built for x86_64-pc-win32
[2016.03.20-14.32.16:787][  0]LogInit:  - supports SSL with WinSSL
[2016.03.20-14.32.16:787][  0]LogInit:  - other features:
[2016.03.20-14.32.16:787][  0]LogInit:      CURL_VERSION_SSL
[2016.03.20-14.32.16:787][  0]LogInit:      CURL_VERSION_IPV6
[2016.03.20-14.32.16:787][  0]LogInit:      CURL_VERSION_ASYNCHDNS
[2016.03.20-14.32.16:787][  0]LogInit:      CURL_VERSION_LARGEFILE
[2016.03.20-14.32.16:787][  0]LogInit:      CURL_VERSION_IDN
[2016.03.20-14.32.16:787][  0]LogInit:  CurlRequestOptions (configurable via config and command line):
[2016.03.20-14.32.16:787][  0]LogInit:  - bVerifyPeer = true  - Libcurl will verify peer certificate
[2016.03.20-14.32.16:787][  0]LogInit:  - bUseHttpProxy = false  - Libcurl will NOT use HTTP proxy
[2016.03.20-14.32.16:787][  0]LogInit:  - bDontReuseConnections = false  - Libcurl will reuse connections
[2016.03.20-14.32.16:787][  0]LogInit:  - CertBundlePath = nullptr  - Libcurl will use whatever was configured at build time.
[2016.03.20-14.32.16:795][  0]LogInit: Presizing for 0 objects not considered by GC, pre-allocating 0 bytes.
[2016.03.20-14.32.16:803][  0]LogInit: Object subsystem initialized
[2016.03.20-14.32.16:804][  0]LogInit: Selected Device Profile: [Windows]
[2016.03.20-14.32.16:804][  0]LogInit: Applying CVar settings loaded from the selected device profile: [Windows]
[2016.03.20-14.32.16:806][  0]LogInit: Computer: JAK852
[2016.03.20-14.32.16:806][  0]LogInit: User: Evann
[2016.03.20-14.32.16:806][  0]LogInit: CPU Page size=4096, Cores=4
[2016.03.20-14.32.16:806][  0]LogInit: High frequency timer resolution =3.312783 MHz
[2016.03.20-14.32.16:806][  0]LogMemory: Memory total: Physical=8.0GB (8GB approx)
[2016.03.20-14.32.16:807][  0]LogMemory: Platform Memory Stats for Windows
[2016.03.20-14.32.16:807][  0]LogMemory: Process Physical Memory: 56.11 MB used, 56.11 MB peak
[2016.03.20-14.32.16:807][  0]LogMemory: Process Virtual Memory: 56.96 MB used, 56.96 MB peak
[2016.03.20-14.32.16:807][  0]LogMemory: Physical Memory: 4364.19 MB used, 8175.23 MB total
[2016.03.20-14.32.16:807][  0]LogMemory: Virtual Memory: 383.64 MB used, 134217728.00 MB total
[2016.03.20-14.32.16:845][  0]LogTextLocalizationManager: No translations for ('fr-FR') exist, falling back to 'en' for localization and internationalization data.
[2016.03.20-14.32.17:292][  0]LogD3D11RHI: Found D3D11 adapter 0: NVIDIA GeForce GTX 970 (Feature Level 11_0)
[2016.03.20-14.32.17:292][  0]LogD3D11RHI: Adapter has 4007MB of dedicated video memory, 0MB of dedicated system memory, and 4087MB of shared system memory, 2 output[s]
[2016.03.20-14.32.17:293][  0]LogD3D11RHI: Found D3D11 adapter 1: Microsoft Basic Render Driver (Feature Level 11_0)
[2016.03.20-14.32.17:293][  0]LogD3D11RHI: Adapter has 0MB of dedicated video memory, 0MB of dedicated system memory, and 4087MB of shared system memory, 0 output[s]
[2016.03.20-14.32.17:293][  0]LogD3D11RHI: Chosen D3D11 Adapter Id = 0
[2016.03.20-14.32.17:297][  0]LogD3D11RHI: !Direct3DDevice
[2016.03.20-14.32.17:297][  0]LogRHI: Texture pool is 1361 MB (70% of 1945 MB)
[2016.03.20-14.32.17:311][  0]LogD3D11RHI: Async texture creation enabled
[2016.03.20-14.32.17:326][  0]LogShaderCompilers: Guid format shader working directory is -27 characters bigger than the processId version (../../../../../../../Evann/Documents/Unreal Projects/speedron/speedron_BP/Intermediate/Shaders/WorkingDirectory/3232/).
[2016.03.20-14.32.17:326][  0]LogShaderCompilers: Cleaned the shader compiler working directory 'C:/Users/Evann/AppData/Local/Temp/UnrealShaderWorkingDir/0DEBF0E04DF146901FE38E9BDAD5E5D1/'.
[2016.03.20-14.32.17:326][  0]LogShaderCompilers:Display: Using Local Shader Compiler.
[2016.03.20-14.32.18:422][  0]LogTemp:Display: Loaded TP AllDesktopTargetPlatform
[2016.03.20-14.32.18:427][  0]LogTemp:Display: Loaded TP WindowsClientTargetPlatform
[2016.03.20-14.32.18:431][  0]LogTemp:Display: Loaded TP WindowsNoEditorTargetPlatform
[2016.03.20-14.32.18:436][  0]LogTemp:Display: Loaded TP WindowsServerTargetPlatform
[2016.03.20-14.32.18:440][  0]LogTemp:Display: Loaded TP WindowsTargetPlatform
[2016.03.20-14.32.18:443][  0]LogTemp:Display: Loaded TP AndroidTargetPlatform
[2016.03.20-14.32.18:445][  0]LogTemp:Display: Loaded TP Android_ASTCTargetPlatform
[2016.03.20-14.32.18:449][  0]LogTemp:Display: Loaded TP Android_ATCTargetPlatform
[2016.03.20-14.32.18:452][  0]LogTemp:Display: Loaded TP Android_DXTTargetPlatform
[2016.03.20-14.32.18:455][  0]LogTemp:Display: Loaded TP Android_ETC1TargetPlatform
[2016.03.20-14.32.18:458][  0]LogTemp:Display: Loaded TP Android_ETC2TargetPlatform
[2016.03.20-14.32.18:464][  0]LogTemp:Display: Loaded TP Android_MultiTargetPlatform
[2016.03.20-14.32.18:464][  0]LogTemp:Display: Loaded TP Android_PVRTCTargetPlatform
[2016.03.20-14.32.18:465][  0]LogTemp:Display: Loaded TP HTML5TargetPlatform
[2016.03.20-14.32.18:481][  0]LogTemp:Display: Loaded TP IOSTargetPlatform
[2016.03.20-14.32.18:483][  0]LogTemp:Display: Loaded TP LinuxNoEditorTargetPlatform
[2016.03.20-14.32.18:486][  0]LogTemp:Display: Loaded TP LinuxServerTargetPlatform
[2016.03.20-14.32.18:488][  0]LogTemp:Display: Loaded TP LinuxTargetPlatform
[2016.03.20-14.32.18:489][  0]LogTargetPlatformManager:Display: Building Assets For Windows
[2016.03.20-14.32.18:567][  0]LogDerivedDataCache:Display: Max Cache Size: 512 MB
[2016.03.20-14.32.18:608][  0]LogDerivedDataCache: Loaded boot cache 0.04s 41MB C:/Users/Evann/AppData/Local/UnrealEngine/4.10/DerivedDataCache/Boot.ddc.
[2016.03.20-14.32.18:608][  0]LogDerivedDataCache:Display: Loaded Boot cache: C:/Users/Evann/AppData/Local/UnrealEngine/4.10/DerivedDataCache/Boot.ddc
[2016.03.20-14.32.18:609][  0]LogDerivedDataCache: FDerivedDataBackendGraph:  Pak pak cache file ../../../../../../../Evann/Documents/Unreal Projects/speedron/speedron_BP/DerivedDataCache/DDC.ddp not found, will not use a pak cache.
[2016.03.20-14.32.18:609][  0]LogDerivedDataCache: Unable to find inner node Pak for hierarchical cache Hierarchy.
[2016.03.20-14.32.18:609][  0]LogDerivedDataCache: FDerivedDataBackendGraph:  CompressedPak pak cache file ../../../../../../../Evann/Documents/Unreal Projects/speedron/speedron_BP/DerivedDataCache/Compressed.ddp not found, will not use a pak cache.
[2016.03.20-14.32.18:609][  0]LogDerivedDataCache: Unable to find inner node CompressedPak for hierarchical cache Hierarchy.
[2016.03.20-14.32.18:662][  0]LogDerivedDataCache:Display: Pak cache opened for reading ../../../Engine/DerivedDataCache/Compressed.ddp.
[2016.03.20-14.32.18:675][  0]LogDerivedDataCache: Using Local data cache path C:/Users/Evann/AppData/Local/UnrealEngine/Common/DerivedDataCache: Writable
[2016.03.20-14.32.18:849][  0]LogInit: Selected Device Profile: [Windows]
[2016.03.20-14.32.18:852][  0]LogContentStreaming: Texture pool size is 1000.000000MB
[2016.03.20-14.32.18:947][  0]LogMeshUtilities: No automatic mesh reduction module available
[2016.03.20-14.32.18:947][  0]LogMeshUtilities: No automatic mesh merging module available
[2016.03.20-14.32.19:126][  0]LogInit: WinSock: version 1.1 (2.2), MaxSocks=32767, MaxUdp=65467
[2016.03.20-14.32.19:364][  0]LogWindowsMoviePlayer: Unable to load movie: ../../../../../../../Evann/Documents/Unreal Projects/speedron/speedron_BP/Content/Movies/Default_Startup.mp4
[2016.03.20-14.32.19:445][  0]LogAssetRegistry: FAssetRegistry took 0.0001 seconds to start up
[2016.03.20-14.32.19:486][  0]SourceControl: Info Source control is disabled
[2016.03.20-14.32.19:486][  0]SourceControl: Info Source control is disabled
[2016.03.20-14.32.19:496][  0]SourceControl: Info Source control is disabled
[2016.03.20-14.32.19:660][  0]LogObj: 28070 objects as part of root set at end of initial load.
[2016.03.20-14.32.19:660][  0]LogUObjectAllocator: 5853224 out of 0 bytes used by permanent object pool.
[2016.03.20-14.32.19:711][  0]LogEngine: Initializing Engine...
[2016.03.20-14.32.19:716][  0]LogHMD: Can't find Oculus library dev build: is proper Runtime installed? Version: 0.8.0.0
[2016.03.20-14.32.19:716][  0]LogHMD: SteamVR failed to initialize.  Err: 110
[2016.03.20-14.32.19:814][  0]LogInit: XAudio2 using 'Haut-parleurs (Realtek High Definition Audio)' : 2 channels at 48 kHz using 32 bits per sample (channel mask 0x3)
[2016.03.20-14.32.19:828][  0]LogInit: FAudioDevice initialized.
[2016.03.20-14.32.19:831][  0]LogInit: Texture streaming: Enabled
[2016.03.20-14.32.19:972][  0]LogNet: Browse: /Temp/Autosaves/Game/TwinStickBP/Maps/UEDPCTwinStickExampleMap?Name=Player
[2016.03.20-14.32.19:973][  0]LogLoad: LoadMap: /Temp/Autosaves/Game/TwinStickBP/Maps/UEDPCTwinStickExampleMap?Name=Player
[2016.03.20-14.32.19:985][  0]LogParticles: Destroying 0 GPU particle simulations for FXSystem 0x000001B4FE927B00
[2016.03.20-14.32.19:996][  0]LogMemory: Platform Memory Stats for Windows
[2016.03.20-14.32.19:996][  0]LogMemory: Process Physical Memory: 397.21 MB used, 397.21 MB peak
[2016.03.20-14.32.19:996][  0]LogMemory: Process Virtual Memory: 449.17 MB used, 449.17 MB peak
[2016.03.20-14.32.19:997][  0]LogMemory: Physical Memory: 4659.04 MB used, 8175.23 MB total
[2016.03.20-14.32.19:997][  0]LogMemory: Virtual Memory: 1004.74 MB used, 134217728.00 MB total
[2016.03.20-14.32.19:998][  0]LogMemory: 
[2016.03.20-14.32.19:998][  0]Allocator Stats for TBB: (not implemented)
[2016.03.20-14.32.20:376][  0]LogAIModule: Creating AISystem for world TwinStickExampleMap
[2016.03.20-14.32.20:378][  0]LogWorld: Game class is 'TwinStickGameMode_C'
[2016.03.20-14.32.20:383][  0]LogWorld: Bringing World /Temp/Autosaves/Game/TwinStickBP/Maps/UEDPCTwinStickExampleMap.TwinStickExampleMap up for play (max tick rate 0) at 2016.03.20-15.32.20
[2016.03.20-14.32.20:384][  0]LogWorld: Bringing up level for play took: 0.004813
[2016.03.20-14.32.20:386][  0]LogInit:Display: Game Engine Initialized.
[2016.03.20-14.32.20:610][  0]LogLoad: Full Startup: 4.13 seconds (BP compile: 0.11 seconds)
[2016.03.20-14.32.20:627][  0]LogWindowsTextInputMethodSystem:Display: IME system now deactivated.
[2016.03.20-14.32.20:632][  0]LogOcInput: Can't find Oculus library dev build: is proper Runtime installed? Version: 0.8.0.0
[2016.03.20-14.32.20:715][  0]LogRenderer: Reallocating scene render targets to support 128x128 (Frame:1).
[2016.03.20-14.32.20:781][  1]LogRenderer: Reallocating scene render targets to support 1280x720 (Frame:2).
[2016.03.20-14.32.22:070][ 71]LogRenderer: Reallocating scene render targets to support 1920x1020 (Frame:74).
[2016.03.20-14.32.35:175][875]LogWindowsTextInputMethodSystem:Display: IME system now deactivated.
[2016.03.20-14.32.35:177][875]LogEngine: All Windows Closed
[2016.03.20-14.32.35:177][875]LogWindows: FPlatformMisc::RequestExit(0)
[2016.03.20-14.32.35:722][876]LogExit: Preparing to exit.
[2016.03.20-14.32.35:810][876]LogExit: Game engine shut down
[2016.03.20-14.32.35:811][876]LogParticles: Destroying 0 GPU particle simulations for FXSystem 0x000001B4FDC12520
[2016.03.20-14.32.35:953][876]LogExit: Object subsystem successfully closed.
[2016.03.20-14.32.35:973][876]LogD3D11RHI: Shutdown
[2016.03.20-14.32.35:973][876]LogD3D11RHI: CleanupD3DDevice
[2016.03.20-14.32.36:027][876]LogD3D11RHI: ~FD3D11DynamicRHI
[2016.03.20-14.32.36:041][876]LogModuleManager: Shutting down and abandoning module AndroidDeviceDetection (119)
[2016.03.20-14.32.36:635][876]LogModuleManager: Shutting down and abandoning module AutomationController (118)
[2016.03.20-14.32.36:635][876]LogModuleManager: Shutting down and abandoning module AutomationWorker (117)
[2016.03.20-14.32.36:635][876]LogModuleManager: Shutting down and abandoning module CharacterAI (116)
[2016.03.20-14.32.36:635][876]LogModuleManager: Shutting down and abandoning module AITestSuite (115)
[2016.03.20-14.32.36:635][876]LogModuleManager: Shutting down and abandoning module GameplayDebugger (114)
[2016.03.20-14.32.36:635][876]LogModuleManager: Shutting down and abandoning module AIModule (113)
[2016.03.20-14.32.36:635][876]LogModuleManager: Shutting down and abandoning module MovieSceneCapture (112)
[2016.03.20-14.32.36:635][876]LogModuleManager: Shutting down and abandoning module GameLiveStreaming (111)
[2016.03.20-14.32.36:635][876]LogModuleManager: Shutting down and abandoning module StreamingPauseRendering (110)
[2016.03.20-14.32.36:635][876]LogModuleManager: Shutting down and abandoning module ProfilerService (109)
[2016.03.20-14.32.36:684][876]LogModuleManager: Shutting down and abandoning module TaskGraph (108)
[2016.03.20-14.32.36:685][876]LogModuleManager: Shutting down and abandoning module SlateRemote (107)
[2016.03.20-14.32.36:685][876]LogModuleManager: Shutting down and abandoning module SteamVRController (106)
[2016.03.20-14.32.36:685][876]LogModuleManager: Shutting down and abandoning module SteamVR (105)
[2016.03.20-14.32.36:685][876]LogModuleManager: Shutting down and abandoning module ProceduralMeshComponent (104)
[2016.03.20-14.32.36:685][876]LogModuleManager: Shutting down and abandoning module OculusLibrary (103)
[2016.03.20-14.32.36:685][876]LogModuleManager: Shutting down and abandoning module OculusInput (102)
[2016.03.20-14.32.36:685][876]LogModuleManager: Shutting down and abandoning module LeapMotionController (101)
[2016.03.20-14.32.36:701][876]LogModuleManager: Shutting down and abandoning module CustomMeshComponent (100)
[2016.03.20-14.32.36:701][876]LogModuleManager: Shutting down and abandoning module CableComponent (99)
[2016.03.20-14.32.36:701][876]LogModuleManager: Shutting down and abandoning module ArchVisCharacter (98)
[2016.03.20-14.32.36:701][876]LogModuleManager: Shutting down and abandoning module HTML5Networking (97)
[2016.03.20-14.32.36:701][876]LogModuleManager: Shutting down and abandoning module DesktopPlatform (96)
[2016.03.20-14.32.36:702][876]LogModuleManager: Shutting down and abandoning module DirectoryWatcher (95)
[2016.03.20-14.32.36:702][876]LogModuleManager: Shutting down and abandoning module HotReload (94)
[2016.03.20-14.32.36:702][876]LogModuleManager: Shutting down and abandoning module VisualStudioSourceCodeAccess (93)
[2016.03.20-14.32.36:702][876]LogModuleManager: Shutting down and abandoning module UObjectPlugin (92)
[2016.03.20-14.32.36:702][876]LogModuleManager: Shutting down and abandoning module SubversionSourceControl (91)
[2016.03.20-14.32.36:702][876]LogModuleManager: Shutting down and abandoning module SourceControl (90)
[2016.03.20-14.32.36:702][876]LogModuleManager: Shutting down and abandoning module PerforceSourceControl (89)
[2016.03.20-14.32.36:702][876]LogModuleManager: Shutting down and abandoning module UdpMessaging (88)
[2016.03.20-14.32.36:702][876]LogModuleManager: Shutting down and abandoning module AssetRegistry (87)
[2016.03.20-14.32.36:702][876]LogModuleManager: Shutting down and abandoning module SubstanceCore (86)
[2016.03.20-14.32.36:702][876]LogModuleManager: Shutting down and abandoning module LightPropagationVolumeRuntime (85)
[2016.03.20-14.32.36:702][876]LogModuleManager: Shutting down and abandoning module Paper2D (84)
[2016.03.20-14.32.36:702][876]LogModuleManager: Shutting down and abandoning module WindowsMoviePlayer (83)
[2016.03.20-14.32.36:704][876]LogModuleManager: Shutting down and abandoning module Media (82)
[2016.03.20-14.32.36:704][876]LogModuleManager: Shutting down and abandoning module WmfMedia (81)
[2016.03.20-14.32.36:704][876]LogModuleManager: Shutting down and abandoning module OnlineBlueprintSupport (80)
[2016.03.20-14.32.36:704][876]LogModuleManager: Shutting down and abandoning module GameplayTasksEditor (79)
[2016.03.20-14.32.36:704][876]LogModuleManager: Shutting down and abandoning module PropertyEditor (78)
[2016.03.20-14.32.36:704][876]LogModuleManager: Shutting down and abandoning module BehaviorTreeEditor (77)
[2016.03.20-14.32.36:704][876]LogModuleManager: Shutting down and abandoning module FunctionalTesting (76)
[2016.03.20-14.32.36:704][876]LogModuleManager: Shutting down and abandoning module CollisionAnalyzer (75)
[2016.03.20-14.32.36:704][876]LogModuleManager: Shutting down and abandoning module WorkspaceMenuStructure (74)
[2016.03.20-14.32.36:704][876]LogModuleManager: Shutting down and abandoning module MessageLog (73)
[2016.03.20-14.32.36:704][876]LogModuleManager: Shutting down and abandoning module Sequencer (72)
[2016.03.20-14.32.36:704][876]LogModuleManager: Shutting down and abandoning module AssetTools (71)
[2016.03.20-14.32.36:704][876]LogModuleManager: Shutting down and abandoning module UMGEditor (70)
[2016.03.20-14.32.36:705][876]LogModuleManager: Shutting down and abandoning module UMG (69)
[2016.03.20-14.32.36:705][876]LogModuleManager: Shutting down and abandoning module Slate (68)
[2016.03.20-14.32.36:705][876]LogModuleManager: Shutting down and abandoning module EditorStyle (67)
[2016.03.20-14.32.36:706][876]LogModuleManager: Shutting down and abandoning module SessionServices (66)
[2016.03.20-14.32.36:706][876]LogModuleManager: Shutting down and abandoning module SourceCodeAccess (65)
[2016.03.20-14.32.36:706][876]LogModuleManager: Shutting down and abandoning module HeadMountedDisplay (64)
[2016.03.20-14.32.36:706][876]LogModuleManager: Shutting down and abandoning module XAudio2 (63)
[2016.03.20-14.32.36:706][876]LogModuleManager: Shutting down and abandoning module Networking (61)
[2016.03.20-14.32.36:706][876]LogModuleManager: Shutting down and abandoning module Core (60)
[2016.03.20-14.32.36:706][876]LogModuleManager: Shutting down and abandoning module KismetCompiler (59)
[2016.03.20-14.32.36:706][876]LogModuleManager: Shutting down and abandoning module PhysXFormats (58)
[2016.03.20-14.32.36:706][876]LogModuleManager: Shutting down and abandoning module MeshUtilities (57)
[2016.03.20-14.32.36:706][876]LogModuleManager: Shutting down and abandoning module DerivedDataCache (56)
[2016.03.20-14.32.37:174][876]LogDerivedDataCache: Shutdown
[2016.03.20-14.32.37:174][876]LogModuleManager: Shutting down and abandoning module ShaderFormatOpenGL (55)
[2016.03.20-14.32.37:174][876]LogModuleManager: Shutting down and abandoning module ShaderFormatD3D (54)
[2016.03.20-14.32.37:174][876]LogModuleManager: Shutting down and abandoning module MetalShaderFormat (53)
[2016.03.20-14.32.37:174][876]LogModuleManager: Shutting down and abandoning module TextureFormatUncompressed (52)
[2016.03.20-14.32.37:174][876]LogModuleManager: Shutting down and abandoning module TextureFormatPVR (51)
[2016.03.20-14.32.37:174][876]LogModuleManager: Shutting down and abandoning module TextureFormatIntelISPCTexComp (50)
[2016.03.20-14.32.37:174][876]LogModuleManager: Shutting down and abandoning module TextureFormatDXT (49)
[2016.03.20-14.32.37:174][876]LogModuleManager: Shutting down and abandoning module ImageWrapper (48)
[2016.03.20-14.32.37:174][876]LogModuleManager: Shutting down and abandoning module TextureFormatASTC (47)
[2016.03.20-14.32.37:174][876]LogModuleManager: Shutting down and abandoning module TextureFormatAndroid (46)
[2016.03.20-14.32.37:174][876]LogModuleManager: Shutting down and abandoning module AudioFormatOpus (45)
[2016.03.20-14.32.37:174][876]LogModuleManager: Shutting down and abandoning module AudioFormatOgg (44)
[2016.03.20-14.32.37:174][876]LogModuleManager: Shutting down and abandoning module AudioFormatADPCM (43)
[2016.03.20-14.32.37:174][876]LogModuleManager: Shutting down and abandoning module LinuxTargetPlatform (42)
[2016.03.20-14.32.37:174][876]LogModuleManager: Shutting down and abandoning module LinuxServerTargetPlatform (41)
[2016.03.20-14.32.37:174][876]LogModuleManager: Shutting down and abandoning module LinuxNoEditorTargetPlatform (40)
[2016.03.20-14.32.37:174][876]LogModuleManager: Shutting down and abandoning module Messaging (39)
[2016.03.20-14.32.37:174][876]LogModuleManager: Shutting down and abandoning module IOSTargetPlatform (38)
[2016.03.20-14.32.37:174][876]LogModuleManager: Shutting down and abandoning module HTML5TargetPlatform (37)
[2016.03.20-14.32.37:174][876]LogModuleManager: Shutting down and abandoning module Android_PVRTCTargetPlatform (36)
[2016.03.20-14.32.37:174][876]LogModuleManager: Shutting down and abandoning module Android_MultiTargetPlatform (35)
[2016.03.20-14.32.37:174][876]LogModuleManager: Shutting down and abandoning module Android_ETC2TargetPlatform (34)
[2016.03.20-14.32.37:174][876]LogModuleManager: Shutting down and abandoning module Android_ETC1TargetPlatform (33)
[2016.03.20-14.32.37:174][876]LogModuleManager: Shutting down and abandoning module Android_DXTTargetPlatform (32)
[2016.03.20-14.32.37:174][876]LogModuleManager: Shutting down and abandoning module Android_ATCTargetPlatform (31)
[2016.03.20-14.32.37:174][876]LogModuleManager: Shutting down and abandoning module Android_ASTCTargetPlatform (30)
[2016.03.20-14.32.37:174][876]LogModuleManager: Shutting down and abandoning module AndroidTargetPlatform (29)
[2016.03.20-14.32.37:174][876]LogModuleManager: Shutting down and abandoning module WindowsTargetPlatform (28)
[2016.03.20-14.32.37:174][876]LogModuleManager: Shutting down and abandoning module WindowsServerTargetPlatform (27)
[2016.03.20-14.32.37:174][876]LogModuleManager: Shutting down and abandoning module WindowsNoEditorTargetPlatform (26)
[2016.03.20-14.32.37:174][876]LogModuleManager: Shutting down and abandoning module WindowsClientTargetPlatform (25)
[2016.03.20-14.32.37:174][876]LogModuleManager: Shutting down and abandoning module AllDesktopTargetPlatform (24)
[2016.03.20-14.32.37:174][876]LogModuleManager: Shutting down and abandoning module TargetPlatform (23)
[2016.03.20-14.32.37:174][876]LogModuleManager: Shutting down and abandoning module InputCore (22)
[2016.03.20-14.32.37:174][876]LogModuleManager: Shutting down and abandoning module Settings (21)
[2016.03.20-14.32.37:174][876]LogModuleManager: Shutting down and abandoning module OnlineSubsystem (19)
[2016.03.20-14.32.37:174][876]LogModuleManager: Shutting down and abandoning module HTTP (18)
[2016.03.20-14.32.37:174][876]LogModuleManager: Shutting down and abandoning module XMPP (17)
[2016.03.20-14.32.37:174][876]LogModuleManager: Shutting down and abandoning module OculusRift (16)
[2016.03.20-14.32.37:174][876]LogModuleManager: Shutting down and abandoning module ExampleDeviceProfileSelector (15)
[2016.03.20-14.32.37:174][876]LogModuleManager: Shutting down and abandoning module TextureCompressor (14)
[2016.03.20-14.32.37:174][876]LogModuleManager: Shutting down and abandoning module ShaderCore (13)
[2016.03.20-14.32.37:174][876]LogModuleManager: Shutting down and abandoning module Landscape (12)
[2016.03.20-14.32.37:174][876]LogModuleManager: Shutting down and abandoning module SlateRHIRenderer (11)
[2016.03.20-14.32.37:174][876]LogModuleManager: Shutting down and abandoning module OpenGLDrv (10)
[2016.03.20-14.32.37:174][876]LogModuleManager: Shutting down and abandoning module D3D11RHI (9)
[2016.03.20-14.32.37:174][876]LogModuleManager: Shutting down and abandoning module AnimGraphRuntime (8)
[2016.03.20-14.32.37:174][876]LogModuleManager: Shutting down and abandoning module Renderer (7)
[2016.03.20-14.32.37:174][876]LogModuleManager: Shutting down and abandoning module Engine (6)
[2016.03.20-14.32.37:174][876]LogModuleManager: Shutting down and abandoning module CoreUObject (5)
[2016.03.20-14.32.37:174][876]LogModuleManager: Shutting down and abandoning module NetworkFile (4)
[2016.03.20-14.32.37:174][876]LogModuleManager: Shutting down and abandoning module StreamingFile (3)
[2016.03.20-14.32.37:174][876]LogModuleManager: Shutting down and abandoning module SandboxFile (2)
[2016.03.20-14.32.37:174][876]LogModuleManager: Shutting down and abandoning module PakFile (1)
[2016.03.20-14.32.37:175][876]LogExit: Exiting.
[2016.03.20-14.32.37:176][876]Log file closed, 03/20/16 15:32:37
