[2016.03.20-19.11.41:446][  0]Log file open, 03/20/16 20:11:41
[2016.03.20-19.11.41:446][  0]LogInit:Display: Running engine for game: speedron
[2016.03.20-19.11.41:446][  0]LogPlatformFile: Not using cached read wrapper
[2016.03.20-19.11.41:446][  0]LogInit:Display: RandInit(-77775439) SRandInit(-77775438).
[2016.03.20-19.11.41:446][  0]LogTaskGraph: Started task graph with 4 named threads and 7 total threads.
[2016.03.20-19.11.41:446][  0]LogStats: Stats thread started at 0.075668
[2016.03.20-19.11.41:446][  0]LogInit: Version: 4.10.4-2872498+++depot+UE4-Releases+4.10
[2016.03.20-19.11.41:446][  0]LogInit: API Version: 2758231
[2016.03.20-19.11.41:446][  0]LogInit: Compiled (64-bit): Feb 18 2016 15:47:04
[2016.03.20-19.11.41:446][  0]LogInit: Compiled with Visual C++: 19.00.23026.00
[2016.03.20-19.11.41:446][  0]LogInit: Build Configuration: Development
[2016.03.20-19.11.41:446][  0]LogInit: Branch Name: ++depot+UE4-Releases+4.10
[2016.03.20-19.11.41:446][  0]LogInit: Command line:  
[2016.03.20-19.11.41:446][  0]LogInit: Base directory: D:/programmes/unreal engine/Epic Games/4.10/Engine/Binaries/Win64/
[2016.03.20-19.11.41:446][  0]LogInit: Rocket: 1
[2016.03.20-19.11.41:453][  0]LogInit: Using libcurl 7.41.0
[2016.03.20-19.11.41:453][  0]LogInit:  - built for x86_64-pc-win32
[2016.03.20-19.11.41:454][  0]LogInit:  - supports SSL with WinSSL
[2016.03.20-19.11.41:454][  0]LogInit:  - other features:
[2016.03.20-19.11.41:454][  0]LogInit:      CURL_VERSION_SSL
[2016.03.20-19.11.41:454][  0]LogInit:      CURL_VERSION_IPV6
[2016.03.20-19.11.41:454][  0]LogInit:      CURL_VERSION_ASYNCHDNS
[2016.03.20-19.11.41:454][  0]LogInit:      CURL_VERSION_LARGEFILE
[2016.03.20-19.11.41:454][  0]LogInit:      CURL_VERSION_IDN
[2016.03.20-19.11.41:454][  0]LogInit:  CurlRequestOptions (configurable via config and command line):
[2016.03.20-19.11.41:454][  0]LogInit:  - bVerifyPeer = true  - Libcurl will verify peer certificate
[2016.03.20-19.11.41:454][  0]LogInit:  - bUseHttpProxy = false  - Libcurl will NOT use HTTP proxy
[2016.03.20-19.11.41:454][  0]LogInit:  - bDontReuseConnections = false  - Libcurl will reuse connections
[2016.03.20-19.11.41:454][  0]LogInit:  - CertBundlePath = nullptr  - Libcurl will use whatever was configured at build time.
[2016.03.20-19.11.41:462][  0]LogInit: Presizing for 0 objects not considered by GC, pre-allocating 0 bytes.
[2016.03.20-19.11.41:469][  0]LogInit: Object subsystem initialized
[2016.03.20-19.11.41:470][  0]LogInit: Selected Device Profile: [Windows]
[2016.03.20-19.11.41:470][  0]LogInit: Applying CVar settings loaded from the selected device profile: [Windows]
[2016.03.20-19.11.41:478][  0]LogInit: Computer: JAK852
[2016.03.20-19.11.41:478][  0]LogInit: User: Evann
[2016.03.20-19.11.41:478][  0]LogInit: CPU Page size=4096, Cores=4
[2016.03.20-19.11.41:478][  0]LogInit: High frequency timer resolution =3.312783 MHz
[2016.03.20-19.11.41:478][  0]LogMemory: Memory total: Physical=8.0GB (8GB approx)
[2016.03.20-19.11.41:478][  0]LogMemory: Platform Memory Stats for Windows
[2016.03.20-19.11.41:478][  0]LogMemory: Process Physical Memory: 56.33 MB used, 56.33 MB peak
[2016.03.20-19.11.41:478][  0]LogMemory: Process Virtual Memory: 56.79 MB used, 56.79 MB peak
[2016.03.20-19.11.41:478][  0]LogMemory: Physical Memory: 3389.86 MB used, 8175.23 MB total
[2016.03.20-19.11.41:478][  0]LogMemory: Virtual Memory: 382.64 MB used, 134217728.00 MB total
[2016.03.20-19.11.41:521][  0]LogTextLocalizationManager: No translations for ('fr-FR') exist, falling back to 'en' for localization and internationalization data.
[2016.03.20-19.11.41:946][  0]LogD3D11RHI: Found D3D11 adapter 0: NVIDIA GeForce GTX 970 (Feature Level 11_0)
[2016.03.20-19.11.41:946][  0]LogD3D11RHI: Adapter has 4007MB of dedicated video memory, 0MB of dedicated system memory, and 4087MB of shared system memory, 2 output[s]
[2016.03.20-19.11.41:948][  0]LogD3D11RHI: Found D3D11 adapter 1: Microsoft Basic Render Driver (Feature Level 11_0)
[2016.03.20-19.11.41:948][  0]LogD3D11RHI: Adapter has 0MB of dedicated video memory, 0MB of dedicated system memory, and 4087MB of shared system memory, 0 output[s]
[2016.03.20-19.11.41:948][  0]LogD3D11RHI: Chosen D3D11 Adapter Id = 0
[2016.03.20-19.11.41:951][  0]LogD3D11RHI: !Direct3DDevice
[2016.03.20-19.11.41:952][  0]LogRHI: Texture pool is 1361 MB (70% of 1945 MB)
[2016.03.20-19.11.41:967][  0]LogD3D11RHI: Async texture creation enabled
[2016.03.20-19.11.41:982][  0]LogShaderCompilers: Guid format shader working directory is -27 characters bigger than the processId version (../../../../../../../Evann/Documents/Unreal Projects/speedron/speedron_BP/Intermediate/Shaders/WorkingDirectory/5800/).
[2016.03.20-19.11.41:982][  0]LogShaderCompilers: Cleaned the shader compiler working directory 'C:/Users/Evann/AppData/Local/Temp/UnrealShaderWorkingDir/6E4F6A3343F40A55996FA09496D5C143/'.
[2016.03.20-19.11.41:982][  0]LogShaderCompilers:Display: Using Local Shader Compiler.
[2016.03.20-19.11.43:312][  0]LogTemp:Display: Loaded TP AllDesktopTargetPlatform
[2016.03.20-19.11.43:317][  0]LogTemp:Display: Loaded TP WindowsClientTargetPlatform
[2016.03.20-19.11.43:321][  0]LogTemp:Display: Loaded TP WindowsNoEditorTargetPlatform
[2016.03.20-19.11.43:326][  0]LogTemp:Display: Loaded TP WindowsServerTargetPlatform
[2016.03.20-19.11.43:331][  0]LogTemp:Display: Loaded TP WindowsTargetPlatform
[2016.03.20-19.11.43:334][  0]LogTemp:Display: Loaded TP AndroidTargetPlatform
[2016.03.20-19.11.43:337][  0]LogTemp:Display: Loaded TP Android_ASTCTargetPlatform
[2016.03.20-19.11.43:339][  0]LogTemp:Display: Loaded TP Android_ATCTargetPlatform
[2016.03.20-19.11.43:342][  0]LogTemp:Display: Loaded TP Android_DXTTargetPlatform
[2016.03.20-19.11.43:346][  0]LogTemp:Display: Loaded TP Android_ETC1TargetPlatform
[2016.03.20-19.11.43:349][  0]LogTemp:Display: Loaded TP Android_ETC2TargetPlatform
[2016.03.20-19.11.43:356][  0]LogTemp:Display: Loaded TP Android_MultiTargetPlatform
[2016.03.20-19.11.43:356][  0]LogTemp:Display: Loaded TP Android_PVRTCTargetPlatform
[2016.03.20-19.11.43:356][  0]LogTemp:Display: Loaded TP HTML5TargetPlatform
[2016.03.20-19.11.43:373][  0]LogTemp:Display: Loaded TP IOSTargetPlatform
[2016.03.20-19.11.43:375][  0]LogTemp:Display: Loaded TP LinuxNoEditorTargetPlatform
[2016.03.20-19.11.43:378][  0]LogTemp:Display: Loaded TP LinuxServerTargetPlatform
[2016.03.20-19.11.43:381][  0]LogTemp:Display: Loaded TP LinuxTargetPlatform
[2016.03.20-19.11.43:381][  0]LogTargetPlatformManager:Display: Building Assets For Windows
[2016.03.20-19.11.43:462][  0]LogDerivedDataCache:Display: Max Cache Size: 512 MB
[2016.03.20-19.11.43:637][  0]LogDerivedDataCache: Loaded boot cache 0.18s 41MB C:/Users/Evann/AppData/Local/UnrealEngine/4.10/DerivedDataCache/Boot.ddc.
[2016.03.20-19.11.43:637][  0]LogDerivedDataCache:Display: Loaded Boot cache: C:/Users/Evann/AppData/Local/UnrealEngine/4.10/DerivedDataCache/Boot.ddc
[2016.03.20-19.11.43:637][  0]LogDerivedDataCache: FDerivedDataBackendGraph:  Pak pak cache file ../../../../../../../Evann/Documents/Unreal Projects/speedron/speedron_BP/DerivedDataCache/DDC.ddp not found, will not use a pak cache.
[2016.03.20-19.11.43:637][  0]LogDerivedDataCache: Unable to find inner node Pak for hierarchical cache Hierarchy.
[2016.03.20-19.11.43:637][  0]LogDerivedDataCache: FDerivedDataBackendGraph:  CompressedPak pak cache file ../../../../../../../Evann/Documents/Unreal Projects/speedron/speedron_BP/DerivedDataCache/Compressed.ddp not found, will not use a pak cache.
[2016.03.20-19.11.43:637][  0]LogDerivedDataCache: Unable to find inner node CompressedPak for hierarchical cache Hierarchy.
[2016.03.20-19.11.43:692][  0]LogDerivedDataCache:Display: Pak cache opened for reading ../../../Engine/DerivedDataCache/Compressed.ddp.
[2016.03.20-19.11.43:705][  0]LogDerivedDataCache: Using Local data cache path C:/Users/Evann/AppData/Local/UnrealEngine/Common/DerivedDataCache: Writable
[2016.03.20-19.11.43:887][  0]LogInit: Selected Device Profile: [Windows]
[2016.03.20-19.11.43:890][  0]LogContentStreaming: Texture pool size is 0.000000MB
[2016.03.20-19.11.43:991][  0]LogMeshUtilities: No automatic mesh reduction module available
[2016.03.20-19.11.43:991][  0]LogMeshUtilities: No automatic mesh merging module available
[2016.03.20-19.11.44:188][  0]LogInit: WinSock: version 1.1 (2.2), MaxSocks=32767, MaxUdp=65467
[2016.03.20-19.11.52:209][  0]LogAssetRegistry: FAssetRegistry took 0.0109 seconds to start up
[2016.03.20-19.11.52:223][  0]UdpMessaging: Initializing bridge on interface 0.0.0.0:0 to multicast group 230.0.0.1:6666.
[2016.03.20-19.11.53:492][  0]SourceControl: Info Source control is disabled
[2016.03.20-19.11.53:492][  0]SourceControl: Info Source control is disabled
[2016.03.20-19.11.53:503][  0]SourceControl: Info Source control is disabled
[2016.03.20-19.11.53:514][  0]SourceControl: Info Source control is disabled
[2016.03.20-19.11.54:116][  0]LogObj: 28803 objects as part of root set at end of initial load.
[2016.03.20-19.11.54:116][  0]LogUObjectAllocator: 6130056 out of 0 bytes used by permanent object pool.
[2016.03.20-19.11.54:170][  0]LogEngine: Initializing Engine...
[2016.03.20-19.11.54:174][  0]LogHMD: Can't find Oculus library dev build: is proper Runtime installed? Version: 0.8.0.0
[2016.03.20-19.11.54:174][  0]LogHMD: SteamVR failed to initialize.  Err: 110
[2016.03.20-19.11.54:289][  0]LogAIModule: Creating AISystem for world NewWorld
[2016.03.20-19.11.54:300][  0]LogInit: XAudio2 using 'Haut-parleurs (Realtek High Definition Audio)' : 2 channels at 48 kHz using 32 bits per sample (channel mask 0x3)
[2016.03.20-19.11.54:315][  0]LogInit: FAudioDevice initialized.
[2016.03.20-19.11.54:335][  0]LogDerivedDataCache: Saved boot cache 0.02s 41MB C:/Users/Evann/AppData/Local/UnrealEngine/4.10/DerivedDataCache/Boot.ddc.
[2016.03.20-19.11.54:338][  0]LogInit: Texture streaming: Enabled
[2016.03.20-19.11.54:351][  0]LogAnalytics: Creating configured Analytics provider AnalyticsET
[2016.03.20-19.11.54:351][  0]LogAnalytics: [UEEditor.Rocket.Release] APIServer = http://et2.epicgames.com/ET2/. AppVersion = 4.10.4-2872498+++depot+UE4-Releases+4.10
[2016.03.20-19.11.54:351][  0]LogAnalytics: [UEEditor.Rocket.Release] SetUserId fd7fcd6145c2d49cfe7e4393ff2be6d0|268d3e625b094d6baa5bbf4050d265fa|823c25f2-e8e2-48bc-85ba-fee7c8358a4d
[2016.03.20-19.11.54:351][  0]LogAnalytics: [UEEditor.Rocket.Release] AnalyticsET::StartSession
[2016.03.20-19.11.54:359][  0]LogInit: Transaction tracking system initialized
[2016.03.20-19.11.54:459][  0]BlueprintLog: New page: Editor Load
[2016.03.20-19.11.54:921][  0]LocalizationService: Info Localization service is disabled
[2016.03.20-19.11.55:414][  0]LogConsoleResponse:Display: 
[2016.03.20-19.11.55:636][  0]LogCook:Display: Done creating registry. It took  0.00s.
[2016.03.20-19.11.55:861][  0]LogFileCache: Scanning file cache for directory 'D:/Evann/Documents/Unreal Projects/speedron/speedron_BP/Content/' took 0.01s
[2016.03.20-19.11.55:861][  0]SourceControl: Info Source control is disabled
[2016.03.20-19.11.55:862][  0]Cmd: MAP LOAD FILE="../../../../../../../Evann/Documents/Unreal Projects/speedron/speedron_BP/Content/TwinStickBP/Maps/TwinStickExampleMap.umap" TEMPLATE=0 SHOWPROGRESS=1 FEATURELEVEL=3
[2016.03.20-19.11.55:885][  0]LightingResults: New page: Lighting Build
[2016.03.20-19.11.55:891][  0]MapCheck: New page: Map Check
[2016.03.20-19.11.55:891][  0]LightingResults: New page: Lighting Build
[2016.03.20-19.11.55:909][  0]LogParticles: Destroying 0 GPU particle simulations for FXSystem 0x0000021C3C3DCFE0
[2016.03.20-19.11.56:491][  0]LogAIModule: Creating AISystem for world TwinStickExampleMap
[2016.03.20-19.11.56:500][  0]LogEditorServer: Finished looking for orphan Actors (0.000 secs)
[2016.03.20-19.11.56:500][  0]Cmd: MAP CHECKDEP NOCLEARLOG
[2016.03.20-19.11.56:551][  0]MapCheck:Warning: Warning BP_Player_C_0 BP_Player_C /Game/TwinStickBP/Maps/TwinStickExampleMap.TwinStickExampleMap:PersistentLevel.BP_Player_C_0 : Externally referenced 
[2016.03.20-19.11.56:551][  0]MapCheck:Warning: Warning ShipMeshComponent StaticMeshComponent /Game/TwinStickBP/Maps/TwinStickExampleMap.TwinStickExampleMap:PersistentLevel.BP_Player_C_0.ShipMeshComponent : Externally referenced 
[2016.03.20-19.11.56:551][  0]MapCheck: Info Map check complete: 0 Error(s), 2 Warning(s), took 50.25ms to complete.
[2016.03.20-19.11.56:563][  0]LogFileHelpers: Loading map 'TwinStickExampleMap' took 0.702
[2016.03.20-19.11.56:727][  0]LogCollectionManager: Loaded 0 collections in 0.002102 seconds
[2016.03.20-19.11.56:776][  0]LogFileCache: Scanning file cache for directory 'D:/Evann/Documents/Unreal Projects/speedron/speedron_BP/Saved/Collections/' took 0.01s
[2016.03.20-19.11.56:776][  0]LogFileCache: Scanning file cache for directory 'D:/Evann/Documents/Unreal Projects/speedron/speedron_BP/Content/Developers/Evann/Collections/' took 0.01s
[2016.03.20-19.11.56:776][  0]LogFileCache: Scanning file cache for directory 'D:/Evann/Documents/Unreal Projects/speedron/speedron_BP/Content/Collections/' took 0.01s
[2016.03.20-19.11.56:776][  0]LogCollectionManager: Rebuilt the GUID cache for 0 collections in 0.000004 seconds
[2016.03.20-19.11.56:791][  0]LogContentBrowser: Native class hierarchy populated in 0.0145 seconds. Added 1908 classes and 344 folders.
[2016.03.20-19.11.56:799][  0]LogContentBrowser: Native class hierarchy updated for 'WidgetCarousel' in 0.0005 seconds. Added 0 classes and 0 folders.
[2016.03.20-19.11.57:751][  0]LogContentBrowser: Native class hierarchy updated for 'AddContentDialog' in 0.0007 seconds. Added 0 classes and 0 folders.
[2016.03.20-19.11.57:773][  0]LogContentBrowser: Native class hierarchy updated for 'SceneOutliner' in 0.0007 seconds. Added 1 classes and 2 folders.
[2016.03.20-19.11.57:921][  0]LogCrashTracker: Crashtracker disabled due to settings.
[2016.03.20-19.11.57:929][  0]LogUObjectGlobals:Warning: Failed to find object 'Class None.'
[2016.03.20-19.11.57:952][  0]LogLoad: Full Startup: 16.93 seconds (BP compile: 0.15 seconds)
[2016.03.20-19.11.57:962][  0]LogWindowsTextInputMethodSystem:Display: IME system now deactivated.
[2016.03.20-19.11.57:969][  0]LogOcInput: Can't find Oculus library dev build: is proper Runtime installed? Version: 0.8.0.0
[2016.03.20-19.11.58:026][  0]LogContentStreaming: Texture pool size now 1000 MB
[2016.03.20-19.11.58:148][  0]LogRenderer: Reallocating scene render targets to support 1208x572 (Frame:2).
[2016.03.20-19.11.58:411][  5]LogAssetRegistry: Asset discovery search completed in 6.2125 seconds
[2016.03.20-19.11.58:411][  5]LogCollectionManager: Rebuilt the object cache for 0 collections in 0.000001 seconds (found 0 objects)
[2016.03.20-19.11.58:411][  5]LogCollectionManager: Fixed up redirectors for 0 collections in 0.000019 seconds (updated 0 objects)
[2016.03.20-19.12.46:669][ 82]LogLinker:Warning: Asset '../../../Engine/Content/ArtTools/RenderToTexture/Macros/RenderToTextureMacros.uasset' has been saved with empty engine version. The asset will be loaded but may be incompatible.
[2016.03.20-19.12.47:151][ 82]LogContentBrowser: Native class hierarchy updated for 'BlueprintGraph' in 0.0007 seconds. Added 107 classes and 0 folders.
[2016.03.20-19.13.03:813][699]LogActorComponent: UnregisterComponent: (/Engine/Transient.EditorFloorComp) Not registered. Aborting.
[2016.03.20-19.13.05:049][840]LogActorComponent: UnregisterComponent: (/Engine/Transient.ProjectileMovementComponent_8) Not registered. Aborting.
[2016.03.20-19.13.05:049][840]LogActorComponent: UnregisterComponent: (/Engine/Transient.FloatingPawnMovement_GEN_VARIABLE) Not registered. Aborting.
[2016.03.20-19.13.05:078][840]LogParticles: Destroying 0 GPU particle simulations for FXSystem 0x0000021C4ED74AE0
[2016.03.20-19.13.05:079][840]LogParticles: Destroying 0 GPU particle simulations for FXSystem 0x0000021C7585D440
[2016.03.20-19.13.05:164][840]LogWindowsTextInputMethodSystem:Display: IME system now deactivated.
[2016.03.20-19.13.05:356][841]Cmd: QUIT_EDITOR
[2016.03.20-19.13.05:479][841]LogExit: Preparing to exit.
[2016.03.20-19.13.06:375][841]LogExit: Editor shut down
[2016.03.20-19.13.06:376][841]LogExit: Transaction tracking system shut down
[2016.03.20-19.13.06:378][841]LogParticles: Destroying 0 GPU particle simulations for FXSystem 0x0000021C2F835C60
[2016.03.20-19.13.06:378][841]LogParticles: Destroying 0 GPU particle simulations for FXSystem 0x0000021C466D8720
[2016.03.20-19.13.06:378][841]LogParticles: Destroying 0 GPU particle simulations for FXSystem 0x0000021C464F9DA0
[2016.03.20-19.13.06:379][841]LogParticles: Destroying 0 GPU particle simulations for FXSystem 0x0000021C4ED75120
[2016.03.20-19.13.06:550][841]LogExit: Object subsystem successfully closed.
[2016.03.20-19.13.06:561][841]LogD3D11RHI: Shutdown
[2016.03.20-19.13.06:561][841]LogD3D11RHI: CleanupD3DDevice
[2016.03.20-19.13.06:601][841]LogD3D11RHI: ~FD3D11DynamicRHI
[2016.03.20-19.13.06:614][841]LogModuleManager: Shutting down and abandoning module BlueprintGraph (201)
[2016.03.20-19.13.06:614][841]LogModuleManager: Shutting down and abandoning module CrashTracker (200)
[2016.03.20-19.13.06:614][841]LogModuleManager: Shutting down and abandoning module SceneOutliner (199)
[2016.03.20-19.13.06:614][841]LogModuleManager: Shutting down and abandoning module SuperSearch (198)
[2016.03.20-19.13.06:614][841]LogModuleManager: Shutting down and abandoning module WidgetCarousel (197)
[2016.03.20-19.13.06:614][841]LogModuleManager: Shutting down and abandoning module AddContentDialog (196)
[2016.03.20-19.13.06:615][841]LogModuleManager: Shutting down and abandoning module EditorWidgets (195)
[2016.03.20-19.13.06:615][841]LogModuleManager: Shutting down and abandoning module CollectionManager (194)
[2016.03.20-19.13.06:615][841]LogModuleManager: Shutting down and abandoning module StatsViewer (193)
[2016.03.20-19.13.06:615][841]LogModuleManager: Shutting down and abandoning module FoliageEdit (192)
[2016.03.20-19.13.06:615][841]LogModuleManager: Shutting down and abandoning module LandscapeEditor (191)
[2016.03.20-19.13.06:615][841]LogModuleManager: Shutting down and abandoning module ActorPickerMode (190)
[2016.03.20-19.13.06:615][841]LogModuleManager: Shutting down and abandoning module GeometryMode (189)
[2016.03.20-19.13.06:615][841]LogModuleManager: Shutting down and abandoning module TextureAlignMode (188)
[2016.03.20-19.13.06:615][841]LogModuleManager: Shutting down and abandoning module BspMode (187)
[2016.03.20-19.13.06:615][841]LogModuleManager: Shutting down and abandoning module PlacementMode (186)
[2016.03.20-19.13.06:615][841]LogModuleManager: Shutting down and abandoning module AutomationWorker (185)
[2016.03.20-19.13.06:615][841]LogModuleManager: Shutting down and abandoning module CharacterAI (184)
[2016.03.20-19.13.06:615][841]LogModuleManager: Shutting down and abandoning module SmartSnapping (183)
[2016.03.20-19.13.06:615][841]LogModuleManager: Shutting down and abandoning module ViewportSnapping (182)
[2016.03.20-19.13.06:616][841]LogModuleManager: Shutting down and abandoning module LogVisualizer (181)
[2016.03.20-19.13.06:616][841]LogModuleManager: Shutting down and abandoning module GameProjectGeneration (180)
[2016.03.20-19.13.06:616][841]LogModuleManager: Shutting down and abandoning module IntroTutorials (179)
[2016.03.20-19.13.06:616][841]LogModuleManager: Shutting down and abandoning module EditorLiveStreaming (178)
[2016.03.20-19.13.06:616][841]LogModuleManager: Shutting down and abandoning module IOSPlatformEditor (177)
[2016.03.20-19.13.06:616][841]LogModuleManager: Shutting down and abandoning module HTML5PlatformEditor (176)
[2016.03.20-19.13.06:616][841]LogModuleManager: Shutting down and abandoning module AndroidDeviceDetection (175)
[2016.03.20-19.13.07:375][841]LogModuleManager: Shutting down and abandoning module AndroidPlatformEditor (174)
[2016.03.20-19.13.07:375][841]LogModuleManager: Shutting down and abandoning module IOSRuntimeSettings (173)
[2016.03.20-19.13.07:375][841]LogModuleManager: Shutting down and abandoning module AndroidRuntimeSettings (172)
[2016.03.20-19.13.07:375][841]LogModuleManager: Shutting down and abandoning module MergeActors (171)
[2016.03.20-19.13.07:375][841]LogModuleManager: Shutting down and abandoning module SizeMap (170)
[2016.03.20-19.13.07:375][841]LogModuleManager: Shutting down and abandoning module TreeMap (169)
[2016.03.20-19.13.07:375][841]LogModuleManager: Shutting down and abandoning module ReferenceViewer (168)
[2016.03.20-19.13.07:375][841]LogModuleManager: Shutting down and abandoning module LocalizationService (167)
[2016.03.20-19.13.07:375][841]LogModuleManager: Shutting down and abandoning module LocalizationDashboard (166)
[2016.03.20-19.13.07:375][841]LogModuleManager: Shutting down and abandoning module HardwareTargeting (165)
[2016.03.20-19.13.07:375][841]LogModuleManager: Shutting down and abandoning module DeviceProfileEditor (164)
[2016.03.20-19.13.07:375][841]LogModuleManager: Shutting down and abandoning module UndoHistory (163)
[2016.03.20-19.13.07:375][841]LogModuleManager: Shutting down and abandoning module GameplayTagsEditor (162)
[2016.03.20-19.13.07:375][841]LogModuleManager: Shutting down and abandoning module UserFeedback (161)
[2016.03.20-19.13.07:375][841]LogModuleManager: Shutting down and abandoning module XmlParser (160)
[2016.03.20-19.13.07:375][841]LogModuleManager: Shutting down and abandoning module Blutility (159)
[2016.03.20-19.13.07:375][841]LogModuleManager: Shutting down and abandoning module ProjectTargetPlatformEditor (158)
[2016.03.20-19.13.07:375][841]LogModuleManager: Shutting down and abandoning module ProjectSettingsViewer (157)
[2016.03.20-19.13.07:375][841]LogModuleManager: Shutting down and abandoning module InputBindingEditor (156)
[2016.03.20-19.13.07:376][841]LogModuleManager: Shutting down and abandoning module EditorSettingsViewer (155)
[2016.03.20-19.13.07:376][841]LogModuleManager: Shutting down and abandoning module SettingsEditor (154)
[2016.03.20-19.13.07:376][841]LogModuleManager: Shutting down and abandoning module ProjectLauncher (153)
[2016.03.20-19.13.07:376][841]LogModuleManager: Shutting down and abandoning module SessionFrontend (152)
[2016.03.20-19.13.07:376][841]LogModuleManager: Shutting down and abandoning module ProfilerClient (151)
[2016.03.20-19.13.07:376][841]LogModuleManager: Shutting down and abandoning module TargetDeviceServices (150)
[2016.03.20-19.13.07:376][841]LogModuleManager: Shutting down and abandoning module DeviceManager (149)
[2016.03.20-19.13.07:376][841]LogModuleManager: Shutting down and abandoning module AutomationController (148)
[2016.03.20-19.13.07:376][841]LogModuleManager: Shutting down and abandoning module AutomationWindow (147)
[2016.03.20-19.13.07:376][841]LogModuleManager: Shutting down and abandoning module Layers (146)
[2016.03.20-19.13.07:376][841]LogModuleManager: Shutting down and abandoning module ComponentVisualizers (145)
[2016.03.20-19.13.07:376][841]LogModuleManager: Shutting down and abandoning module DetailCustomizations (144)
[2016.03.20-19.13.07:376][841]LogModuleManager: Shutting down and abandoning module PackagesDialog (143)
[2016.03.20-19.13.07:376][841]LogModuleManager: Shutting down and abandoning module Persona (142)
[2016.03.20-19.13.07:376][841]LogModuleManager: Shutting down and abandoning module Kismet (141)
[2016.03.20-19.13.07:376][841]LogModuleManager: Shutting down and abandoning module GraphEditor (140)
[2016.03.20-19.13.07:376][841]LogModuleManager: Shutting down and abandoning module ClassViewer (139)
[2016.03.20-19.13.07:376][841]LogModuleManager: Shutting down and abandoning module Toolbox (138)
[2016.03.20-19.13.07:376][841]LogModuleManager: Shutting down and abandoning module ModuleUI (137)
[2016.03.20-19.13.07:376][841]LogModuleManager: Shutting down and abandoning module MovieSceneTools (136)
[2016.03.20-19.13.07:376][841]LogModuleManager: Shutting down and abandoning module OutputLog (135)
[2016.03.20-19.13.07:376][841]LogModuleManager: Shutting down and abandoning module GammaUI (134)
[2016.03.20-19.13.07:376][841]LogModuleManager: Shutting down and abandoning module Documentation (133)
[2016.03.20-19.13.07:376][841]LogModuleManager: Shutting down and abandoning module GameLiveStreaming (132)
[2016.03.20-19.13.07:376][841]LogModuleManager: Shutting down and abandoning module StreamingPauseRendering (131)
[2016.03.20-19.13.07:377][841]LogModuleManager: Shutting down and abandoning module AnalyticsET (130)
[2016.03.20-19.13.07:377][841]LogModuleManager: Shutting down and abandoning module Analytics (129)
[2016.03.20-19.13.07:377][841]LogModuleManager: Shutting down and abandoning module AITestSuite (128)
[2016.03.20-19.13.07:377][841]LogModuleManager: Shutting down and abandoning module GameplayDebugger (127)
[2016.03.20-19.13.07:377][841]LogModuleManager: Shutting down and abandoning module AIModule (126)
[2016.03.20-19.13.07:377][841]LogModuleManager: Shutting down and abandoning module ProfilerService (125)
[2016.03.20-19.13.07:443][841]LogModuleManager: Shutting down and abandoning module TaskGraph (124)
[2016.03.20-19.13.07:443][841]LogModuleManager: Shutting down and abandoning module SubstanceEditor (123)
[2016.03.20-19.13.07:443][841]LogModuleManager: Shutting down and abandoning module SlateRemote (122)
[2016.03.20-19.13.07:443][841]LogModuleManager: Shutting down and abandoning module SteamVRController (121)
[2016.03.20-19.13.07:443][841]LogModuleManager: Shutting down and abandoning module SteamVR (120)
[2016.03.20-19.13.07:443][841]LogModuleManager: Shutting down and abandoning module ProceduralMeshComponent (119)
[2016.03.20-19.13.07:443][841]LogModuleManager: Shutting down and abandoning module OculusLibrary (118)
[2016.03.20-19.13.07:443][841]LogModuleManager: Shutting down and abandoning module OculusInput (117)
[2016.03.20-19.13.07:443][841]LogModuleManager: Shutting down and abandoning module LeapMotionController (116)
[2016.03.20-19.13.07:455][841]LogModuleManager: Shutting down and abandoning module CustomMeshComponent (115)
[2016.03.20-19.13.07:455][841]LogModuleManager: Shutting down and abandoning module CableComponent (114)
[2016.03.20-19.13.07:455][841]LogModuleManager: Shutting down and abandoning module ArchVisCharacter (113)
[2016.03.20-19.13.07:455][841]LogModuleManager: Shutting down and abandoning module MessagingDebugger (112)
[2016.03.20-19.13.07:456][841]LogModuleManager: Shutting down and abandoning module MediaPlayerEditor (111)
[2016.03.20-19.13.07:456][841]LogModuleManager: Shutting down and abandoning module HTML5Networking (110)
[2016.03.20-19.13.07:456][841]LogModuleManager: Shutting down and abandoning module SpeedTreeImporter (109)
[2016.03.20-19.13.07:456][841]LogModuleManager: Shutting down and abandoning module PluginBrowser (108)
[2016.03.20-19.13.07:456][841]LogModuleManager: Shutting down and abandoning module EpicSurvey (107)
[2016.03.20-19.13.07:456][841]LogModuleManager: Shutting down and abandoning module DesktopPlatform (106)
[2016.03.20-19.13.07:456][841]LogModuleManager: Shutting down and abandoning module VisualStudioSourceCodeAccess (105)
[2016.03.20-19.13.07:456][841]LogModuleManager: Shutting down and abandoning module UObjectPlugin (104)
[2016.03.20-19.13.07:456][841]LogModuleManager: Shutting down and abandoning module SubversionSourceControl (103)
[2016.03.20-19.13.07:456][841]LogModuleManager: Shutting down and abandoning module PerforceSourceControl (102)
[2016.03.20-19.13.07:456][841]LogModuleManager: Shutting down and abandoning module SourceControl (101)
[2016.03.20-19.13.07:456][841]LogModuleManager: Shutting down and abandoning module GitSourceControl (100)
[2016.03.20-19.13.07:456][841]LogModuleManager: Shutting down and abandoning module LightPropagationVolumeEditor (99)
[2016.03.20-19.13.07:456][841]LogModuleManager: Shutting down and abandoning module PaperTiledImporter (98)
[2016.03.20-19.13.07:456][841]LogModuleManager: Shutting down and abandoning module PaperSpriteSheetImporter (97)
[2016.03.20-19.13.07:456][841]LogModuleManager: Shutting down and abandoning module MeshPaint (96)
[2016.03.20-19.13.07:456][841]LogModuleManager: Shutting down and abandoning module SlateReflector (95)
[2016.03.20-19.13.07:456][841]LogModuleManager: Shutting down and abandoning module HotReload (94)
[2016.03.20-19.13.07:456][841]LogModuleManager: Shutting down and abandoning module MainFrame (93)
[2016.03.20-19.13.07:456][841]LogModuleManager: Shutting down and abandoning module LevelEditor (92)
[2016.03.20-19.13.07:457][841]LogModuleManager: Shutting down and abandoning module ContentBrowser (91)
[2016.03.20-19.13.07:457][841]LogModuleManager: Shutting down and abandoning module Paper2DEditor (90)
[2016.03.20-19.13.07:457][841]LogModuleManager: Shutting down and abandoning module UdpMessaging (89)
[2016.03.20-19.13.07:558][841]LogModuleManager: Shutting down and abandoning module DirectoryWatcher (88)
[2016.03.20-19.13.07:558][841]LogModuleManager: Shutting down and abandoning module AssetRegistry (87)
[2016.03.20-19.13.07:605][841]LogModuleManager: Shutting down and abandoning module SubstanceCore (86)
[2016.03.20-19.13.07:605][841]LogModuleManager: Shutting down and abandoning module LightPropagationVolumeRuntime (85)
[2016.03.20-19.13.07:605][841]LogModuleManager: Shutting down and abandoning module Paper2D (84)
[2016.03.20-19.13.07:605][841]LogModuleManager: Shutting down and abandoning module WindowsMoviePlayer (83)
[2016.03.20-19.13.07:607][841]LogModuleManager: Shutting down and abandoning module Media (82)
[2016.03.20-19.13.07:608][841]LogModuleManager: Shutting down and abandoning module WmfMedia (81)
[2016.03.20-19.13.07:608][841]LogModuleManager: Shutting down and abandoning module OnlineBlueprintSupport (80)
[2016.03.20-19.13.07:608][841]LogModuleManager: Shutting down and abandoning module GameplayTasksEditor (79)
[2016.03.20-19.13.07:608][841]LogModuleManager: Shutting down and abandoning module PropertyEditor (78)
[2016.03.20-19.13.07:608][841]LogModuleManager: Shutting down and abandoning module BehaviorTreeEditor (77)
[2016.03.20-19.13.07:608][841]LogModuleManager: Shutting down and abandoning module FunctionalTesting (76)
[2016.03.20-19.13.07:608][841]LogModuleManager: Shutting down and abandoning module CollisionAnalyzer (75)
[2016.03.20-19.13.07:608][841]LogModuleManager: Shutting down and abandoning module WorkspaceMenuStructure (74)
[2016.03.20-19.13.07:608][841]LogModuleManager: Shutting down and abandoning module MessageLog (73)
[2016.03.20-19.13.07:608][841]LogModuleManager: Shutting down and abandoning module Sequencer (72)
[2016.03.20-19.13.07:608][841]LogModuleManager: Shutting down and abandoning module AssetTools (71)
[2016.03.20-19.13.07:608][841]LogModuleManager: Shutting down and abandoning module UMGEditor (70)
[2016.03.20-19.13.07:608][841]LogModuleManager: Shutting down and abandoning module UMG (69)
[2016.03.20-19.13.07:608][841]LogModuleManager: Shutting down and abandoning module Slate (68)
[2016.03.20-19.13.07:608][841]LogModuleManager: Shutting down and abandoning module EditorStyle (67)
[2016.03.20-19.13.07:611][841]LogModuleManager: Shutting down and abandoning module SessionServices (66)
[2016.03.20-19.13.07:611][841]LogModuleManager: Shutting down and abandoning module SourceCodeAccess (65)
[2016.03.20-19.13.07:611][841]LogModuleManager: Shutting down and abandoning module HeadMountedDisplay (64)
[2016.03.20-19.13.07:611][841]LogModuleManager: Shutting down and abandoning module XAudio2 (63)
[2016.03.20-19.13.07:611][841]LogModuleManager: Shutting down and abandoning module Networking (61)
[2016.03.20-19.13.07:611][841]LogModuleManager: Shutting down and abandoning module Core (60)
[2016.03.20-19.13.07:611][841]LogModuleManager: Shutting down and abandoning module KismetCompiler (59)
[2016.03.20-19.13.07:612][841]LogModuleManager: Shutting down and abandoning module PhysXFormats (58)
[2016.03.20-19.13.07:612][841]LogModuleManager: Shutting down and abandoning module MeshUtilities (57)
[2016.03.20-19.13.07:612][841]LogModuleManager: Shutting down and abandoning module DerivedDataCache (56)
[2016.03.20-19.13.07:748][841]LogDerivedDataCache: Shutdown
[2016.03.20-19.13.07:748][841]LogModuleManager: Shutting down and abandoning module ShaderFormatOpenGL (55)
[2016.03.20-19.13.07:748][841]LogModuleManager: Shutting down and abandoning module ShaderFormatD3D (54)
[2016.03.20-19.13.07:748][841]LogModuleManager: Shutting down and abandoning module MetalShaderFormat (53)
[2016.03.20-19.13.07:748][841]LogModuleManager: Shutting down and abandoning module TextureFormatUncompressed (52)
[2016.03.20-19.13.07:748][841]LogModuleManager: Shutting down and abandoning module TextureFormatPVR (51)
[2016.03.20-19.13.07:748][841]LogModuleManager: Shutting down and abandoning module TextureFormatIntelISPCTexComp (50)
[2016.03.20-19.13.07:748][841]LogModuleManager: Shutting down and abandoning module TextureFormatDXT (49)
[2016.03.20-19.13.07:748][841]LogModuleManager: Shutting down and abandoning module ImageWrapper (48)
[2016.03.20-19.13.07:748][841]LogModuleManager: Shutting down and abandoning module TextureFormatASTC (47)
[2016.03.20-19.13.07:748][841]LogModuleManager: Shutting down and abandoning module TextureFormatAndroid (46)
[2016.03.20-19.13.07:748][841]LogModuleManager: Shutting down and abandoning module AudioFormatOpus (45)
[2016.03.20-19.13.07:748][841]LogModuleManager: Shutting down and abandoning module AudioFormatOgg (44)
[2016.03.20-19.13.07:748][841]LogModuleManager: Shutting down and abandoning module AudioFormatADPCM (43)
[2016.03.20-19.13.07:748][841]LogModuleManager: Shutting down and abandoning module LinuxTargetPlatform (42)
[2016.03.20-19.13.07:748][841]LogModuleManager: Shutting down and abandoning module LinuxServerTargetPlatform (41)
[2016.03.20-19.13.07:749][841]LogModuleManager: Shutting down and abandoning module LinuxNoEditorTargetPlatform (40)
[2016.03.20-19.13.07:749][841]LogModuleManager: Shutting down and abandoning module Messaging (39)
[2016.03.20-19.13.07:749][841]LogModuleManager: Shutting down and abandoning module IOSTargetPlatform (38)
[2016.03.20-19.13.07:749][841]LogModuleManager: Shutting down and abandoning module HTML5TargetPlatform (37)
[2016.03.20-19.13.07:749][841]LogModuleManager: Shutting down and abandoning module Android_PVRTCTargetPlatform (36)
[2016.03.20-19.13.07:749][841]LogModuleManager: Shutting down and abandoning module Android_MultiTargetPlatform (35)
[2016.03.20-19.13.07:749][841]LogModuleManager: Shutting down and abandoning module Android_ETC2TargetPlatform (34)
[2016.03.20-19.13.07:749][841]LogModuleManager: Shutting down and abandoning module Android_ETC1TargetPlatform (33)
[2016.03.20-19.13.07:749][841]LogModuleManager: Shutting down and abandoning module Android_DXTTargetPlatform (32)
[2016.03.20-19.13.07:749][841]LogModuleManager: Shutting down and abandoning module Android_ATCTargetPlatform (31)
[2016.03.20-19.13.07:749][841]LogModuleManager: Shutting down and abandoning module Android_ASTCTargetPlatform (30)
[2016.03.20-19.13.07:749][841]LogModuleManager: Shutting down and abandoning module AndroidTargetPlatform (29)
[2016.03.20-19.13.07:749][841]LogModuleManager: Shutting down and abandoning module WindowsTargetPlatform (28)
[2016.03.20-19.13.07:749][841]LogModuleManager: Shutting down and abandoning module WindowsServerTargetPlatform (27)
[2016.03.20-19.13.07:749][841]LogModuleManager: Shutting down and abandoning module WindowsNoEditorTargetPlatform (26)
[2016.03.20-19.13.07:749][841]LogModuleManager: Shutting down and abandoning module WindowsClientTargetPlatform (25)
[2016.03.20-19.13.07:749][841]LogModuleManager: Shutting down and abandoning module AllDesktopTargetPlatform (24)
[2016.03.20-19.13.07:749][841]LogModuleManager: Shutting down and abandoning module TargetPlatform (23)
[2016.03.20-19.13.07:749][841]LogModuleManager: Shutting down and abandoning module InputCore (22)
[2016.03.20-19.13.07:749][841]LogModuleManager: Shutting down and abandoning module Settings (21)
[2016.03.20-19.13.07:749][841]LogModuleManager: Shutting down and abandoning module OnlineSubsystem (19)
[2016.03.20-19.13.07:749][841]LogModuleManager: Shutting down and abandoning module HTTP (18)
[2016.03.20-19.13.08:750][841]LogModuleManager: Shutting down and abandoning module XMPP (17)
[2016.03.20-19.13.08:750][841]LogModuleManager: Shutting down and abandoning module OculusRift (16)
[2016.03.20-19.13.08:750][841]LogModuleManager: Shutting down and abandoning module ExampleDeviceProfileSelector (15)
[2016.03.20-19.13.08:750][841]LogModuleManager: Shutting down and abandoning module TextureCompressor (14)
[2016.03.20-19.13.08:751][841]LogModuleManager: Shutting down and abandoning module ShaderCore (13)
[2016.03.20-19.13.08:751][841]LogModuleManager: Shutting down and abandoning module Landscape (12)
[2016.03.20-19.13.08:751][841]LogModuleManager: Shutting down and abandoning module SlateRHIRenderer (11)
[2016.03.20-19.13.08:751][841]LogModuleManager: Shutting down and abandoning module OpenGLDrv (10)
[2016.03.20-19.13.08:751][841]LogModuleManager: Shutting down and abandoning module D3D11RHI (9)
[2016.03.20-19.13.08:751][841]LogModuleManager: Shutting down and abandoning module AnimGraphRuntime (8)
[2016.03.20-19.13.08:751][841]LogModuleManager: Shutting down and abandoning module Renderer (7)
[2016.03.20-19.13.08:751][841]LogModuleManager: Shutting down and abandoning module Engine (6)
[2016.03.20-19.13.08:751][841]LogModuleManager: Shutting down and abandoning module CoreUObject (5)
[2016.03.20-19.13.08:751][841]LogModuleManager: Shutting down and abandoning module NetworkFile (4)
[2016.03.20-19.13.08:751][841]LogModuleManager: Shutting down and abandoning module StreamingFile (3)
[2016.03.20-19.13.08:751][841]LogModuleManager: Shutting down and abandoning module SandboxFile (2)
[2016.03.20-19.13.08:751][841]LogModuleManager: Shutting down and abandoning module PakFile (1)
[2016.03.20-19.13.08:753][841]LogExit: Exiting.
[2016.03.20-19.13.08:756][841]Log file closed, 03/20/16 20:13:08
