[2016.02.23-07.10.35:705][  0]Log file open, 02/23/16 08:10:35
[2016.02.23-07.10.35:705][  0]LogInit:Display: Running engine for game: TP_TwinStickBP
[2016.02.23-07.10.35:705][  0]LogPlatformFile: Not using cached read wrapper
[2016.02.23-07.10.35:705][  0]LogInit:Display: RandInit(1411228269) SRandInit(1411228272).
[2016.02.23-07.10.35:705][  0]LogTaskGraph: Started task graph with 4 named threads and 5 total threads.
[2016.02.23-07.10.35:705][  0]LogStats: Stats thread started at 1.664039
[2016.02.23-07.10.35:705][  0]LogInit: Version: 4.10.2-2818068+++depot+UE4-Releases+4.10
[2016.02.23-07.10.35:705][  0]LogInit: API Version: 2758231
[2016.02.23-07.10.35:705][  0]LogInit: Compiled (64-bit): Jan  6 2016 17:36:42
[2016.02.23-07.10.35:705][  0]LogInit: Compiled with Visual C++: 19.00.23026.00
[2016.02.23-07.10.35:705][  0]LogInit: Build Configuration: Development
[2016.02.23-07.10.35:705][  0]LogInit: Branch Name: ++depot+UE4-Releases+4.10
[2016.02.23-07.10.35:705][  0]LogInit: Command line: 
[2016.02.23-07.10.35:705][  0]LogInit: Base directory: D:/unreal engine/Engine/Binaries/Win64/
[2016.02.23-07.10.35:705][  0]LogInit: Rocket: 1
[2016.02.23-07.10.35:802][  0]LogInit: Using libcurl 7.41.0
[2016.02.23-07.10.35:802][  0]LogInit:  - built for x86_64-pc-win32
[2016.02.23-07.10.35:802][  0]LogInit:  - supports SSL with WinSSL
[2016.02.23-07.10.35:802][  0]LogInit:  - other features:
[2016.02.23-07.10.35:802][  0]LogInit:      CURL_VERSION_SSL
[2016.02.23-07.10.35:802][  0]LogInit:      CURL_VERSION_IPV6
[2016.02.23-07.10.35:802][  0]LogInit:      CURL_VERSION_ASYNCHDNS
[2016.02.23-07.10.35:802][  0]LogInit:      CURL_VERSION_LARGEFILE
[2016.02.23-07.10.35:802][  0]LogInit:      CURL_VERSION_IDN
[2016.02.23-07.10.35:818][  0]LogInit:  CurlRequestOptions (configurable via config and command line):
[2016.02.23-07.10.35:818][  0]LogInit:  - bVerifyPeer = true  - Libcurl will verify peer certificate
[2016.02.23-07.10.35:818][  0]LogInit:  - bUseHttpProxy = false  - Libcurl will NOT use HTTP proxy
[2016.02.23-07.10.35:818][  0]LogInit:  - bDontReuseConnections = false  - Libcurl will reuse connections
[2016.02.23-07.10.35:818][  0]LogInit:  - CertBundlePath = nullptr  - Libcurl will use whatever was configured at build time.
[2016.02.23-07.10.36:012][  0]LogInit: Presizing for 0 objects not considered by GC, pre-allocating 0 bytes.
[2016.02.23-07.10.36:109][  0]LogInit: Object subsystem initialized
[2016.02.23-07.10.36:271][  0]LogInit: Selected Device Profile: [Windows]
[2016.02.23-07.10.36:271][  0]LogInit: Applying CVar settings loaded from the selected device profile: [Windows]
[2016.02.23-07.10.36:352][  0]LogInit: Computer: SSI-SV11
[2016.02.23-07.10.36:352][  0]LogInit: User: delaunay
[2016.02.23-07.10.36:352][  0]LogInit: CPU Page size=4096, Cores=2
[2016.02.23-07.10.36:352][  0]LogInit: High frequency timer resolution =2.923115 MHz
[2016.02.23-07.10.36:352][  0]LogMemory: Memory total: Physical=3.9GB (4GB approx)
[2016.02.23-07.10.36:352][  0]LogMemory: Platform Memory Stats for Windows
[2016.02.23-07.10.36:352][  0]LogMemory: Process Physical Memory: 55.00 MB used, 55.00 MB peak
[2016.02.23-07.10.36:352][  0]LogMemory: Process Virtual Memory: 55.90 MB used, 55.90 MB peak
[2016.02.23-07.10.36:352][  0]LogMemory: Physical Memory: 2370.41 MB used, 3981.19 MB total
[2016.02.23-07.10.36:352][  0]LogMemory: Virtual Memory: 351.92 MB used, 8388608.00 MB total
[2016.02.23-07.10.37:390][  0]LogTextLocalizationManager: No translations for ('fr-FR') exist, falling back to 'en' for localization and internationalization data.
[2016.02.23-07.10.38:624][  0]LogD3D11RHI: Found D3D11 adapter 0: NVIDIA Quadro 410  (Feature Level 11_0)
[2016.02.23-07.10.38:624][  0]LogD3D11RHI: Adapter has 463MB of dedicated video memory, 0MB of dedicated system memory, and 1734MB of shared system memory, 1 output[s]
[2016.02.23-07.10.38:624][  0]LogD3D11RHI: Chosen D3D11 Adapter Id = 0
[2016.02.23-07.10.38:630][  0]LogD3D11RHI: !Direct3DDevice
[2016.02.23-07.10.38:631][  0]LogRHI: Texture pool is 324 MB (70% of 463 MB)
[2016.02.23-07.10.38:645][  0]LogD3D11RHI: Async texture creation enabled
[2016.02.23-07.10.39:000][  0]LogShaderCompilers: Guid format shader working directory is 26 characters bigger than the processId version (../../../TP_TwinStickBP/Intermediate/Shaders/WorkingDirectory/3928/).
[2016.02.23-07.10.39:001][  0]LogShaderCompilers: Cleaned the shader compiler working directory 'C:/Users/delaunay/AppData/Local/Temp/UnrealShaderWorkingDir/1E30544B4B772342B38C19A0F8564A61/'.
[2016.02.23-07.10.39:001][  0]LogShaderCompilers:Display: Using Local Shader Compiler.
[2016.02.23-07.10.47:942][  0]LogTemp:Display: Loaded TP AllDesktopTargetPlatform
[2016.02.23-07.10.47:953][  0]LogTemp:Display: Loaded TP WindowsClientTargetPlatform
[2016.02.23-07.10.47:963][  0]LogTemp:Display: Loaded TP WindowsNoEditorTargetPlatform
[2016.02.23-07.10.47:972][  0]LogTemp:Display: Loaded TP WindowsServerTargetPlatform
[2016.02.23-07.10.47:983][  0]LogTemp:Display: Loaded TP WindowsTargetPlatform
[2016.02.23-07.10.47:993][  0]LogTemp:Display: Loaded TP AndroidTargetPlatform
[2016.02.23-07.10.48:000][  0]LogTemp:Display: Loaded TP Android_ASTCTargetPlatform
[2016.02.23-07.10.48:008][  0]LogTemp:Display: Loaded TP Android_ATCTargetPlatform
[2016.02.23-07.10.48:015][  0]LogTemp:Display: Loaded TP Android_DXTTargetPlatform
[2016.02.23-07.10.48:019][  0]LogTemp:Display: Loaded TP Android_ETC1TargetPlatform
[2016.02.23-07.10.48:024][  0]LogTemp:Display: Loaded TP Android_ETC2TargetPlatform
[2016.02.23-07.10.48:033][  0]LogTemp:Display: Loaded TP Android_MultiTargetPlatform
[2016.02.23-07.10.48:033][  0]LogTemp:Display: Loaded TP Android_PVRTCTargetPlatform
[2016.02.23-07.10.48:036][  0]LogTemp:Display: Loaded TP HTML5TargetPlatform
[2016.02.23-07.10.48:143][  0]LogTemp:Display: Loaded TP IOSTargetPlatform
[2016.02.23-07.10.48:150][  0]LogTemp:Display: Loaded TP LinuxNoEditorTargetPlatform
[2016.02.23-07.10.48:157][  0]LogTemp:Display: Loaded TP LinuxServerTargetPlatform
[2016.02.23-07.10.48:178][  0]LogTemp:Display: Loaded TP LinuxTargetPlatform
[2016.02.23-07.10.48:178][  0]LogTargetPlatformManager:Display: Building Assets For Windows
[2016.02.23-07.10.49:077][  0]LogDerivedDataCache:Display: Max Cache Size: 512 MB
[2016.02.23-07.10.49:077][  0]LogDerivedDataCache:Display: Starting with empty Boot cache
[2016.02.23-07.10.49:077][  0]LogDerivedDataCache: FDerivedDataBackendGraph:  Pak pak cache file ../../../TP_TwinStickBP/DerivedDataCache/DDC.ddp not found, will not use a pak cache.
[2016.02.23-07.10.49:077][  0]LogDerivedDataCache: Unable to find inner node Pak for hierarchical cache Hierarchy.
[2016.02.23-07.10.49:077][  0]LogDerivedDataCache: FDerivedDataBackendGraph:  CompressedPak pak cache file ../../../TP_TwinStickBP/DerivedDataCache/Compressed.ddp not found, will not use a pak cache.
[2016.02.23-07.10.49:077][  0]LogDerivedDataCache: Unable to find inner node CompressedPak for hierarchical cache Hierarchy.
[2016.02.23-07.10.49:207][  0]LogDerivedDataCache:Display: Pak cache opened for reading ../../../Engine/DerivedDataCache/Compressed.ddp.
[2016.02.23-07.10.49:221][  0]LogDerivedDataCache: Using Local data cache path C:/Users/delaunay/AppData/Local/UnrealEngine/Common/DerivedDataCache: Writable
[2016.02.23-07.11.00:528][  0]LogInit: Selected Device Profile: [Windows]
[2016.02.23-07.11.00:569][  0]LogContentStreaming: Texture pool size is 0.000000MB
[2016.02.23-07.11.01:350][  0]LogMeshUtilities: No automatic mesh reduction module available
[2016.02.23-07.11.01:350][  0]LogMeshUtilities: No automatic mesh merging module available
[2016.02.23-07.11.05:815][  0]LogInit: WinSock: version 1.1 (2.2), MaxSocks=32767, MaxUdp=65467
[2016.02.23-07.11.14:966][  0]LogAssetRegistry: FAssetRegistry took 0.0501 seconds to start up
[2016.02.23-07.11.15:074][  0]UdpMessaging: Initializing bridge on interface 0.0.0.0:0 to multicast group 230.0.0.1:6666.
[2016.02.23-07.11.18:139][  0]SourceControl: Info Source control is disabled
[2016.02.23-07.11.18:139][  0]SourceControl: Info Source control is disabled
[2016.02.23-07.11.18:204][  0]SourceControl: Info Source control is disabled
[2016.02.23-07.11.18:217][  0]SourceControl: Info Source control is disabled
[2016.02.23-07.11.20:118][  0]LogObj: 28803 objects as part of root set at end of initial load.
[2016.02.23-07.11.20:118][  0]LogUObjectAllocator: 6130056 out of 0 bytes used by permanent object pool.
[2016.02.23-07.11.21:007][  0]LogEngine: Initializing Engine...
[2016.02.23-07.11.21:050][  0]LogHMD: Can't find Oculus library dev build: is proper Runtime installed? Version: 0.8.0.0
[2016.02.23-07.11.21:185][  0]LogHMD: SteamVR failed to initialize.  Err: 110
[2016.02.23-07.11.22:418][  0]LogAIModule: Creating AISystem for world NewWorld
[2016.02.23-07.11.23:453][  0]LogInit: XAudio2 using 'Haut-parleurs (Realtek High Definition Audio)' : 2 channels at 48 kHz using 32 bits per sample (channel mask 0x3)
[2016.02.23-07.11.23:605][  0]LogInit: FAudioDevice initialized.
[2016.02.23-07.11.23:683][  0]LogDerivedDataCache: Saved boot cache 0.08s 41MB C:/Users/delaunay/AppData/Local/UnrealEngine/4.10/DerivedDataCache/Boot.ddc.
[2016.02.23-07.11.23:690][  0]LogInit: Texture streaming: Enabled
[2016.02.23-07.11.23:697][  0]LogAnalytics: Creating configured Analytics provider AnalyticsET
[2016.02.23-07.11.23:697][  0]LogAnalytics: [UEEditor.Rocket.Release] APIServer = http://et2.epicgames.com/ET2/. AppVersion = 4.10.2-2818068+++depot+UE4-Releases+4.10
[2016.02.23-07.11.23:697][  0]LogAnalytics: [UEEditor.Rocket.Release] SetUserId 877a41264effc447fa0c63889bd695e7||30544b93-2834-47a8-9cb3-12e8be105d24
[2016.02.23-07.11.23:730][  0]LogAnalytics: [UEEditor.Rocket.Release] AnalyticsET::StartSession
[2016.02.23-07.11.23:786][  0]LogInit: Transaction tracking system initialized
[2016.02.23-07.11.24:466][  0]BlueprintLog: New page: Editor Load
[2016.02.23-07.11.26:618][  0]LocalizationService: Info Localization service is disabled
[2016.02.23-07.11.27:299][  0]LogConsoleResponse:Display: 
[2016.02.23-07.11.29:148][  0]LogFileCache: Scanning file cache for directory 'D:/unreal engine/TP_TwinStickBP/Content/' took 0.01s
[2016.02.23-07.11.29:148][  0]LogCook:Display: Done creating registry. It took  0.00s.
[2016.02.23-07.11.30:592][  0]SourceControl: Info Source control is disabled
[2016.02.23-07.11.30:641][  0]Cmd: MAP LOAD FILE="../../../TP_TwinStickBP/Content/TwinStickBP/Maps/TwinStickExampleMap.umap" TEMPLATE=0 SHOWPROGRESS=1 FEATURELEVEL=3
[2016.02.23-07.11.30:752][  0]LightingResults: New page: Lighting Build
[2016.02.23-07.11.31:054][  0]MapCheck: New page: Map Check
[2016.02.23-07.11.31:054][  0]LightingResults: New page: Lighting Build
[2016.02.23-07.11.31:508][  0]LogParticles: Destroying 0 GPU particle simulations for FXSystem 0x000000002455D1C0
[2016.02.23-07.11.36:184][  0]LogAIModule: Creating AISystem for world TwinStickExampleMap
[2016.02.23-07.11.36:862][  0]LogEditorServer: Finished looking for orphan Actors (0.000 secs)
[2016.02.23-07.11.36:959][  0]Cmd: MAP CHECKDEP NOCLEARLOG
[2016.02.23-07.11.37:257][  0]MapCheck:Warning: Warning StaticMeshComponent0 StaticMeshComponent /Game/TwinStickBP/Maps/TwinStickExampleMap.TwinStickExampleMap:PersistentLevel.TemplateCube_Rounded_19.StaticMeshComponent0 : Externally referenced 
[2016.02.23-07.11.37:257][  0]MapCheck:Warning: Warning StaticMeshComponent0 StaticMeshComponent /Game/TwinStickBP/Maps/TwinStickExampleMap.TwinStickExampleMap:PersistentLevel.TemplateCube_Rounded_20.StaticMeshComponent0 : Externally referenced 
[2016.02.23-07.11.37:257][  0]MapCheck:Warning: Warning StaticMeshComponent0 StaticMeshComponent /Game/TwinStickBP/Maps/TwinStickExampleMap.TwinStickExampleMap:PersistentLevel.TemplateCube_Rounded_21.StaticMeshComponent0 : Externally referenced 
[2016.02.23-07.11.37:257][  0]MapCheck:Warning: Warning StaticMeshComponent0 StaticMeshComponent /Game/TwinStickBP/Maps/TwinStickExampleMap.TwinStickExampleMap:PersistentLevel.TemplateCube_Rounded_22.StaticMeshComponent0 : Externally referenced 
[2016.02.23-07.11.37:257][  0]MapCheck:Warning: Warning StaticMeshComponent0 StaticMeshComponent /Game/TwinStickBP/Maps/TwinStickExampleMap.TwinStickExampleMap:PersistentLevel.TemplateCube_Rounded_23.StaticMeshComponent0 : Externally referenced 
[2016.02.23-07.11.37:257][  0]MapCheck:Warning: Warning StaticMeshComponent0 StaticMeshComponent /Game/TwinStickBP/Maps/TwinStickExampleMap.TwinStickExampleMap:PersistentLevel.TemplateCube_Rounded_24.StaticMeshComponent0 : Externally referenced 
[2016.02.23-07.11.37:257][  0]MapCheck:Warning: Warning StaticMeshComponent0 StaticMeshComponent /Game/TwinStickBP/Maps/TwinStickExampleMap.TwinStickExampleMap:PersistentLevel.TemplateCube_Rounded_3.StaticMeshComponent0 : Externally referenced 
[2016.02.23-07.11.37:257][  0]MapCheck:Warning: Warning TwinStickPawn_317 TwinStickPawn_C /Game/TwinStickBP/Maps/TwinStickExampleMap.TwinStickExampleMap:PersistentLevel.TwinStickPawn_317 : Externally referenced 
[2016.02.23-07.11.37:257][  0]MapCheck:Warning: Warning ShipMeshComponent StaticMeshComponent /Game/TwinStickBP/Maps/TwinStickExampleMap.TwinStickExampleMap:PersistentLevel.TwinStickPawn_317.ShipMeshComponent : Externally referenced 
[2016.02.23-07.11.37:257][  0]MapCheck:Warning: Warning StaticMeshComponent0 StaticMeshComponent /Game/TwinStickBP/Maps/TwinStickExampleMap.TwinStickExampleMap:PersistentLevel.Wall1_17.StaticMeshComponent0 : Externally referenced 
[2016.02.23-07.11.37:257][  0]MapCheck:Warning: Warning StaticMeshComponent0 StaticMeshComponent /Game/TwinStickBP/Maps/TwinStickExampleMap.TwinStickExampleMap:PersistentLevel.Floor_18.StaticMeshComponent0 : Externally referenced 
[2016.02.23-07.11.37:257][  0]MapCheck:Warning: Warning StaticMeshComponent0 StaticMeshComponent /Game/TwinStickBP/Maps/TwinStickExampleMap.TwinStickExampleMap:PersistentLevel.Obstacle1_2.StaticMeshComponent0 : Externally referenced 
[2016.02.23-07.11.37:257][  0]MapCheck:Warning: Warning StaticMeshComponent0 StaticMeshComponent /Game/TwinStickBP/Maps/TwinStickExampleMap.TwinStickExampleMap:PersistentLevel.Obstacle2_3.StaticMeshComponent0 : Externally referenced 
[2016.02.23-07.11.37:257][  0]MapCheck:Warning: Warning StaticMeshComponent0 StaticMeshComponent /Game/TwinStickBP/Maps/TwinStickExampleMap.TwinStickExampleMap:PersistentLevel.Wall1_17.StaticMeshComponent0 : Externally referenced 
[2016.02.23-07.11.37:257][  0]MapCheck:Warning: Warning StaticMeshComponent0 StaticMeshComponent /Game/TwinStickBP/Maps/TwinStickExampleMap.TwinStickExampleMap:PersistentLevel.Wall5.StaticMeshComponent0 : Externally referenced 
[2016.02.23-07.11.37:257][  0]MapCheck:Warning: Warning StaticMeshComponent0 StaticMeshComponent /Game/TwinStickBP/Maps/TwinStickExampleMap.TwinStickExampleMap:PersistentLevel.Wall6.StaticMeshComponent0 : Externally referenced 
[2016.02.23-07.11.37:257][  0]MapCheck:Warning: Warning StaticMeshComponent0 StaticMeshComponent /Game/TwinStickBP/Maps/TwinStickExampleMap.TwinStickExampleMap:PersistentLevel.Wall7.StaticMeshComponent0 : Externally referenced 
[2016.02.23-07.11.37:257][  0]MapCheck:Warning: Warning StaticMeshComponent0 StaticMeshComponent /Game/TwinStickBP/Maps/TwinStickExampleMap.TwinStickExampleMap:PersistentLevel.TemplateCube_Rounded_19.StaticMeshComponent0 : Externally referenced 
[2016.02.23-07.11.37:257][  0]MapCheck:Warning: Warning StaticMeshComponent0 StaticMeshComponent /Game/TwinStickBP/Maps/TwinStickExampleMap.TwinStickExampleMap:PersistentLevel.TemplateCube_Rounded_20.StaticMeshComponent0 : Externally referenced 
[2016.02.23-07.11.37:258][  0]MapCheck:Warning: Warning StaticMeshComponent0 StaticMeshComponent /Game/TwinStickBP/Maps/TwinStickExampleMap.TwinStickExampleMap:PersistentLevel.TemplateCube_Rounded_21.StaticMeshComponent0 : Externally referenced 
[2016.02.23-07.11.37:258][  0]MapCheck:Warning: Warning StaticMeshComponent0 StaticMeshComponent /Game/TwinStickBP/Maps/TwinStickExampleMap.TwinStickExampleMap:PersistentLevel.TemplateCube_Rounded_22.StaticMeshComponent0 : Externally referenced 
[2016.02.23-07.11.37:258][  0]MapCheck:Warning: Warning StaticMeshComponent0 StaticMeshComponent /Game/TwinStickBP/Maps/TwinStickExampleMap.TwinStickExampleMap:PersistentLevel.TemplateCube_Rounded_23.StaticMeshComponent0 : Externally referenced 
[2016.02.23-07.11.37:258][  0]MapCheck:Warning: Warning StaticMeshComponent0 StaticMeshComponent /Game/TwinStickBP/Maps/TwinStickExampleMap.TwinStickExampleMap:PersistentLevel.TemplateCube_Rounded_24.StaticMeshComponent0 : Externally referenced 
[2016.02.23-07.11.37:258][  0]MapCheck:Warning: Warning StaticMeshComponent0 StaticMeshComponent /Game/TwinStickBP/Maps/TwinStickExampleMap.TwinStickExampleMap:PersistentLevel.TemplateCube_Rounded_3.StaticMeshComponent0 : Externally referenced 
[2016.02.23-07.11.37:258][  0]MapCheck: Info Map check complete: 0 Error(s), 24 Warning(s), took 287.795ms to complete.
[2016.02.23-07.11.37:264][  0]LogFileHelpers: Loading map 'TwinStickExampleMap' took 6.399
[2016.02.23-07.11.38:866][  0]LogCollectionManager: Loaded 0 collections in 0.003133 seconds
[2016.02.23-07.11.39:294][  0]LogFileCache: Scanning file cache for directory 'D:/unreal engine/TP_TwinStickBP/Saved/Collections/' took 0.01s
[2016.02.23-07.11.39:294][  0]LogFileCache: Scanning file cache for directory 'D:/unreal engine/TP_TwinStickBP/Content/Developers/delaunay/Collections/' took 0.01s
[2016.02.23-07.11.39:294][  0]LogFileCache: Scanning file cache for directory 'D:/unreal engine/TP_TwinStickBP/Content/Collections/' took 0.01s
[2016.02.23-07.11.39:294][  0]LogCollectionManager: Rebuilt the GUID cache for 0 collections in 0.000007 seconds
[2016.02.23-07.11.39:365][  0]LogContentBrowser: Native class hierarchy populated in 0.0147 seconds. Added 1908 classes and 344 folders.
[2016.02.23-07.11.39:549][  0]LogContentBrowser: Native class hierarchy updated for 'WidgetCarousel' in 0.0007 seconds. Added 0 classes and 0 folders.
[2016.02.23-07.11.45:132][  0]LogContentBrowser: Native class hierarchy updated for 'AddContentDialog' in 0.0007 seconds. Added 0 classes and 0 folders.
[2016.02.23-07.11.45:161][  0]LogContentBrowser: Native class hierarchy updated for 'SceneOutliner' in 0.0007 seconds. Added 1 classes and 2 folders.
[2016.02.23-07.11.46:558][  0]LogCrashTracker: Crashtracker disabled due to settings.
[2016.02.23-07.11.46:927][  0]LogLoad: Full Startup: 75.23 seconds (BP compile: 0.58 seconds)
[2016.02.23-07.11.46:956][  0]LogOcInput: Can't find Oculus library dev build: is proper Runtime installed? Version: 0.8.0.0
[2016.02.23-07.11.47:408][  0]LogContentStreaming: Texture pool size now 1000 MB
[2016.02.23-07.11.47:985][  0]LogRenderer: Reallocating scene render targets to support 1208x572 (Frame:2).
[2016.02.23-07.11.50:652][  6]LogAssetRegistry: Asset discovery search completed in 34.4022 seconds
[2016.02.23-07.11.50:668][  6]LogCollectionManager: Rebuilt the object cache for 0 collections in 0.000001 seconds (found 0 objects)
[2016.02.23-07.11.50:668][  6]LogCollectionManager: Fixed up redirectors for 0 collections in 0.014697 seconds (updated 0 objects)
[2016.02.23-07.12.09:662][468]Cmd: QUIT_EDITOR
[2016.02.23-07.12.09:964][468]LogExit: Preparing to exit.
[2016.02.23-07.12.10:431][468]LogExit: Editor shut down
[2016.02.23-07.12.10:431][468]LogExit: Transaction tracking system shut down
[2016.02.23-07.12.10:566][468]LogParticles: Destroying 0 GPU particle simulations for FXSystem 0x000000001614D940
[2016.02.23-07.12.10:567][468]LogParticles: Destroying 0 GPU particle simulations for FXSystem 0x000000002F30AF20
[2016.02.23-07.12.11:359][468]LogExit: Object subsystem successfully closed.
[2016.02.23-07.12.11:385][468]LogD3D11RHI: Shutdown
[2016.02.23-07.12.11:385][468]LogD3D11RHI: CleanupD3DDevice
[2016.02.23-07.12.11:466][468]LogD3D11RHI: ~FD3D11DynamicRHI
[2016.02.23-07.12.11:597][468]LogModuleManager: Shutting down and abandoning module CrashTracker (200)
[2016.02.23-07.12.11:597][468]LogModuleManager: Shutting down and abandoning module SceneOutliner (199)
[2016.02.23-07.12.11:597][468]LogModuleManager: Shutting down and abandoning module SuperSearch (198)
[2016.02.23-07.12.11:597][468]LogModuleManager: Shutting down and abandoning module WidgetCarousel (197)
[2016.02.23-07.12.11:597][468]LogModuleManager: Shutting down and abandoning module AddContentDialog (196)
[2016.02.23-07.12.11:627][468]LogModuleManager: Shutting down and abandoning module EditorWidgets (195)
[2016.02.23-07.12.11:627][468]LogModuleManager: Shutting down and abandoning module CollectionManager (194)
[2016.02.23-07.12.11:628][468]LogModuleManager: Shutting down and abandoning module StatsViewer (193)
[2016.02.23-07.12.11:628][468]LogModuleManager: Shutting down and abandoning module FoliageEdit (192)
[2016.02.23-07.12.11:628][468]LogModuleManager: Shutting down and abandoning module LandscapeEditor (191)
[2016.02.23-07.12.11:703][468]LogModuleManager: Shutting down and abandoning module ActorPickerMode (190)
[2016.02.23-07.12.11:703][468]LogModuleManager: Shutting down and abandoning module GeometryMode (189)
[2016.02.23-07.12.11:703][468]LogModuleManager: Shutting down and abandoning module TextureAlignMode (188)
[2016.02.23-07.12.11:703][468]LogModuleManager: Shutting down and abandoning module BspMode (187)
[2016.02.23-07.12.11:703][468]LogModuleManager: Shutting down and abandoning module PlacementMode (186)
[2016.02.23-07.12.11:703][468]LogModuleManager: Shutting down and abandoning module AutomationWorker (185)
[2016.02.23-07.12.11:703][468]LogModuleManager: Shutting down and abandoning module CharacterAI (184)
[2016.02.23-07.12.11:703][468]LogModuleManager: Shutting down and abandoning module SmartSnapping (183)
[2016.02.23-07.12.11:703][468]LogModuleManager: Shutting down and abandoning module ViewportSnapping (182)
[2016.02.23-07.12.11:703][468]LogModuleManager: Shutting down and abandoning module LogVisualizer (181)
[2016.02.23-07.12.11:703][468]LogModuleManager: Shutting down and abandoning module GameProjectGeneration (180)
[2016.02.23-07.12.11:703][468]LogModuleManager: Shutting down and abandoning module IntroTutorials (179)
[2016.02.23-07.12.11:703][468]LogModuleManager: Shutting down and abandoning module EditorLiveStreaming (178)
[2016.02.23-07.12.11:703][468]LogModuleManager: Shutting down and abandoning module IOSPlatformEditor (177)
[2016.02.23-07.12.11:703][468]LogModuleManager: Shutting down and abandoning module HTML5PlatformEditor (176)
[2016.02.23-07.12.11:703][468]LogModuleManager: Shutting down and abandoning module AndroidDeviceDetection (175)
[2016.02.23-07.12.12:397][468]LogModuleManager: Shutting down and abandoning module AndroidPlatformEditor (174)
[2016.02.23-07.12.12:397][468]LogModuleManager: Shutting down and abandoning module IOSRuntimeSettings (173)
[2016.02.23-07.12.12:397][468]LogModuleManager: Shutting down and abandoning module AndroidRuntimeSettings (172)
[2016.02.23-07.12.12:397][468]LogModuleManager: Shutting down and abandoning module MergeActors (171)
[2016.02.23-07.12.12:397][468]LogModuleManager: Shutting down and abandoning module SizeMap (170)
[2016.02.23-07.12.12:397][468]LogModuleManager: Shutting down and abandoning module TreeMap (169)
[2016.02.23-07.12.12:397][468]LogModuleManager: Shutting down and abandoning module ReferenceViewer (168)
[2016.02.23-07.12.12:397][468]LogModuleManager: Shutting down and abandoning module LocalizationService (167)
[2016.02.23-07.12.12:397][468]LogModuleManager: Shutting down and abandoning module LocalizationDashboard (166)
[2016.02.23-07.12.12:397][468]LogModuleManager: Shutting down and abandoning module HardwareTargeting (165)
[2016.02.23-07.12.12:397][468]LogModuleManager: Shutting down and abandoning module DeviceProfileEditor (164)
[2016.02.23-07.12.12:397][468]LogModuleManager: Shutting down and abandoning module UndoHistory (163)
[2016.02.23-07.12.12:397][468]LogModuleManager: Shutting down and abandoning module GameplayTagsEditor (162)
[2016.02.23-07.12.12:397][468]LogModuleManager: Shutting down and abandoning module UserFeedback (161)
[2016.02.23-07.12.12:397][468]LogModuleManager: Shutting down and abandoning module XmlParser (160)
[2016.02.23-07.12.12:397][468]LogModuleManager: Shutting down and abandoning module Blutility (159)
[2016.02.23-07.12.12:397][468]LogModuleManager: Shutting down and abandoning module ProjectTargetPlatformEditor (158)
[2016.02.23-07.12.12:397][468]LogModuleManager: Shutting down and abandoning module ProjectSettingsViewer (157)
[2016.02.23-07.12.12:397][468]LogModuleManager: Shutting down and abandoning module InputBindingEditor (156)
[2016.02.23-07.12.12:398][468]LogModuleManager: Shutting down and abandoning module EditorSettingsViewer (155)
[2016.02.23-07.12.12:398][468]LogModuleManager: Shutting down and abandoning module SettingsEditor (154)
[2016.02.23-07.12.12:398][468]LogModuleManager: Shutting down and abandoning module ProjectLauncher (153)
[2016.02.23-07.12.12:398][468]LogModuleManager: Shutting down and abandoning module SessionFrontend (152)
[2016.02.23-07.12.12:398][468]LogModuleManager: Shutting down and abandoning module ProfilerClient (151)
[2016.02.23-07.12.12:398][468]LogModuleManager: Shutting down and abandoning module TargetDeviceServices (150)
[2016.02.23-07.12.12:398][468]LogModuleManager: Shutting down and abandoning module DeviceManager (149)
[2016.02.23-07.12.12:398][468]LogModuleManager: Shutting down and abandoning module AutomationController (148)
[2016.02.23-07.12.12:398][468]LogModuleManager: Shutting down and abandoning module AutomationWindow (147)
[2016.02.23-07.12.12:398][468]LogModuleManager: Shutting down and abandoning module Layers (146)
[2016.02.23-07.12.12:438][468]LogModuleManager: Shutting down and abandoning module ComponentVisualizers (145)
[2016.02.23-07.12.12:438][468]LogModuleManager: Shutting down and abandoning module DetailCustomizations (144)
[2016.02.23-07.12.12:713][468]LogModuleManager: Shutting down and abandoning module PackagesDialog (143)
[2016.02.23-07.12.12:713][468]LogModuleManager: Shutting down and abandoning module Persona (142)
[2016.02.23-07.12.12:859][468]LogModuleManager: Shutting down and abandoning module Kismet (141)
[2016.02.23-07.12.12:859][468]LogModuleManager: Shutting down and abandoning module GraphEditor (140)
[2016.02.23-07.12.13:034][468]LogModuleManager: Shutting down and abandoning module ClassViewer (139)
[2016.02.23-07.12.13:034][468]LogModuleManager: Shutting down and abandoning module Toolbox (138)
[2016.02.23-07.12.13:034][468]LogModuleManager: Shutting down and abandoning module ModuleUI (137)
[2016.02.23-07.12.13:034][468]LogModuleManager: Shutting down and abandoning module MovieSceneTools (136)
[2016.02.23-07.12.13:034][468]LogModuleManager: Shutting down and abandoning module OutputLog (135)
[2016.02.23-07.12.13:034][468]LogModuleManager: Shutting down and abandoning module GammaUI (134)
[2016.02.23-07.12.13:035][468]LogModuleManager: Shutting down and abandoning module Documentation (133)
[2016.02.23-07.12.13:035][468]LogModuleManager: Shutting down and abandoning module GameLiveStreaming (132)
[2016.02.23-07.12.13:035][468]LogModuleManager: Shutting down and abandoning module StreamingPauseRendering (131)
[2016.02.23-07.12.13:035][468]LogModuleManager: Shutting down and abandoning module AnalyticsET (130)
[2016.02.23-07.12.13:035][468]LogModuleManager: Shutting down and abandoning module Analytics (129)
[2016.02.23-07.12.13:035][468]LogModuleManager: Shutting down and abandoning module AITestSuite (128)
[2016.02.23-07.12.13:035][468]LogModuleManager: Shutting down and abandoning module GameplayDebugger (127)
[2016.02.23-07.12.13:035][468]LogModuleManager: Shutting down and abandoning module AIModule (126)
[2016.02.23-07.12.13:035][468]LogModuleManager: Shutting down and abandoning module ProfilerService (125)
[2016.02.23-07.12.13:121][468]LogModuleManager: Shutting down and abandoning module TaskGraph (124)
[2016.02.23-07.12.13:121][468]LogModuleManager: Shutting down and abandoning module SubstanceEditor (123)
[2016.02.23-07.12.13:121][468]LogModuleManager: Shutting down and abandoning module SlateRemote (122)
[2016.02.23-07.12.13:121][468]LogModuleManager: Shutting down and abandoning module SteamVRController (121)
[2016.02.23-07.12.13:121][468]LogModuleManager: Shutting down and abandoning module SteamVR (120)
[2016.02.23-07.12.13:121][468]LogModuleManager: Shutting down and abandoning module ProceduralMeshComponent (119)
[2016.02.23-07.12.13:121][468]LogModuleManager: Shutting down and abandoning module OculusLibrary (118)
[2016.02.23-07.12.13:121][468]LogModuleManager: Shutting down and abandoning module OculusInput (117)
[2016.02.23-07.12.13:121][468]LogModuleManager: Shutting down and abandoning module LeapMotionController (116)
[2016.02.23-07.12.13:133][468]LogModuleManager: Shutting down and abandoning module CustomMeshComponent (115)
[2016.02.23-07.12.13:133][468]LogModuleManager: Shutting down and abandoning module CableComponent (114)
[2016.02.23-07.12.13:133][468]LogModuleManager: Shutting down and abandoning module ArchVisCharacter (113)
[2016.02.23-07.12.13:133][468]LogModuleManager: Shutting down and abandoning module MessagingDebugger (112)
[2016.02.23-07.12.13:133][468]LogModuleManager: Shutting down and abandoning module MediaPlayerEditor (111)
[2016.02.23-07.12.13:133][468]LogModuleManager: Shutting down and abandoning module HTML5Networking (110)
[2016.02.23-07.12.13:133][468]LogModuleManager: Shutting down and abandoning module SpeedTreeImporter (109)
[2016.02.23-07.12.13:133][468]LogModuleManager: Shutting down and abandoning module PluginBrowser (108)
[2016.02.23-07.12.13:134][468]LogModuleManager: Shutting down and abandoning module EpicSurvey (107)
[2016.02.23-07.12.13:134][468]LogModuleManager: Shutting down and abandoning module DesktopPlatform (106)
[2016.02.23-07.12.13:134][468]LogModuleManager: Shutting down and abandoning module VisualStudioSourceCodeAccess (105)
[2016.02.23-07.12.13:134][468]LogModuleManager: Shutting down and abandoning module UObjectPlugin (104)
[2016.02.23-07.12.13:134][468]LogModuleManager: Shutting down and abandoning module SubversionSourceControl (103)
[2016.02.23-07.12.13:134][468]LogModuleManager: Shutting down and abandoning module PerforceSourceControl (102)
[2016.02.23-07.12.13:134][468]LogModuleManager: Shutting down and abandoning module SourceControl (101)
[2016.02.23-07.12.13:134][468]LogModuleManager: Shutting down and abandoning module GitSourceControl (100)
[2016.02.23-07.12.13:134][468]LogModuleManager: Shutting down and abandoning module LightPropagationVolumeEditor (99)
[2016.02.23-07.12.13:134][468]LogModuleManager: Shutting down and abandoning module PaperTiledImporter (98)
[2016.02.23-07.12.13:134][468]LogModuleManager: Shutting down and abandoning module PaperSpriteSheetImporter (97)
[2016.02.23-07.12.13:134][468]LogModuleManager: Shutting down and abandoning module MeshPaint (96)
[2016.02.23-07.12.13:134][468]LogModuleManager: Shutting down and abandoning module SlateReflector (95)
[2016.02.23-07.12.13:134][468]LogModuleManager: Shutting down and abandoning module HotReload (94)
[2016.02.23-07.12.13:134][468]LogModuleManager: Shutting down and abandoning module MainFrame (93)
[2016.02.23-07.12.13:134][468]LogModuleManager: Shutting down and abandoning module LevelEditor (92)
[2016.02.23-07.12.13:171][468]LogModuleManager: Shutting down and abandoning module ContentBrowser (91)
[2016.02.23-07.12.13:171][468]LogModuleManager: Shutting down and abandoning module Paper2DEditor (90)
[2016.02.23-07.12.13:171][468]LogModuleManager: Shutting down and abandoning module UdpMessaging (89)
[2016.02.23-07.12.13:274][468]LogModuleManager: Shutting down and abandoning module DirectoryWatcher (88)
[2016.02.23-07.12.13:275][468]LogModuleManager: Shutting down and abandoning module AssetRegistry (87)
[2016.02.23-07.12.13:373][468]LogModuleManager: Shutting down and abandoning module SubstanceCore (86)
[2016.02.23-07.12.13:374][468]LogModuleManager: Shutting down and abandoning module LightPropagationVolumeRuntime (85)
[2016.02.23-07.12.13:374][468]LogModuleManager: Shutting down and abandoning module Paper2D (84)
[2016.02.23-07.12.13:374][468]LogModuleManager: Shutting down and abandoning module WindowsMoviePlayer (83)
[2016.02.23-07.12.13:377][468]LogModuleManager: Shutting down and abandoning module Media (82)
[2016.02.23-07.12.13:377][468]LogModuleManager: Shutting down and abandoning module WmfMedia (81)
[2016.02.23-07.12.13:405][468]LogModuleManager: Shutting down and abandoning module OnlineBlueprintSupport (80)
[2016.02.23-07.12.13:405][468]LogModuleManager: Shutting down and abandoning module GameplayTasksEditor (79)
[2016.02.23-07.12.13:405][468]LogModuleManager: Shutting down and abandoning module PropertyEditor (78)
[2016.02.23-07.12.13:448][468]LogModuleManager: Shutting down and abandoning module BehaviorTreeEditor (77)
[2016.02.23-07.12.13:449][468]LogModuleManager: Shutting down and abandoning module FunctionalTesting (76)
[2016.02.23-07.12.13:449][468]LogModuleManager: Shutting down and abandoning module CollisionAnalyzer (75)
[2016.02.23-07.12.13:449][468]LogModuleManager: Shutting down and abandoning module WorkspaceMenuStructure (74)
[2016.02.23-07.12.13:449][468]LogModuleManager: Shutting down and abandoning module MessageLog (73)
[2016.02.23-07.12.13:449][468]LogModuleManager: Shutting down and abandoning module Sequencer (72)
[2016.02.23-07.12.13:449][468]LogModuleManager: Shutting down and abandoning module AssetTools (71)
[2016.02.23-07.12.13:449][468]LogModuleManager: Shutting down and abandoning module UMGEditor (70)
[2016.02.23-07.12.13:548][468]LogModuleManager: Shutting down and abandoning module UMG (69)
[2016.02.23-07.12.13:612][468]LogModuleManager: Shutting down and abandoning module Slate (68)
[2016.02.23-07.12.13:612][468]LogModuleManager: Shutting down and abandoning module EditorStyle (67)
[2016.02.23-07.12.13:615][468]LogModuleManager: Shutting down and abandoning module SessionServices (66)
[2016.02.23-07.12.13:615][468]LogModuleManager: Shutting down and abandoning module SourceCodeAccess (65)
[2016.02.23-07.12.13:615][468]LogModuleManager: Shutting down and abandoning module HeadMountedDisplay (64)
[2016.02.23-07.12.13:615][468]LogModuleManager: Shutting down and abandoning module XAudio2 (63)
[2016.02.23-07.12.13:615][468]LogModuleManager: Shutting down and abandoning module Networking (61)
[2016.02.23-07.12.13:615][468]LogModuleManager: Shutting down and abandoning module Core (60)
[2016.02.23-07.12.13:615][468]LogModuleManager: Shutting down and abandoning module KismetCompiler (59)
[2016.02.23-07.12.13:615][468]LogModuleManager: Shutting down and abandoning module PhysXFormats (58)
[2016.02.23-07.12.13:615][468]LogModuleManager: Shutting down and abandoning module MeshUtilities (57)
[2016.02.23-07.12.13:615][468]LogModuleManager: Shutting down and abandoning module DerivedDataCache (56)
[2016.02.23-07.12.13:801][468]LogDerivedDataCache: Shutdown
[2016.02.23-07.12.13:801][468]LogModuleManager: Shutting down and abandoning module ShaderFormatOpenGL (55)
[2016.02.23-07.12.13:801][468]LogModuleManager: Shutting down and abandoning module ShaderFormatD3D (54)
[2016.02.23-07.12.13:801][468]LogModuleManager: Shutting down and abandoning module MetalShaderFormat (53)
[2016.02.23-07.12.13:801][468]LogModuleManager: Shutting down and abandoning module TextureFormatUncompressed (52)
[2016.02.23-07.12.13:801][468]LogModuleManager: Shutting down and abandoning module TextureFormatPVR (51)
[2016.02.23-07.12.13:801][468]LogModuleManager: Shutting down and abandoning module TextureFormatIntelISPCTexComp (50)
[2016.02.23-07.12.13:801][468]LogModuleManager: Shutting down and abandoning module TextureFormatDXT (49)
[2016.02.23-07.12.13:801][468]LogModuleManager: Shutting down and abandoning module ImageWrapper (48)
[2016.02.23-07.12.13:801][468]LogModuleManager: Shutting down and abandoning module TextureFormatASTC (47)
[2016.02.23-07.12.13:801][468]LogModuleManager: Shutting down and abandoning module TextureFormatAndroid (46)
[2016.02.23-07.12.13:801][468]LogModuleManager: Shutting down and abandoning module AudioFormatOpus (45)
[2016.02.23-07.12.13:801][468]LogModuleManager: Shutting down and abandoning module AudioFormatOgg (44)
[2016.02.23-07.12.13:801][468]LogModuleManager: Shutting down and abandoning module AudioFormatADPCM (43)
[2016.02.23-07.12.13:801][468]LogModuleManager: Shutting down and abandoning module LinuxTargetPlatform (42)
[2016.02.23-07.12.13:802][468]LogModuleManager: Shutting down and abandoning module LinuxServerTargetPlatform (41)
[2016.02.23-07.12.13:802][468]LogModuleManager: Shutting down and abandoning module LinuxNoEditorTargetPlatform (40)
[2016.02.23-07.12.13:802][468]LogModuleManager: Shutting down and abandoning module Messaging (39)
[2016.02.23-07.12.13:802][468]LogModuleManager: Shutting down and abandoning module IOSTargetPlatform (38)
[2016.02.23-07.12.13:802][468]LogModuleManager: Shutting down and abandoning module HTML5TargetPlatform (37)
[2016.02.23-07.12.13:802][468]LogModuleManager: Shutting down and abandoning module Android_PVRTCTargetPlatform (36)
[2016.02.23-07.12.13:802][468]LogModuleManager: Shutting down and abandoning module Android_MultiTargetPlatform (35)
[2016.02.23-07.12.13:802][468]LogModuleManager: Shutting down and abandoning module Android_ETC2TargetPlatform (34)
[2016.02.23-07.12.13:802][468]LogModuleManager: Shutting down and abandoning module Android_ETC1TargetPlatform (33)
[2016.02.23-07.12.13:802][468]LogModuleManager: Shutting down and abandoning module Android_DXTTargetPlatform (32)
[2016.02.23-07.12.13:802][468]LogModuleManager: Shutting down and abandoning module Android_ATCTargetPlatform (31)
[2016.02.23-07.12.13:802][468]LogModuleManager: Shutting down and abandoning module Android_ASTCTargetPlatform (30)
[2016.02.23-07.12.13:802][468]LogModuleManager: Shutting down and abandoning module AndroidTargetPlatform (29)
[2016.02.23-07.12.13:802][468]LogModuleManager: Shutting down and abandoning module WindowsTargetPlatform (28)
[2016.02.23-07.12.13:802][468]LogModuleManager: Shutting down and abandoning module WindowsServerTargetPlatform (27)
[2016.02.23-07.12.13:802][468]LogModuleManager: Shutting down and abandoning module WindowsNoEditorTargetPlatform (26)
[2016.02.23-07.12.13:802][468]LogModuleManager: Shutting down and abandoning module WindowsClientTargetPlatform (25)
[2016.02.23-07.12.13:802][468]LogModuleManager: Shutting down and abandoning module AllDesktopTargetPlatform (24)
[2016.02.23-07.12.13:802][468]LogModuleManager: Shutting down and abandoning module TargetPlatform (23)
[2016.02.23-07.12.13:802][468]LogModuleManager: Shutting down and abandoning module InputCore (22)
[2016.02.23-07.12.13:802][468]LogModuleManager: Shutting down and abandoning module Settings (21)
[2016.02.23-07.12.13:802][468]LogModuleManager: Shutting down and abandoning module OnlineSubsystem (19)
[2016.02.23-07.12.13:802][468]LogModuleManager: Shutting down and abandoning module HTTP (18)
[2016.02.23-07.12.15:878][468]LogModuleManager: Shutting down and abandoning module XMPP (17)
[2016.02.23-07.12.15:878][468]LogModuleManager: Shutting down and abandoning module OculusRift (16)
[2016.02.23-07.12.15:878][468]LogModuleManager: Shutting down and abandoning module ExampleDeviceProfileSelector (15)
[2016.02.23-07.12.15:878][468]LogModuleManager: Shutting down and abandoning module TextureCompressor (14)
[2016.02.23-07.12.15:878][468]LogModuleManager: Shutting down and abandoning module ShaderCore (13)
[2016.02.23-07.12.15:878][468]LogModuleManager: Shutting down and abandoning module Landscape (12)
[2016.02.23-07.12.15:878][468]LogModuleManager: Shutting down and abandoning module SlateRHIRenderer (11)
[2016.02.23-07.12.15:879][468]LogModuleManager: Shutting down and abandoning module OpenGLDrv (10)
[2016.02.23-07.12.15:952][468]LogModuleManager: Shutting down and abandoning module D3D11RHI (9)
[2016.02.23-07.12.15:952][468]LogModuleManager: Shutting down and abandoning module AnimGraphRuntime (8)
[2016.02.23-07.12.15:952][468]LogModuleManager: Shutting down and abandoning module Renderer (7)
[2016.02.23-07.12.15:952][468]LogModuleManager: Shutting down and abandoning module Engine (6)
[2016.02.23-07.12.15:952][468]LogModuleManager: Shutting down and abandoning module CoreUObject (5)
[2016.02.23-07.12.15:952][468]LogModuleManager: Shutting down and abandoning module NetworkFile (4)
[2016.02.23-07.12.15:952][468]LogModuleManager: Shutting down and abandoning module StreamingFile (3)
[2016.02.23-07.12.15:952][468]LogModuleManager: Shutting down and abandoning module SandboxFile (2)
[2016.02.23-07.12.15:952][468]LogModuleManager: Shutting down and abandoning module PakFile (1)
[2016.02.23-07.12.15:983][468]LogExit: Exiting.
[2016.02.23-07.12.16:010][468]Log file closed, 02/23/16 08:12:16
